0	1	mikroCFT90x.exe -MSF -DBG -p FT900 -BIN -DL -SSA -O11111114 -fo100 -N"C:\Users\Corey\Documents\Projects\MatrixRGB\Application\FT90_Done\MatrixRGB_FT90.mcpf9" -SP"C:\C4W\Mikroelektronika\mikroC PRO for FT90x\defs\" -SP"C:\C4W\Mikroelektronika\mikroC PRO for FT90x\uses\" -SP"C:\Users\Corey\Documents\Projects\MatrixRGB\Application\FT90_Done\" -SP"\\VBOXSVR\corey\Projects\ClickLibraries\MatrixRGB_Click\library\Application\src\" -SP"\\VBOXSVR\corey\Projects\ClickLibraries\MatrixRGB_Click\library\Application\resources\" -SP"\\VBOXSVR\corey\Projects\ClickLibraries\MatrixRGB_Click\library\Application\include\" -SP"C:\Users\Corey\Documents\Projects\MatrixRGB\Application\Application_Library\src\" -SP"C:\Users\Corey\Documents\Projects\MatrixRGB\Application\Application_Library\resources\" -IP"C:\Users\Corey\Documents\Projects\MatrixRGB\Application\Application_Library\include\" -IP"C:\Users\Corey\Documents\Projects\MatrixRGB\Application\Application_Library\resources\" -IP"\\VBOXSVR\corey\Projects\ClickLibraries\MatrixRGB_Click\library\Application\include\" -IP"\\VBOXSVR\corey\Projects\ClickLibraries\MatrixRGB_Click\library\Application\include\" -IP"\\VBOXSVR\corey\Projects\ClickLibraries\MatrixRGB_Click\library\Application\include\" -IP"\\VBOXSVR\corey\Projects\ClickLibraries\MatrixRGB_Click\library\Application\resources\" -IP"\\VBOXSVR\corey\Projects\ClickLibraries\MatrixRGB_Click\library\Application\resources\" "MatrixRGB_FT90.c" "matrixrgb_hal.c" "matrixrgb_hw.c" "resources.c" "__Lib_Delays.emcl" "__Lib_System.emcl" "__Lib_Math.emcl" "__Lib_MathDouble.emcl" "__Lib_GPIO.emcl" "__Lib_SPI.emcl"	 
warning: 0	1501	Specified search path does not exist: '\\VBOXSVR\corey\Projects\ClickLibraries\MatrixRGB_Click\library\Application\src'	 
warning: 0	1501	Specified search path does not exist: '\\VBOXSVR\corey\Projects\ClickLibraries\MatrixRGB_Click\library\Application\resources'	 
warning: 0	1501	Specified search path does not exist: '\\VBOXSVR\corey\Projects\ClickLibraries\MatrixRGB_Click\library\Application\include'	 
warning: 0	1502	Specified include path does not exist: '\\VBOXSVR\corey\Projects\ClickLibraries\MatrixRGB_Click\library\Application\include'	 
warning: 0	1502	Specified include path does not exist: '\\VBOXSVR\corey\Projects\ClickLibraries\MatrixRGB_Click\library\Application\include'	 
warning: 0	1502	Specified include path does not exist: '\\VBOXSVR\corey\Projects\ClickLibraries\MatrixRGB_Click\library\Application\include'	 
warning: 0	1502	Specified include path does not exist: '\\VBOXSVR\corey\Projects\ClickLibraries\MatrixRGB_Click\library\Application\resources'	 
warning: 0	1502	Specified include path does not exist: '\\VBOXSVR\corey\Projects\ClickLibraries\MatrixRGB_Click\library\Application\resources'	 
diagnostics: 0	122	Compilation Started	stdint.h
diagnostics: 72	123	Compiled Successfully	MatrixRGB_FT90.c
hint: 12	1164	Variable 'count' has been eliminated by optimizer	MatrixRGB_FT90.c
hint: 13	1164	Variable 'i' has been eliminated by optimizer	MatrixRGB_FT90.c
diagnostics: 0	122	Compilation Started	stdint.h
diagnostics: 138	123	Compiled Successfully	matrixrgb_hal.c
diagnostics: 0	122	Compilation Started	stdint.h
diagnostics: 340	123	Compiled Successfully	matrixrgb_hw.c
diagnostics: 0	122	Compilation Started	stdint.h
diagnostics: 1439	123	Compiled Successfully	resources.c
diagnostics: 0	127	All files Compiled in 219 ms	 
hint: 0	1144	Used RX: 18 (56%)   Free RX: 14 (44%)	Used RX: 18 (56%)   Free RX: 14 (44%)
hint: 0	1144	Static RAM (bytes): 2257   Dynamic RAM (bytes): 63269	Static RAM (bytes): 2257   Dynamic RAM (bytes): 63269
hint: 0	1144	Used ROM (bytes): 6231 (2%)  Free ROM (bytes): 255913 (98%)	Used ROM (bytes): 6231 (2%)  Free ROM (bytes): 255913 (98%)
diagnostics: 0	125	Project Linked Successfully	MatrixRGB_FT90.mcpf9
diagnostics: 0	128	Linked in 62 ms	 
diagnostics: 0	129	Project 'MatrixRGB_FT90.mcpf9' completed: 328 ms	 
diagnostics: 0	103	Finished successfully: 04 Jul 2016, 12:33:55	MatrixRGB_FT90.mcpf9
