0	1	mikroCFT90x.exe -MSF -DBG -p FT900 -BIN -DL -SSA -O11111114 -fo100 -N"C:\Users\Corey\Documents\Projects\MatrixRGB\Firmware\MatrixRGB_Firmware.mcpf9" -SP"C:\C4W\Mikroelektronika\mikroC PRO for FT90x\defs\" -SP"C:\C4W\Mikroelektronika\mikroC PRO for FT90x\uses\" -SP"C:\Users\Corey\Documents\Projects\MatrixRGB\Firmware\" -SP"\\VBOXSVR\corey\Projects\ClickLibraries\MatrixRGB_Click\library\Firmware\src\" -SP"\\VBOXSVR\corey\Projects\MicroC\MatrixRGBDemo\LED_Matrix_Demo\" -SP"\\VBOXSVR\corey\Projects\MicroC\MatrixRGBDemo\Fonts\" -SP"\\VBOXSVR\corey\Projects\MicroC\MatrixRGB\Font\" -SP"\\VBOXSVR\corey\Projects\ClickLibraries\MatrixRGB_Click\library\Firmware\include\" -IP"\\VBOXSVR\corey\Projects\ClickLibraries\MatrixRGB_Click\library\Firmware\include\" -IP"\\VBOXSVR\corey\Projects\MicroC\MatrixRGBDemo\LED_Matrix_Demo\" -IP"\\VBOXSVR\corey\Projects\MicroC\MatrixRGB\Font\" "MatrixRGB_Firmware.c" "matrixrgb_firmware.c" "Resources.c" "fontlibrary.c" "__Lib_Delays.emcl" "__Lib_System.emcl" "__Lib_Math.emcl" "__Lib_MathDouble.emcl" "__Lib_GPIO.emcl"	 
hint: 813	1354	 warning: "/*" within comment     /**************************************** Master Side *****************************************  fore shifting another column )  er type    types   is unsigned      from C:/Users/Corey/Documents/Projects/MatrixRGB/Firmware/MatrixRGB_Firmware.c: 2:    #include "matrixrgb_firmware.h"	\\vboxsvr\corey\projects\clicklibraries\matrixrgb_click\library\firmware\include\matrixrgb_firmware.h
diagnostics: 0	122	Compilation Started	stdint.h
diagnostics: 109	123	Compiled Successfully	MatrixRGB_Firmware.c
hint: 35	1164	Variable 'speed' has been eliminated by optimizer	MatrixRGB_Firmware.c
hint: 813	1354	 warning: "/*" within comment     /**************************************** Master Side *****************************************  fore shifting another column )  er type    types   is unsigned      from C:/Users/Corey/Documents/Projects/MatrixRGB/Firmware/matrixrgb_firmware.c: 2:    #include "matrixrgb_firmware.h"	\\vboxsvr\corey\projects\clicklibraries\matrixrgb_click\library\firmware\include\matrixrgb_firmware.h
diagnostics: 0	122	Compilation Started	stdint.h
diagnostics: 109	123	Compiled Successfully	matrixrgb_firmware.c
hint: 35	1164	Variable 'speed' has been eliminated by optimizer	matrixrgb_firmware.c
diagnostics: 0	122	Compilation Started	stdint.h
diagnostics: 780	123	Compiled Successfully	Resources.c
diagnostics: 0	122	Compilation Started	stdint.h
diagnostics: 1665	123	Compiled Successfully	fontlibrary.c
diagnostics: 0	127	All files Compiled in 250 ms	 
error: 0	360	Unresolved extern 'spi_bus_init'	matrixrgb_firmware.c
error: 0	360	Unresolved extern 'receive_data'	matrixrgb_firmware.c
error: 0	360	Unresolved extern 'setup_command'	matrixrgb_firmware.c
error: 0	360	Unresolved extern 'image_load_command'	matrixrgb_firmware.c
error: 0	360	Unresolved extern 'scroll_img_left_command'	matrixrgb_firmware.c
error: 0	360	Unresolved extern 'scroll_img_right_command'	matrixrgb_firmware.c
error: 0	360	Unresolved extern 'write_pxl_command'	matrixrgb_firmware.c
error: 0	360	Unresolved extern 'write_pxl_img_command'	matrixrgb_firmware.c
error: 0	360	Unresolved extern 'erase_pxl_command'	matrixrgb_firmware.c
error: 0	360	Unresolved extern 'scroll_text_left_command'	matrixrgb_firmware.c
error: 0	360	Unresolved extern 'scroll_text_right_command'	matrixrgb_firmware.c
error: 0	360	Unresolved extern 'display_shift_up_command'	matrixrgb_firmware.c
error: 0	360	Unresolved extern 'display_shift_down_command'	matrixrgb_firmware.c
error: 0	360	Unresolved extern 'display_shift_right_command'	matrixrgb_firmware.c
error: 0	360	Unresolved extern 'display_shift_left_command'	matrixrgb_firmware.c
error: 0	360	Unresolved extern 'display_scroll_off_scrn_up_command'	matrixrgb_firmware.c
error: 0	360	Unresolved extern 'display_scroll_off_scrn_down_command'	matrixrgb_firmware.c
error: 0	360	Unresolved extern 'display_scroll_off_scrn_left_command'	matrixrgb_firmware.c
error: 0	360	Unresolved extern 'display_scroll_off_scrn_right_command'	matrixrgb_firmware.c
error: 0	360	Unresolved extern 'refresh'	matrixrgb_firmware.c
error: 0	360	Unresolved extern 'clear_screen_command'	matrixrgb_firmware.c
error: 0	102	Finished (with errors): 25 May 2016, 12:07:32	MatrixRGB_Firmware.mcpf9
