0	1	mikroCARM.exe -MSF -DBG -pSTM32F107VC -RA -BIN -LHF -DL -SSA -O11111114 -fo72 -N"E:\git\click-boards\Matrix_RGB_Click\SW\example\c\ARM\STM\Click_Matrix_RGB_STM.mcpar" -SP"C:\Users\Public\Documents\Mikroelektronika\mikroC PRO for ARM\Defs\" -SP"C:\Users\Public\Documents\Mikroelektronika\mikroC PRO for ARM\Uses\ST M3\" -SP"E:\git\click-boards\Matrix_RGB_Click\SW\example\c\ARM\STM\" -SP"E:\git\click-boards\Matrix_RGB_Click\SW\library\HAL\" -SP"E:\git\click-boards\Matrix_RGB_Click\SW\library\" -SP"C:\Users\Public\Documents\Mikroelektronika\mikroC PRO for ARM\Packages\mikroBUS Board Definition API\Uses\" -IP"C:\Users\Public\Documents\Mikroelektronika\mikroC PRO for ARM\Uses\ST M3\" -IP"E:\git\click-boards\Matrix_RGB_Click\SW\example\c\ARM\STM\" -IP"E:\git\click-boards\Matrix_RGB_Click\SW\library\" -IP"E:\git\click-boards\Matrix_RGB_Click\SW\library\HAL\" -IP"C:\Users\Public\Documents\Mikroelektronika\mikroC PRO for ARM\Packages\mikroBUS Board Definition API\Uses\" "Click_Matrix_RGB_STM.c" "__matrixrgb_driver.c" "__Lib_Math.emcl" "__Lib_MathDouble.emcl" "__Lib_Delays.emcl" "__Lib_System_105_107.emcl" "__Lib_GPIO_32F10x_Defs.emcl" "__Lib_GPIO_32F10x.emcl" "__Lib_SPI_123.emcl" "easymx_v7_STM32F107VC.emcl" "Click_Matrix_RGB.pld"	 
diagnostics: 0	122	Compilation Started	STM32F107VC.c
diagnostics: 38838	123	Compiled Successfully	STM32F107VC.c
diagnostics: 0	122	Compilation Started	__Lib_Delays.c
diagnostics: 118	123	Compiled Successfully	__Lib_Delays.c
hint: 66	1164	Variable 'cycles_div_by_10' has been eliminated by optimizer	__Lib_Delays.c
hint: 87	1164	Variable 'NumberOfCyc' has been eliminated by optimizer	__Lib_Delays.c
hint: 104	1164	Variable 'NumberOfCyc' has been eliminated by optimizer	__Lib_Delays.c
diagnostics: 0	122	Compilation Started	__lib_gpio.h
diagnostics: 814	123	Compiled Successfully	__Lib_GPIO_32F10x_Defs.c
diagnostics: 0	122	Compilation Started	stdint.h
diagnostics: 217	123	Compiled Successfully	easymx_v7_STM32F107VC.c
diagnostics: 0	122	Compilation Started	stdint.h
diagnostics: 111	123	Compiled Successfully	Click_Matrix_RGB_STM.c
diagnostics: 0	122	Compilation Started	stdint.h
diagnostics: 428	123	Compiled Successfully	__matrixrgb_driver.c
hint: 323	1164	Variable 'tmp' has been eliminated by optimizer	__matrixrgb_driver.c
hint: 35	1164	Variable 'tmp' has been eliminated by optimizer	__matrixrgb_driver.c
hint: 130	1164	Variable 'tmp' has been eliminated by optimizer	__matrixrgb_driver.c
hint: 187	1164	Variable 'tmp' has been eliminated by optimizer	__matrixrgb_driver.c
hint: 195	1164	Variable 'tmp' has been eliminated by optimizer	__matrixrgb_driver.c
hint: 336	1164	Variable 'tmp' has been eliminated by optimizer	__matrixrgb_driver.c
hint: 339	1164	Variable 'offset' has been eliminated by optimizer	__matrixrgb_driver.c
hint: 340	1164	Variable 'ch_table' has been eliminated by optimizer	__matrixrgb_driver.c
diagnostics: 0	127	All files Compiled in 609 ms	 
hint: 0	1144	Used RX: 16 (100%)   Free RX: 0 (0%)	Used RX: 16 (100%)   Free RX: 0 (0%)
hint: 0	1144	Static RAM (bytes): 1338   Dynamic RAM (bytes): 64193	Static RAM (bytes): 1338   Dynamic RAM (bytes): 64193
hint: 0	1144	Used ROM (bytes): 9991 (4%)  Free ROM (bytes): 252153 (96%)	Used ROM (bytes): 9991 (4%)  Free ROM (bytes): 252153 (96%)
diagnostics: 0	125	Project Linked Successfully	Click_Matrix_RGB_STM.mcpar
diagnostics: 0	128	Linked in 313 ms	 
diagnostics: 0	129	Project 'Click_Matrix_RGB_STM.mcpar' completed: 1859 ms	 
diagnostics: 0	103	Finished successfully: 21 Jul 2018, 11:19:43	Click_Matrix_RGB_STM.mcpar
