0	1	mikroCPIC1618.exe -MSF -DBG -pP18F87K22 -DL -O11111114 -fo8 -N"C:\Users\Corey\Documents\Projects\MatrixRGB\Application\PIC_Done\MatrixRGB_PIC.mcppi" -SP"C:\C4W\Mikroelektronika\mikroC PRO for PIC\Defs\" -SP"C:\C4W\Mikroelektronika\mikroC PRO for PIC\uses\P18\" -SP"C:\Users\Corey\Documents\Projects\MatrixRGB\Application\PIC_Done\" -SP"C:\Users\Corey\Documents\Projects\MatrixRGB\Application\PIC\" -SP"C:\Users\Corey\Documents\Projects\MatrixRGB\Application\Application_Library\src\" -SP"C:\Users\Corey\Documents\Projects\MatrixRGB\Application\Application_Library\resources\" -SP"C:\Users\Corey\Documents\Projects\MatrixRGB\Application\Application_Library\include\" -IP"C:\Users\Corey\Documents\Projects\MatrixRGB\Application\Application_Library\resources\" -IP"C:\Users\Corey\Documents\Projects\MatrixRGB\Application\Application_Library\include\" "MatrixRGB_PIC.c" "matrixrgb_hal.c" "matrixrgb_hw.c" "resources.c" "__Lib_Math.mcl" "__Lib_MathDouble.mcl" "__Lib_System.mcl" "__Lib_Delays.mcl" "__Lib_CString.mcl" "__Lib_SPI_c345d654.mcl"	 
warning: 0	1501	Specified search path does not exist: 'C:\Users\Corey\Documents\Projects\MatrixRGB\Application\PIC'	 
hint: 0	1139	Available RAM: 3841 [bytes], Available ROM: 131072 [bytes]	 
diagnostics: 0	122	Compilation Started	stdint.h
diagnostics: 74	123	Compiled Successfully	MatrixRGB_PIC.c
hint: 15	1164	Variable 'count' has been eliminated by optimizer	MatrixRGB_PIC.c
hint: 16	1164	Variable 'i' has been eliminated by optimizer	MatrixRGB_PIC.c
diagnostics: 0	122	Compilation Started	stdint.h
diagnostics: 138	123	Compiled Successfully	matrixrgb_hal.c
diagnostics: 0	122	Compilation Started	stdint.h
diagnostics: 316	123	Compiled Successfully	matrixrgb_hw.c
diagnostics: 0	122	Compilation Started	stdint.h
diagnostics: 780	123	Compiled Successfully	resources.c
diagnostics: 0	127	All files Compiled in 281 ms	 
hint: 0	1144	Used RAM (bytes): 2234 (58%)  Free RAM (bytes): 1607 (42%)	Used RAM (bytes): 2234 (58%)  Free RAM (bytes): 1607 (42%)
hint: 0	1144	Used ROM (bytes): 4287 (3%)  Free ROM (bytes): 126785 (97%)	Used ROM (bytes): 4287 (3%)  Free ROM (bytes): 126785 (97%)
diagnostics: 0	125	Project Linked Successfully	MatrixRGB_PIC.mcppi
diagnostics: 0	128	Linked in 78 ms	 
diagnostics: 0	129	Project 'MatrixRGB_PIC.mcppi' completed: 406 ms	 
diagnostics: 0	103	Finished successfully: 30 May 2016, 09:54:13	MatrixRGB_PIC.mcppi
