;  LST file generated by mikroListExporter - v.2.0 
; Date/Time: 5/27/2016 12:37:29 PM
;----------------------------------------------

;Address Opcode 	ASM
0x0000	0x018D940C  	JMP        _main
0x0004	0x0000940C  	JMP        0
0x0008	0x0000940C  	JMP        0
0x000C	0x0000940C  	JMP        0
0x0010	0x0000940C  	JMP        0
0x0014	0x0000940C  	JMP        0
0x0018	0x0000940C  	JMP        0
0x001C	0x0000940C  	JMP        0
0x0020	0x0000940C  	JMP        0
0x0024	0x0000940C  	JMP        0
0x0028	0x0000940C  	JMP        0
0x002C	0x0000940C  	JMP        0
0x0030	0x0000940C  	JMP        0
0x0034	0x0000940C  	JMP        0
0x0038	0x0000940C  	JMP        0
0x003C	0x0000940C  	JMP        0
0x0040	0x0000940C  	JMP        0
0x0044	0x0000940C  	JMP        0
0x0048	0x0000940C  	JMP        0
0x004C	0x0000940C  	JMP        0
0x0050	0x0000940C  	JMP        0
_main:
0x031A	0xE5BF    	LDI        R27, 95
0x031C	0xBFBD    	OUT        SPL+0, R27
0x031E	0xE0B8    	LDI        R27, 8
0x0320	0xBFBE    	OUT        SPL+1, R27
0x0322	0x0220940E  	CALL       544
0x0326	0xB7CD    	IN         R28, SPL+0
0x0328	0xB7DE    	IN         R29, SPL+1
0x032A	0x9723    	SBIW       R28, 3
0x032C	0xBFCD    	OUT        SPL+0, R28
0x032E	0xBFDE    	OUT        SPL+1, R29
0x0330	0x9621    	ADIW       R28, 1
;MatrixRGB_AVR_Redo.c,13 :: 		void main()
;MatrixRGB_AVR_Redo.c,15 :: 		uint8_t count = 3;
0x0332	0x922F    	PUSH       R2
0x0334	0x923F    	PUSH       R3
0x0336	0x924F    	PUSH       R4
0x0338	0x925F    	PUSH       R5
0x033A	0x926F    	PUSH       R6
;MatrixRGB_AVR_Redo.c,16 :: 		uint8_t i     = 0;
;MatrixRGB_AVR_Redo.c,19 :: 		system_setup( 100, 2, 1 );
0x033C	0xE0B1    	LDI        R27, 1
0x033E	0x2E4B    	MOV        R4, R27
0x0340	0xE0B2    	LDI        R27, 2
0x0342	0x2E3B    	MOV        R3, R27
0x0344	0xE6B4    	LDI        R27, 100
0x0346	0x2E2B    	MOV        R2, R27
0x0348	0xDFAC    	RCALL      _system_setup+0
;MatrixRGB_AVR_Redo.c,23 :: 		matrixrgb_set_color( &my_color, 1, 1, 1 );
0x034A	0x018E    	MOVW       R16, R28
0x034C	0xE0B1    	LDI        R27, 1
0x034E	0x2E6B    	MOV        R6, R27
0x0350	0xE0B1    	LDI        R27, 1
0x0352	0x2E5B    	MOV        R5, R27
0x0354	0xE0B1    	LDI        R27, 1
0x0356	0x2E4B    	MOV        R4, R27
0x0358	0x0118    	MOVW       R2, R16
0x035A	0xDF9A    	RCALL      _matrixrgb_set_color+0
;MatrixRGB_AVR_Redo.c,24 :: 		matrixrgb_scroll_text_left( "Matrix ", my_color, 17, 10 );
0x035C	0xE0BA    	LDI        R27, 10
0x035E	0x2E5B    	MOV        R5, R27
0x0360	0xE1B1    	LDI        R27, 17
0x0362	0x2E4B    	MOV        R4, R27
0x0364	0xE6B7    	LDI        R27, lo_addr(?lstr1_MatrixRGB_AVR_Redo+0)
0x0366	0x2E2B    	MOV        R2, R27
0x0368	0xE0B0    	LDI        R27, hi_addr(?lstr1_MatrixRGB_AVR_Redo+0)
0x036A	0x2E3B    	MOV        R3, R27
0x036C	0x81BA    	LDD        R27, Y+2
0x036E	0x93BF    	PUSH       R27
0x0370	0x81B9    	LDD        R27, Y+1
0x0372	0x93BF    	PUSH       R27
0x0374	0x81B8    	LDD        R27, Y+0
0x0376	0x93BF    	PUSH       R27
0x0378	0xDF0F    	RCALL      _matrixrgb_scroll_text_left+0
0x037A	0xB7AD    	IN         R26, SPL+0
0x037C	0xB7BE    	IN         R27, SPL+1
0x037E	0x9613    	ADIW       R26, 3
0x0380	0xBFAD    	OUT        SPL+0, R26
0x0382	0xBFBE    	OUT        SPL+1, R27
;MatrixRGB_AVR_Redo.c,43 :: 		while(1)
L_main0:
;MatrixRGB_AVR_Redo.c,45 :: 		matrixrgb_set_color( &my_color, 1, 1, 1 );
0x0384	0x018E    	MOVW       R16, R28
0x0386	0xE0B1    	LDI        R27, 1
0x0388	0x2E6B    	MOV        R6, R27
0x038A	0xE0B1    	LDI        R27, 1
0x038C	0x2E5B    	MOV        R5, R27
0x038E	0xE0B1    	LDI        R27, 1
0x0390	0x2E4B    	MOV        R4, R27
0x0392	0x0118    	MOVW       R2, R16
0x0394	0xDF7D    	RCALL      _matrixrgb_set_color+0
;MatrixRGB_AVR_Redo.c,46 :: 		matrixrgb_scroll_text_left( "Matrix", my_color, 20, 10 );
0x0396	0xE0BA    	LDI        R27, 10
0x0398	0x2E5B    	MOV        R5, R27
0x039A	0xE1B4    	LDI        R27, 20
0x039C	0x2E4B    	MOV        R4, R27
0x039E	0xE6B0    	LDI        R27, lo_addr(?lstr2_MatrixRGB_AVR_Redo+0)
0x03A0	0x2E2B    	MOV        R2, R27
0x03A2	0xE0B0    	LDI        R27, hi_addr(?lstr2_MatrixRGB_AVR_Redo+0)
0x03A4	0x2E3B    	MOV        R3, R27
0x03A6	0x81BA    	LDD        R27, Y+2
0x03A8	0x93BF    	PUSH       R27
0x03AA	0x81B9    	LDD        R27, Y+1
0x03AC	0x93BF    	PUSH       R27
0x03AE	0x81B8    	LDD        R27, Y+0
0x03B0	0x93BF    	PUSH       R27
0x03B2	0xDEF2    	RCALL      _matrixrgb_scroll_text_left+0
0x03B4	0xB7AD    	IN         R26, SPL+0
0x03B6	0xB7BE    	IN         R27, SPL+1
0x03B8	0x9613    	ADIW       R26, 3
0x03BA	0xBFAD    	OUT        SPL+0, R26
0x03BC	0xBFBE    	OUT        SPL+1, R27
;MatrixRGB_AVR_Redo.c,53 :: 		}
0x03BE	0xCFE2    	RJMP       L_main0
;MatrixRGB_AVR_Redo.c,54 :: 		}
L_end_main:
0x03C0	0x906F    	POP        R6
0x03C2	0x905F    	POP        R5
0x03C4	0x904F    	POP        R4
0x03C6	0x903F    	POP        R3
0x03C8	0x902F    	POP        R2
L__main_end_loop:
0x03CA	0xCFFF    	RJMP       L__main_end_loop
; end of _main
_system_setup:
;MatrixRGB_AVR_Redo.c,56 :: 		void system_setup( char brightness, uint8_t width, uint8_t height )
;MatrixRGB_AVR_Redo.c,58 :: 		MATRIXRGB_CS_DIR    = 1;
0x02A2	0xB3BA    	IN         R27, DDA5_bit+0
0x02A4	0x62B0    	SBR        R27, 32
0x02A6	0xBBBA    	OUT        DDA5_bit+0, R27
;MatrixRGB_AVR_Redo.c,59 :: 		MATRIXRGB_RST_DIR   = 1;
0x02A8	0xB3BA    	IN         R27, DDA6_bit+0
0x02AA	0x64B0    	SBR        R27, 64
0x02AC	0xBBBA    	OUT        DDA6_bit+0, R27
;MatrixRGB_AVR_Redo.c,60 :: 		MATRIXRGB_READY_DIR = 0;
0x02AE	0xB3B1    	IN         R27, DDD2_bit+0
0x02B0	0x7FBB    	CBR        R27, 4
0x02B2	0xBBB1    	OUT        DDD2_bit+0, R27
;MatrixRGB_AVR_Redo.c,62 :: 		SPI1_Init_Advanced( _SPI_MASTER, _SPI_FCY_DIV32, _SPI_CLK_LO_LEADING );
0x02B4	0x924F    	PUSH       R4
0x02B6	0x923F    	PUSH       R3
0x02B8	0x922F    	PUSH       R2
0x02BA	0x2444    	CLR        R4
0x02BC	0xE0B6    	LDI        R27, 6
0x02BE	0x2E3B    	MOV        R3, R27
0x02C0	0xE1B0    	LDI        R27, 16
0x02C2	0x2E2B    	MOV        R2, R27
0x02C4	0xDF10    	RCALL      _SPI1_Init_Advanced+0
0x02C6	0x902F    	POP        R2
0x02C8	0x903F    	POP        R3
0x02CA	0x904F    	POP        R4
;MatrixRGB_AVR_Redo.c,64 :: 		MATRIXRGB_RST = 0;        //Reset slave ( toggle )
0x02CC	0xB3BB    	IN         R27, PORTA6_bit+0
0x02CE	0x7BBF    	CBR        R27, 64
0x02D0	0xBBBB    	OUT        PORTA6_bit+0, R27
;MatrixRGB_AVR_Redo.c,65 :: 		Delay_ms(200);
0x02D2	0xE029    	LDI        R18, 9
0x02D4	0xE11E    	LDI        R17, 30
0x02D6	0xEE05    	LDI        R16, 229
L_system_setup2:
0x02D8	0x950A    	DEC        R16
0x02DA	0xF7F1    	BRNE       L_system_setup2
0x02DC	0x951A    	DEC        R17
0x02DE	0xF7E1    	BRNE       L_system_setup2
0x02E0	0x952A    	DEC        R18
0x02E2	0xF7D1    	BRNE       L_system_setup2
0x02E4	0x0000    	NOP
;MatrixRGB_AVR_Redo.c,66 :: 		MATRIXRGB_RST = 1;
0x02E6	0xB3BB    	IN         R27, PORTA6_bit+0
0x02E8	0x64B0    	SBR        R27, 64
0x02EA	0xBBBB    	OUT        PORTA6_bit+0, R27
;MatrixRGB_AVR_Redo.c,67 :: 		Delay_ms(300);
0x02EC	0xE02D    	LDI        R18, 13
0x02EE	0xE21D    	LDI        R17, 45
0x02F0	0xED08    	LDI        R16, 216
L_system_setup4:
0x02F2	0x950A    	DEC        R16
0x02F4	0xF7F1    	BRNE       L_system_setup4
0x02F6	0x951A    	DEC        R17
0x02F8	0xF7E1    	BRNE       L_system_setup4
0x02FA	0x952A    	DEC        R18
0x02FC	0xF7D1    	BRNE       L_system_setup4
0x02FE	0x0000    	NOP
0x0300	0x0000    	NOP
;MatrixRGB_AVR_Redo.c,69 :: 		matrixrgb_init( brightness, width, height );
0x0302	0xDF14    	RCALL      _matrixrgb_init+0
;MatrixRGB_AVR_Redo.c,70 :: 		Delay_ms(200);
0x0304	0xE029    	LDI        R18, 9
0x0306	0xE11E    	LDI        R17, 30
0x0308	0xEE05    	LDI        R16, 229
L_system_setup6:
0x030A	0x950A    	DEC        R16
0x030C	0xF7F1    	BRNE       L_system_setup6
0x030E	0x951A    	DEC        R17
0x0310	0xF7E1    	BRNE       L_system_setup6
0x0312	0x952A    	DEC        R18
0x0314	0xF7D1    	BRNE       L_system_setup6
0x0316	0x0000    	NOP
;MatrixRGB_AVR_Redo.c,72 :: 		}
L_end_system_setup:
0x0318	0x9508    	RET
; end of _system_setup
_SPI1_Init_Advanced:
;__Lib_SPI_b7654_x2.c,36 :: 		
;__Lib_SPI_b7654_x2.c,37 :: 		
0x00E6	0xEFBF    	LDI        R27, lo_addr(_SPI1_Read+0)
0x00E8	0x00D593B0  	STS        _SPI_Rd_Ptr+0, R27
0x00EC	0xEFBF    	LDI        R27, hi_addr(_SPI1_Read+0)
0x00EE	0x00D693B0  	STS        _SPI_Rd_Ptr+1, R27
;__Lib_SPI_b7654_x2.c,38 :: 		
0x00F2	0xE3B6    	LDI        R27, lo_addr(_SPI1_Write+0)
0x00F4	0x00D793B0  	STS        _SPI_Wr_Ptr+0, R27
0x00F8	0xE0B0    	LDI        R27, hi_addr(_SPI1_Write+0)
0x00FA	0x00D893B0  	STS        _SPI_Wr_Ptr+1, R27
;__Lib_SPI_b7654_x2.c,40 :: 		
0x00FE	0xB3B7    	IN         R27, DDRB+0
0x0100	0x68B0    	SBR        R27, 128
0x0102	0xBBB7    	OUT        DDRB+0, R27
;__Lib_SPI_b7654_x2.c,41 :: 		
0x0104	0xB3B7    	IN         R27, DDRB+0
0x0106	0x7BBF    	CBR        R27, 64
0x0108	0xBBB7    	OUT        DDRB+0, R27
;__Lib_SPI_b7654_x2.c,42 :: 		
0x010A	0xB3B7    	IN         R27, DDRB+0
0x010C	0x62B0    	SBR        R27, 32
0x010E	0xBBB7    	OUT        DDRB+0, R27
;__Lib_SPI_b7654_x2.c,43 :: 		
0x0110	0xB3B7    	IN         R27, DDRB+0
0x0112	0x61B0    	SBR        R27, 16
0x0114	0xBBB7    	OUT        DDRB+0, R27
;__Lib_SPI_b7654_x2.c,45 :: 		
0x0116	0xFA32    	BST        R3, 2
0x0118	0xB1BE    	IN         R27, SPSR+0
0x011A	0xF9B0    	BLD        R27, 0
0x011C	0xB9BE    	OUT        SPSR+0, R27
;__Lib_SPI_b7654_x2.c,46 :: 		
0x011E	0x2D03    	MOV        R16, R3
0x0120	0x7003    	ANDI       R16, 3
0x0122	0x2904    	OR         R16, R4
0x0124	0x2902    	OR         R16, R2
0x0126	0x6400    	ORI        R16, 64
0x0128	0xB90D    	OUT        SPCR+0, R16
;__Lib_SPI_b7654_x2.c,47 :: 		
L_end_SPI1_Init_Advanced:
0x012A	0x9508    	RET
; end of _SPI1_Init_Advanced
_matrixrgb_init:
;matrixrgb_hw.c,74 :: 		void matrixrgb_init( char level, uint8_t width, uint8_t height )
;matrixrgb_hw.c,76 :: 		matrixrgb_hal_init();
0x012C	0x922F    	PUSH       R2
0x012E	0x923F    	PUSH       R3
0x0130	0x924F    	PUSH       R4
0x0132	0x925F    	PUSH       R5
0x0134	0x924F    	PUSH       R4
0x0136	0x923F    	PUSH       R3
0x0138	0x922F    	PUSH       R2
0x013A	0xDF9E    	RCALL      _matrixrgb_hal_init+0
;matrixrgb_hw.c,77 :: 		Delay_ms(300);
0x013C	0xE02D    	LDI        R18, 13
0x013E	0xE21D    	LDI        R17, 45
0x0140	0xED08    	LDI        R16, 216
L_matrixrgb_init0:
0x0142	0x950A    	DEC        R16
0x0144	0xF7F1    	BRNE       L_matrixrgb_init0
0x0146	0x951A    	DEC        R17
0x0148	0xF7E1    	BRNE       L_matrixrgb_init0
0x014A	0x952A    	DEC        R18
0x014C	0xF7D1    	BRNE       L_matrixrgb_init0
0x014E	0x0000    	NOP
0x0150	0x0000    	NOP
;matrixrgb_hw.c,79 :: 		spi_buffer[0] = SETUP_CMD;
0x0152	0xE0B1    	LDI        R27, 1
0x0154	0x006F93B0  	STS        matrixrgb_hw_spi_buffer+0, R27
;matrixrgb_hw.c,80 :: 		matrixrgb_hal_write( &spi_buffer, 1 );
0x0158	0xE0B1    	LDI        R27, 1
0x015A	0x2E4B    	MOV        R4, R27
0x015C	0xE0B0    	LDI        R27, 0
0x015E	0x2E5B    	MOV        R5, R27
0x0160	0xE6BF    	LDI        R27, lo_addr(matrixrgb_hw_spi_buffer+0)
0x0162	0x2E2B    	MOV        R2, R27
0x0164	0xE0B0    	LDI        R27, hi_addr(matrixrgb_hw_spi_buffer+0)
0x0166	0x2E3B    	MOV        R3, R27
0x0168	0xDF99    	RCALL      _matrixrgb_hal_write+0
0x016A	0x902F    	POP        R2
0x016C	0x903F    	POP        R3
0x016E	0x904F    	POP        R4
;matrixrgb_hw.c,81 :: 		spi_buffer[0] = level;
0x0170	0x006F9220  	STS        matrixrgb_hw_spi_buffer+0, R2
;matrixrgb_hw.c,82 :: 		spi_buffer[1] = width;
0x0174	0x00709230  	STS        matrixrgb_hw_spi_buffer+1, R3
;matrixrgb_hw.c,83 :: 		spi_buffer[2] = height;
0x0178	0x00719240  	STS        matrixrgb_hw_spi_buffer+2, R4
;matrixrgb_hw.c,84 :: 		matrixrgb_hal_write( &spi_buffer, 3 );
0x017C	0xE0B3    	LDI        R27, 3
0x017E	0x2E4B    	MOV        R4, R27
0x0180	0xE0B0    	LDI        R27, 0
0x0182	0x2E5B    	MOV        R5, R27
0x0184	0xE6BF    	LDI        R27, lo_addr(matrixrgb_hw_spi_buffer+0)
0x0186	0x2E2B    	MOV        R2, R27
0x0188	0xE0B0    	LDI        R27, hi_addr(matrixrgb_hw_spi_buffer+0)
0x018A	0x2E3B    	MOV        R3, R27
0x018C	0xDF87    	RCALL      _matrixrgb_hal_write+0
;matrixrgb_hw.c,86 :: 		}
L_end_matrixrgb_init:
0x018E	0x905F    	POP        R5
0x0190	0x904F    	POP        R4
0x0192	0x903F    	POP        R3
0x0194	0x902F    	POP        R2
0x0196	0x9508    	RET
; end of _matrixrgb_init
_matrixrgb_hal_init:
;matrixrgb_hal.c,89 :: 		void matrixrgb_hal_init()
;matrixrgb_hal.c,96 :: 		write_spi_p             = SPI_Wr_Ptr;
0x0078	0x00D79100  	LDS        R16, _SPI_Wr_Ptr+0
0x007C	0x00D89110  	LDS        R17, _SPI_Wr_Ptr+1
0x0080	0x00D39300  	STS        matrixrgb_hal_write_spi_p+0, R16
0x0084	0x00D49310  	STS        matrixrgb_hal_write_spi_p+1, R17
;matrixrgb_hal.c,97 :: 		read_spi_p              = SPI_Rd_Ptr;
0x0088	0x00D59100  	LDS        R16, _SPI_Rd_Ptr+0
0x008C	0x00D69110  	LDS        R17, _SPI_Rd_Ptr+1
0x0090	0x00D99300  	STS        matrixrgb_hal_read_spi_p+0, R16
0x0094	0x00DA9310  	STS        matrixrgb_hal_read_spi_p+1, R17
;matrixrgb_hal.c,109 :: 		matrixrgb_hal_cs_high();
0x0098	0xDFDD    	RCALL      _matrixrgb_hal_cs_high+0
;matrixrgb_hal.c,112 :: 		}
L_end_matrixrgb_hal_init:
0x009A	0x9508    	RET
; end of _matrixrgb_hal_init
_matrixrgb_hal_cs_high:
;matrixrgb_hal.c,79 :: 		void matrixrgb_hal_cs_high()
;matrixrgb_hal.c,81 :: 		MATRIXRGB_CS = 1;
0x0054	0x003B91B0  	LDS        R27, MATRIXRGB_CS+0
0x0058	0x62B0    	SBR        R27, 32
0x005A	0x003B93B0  	STS        MATRIXRGB_CS+0, R27
;matrixrgb_hal.c,82 :: 		}
L_end_matrixrgb_hal_cs_high:
0x005E	0x9508    	RET
; end of _matrixrgb_hal_cs_high
_matrixrgb_hal_write:
;matrixrgb_hal.c,115 :: 		uint16_t count )
;matrixrgb_hal.c,118 :: 		while( MATRIXRGB_READY != 1 );  //Wait till slave is ready
L_matrixrgb_hal_write0:
0x009C	0x003291B0  	LDS        R27, MATRIXRGB_READY+0
0x00A0	0xFDB2    	SBRC       R27, 2
0x00A2	0xC001    	RJMP       L_matrixrgb_hal_write1
0x00A4	0xCFFB    	RJMP       L_matrixrgb_hal_write0
L_matrixrgb_hal_write1:
;matrixrgb_hal.c,120 :: 		while( count-- )
L_matrixrgb_hal_write2:
0x00A6	0x0192    	MOVW       R18, R4
0x00A8	0x0182    	MOVW       R16, R4
0x00AA	0x5001    	SUBI       R16, 1
0x00AC	0x4010    	SBCI       R17, 0
0x00AE	0x0128    	MOVW       R4, R16
0x00B0	0x2FB2    	MOV        R27, R18
0x00B2	0x2BB3    	OR         R27, R19
0x00B4	0xF0B9    	BREQ       L_matrixrgb_hal_write3
L__matrixrgb_hal_write10:
;matrixrgb_hal.c,122 :: 		matrixrgb_hal_cs_low();
0x00B6	0xDFD4    	RCALL      _matrixrgb_hal_cs_low+0
;matrixrgb_hal.c,123 :: 		write_spi_p( *( buffer++ ) );
0x00B8	0x01F1    	MOVW       R30, R2
0x00BA	0x8100    	LD         R16, Z
0x00BC	0x925F    	PUSH       R5
0x00BE	0x924F    	PUSH       R4
0x00C0	0x923F    	PUSH       R3
0x00C2	0x922F    	PUSH       R2
0x00C4	0x2E20    	MOV        R2, R16
0x00C6	0x00D391E0  	LDS        R30, matrixrgb_hal_write_spi_p+0
0x00CA	0x00D491F0  	LDS        R31, matrixrgb_hal_write_spi_p+1
0x00CE	0x9509    	ICALL
0x00D0	0x902F    	POP        R2
0x00D2	0x903F    	POP        R3
0x00D4	0x904F    	POP        R4
0x00D6	0x905F    	POP        R5
0x00D8	0x0181    	MOVW       R16, R2
0x00DA	0x5F0F    	SUBI       R16, 255
0x00DC	0x4F1F    	SBCI       R17, 255
0x00DE	0x0118    	MOVW       R2, R16
;matrixrgb_hal.c,124 :: 		matrixrgb_hal_cs_high();
0x00E0	0xDFB9    	RCALL      _matrixrgb_hal_cs_high+0
;matrixrgb_hal.c,125 :: 		}
0x00E2	0xCFE1    	RJMP       L_matrixrgb_hal_write2
L_matrixrgb_hal_write3:
;matrixrgb_hal.c,127 :: 		}
L_end_matrixrgb_hal_write:
0x00E4	0x9508    	RET
; end of _matrixrgb_hal_write
_matrixrgb_hal_cs_low:
;matrixrgb_hal.c,84 :: 		void matrixrgb_hal_cs_low()
;matrixrgb_hal.c,86 :: 		MATRIXRGB_CS = 0;
0x0060	0x003B91B0  	LDS        R27, MATRIXRGB_CS+0
0x0064	0x7DBF    	CBR        R27, 32
0x0066	0x003B93B0  	STS        MATRIXRGB_CS+0, R27
;matrixrgb_hal.c,87 :: 		}
L_end_matrixrgb_hal_cs_low:
0x006A	0x9508    	RET
; end of _matrixrgb_hal_cs_low
_SPI1_Write:
;__Lib_SPI_b7654_x2.c,67 :: 		
;__Lib_SPI_b7654_x2.c,68 :: 		
0x006C	0xB82F    	OUT        SPDR+0, R2
;__Lib_SPI_b7654_x2.c,69 :: 		
L_SPI1_Write0:
0x006E	0xB1BE    	IN         R27, SPSR+0
0x0070	0xFDB7    	SBRC       R27, 7
0x0072	0xC001    	RJMP       L_SPI1_Write1
0x0074	0xCFFC    	RJMP       L_SPI1_Write0
L_SPI1_Write1:
;__Lib_SPI_b7654_x2.c,70 :: 		
L_end_SPI1_Write:
0x0076	0x9508    	RET
; end of _SPI1_Write
_matrixrgb_set_color:
;matrixrgb_hw.c,309 :: 		void matrixrgb_set_color( color_t *color, uint8_t red_color, uint8_t green_color, uint8_t blue_color )
;matrixrgb_hw.c,312 :: 		color->red   = red_color;
0x0290	0x01F1    	MOVW       R30, R2
0x0292	0x8240    	ST         Z, R4
;matrixrgb_hw.c,313 :: 		color->green = green_color;
0x0294	0x01F1    	MOVW       R30, R2
0x0296	0x9631    	ADIW       R30, 1
0x0298	0x8250    	ST         Z, R5
;matrixrgb_hw.c,314 :: 		color->blue  = blue_color;
0x029A	0x01F1    	MOVW       R30, R2
0x029C	0x9632    	ADIW       R30, 2
0x029E	0x8260    	ST         Z, R6
;matrixrgb_hw.c,316 :: 		}
L_end_matrixrgb_set_color:
0x02A0	0x9508    	RET
; end of _matrixrgb_set_color
_matrixrgb_scroll_text_left:
0x0198	0x93CF    	PUSH       R28
0x019A	0x93DF    	PUSH       R29
0x019C	0xB7CD    	IN         R28, SPL+0
0x019E	0xB7DE    	IN         R29, SPL+1
0x01A0	0x9723    	SBIW       R28, 3
0x01A2	0xBFCD    	OUT        SPL+0, R28
0x01A4	0xBFDE    	OUT        SPL+1, R29
0x01A6	0x9621    	ADIW       R28, 1
;matrixrgb_hw.c,175 :: 		void matrixrgb_scroll_text_left( char *text, color_t color, uint8_t speed , uint8_t text_size )
;matrixrgb_hw.c,177 :: 		uint8_t i = 0;
0x01A8	0x922F    	PUSH       R2
0x01AA	0x923F    	PUSH       R3
0x01AC	0x924F    	PUSH       R4
;matrixrgb_hw.c,178 :: 		uint8_t *ptr = text;
0x01AE	0x8228    	STD        Y+0, R2
0x01B0	0x8239    	STD        Y+1, R3
;matrixrgb_hw.c,180 :: 		spi_buffer[0] = SCROLL_TEXT_LEFT_CMD;
0x01B2	0xE0B8    	LDI        R27, 8
0x01B4	0x006F93B0  	STS        matrixrgb_hw_spi_buffer+0, R27
;matrixrgb_hw.c,181 :: 		matrixrgb_hal_write( &spi_buffer, 1 );
0x01B8	0x925F    	PUSH       R5
0x01BA	0x924F    	PUSH       R4
0x01BC	0xE0B1    	LDI        R27, 1
0x01BE	0x2E4B    	MOV        R4, R27
0x01C0	0xE0B0    	LDI        R27, 0
0x01C2	0x2E5B    	MOV        R5, R27
0x01C4	0xE6BF    	LDI        R27, lo_addr(matrixrgb_hw_spi_buffer+0)
0x01C6	0x2E2B    	MOV        R2, R27
0x01C8	0xE0B0    	LDI        R27, hi_addr(matrixrgb_hw_spi_buffer+0)
0x01CA	0x2E3B    	MOV        R3, R27
0x01CC	0xDF67    	RCALL      _matrixrgb_hal_write+0
0x01CE	0x904F    	POP        R4
0x01D0	0x905F    	POP        R5
;matrixrgb_hw.c,182 :: 		spi_buffer[0] = text_size;
0x01D2	0x006F9250  	STS        matrixrgb_hw_spi_buffer+0, R5
;matrixrgb_hw.c,183 :: 		matrixrgb_hal_write( &spi_buffer, 1 );
0x01D6	0x925F    	PUSH       R5
0x01D8	0x924F    	PUSH       R4
0x01DA	0xE0B1    	LDI        R27, 1
0x01DC	0x2E4B    	MOV        R4, R27
0x01DE	0xE0B0    	LDI        R27, 0
0x01E0	0x2E5B    	MOV        R5, R27
0x01E2	0xE6BF    	LDI        R27, lo_addr(matrixrgb_hw_spi_buffer+0)
0x01E4	0x2E2B    	MOV        R2, R27
0x01E6	0xE0B0    	LDI        R27, hi_addr(matrixrgb_hw_spi_buffer+0)
0x01E8	0x2E3B    	MOV        R3, R27
0x01EA	0xDF58    	RCALL      _matrixrgb_hal_write+0
;matrixrgb_hw.c,184 :: 		spi_buffer[0] = color.red;
0x01EC	0x810F    	LDD        R16, Y+7
0x01EE	0x006F9300  	STS        matrixrgb_hw_spi_buffer+0, R16
;matrixrgb_hw.c,185 :: 		spi_buffer[1] = color.green;
0x01F2	0x8508    	LDD        R16, Y+8
0x01F4	0x00709300  	STS        matrixrgb_hw_spi_buffer+1, R16
;matrixrgb_hw.c,186 :: 		spi_buffer[2] = color.blue;
0x01F8	0x8509    	LDD        R16, Y+9
0x01FA	0x00719300  	STS        matrixrgb_hw_spi_buffer+2, R16
;matrixrgb_hw.c,187 :: 		matrixrgb_hal_write( &spi_buffer, 3 );
0x01FE	0xE0B3    	LDI        R27, 3
0x0200	0x2E4B    	MOV        R4, R27
0x0202	0xE0B0    	LDI        R27, 0
0x0204	0x2E5B    	MOV        R5, R27
0x0206	0xE6BF    	LDI        R27, lo_addr(matrixrgb_hw_spi_buffer+0)
0x0208	0x2E2B    	MOV        R2, R27
0x020A	0xE0B0    	LDI        R27, hi_addr(matrixrgb_hw_spi_buffer+0)
0x020C	0x2E3B    	MOV        R3, R27
0x020E	0xDF46    	RCALL      _matrixrgb_hal_write+0
0x0210	0x904F    	POP        R4
;matrixrgb_hw.c,188 :: 		spi_buffer[0] = speed;
0x0212	0x006F9240  	STS        matrixrgb_hw_spi_buffer+0, R4
;matrixrgb_hw.c,189 :: 		matrixrgb_hal_write( &spi_buffer, 1 );
0x0216	0xE0B1    	LDI        R27, 1
0x0218	0x2E4B    	MOV        R4, R27
0x021A	0xE0B0    	LDI        R27, 0
0x021C	0x2E5B    	MOV        R5, R27
0x021E	0xE6BF    	LDI        R27, lo_addr(matrixrgb_hw_spi_buffer+0)
0x0220	0x2E2B    	MOV        R2, R27
0x0222	0xE0B0    	LDI        R27, hi_addr(matrixrgb_hw_spi_buffer+0)
0x0224	0x2E3B    	MOV        R3, R27
0x0226	0xDF3A    	RCALL      _matrixrgb_hal_write+0
0x0228	0x905F    	POP        R5
;matrixrgb_hw.c,191 :: 		for( i = 0; i < text_size; i++ )
0x022A	0xE0B0    	LDI        R27, 0
0x022C	0x83BA    	STD        Y+2, R27
L_matrixrgb_scroll_text_left23:
0x022E	0x810A    	LDD        R16, Y+2
0x0230	0x1505    	CP         R16, R5
0x0232	0xF500    	BRSH       L_matrixrgb_scroll_text_left24
L__matrixrgb_scroll_text_left39:
;matrixrgb_hw.c,193 :: 		spi_buffer[0] = *ptr++;
0x0234	0x81E8    	LDD        R30, Y+0
0x0236	0x81F9    	LDD        R31, Y+1
0x0238	0x8100    	LD         R16, Z
0x023A	0x006F9300  	STS        matrixrgb_hw_spi_buffer+0, R16
0x023E	0x8108    	LDD        R16, Y+0
0x0240	0x8119    	LDD        R17, Y+1
0x0242	0x5F0F    	SUBI       R16, 255
0x0244	0x4F1F    	SBCI       R17, 255
0x0246	0x8308    	STD        Y+0, R16
0x0248	0x8319    	STD        Y+1, R17
;matrixrgb_hw.c,194 :: 		matrixrgb_hal_write( &spi_buffer, 1 );
0x024A	0x925F    	PUSH       R5
0x024C	0x924F    	PUSH       R4
0x024E	0x923F    	PUSH       R3
0x0250	0x922F    	PUSH       R2
0x0252	0xE0B1    	LDI        R27, 1
0x0254	0x2E4B    	MOV        R4, R27
0x0256	0xE0B0    	LDI        R27, 0
0x0258	0x2E5B    	MOV        R5, R27
0x025A	0xE6BF    	LDI        R27, lo_addr(matrixrgb_hw_spi_buffer+0)
0x025C	0x2E2B    	MOV        R2, R27
0x025E	0xE0B0    	LDI        R27, hi_addr(matrixrgb_hw_spi_buffer+0)
0x0260	0x2E3B    	MOV        R3, R27
0x0262	0xDF1C    	RCALL      _matrixrgb_hal_write+0
0x0264	0x902F    	POP        R2
0x0266	0x903F    	POP        R3
0x0268	0x904F    	POP        R4
0x026A	0x905F    	POP        R5
;matrixrgb_hw.c,191 :: 		for( i = 0; i < text_size; i++ )
0x026C	0x810A    	LDD        R16, Y+2
0x026E	0x5F0F    	SUBI       R16, 255
0x0270	0x830A    	STD        Y+2, R16
;matrixrgb_hw.c,195 :: 		}
0x0272	0xCFDD    	RJMP       L_matrixrgb_scroll_text_left23
L_matrixrgb_scroll_text_left24:
;matrixrgb_hw.c,197 :: 		}
L_end_matrixrgb_scroll_text_left:
0x0274	0x904F    	POP        R4
0x0276	0x903F    	POP        R3
0x0278	0x902F    	POP        R2
0x027A	0x9622    	ADIW       R28, 2
0x027C	0xBFCD    	OUT        SPL+0, R28
0x027E	0xBFDE    	OUT        SPL+1, R29
0x0280	0x91DF    	POP        R29
0x0282	0x91CF    	POP        R28
0x0284	0x9508    	RET
; end of _matrixrgb_scroll_text_left
___CC2DW:
;__Lib_System.c,25 :: 		
;__Lib_System.c,27 :: 		
L_loopDW:
;__Lib_System.c,28 :: 		
0x0286	0x9005    	LPM        R0, Z+
;__Lib_System.c,29 :: 		
0x0288	0x920D    	ST         X+, R0
;__Lib_System.c,30 :: 		
0x028A	0x9701    	SBIW       R24, 1
;__Lib_System.c,31 :: 		
0x028C	0xF7E1    	BRNE       L_loopDW
;__Lib_System.c,33 :: 		
L_end___CC2DW:
0x028E	0x9508    	RET
; end of ___CC2DW
0x0440	0xE6A0    	LDI        R26, 96
0x0442	0xE0B0    	LDI        R27, 0
0x0444	0xECEC    	LDI        R30, 204
0x0446	0xE0F3    	LDI        R31, 3
0x0448	0xE783    	LDI        R24, 115
0x044A	0xE090    	LDI        R25, 0
0x044C	0x0143940E  	CALL       ___CC2DW
0x0450	0x9508    	RET
;MatrixRGB_AVR_Redo.c,0 :: ?ICS?lstr2_MatrixRGB_AVR_Redo
0x03CC	0x614D ;?ICS?lstr2_MatrixRGB_AVR_Redo+0
0x03CE	0x7274 ;?ICS?lstr2_MatrixRGB_AVR_Redo+2
0x03D0	0x7869 ;?ICS?lstr2_MatrixRGB_AVR_Redo+4
0x03D2	0x00 ;?ICS?lstr2_MatrixRGB_AVR_Redo+6
; end of ?ICS?lstr2_MatrixRGB_AVR_Redo
;MatrixRGB_AVR_Redo.c,0 :: ?ICS?lstr1_MatrixRGB_AVR_Redo
0x03D3	0x614D ;?ICS?lstr1_MatrixRGB_AVR_Redo+0
0x03D5	0x7274 ;?ICS?lstr1_MatrixRGB_AVR_Redo+2
0x03D7	0x7869 ;?ICS?lstr1_MatrixRGB_AVR_Redo+4
0x03D9	0x0020 ;?ICS?lstr1_MatrixRGB_AVR_Redo+6
; end of ?ICS?lstr1_MatrixRGB_AVR_Redo
;matrixrgb_hw.c,0 :: ?ICSmatrixrgb_hw_spi_buffer
0x03DB	0x0000 ;?ICSmatrixrgb_hw_spi_buffer+0
0x03DD	0x0000 ;?ICSmatrixrgb_hw_spi_buffer+2
0x03DF	0x0000 ;?ICSmatrixrgb_hw_spi_buffer+4
0x03E1	0x0000 ;?ICSmatrixrgb_hw_spi_buffer+6
0x03E3	0x0000 ;?ICSmatrixrgb_hw_spi_buffer+8
0x03E5	0x0000 ;?ICSmatrixrgb_hw_spi_buffer+10
0x03E7	0x0000 ;?ICSmatrixrgb_hw_spi_buffer+12
0x03E9	0x0000 ;?ICSmatrixrgb_hw_spi_buffer+14
0x03EB	0x0000 ;?ICSmatrixrgb_hw_spi_buffer+16
0x03ED	0x0000 ;?ICSmatrixrgb_hw_spi_buffer+18
0x03EF	0x0000 ;?ICSmatrixrgb_hw_spi_buffer+20
0x03F1	0x0000 ;?ICSmatrixrgb_hw_spi_buffer+22
0x03F3	0x0000 ;?ICSmatrixrgb_hw_spi_buffer+24
0x03F5	0x0000 ;?ICSmatrixrgb_hw_spi_buffer+26
0x03F7	0x0000 ;?ICSmatrixrgb_hw_spi_buffer+28
0x03F9	0x0000 ;?ICSmatrixrgb_hw_spi_buffer+30
0x03FB	0x0000 ;?ICSmatrixrgb_hw_spi_buffer+32
0x03FD	0x0000 ;?ICSmatrixrgb_hw_spi_buffer+34
0x03FF	0x0000 ;?ICSmatrixrgb_hw_spi_buffer+36
0x0401	0x0000 ;?ICSmatrixrgb_hw_spi_buffer+38
0x0403	0x0000 ;?ICSmatrixrgb_hw_spi_buffer+40
0x0405	0x0000 ;?ICSmatrixrgb_hw_spi_buffer+42
0x0407	0x0000 ;?ICSmatrixrgb_hw_spi_buffer+44
0x0409	0x0000 ;?ICSmatrixrgb_hw_spi_buffer+46
0x040B	0x0000 ;?ICSmatrixrgb_hw_spi_buffer+48
0x040D	0x0000 ;?ICSmatrixrgb_hw_spi_buffer+50
0x040F	0x0000 ;?ICSmatrixrgb_hw_spi_buffer+52
0x0411	0x0000 ;?ICSmatrixrgb_hw_spi_buffer+54
0x0413	0x0000 ;?ICSmatrixrgb_hw_spi_buffer+56
0x0415	0x0000 ;?ICSmatrixrgb_hw_spi_buffer+58
0x0417	0x0000 ;?ICSmatrixrgb_hw_spi_buffer+60
0x0419	0x0000 ;?ICSmatrixrgb_hw_spi_buffer+62
0x041B	0x0000 ;?ICSmatrixrgb_hw_spi_buffer+64
0x041D	0x0000 ;?ICSmatrixrgb_hw_spi_buffer+66
0x041F	0x0000 ;?ICSmatrixrgb_hw_spi_buffer+68
0x0421	0x0000 ;?ICSmatrixrgb_hw_spi_buffer+70
0x0423	0x0000 ;?ICSmatrixrgb_hw_spi_buffer+72
0x0425	0x0000 ;?ICSmatrixrgb_hw_spi_buffer+74
0x0427	0x0000 ;?ICSmatrixrgb_hw_spi_buffer+76
0x0429	0x0000 ;?ICSmatrixrgb_hw_spi_buffer+78
0x042B	0x0000 ;?ICSmatrixrgb_hw_spi_buffer+80
0x042D	0x0000 ;?ICSmatrixrgb_hw_spi_buffer+82
0x042F	0x0000 ;?ICSmatrixrgb_hw_spi_buffer+84
0x0431	0x0000 ;?ICSmatrixrgb_hw_spi_buffer+86
0x0433	0x0000 ;?ICSmatrixrgb_hw_spi_buffer+88
0x0435	0x0000 ;?ICSmatrixrgb_hw_spi_buffer+90
0x0437	0x0000 ;?ICSmatrixrgb_hw_spi_buffer+92
0x0439	0x0000 ;?ICSmatrixrgb_hw_spi_buffer+94
0x043B	0x0000 ;?ICSmatrixrgb_hw_spi_buffer+96
0x043D	0x0000 ;?ICSmatrixrgb_hw_spi_buffer+98
; end of ?ICSmatrixrgb_hw_spi_buffer
Symbol List:
//** Routines locations **
//ADDRESS    SIZE    PROCEDURE
//----------------------------------------------
0x002A       [6]    _matrixrgb_hal_cs_high
0x0030       [6]    _matrixrgb_hal_cs_low
0x0036       [6]    _SPI1_Write
0x003C      [18]    _matrixrgb_hal_init
0x004E      [37]    _matrixrgb_hal_write
0x0073      [35]    _SPI1_Init_Advanced
0x0096      [54]    _matrixrgb_init
0x00CC     [119]    _matrixrgb_scroll_text_left
0x0143       [5]    ___CC2DW
0x0148       [9]    _matrixrgb_set_color
0x0151      [60]    _system_setup
0x018D      [89]    _main
//** Variables locations ** 
//ADDRESS    SIZE    VARIABLE
//----------------------------------------------
0x0000       [1]    Delay_Cyc_loc_L0
0x0000       [1]    R0
0x0001       [1]    R1
0x0002       [1]    FARG_matrixrgb_init_level
0x0002       [1]    FARG_SPI1_Init_Advanced_mode
0x0002       [2]    FARG_matrixrgb_scroll_text_left_text
0x0002       [2]    FARG_SPI_Set_Active_read_ptr
0x0002       [2]    FARG_VDelay_ms_Time_ms
0x0002       [2]    FARG_matrixrgb_write_pixel_row
0x0002       [1]    FARG_matrixrgb_scroll_off_scrn_right_speed
0x0002       [1]    FARG_SPI1_Read_data_out
0x0002       [2]    FARG_matrixrgb_scroll_img_left_bmp
0x0002       [1]    FARG_Delay_Cyc_cycles_div_by_10
0x0002       [1]    R2
0x0002       [2]    FARG_matrixrgb_set_color_color
0x0002       [2]    FARG_matrixrgb_erase_pixel_row
0x0002       [1]    FARG_SPI1_Write_data_out
0x0002       [2]    FARG_matrixrgb_hal_write_buffer
0x0002       [2]    FARG_matrixrgb_scroll_img_right_bmp
0x0002       [1]    FARG_matrixrgb_scroll_off_scrn_left_speed
0x0002       [1]    FARG_matrixrgb_scroll_off_scrn_up_speed
0x0002       [1]    FARG_matrixrgb_scroll_off_scrn_down_speed
0x0002       [2]    FARG_matrixrgb_write_pixel_img_row
0x0002       [1]    FARG_SPI_Read_buffer
0x0002       [1]    FARG_SPI_Write_data_out
0x0002       [1]    FARG_system_setup_brightness
0x0002       [2]    FARG_matrixrgb_hal_read_buffer
0x0002       [2]    FARG_matrixrgb_scroll_text_right_text
0x0002       [2]    FARG_VDelay_Advanced_ms_Time_ms
0x0002       [2]    FARG_matrixrgb_image_load_bmp
0x0003       [1]    FARG_system_setup_width
0x0003       [1]    R3
0x0003       [1]    FARG_SPI1_Init_Advanced_fcy_div
0x0003       [1]    FARG_matrixrgb_init_width
0x0004       [2]    FARG_matrixrgb_write_pixel_column
0x0004       [1]    FARG_matrixrgb_image_load_width
0x0004       [2]    FARG_matrixrgb_write_pixel_img_column
0x0004       [2]    FARG_SPI_Set_Active_write_ptr
0x0004       [2]    FARG_matrixrgb_erase_pixel_column
0x0004       [2]    FARG_VDelay_Advanced_ms_Current_Fosc_kHz
0x0004       [1]    FARG_matrixrgb_init_height
0x0004       [2]    FARG_matrixrgb_hal_write_count
0x0004       [1]    FARG_matrixrgb_scroll_text_right_speed
0x0004       [1]    FARG_system_setup_height
0x0004       [1]    FARG_matrixrgb_scroll_img_right_width
0x0004       [2]    FARG_matrixrgb_hal_read_count
0x0004       [1]    FARG_matrixrgb_scroll_img_left_width
0x0004       [1]    R4
0x0004       [1]    FARG_matrixrgb_scroll_text_left_speed
0x0004       [1]    FARG_matrixrgb_set_color_red_color
0x0004       [1]    FARG_SPI1_Init_Advanced_clock_and_edge
0x0005       [1]    FARG_matrixrgb_set_color_green_color
0x0005       [1]    FARG_matrixrgb_scroll_img_right_height
0x0005       [1]    FARG_matrixrgb_scroll_text_left_text_size
0x0005       [1]    FARG_matrixrgb_image_load_height
0x0005       [1]    FARG_matrixrgb_scroll_img_left_height
0x0005       [1]    FARG_matrixrgb_scroll_text_right_text_size
0x0005       [1]    R5
0x0006       [1]    FARG_matrixrgb_write_pixel_img_red
0x0006       [1]    FARG_matrixrgb_write_pixel_red
0x0006       [1]    R6
0x0006       [1]    FARG_matrixrgb_scroll_img_left_speed
0x0006       [1]    FARG_matrixrgb_set_color_blue_color
0x0006       [1]    FARG_matrixrgb_scroll_img_right_speed
0x0007       [1]    FARG_matrixrgb_write_pixel_img_green
0x0007       [1]    R7
0x0007       [1]    FARG_matrixrgb_write_pixel_green
0x0008       [1]    FARG_matrixrgb_write_pixel_img_blue
0x0008       [1]    R8
0x0008       [1]    FARG_matrixrgb_write_pixel_blue
0x0009       [1]    R9
0x000A       [1]    R10
0x000B       [1]    R11
0x000C       [1]    R12
0x000D       [1]    R13
0x000E       [1]    R14
0x000F       [1]    R15
0x0010       [1]    R16
0x0011       [1]    R17
0x0012       [1]    R18
0x0013       [1]    R19
0x0014       [1]    R20
0x0015       [1]    R21
0x0016       [1]    R22
0x0017       [1]    R23
0x0018       [1]    R24
0x0019       [1]    R25
0x001A       [2]    X
0x001A       [1]    R26
0x001A       [1]    XL
0x001B       [1]    R27
0x001B       [1]    XH
0x001C       [2]    Y
0x001C       [1]    R28
0x001C       [1]    YL
0x001D       [1]    R29
0x001D       [1]    YH
0x001E       [2]    Z
0x001E       [1]    ZL
0x001E       [1]    R30
0x001F       [1]    ZH
0x001F       [1]    R31
0x0020       [0]    TWBR1_bit
0x0020       [0]    TWBR0_bit
0x0020       [1]    TWBR
0x0020       [0]    TWBR5_bit
0x0020       [0]    TWBR7_bit
0x0020       [0]    TWBR6_bit
0x0020       [0]    TWBR3_bit
0x0020       [0]    TWBR2_bit
0x0020       [0]    TWBR4_bit
0x0021       [0]    TWS5_bit
0x0021       [0]    TWS7_bit
0x0021       [0]    TWS6_bit
0x0021       [0]    TWS4_bit
0x0021       [0]    TWPS0_bit
0x0021       [1]    TWSR
0x0021       [0]    TWS3_bit
0x0021       [0]    TWPS1_bit
0x0022       [0]    TWA0_bit
0x0022       [0]    TWA1_bit
0x0022       [1]    TWAR
0x0022       [0]    TWGCE_bit
0x0022       [0]    TWA2_bit
0x0022       [0]    TWA5_bit
0x0022       [0]    TWA6_bit
0x0022       [0]    TWA3_bit
0x0022       [0]    TWA4_bit
0x0023       [0]    TWD1_bit
0x0023       [0]    TWD2_bit
0x0023       [1]    TWDR
0x0023       [0]    TWD0_bit
0x0023       [0]    TWD3_bit
0x0023       [0]    TWD6_bit
0x0023       [0]    TWD7_bit
0x0023       [0]    TWD4_bit
0x0023       [0]    TWD5_bit
0x0024       [0]    ADCL1_bit
0x0024       [0]    ADCL2_bit
0x0024       [1]    ADCL
0x0024       [0]    ADCL0_bit
0x0024       [0]    ADCL3_bit
0x0024       [0]    ADCL6_bit
0x0024       [0]    ADCL7_bit
0x0024       [0]    ADCL4_bit
0x0024       [0]    ADCL5_bit
0x0025       [0]    ADCH1_bit
0x0025       [0]    ADCH2_bit
0x0025       [1]    ADCH
0x0025       [0]    ADCH0_bit
0x0025       [0]    ADCH3_bit
0x0025       [0]    ADCH6_bit
0x0025       [0]    ADCH7_bit
0x0025       [0]    ADCH4_bit
0x0025       [0]    ADCH5_bit
0x0026       [0]    ADPS1_bit
0x0026       [0]    ADATE_bit
0x0026       [0]    ADPS2_bit
0x0026       [0]    ADIF_bit
0x0026       [0]    ADIE_bit
0x0026       [0]    ADSC_bit
0x0026       [0]    ADEN_bit
0x0026       [1]    ADCSRA
0x0026       [0]    ADPS0_bit
0x0027       [0]    ADLAR_bit
0x0027       [0]    MUX2_bit
0x0027       [0]    MUX4_bit
0x0027       [0]    REFS1_bit
0x0027       [1]    ADMUX
0x0027       [0]    REFS0_bit
0x0027       [0]    MUX1_bit
0x0027       [0]    MUX0_bit
0x0027       [0]    MUX3_bit
0x0028       [0]    ACIS0_bit
0x0028       [0]    ACIE_bit
0x0028       [1]    ACSR
0x0028       [0]    ACI_bit
0x0028       [0]    ACD_bit
0x0028       [0]    ACIS1_bit
0x0028       [0]    ACBG_bit
0x0028       [0]    ACIC_bit
0x0028       [0]    ACO_bit
0x0029       [0]    UBRR4_bit
0x0029       [0]    UBRR6_bit
0x0029       [0]    UBRR5_bit
0x0029       [0]    UBRR3_bit
0x0029       [0]    UBRR0_bit
0x0029       [1]    UBRRL
0x0029       [0]    UBRR1_bit
0x0029       [0]    UBRR7_bit
0x0029       [0]    UBRR2_bit
0x002A       [1]    UCSR0B
0x002A       [0]    TXB8_bit
0x002A       [0]    UCSZ2_bit
0x002A       [1]    UCSRB
0x002A       [0]    RXB8_bit
0x002A       [0]    TXCIE_bit
0x002A       [0]    RXCIE_bit
0x002A       [0]    UDRIE_bit
0x002A       [0]    TXEN_bit
0x002A       [0]    RXEN_bit
0x002B       [1]    UCSRA
0x002B       [0]    MPCM_bit
0x002B       [0]    U2X_bit
0x002B       [0]    RXC0_bit
0x002B       [0]    UDRE_bit
0x002B       [0]    TXC0_bit
0x002B       [0]    TXC_bit
0x002B       [0]    UDRE0_bit
0x002B       [0]    DOR_bit
0x002B       [0]    UPE_bit
0x002B       [0]    RXC_bit
0x002B       [0]    FE_bit
0x002C       [0]    UDR1_bit
0x002C       [0]    UDR7_bit
0x002C       [0]    UDR4_bit
0x002C       [0]    UDR3_bit
0x002C       [0]    UDR2_bit
0x002C       [0]    UDR5_bit
0x002C       [0]    UDR6_bit
0x002C       [1]    UDR0
0x002C       [0]    UDR0__bit
0x002C       [1]    UDR
0x002D       [0]    MSTR_bit
0x002D       [0]    SPR0_bit
0x002D       [1]    SPCR
0x002D       [0]    SPR1_bit
0x002D       [0]    CPOL_bit
0x002D       [0]    CPHA_bit
0x002D       [0]    DORD_bit
0x002D       [0]    SPIE_bit
0x002D       [0]    SPE_bit
0x002E       [0]    SPIF_bit
0x002E       [1]    SPSR
0x002E       [0]    SPI2X_bit
0x002E       [0]    WCOL_bit
0x002F       [0]    SPDR4_bit
0x002F       [0]    SPDR3_bit
0x002F       [0]    SPDR5_bit
0x002F       [0]    SPDR7_bit
0x002F       [0]    SPDR6_bit
0x002F       [0]    SPDR1_bit
0x002F       [0]    SPDR2_bit
0x002F       [0]    SPDR0_bit
0x002F       [1]    SPDR
0x0030       [0]    PIND3_bit
0x0030       [0]    PIND4_bit
0x0030       [0]    PIND7_bit
0x0030       [0]    PIND6_bit
0x0030       [0]    PIND5_bit
0x0030       [0]    PIND2_bit
0x0030       [0]    PIND0_bit
0x0030       [1]    PIND
0x0030       [0]    PIND1_bit
0x0031       [0]    DDD6_bit
0x0031       [0]    DDD4_bit
0x0031       [0]    DDD5_bit
0x0031       [0]    MATRIXRGB_READY_DIR
0x0031       [0]    DDD7_bit
0x0031       [0]    DDD2_bit
0x0031       [0]    DDD1_bit
0x0031       [0]    DDD3_bit
0x0031       [1]    DDRD
0x0031       [0]    DDD0_bit
0x0032       [0]    PORTD5_bit
0x0032       [0]    PORTD4_bit
0x0032       [0]    PORTD6_bit
0x0032       [0]    MATRIXRGB_READY
0x0032       [0]    PORTD7_bit
0x0032       [0]    PORTD0_bit
0x0032       [1]    PORTD
0x0032       [0]    PORTD1_bit
0x0032       [0]    PORTD3_bit
0x0032       [0]    PORTD2_bit
0x0033       [0]    PINC2_bit
0x0033       [0]    PINC3_bit
0x0033       [0]    PINC0_bit
0x0033       [0]    PINC1_bit
0x0033       [0]    PINC6_bit
0x0033       [0]    PINC7_bit
0x0033       [0]    PINC4_bit
0x0033       [0]    PINC5_bit
0x0033       [1]    PINC
0x0034       [0]    DDC2_bit
0x0034       [0]    DDC3_bit
0x0034       [0]    DDC1_bit
0x0034       [1]    DDRC
0x0034       [0]    DDC0_bit
0x0034       [0]    DDC6_bit
0x0034       [0]    DDC5_bit
0x0034       [0]    DDC7_bit
0x0034       [0]    DDC4_bit
0x0035       [0]    PORTC5_bit
0x0035       [0]    PORTC4_bit
0x0035       [0]    PORTC3_bit
0x0035       [0]    PORTC0_bit
0x0035       [1]    PORTC
0x0035       [0]    PORTC2_bit
0x0035       [0]    PORTC1_bit
0x0035       [0]    PORTC6_bit
0x0035       [0]    PORTC7_bit
0x0036       [0]    PINB1_bit
0x0036       [0]    PINB2_bit
0x0036       [1]    PINB
0x0036       [0]    PINB0_bit
0x0036       [0]    PINB6_bit
0x0036       [0]    PINB7_bit
0x0036       [0]    PINB4_bit
0x0036       [0]    PINB3_bit
0x0036       [0]    PINB5_bit
0x0037       [0]    DDB3_bit
0x0037       [0]    DDB2_bit
0x0037       [0]    DDB4_bit
0x0037       [0]    DDB7_bit
0x0037       [0]    DDB6_bit
0x0037       [0]    DDB5_bit
0x0037       [0]    DDB0_bit
0x0037       [0]    DDB1_bit
0x0037       [1]    DDRB
0x0038       [0]    PORTB5_bit
0x0038       [0]    PORTB6_bit
0x0038       [1]    PORTB
0x0038       [0]    PORTB0_bit
0x0038       [0]    PORTB2_bit
0x0038       [0]    PORTB1_bit
0x0038       [0]    PORTB4_bit
0x0038       [0]    PORTB3_bit
0x0038       [0]    PORTB7_bit
0x0039       [0]    PINA4_bit
0x0039       [0]    PINA5_bit
0x0039       [0]    PINA2_bit
0x0039       [0]    PINA1_bit
0x0039       [0]    PINA3_bit
0x0039       [1]    PINA
0x0039       [0]    PINA0_bit
0x0039       [0]    PINA7_bit
0x0039       [0]    PINA6_bit
0x003A       [0]    DDA3_bit
0x003A       [0]    DDA0_bit
0x003A       [0]    DDA2_bit
0x003A       [0]    DDA1_bit
0x003A       [0]    MATRIXRGB_RST_DIR
0x003A       [0]    DDA6_bit
0x003A       [1]    DDRA
0x003A       [0]    DDA7_bit
0x003A       [0]    DDA4_bit
0x003A       [0]    MATRIXRGB_CS_DIR
0x003A       [0]    DDA5_bit
0x003B       [0]    PORTA6_bit
0x003B       [0]    PORTA5_bit
0x003B       [0]    PORTA7_bit
0x003B       [0]    MATRIXRGB_RST
0x003B       [0]    MATRIXRGB_CS
0x003B       [0]    PORTA4_bit
0x003B       [0]    PORTA0_bit
0x003B       [1]    PORTA
0x003B       [0]    PORTA1_bit
0x003B       [0]    PORTA3_bit
0x003B       [0]    PORTA2_bit
0x003C       [0]    EERE_bit
0x003C       [1]    EECR
0x003C       [0]    EERIE_bit
0x003C       [0]    EEMWE_bit
0x003C       [0]    EEWE_bit
0x003D       [0]    EEDR2_bit
0x003D       [1]    EEDR
0x003D       [0]    EEDR7_bit
0x003D       [0]    EEDR4_bit
0x003D       [0]    EEDR3_bit
0x003D       [0]    EEDR0_bit
0x003D       [0]    EEDR5_bit
0x003D       [0]    EEDR6_bit
0x003D       [0]    EEDR1_bit
0x003E       [0]    EEAR5_bit
0x003E       [0]    EEAR6_bit
0x003E       [0]    EEAR7_bit
0x003E       [0]    EEAR1_bit
0x003E       [0]    EEAR00_bit
0x003E       [1]    EEARL
0x003E       [0]    EEAR4_bit
0x003E       [0]    EEAR3_bit
0x003E       [0]    EEAR2_bit
0x003F       [0]    EEAR8_bit
0x003F       [0]    EEAR9_bit
0x003F       [1]    EEARH
0x0040       [0]    UCPOL_bit
0x0040       [0]    URSEL_bit
0x0040       [0]    UCSZ0_bit
0x0040       [0]    USBS_bit
0x0040       [0]    UPM0_bit
0x0040       [0]    UPM1_bit
0x0040       [0]    UMSEL_bit
0x0040       [0]    UCSZ1_bit
0x0040       [0]    UBRR9_bit
0x0040       [0]    UBRR8_bit
0x0040       [1]    UBRRH
0x0040       [0]    UBRR10_bit
0x0040       [1]    UCSRC
0x0040       [1]    UCSR0C
0x0040       [0]    UBRR11_bit
0x0041       [0]    WDP1_bit
0x0041       [0]    WDP0_bit
0x0041       [1]    WDTCR
0x0041       [0]    WDP2_bit
0x0041       [0]    WDTOE_bit
0x0041       [0]    WDE_bit
0x0042       [0]    OCR2UB_bit
0x0042       [0]    TCR2UB_bit
0x0042       [1]    ASSR
0x0042       [0]    AS2_bit
0x0042       [0]    TCN2UB_bit
0x0043       [0]    OCR2_3_bit
0x0043       [0]    OCR2_4_bit
0x0043       [0]    OCR2_1_bit
0x0043       [0]    OCR2_2_bit
0x0043       [0]    OCR2_5_bit
0x0043       [0]    OCR2_0_bit
0x0043       [1]    OCR2
0x0043       [0]    OCR2_6_bit
0x0043       [0]    OCR2_7_bit
0x0044       [0]    TCNT2_1_bit
0x0044       [0]    TCNT2_0_bit
0x0044       [0]    TCNT2_3_bit
0x0044       [0]    TCNT2_2_bit
0x0044       [1]    TCNT2
0x0044       [0]    TCNT2_6_bit
0x0044       [0]    TCNT2_7_bit
0x0044       [0]    TCNT2_4_bit
0x0044       [0]    TCNT2_5_bit
0x0045       [0]    COM20_bit
0x0045       [0]    WGM21_bit
0x0045       [0]    CS22_bit
0x0045       [0]    FOC2_bit
0x0045       [0]    WGM20_bit
0x0045       [0]    COM21_bit
0x0045       [0]    CS20_bit
0x0045       [1]    TCCR2
0x0045       [0]    CS21_bit
0x0046       [0]    ICR1L1_bit
0x0046       [0]    ICR1L2_bit
0x0046       [1]    ICR1L
0x0046       [0]    ICR1L0_bit
0x0046       [0]    ICR1L3_bit
0x0046       [0]    ICR1L4_bit
0x0046       [0]    ICR1L6_bit
0x0046       [0]    ICR1L7_bit
0x0046       [0]    ICR1L5_bit
0x0047       [0]    ICR1H7_bit
0x0047       [1]    ICR1H
0x0047       [0]    ICR1H0_bit
0x0047       [0]    ICR1H4_bit
0x0047       [0]    ICR1H5_bit
0x0047       [0]    ICR1H6_bit
0x0047       [0]    ICR1H3_bit
0x0047       [0]    ICR1H2_bit
0x0047       [0]    ICR1H1_bit
0x0048       [0]    OCR1BL2_bit
0x0048       [0]    OCR1BL1_bit
0x0048       [0]    OCR1BL6_bit
0x0048       [1]    OCR1BL
0x0048       [0]    OCR1BL4_bit
0x0048       [0]    OCR1BL0_bit
0x0048       [0]    OCR1BL5_bit
0x0048       [0]    OCR1BL3_bit
0x0048       [0]    OCR1BL7_bit
0x0049       [0]    OCR1BH1_bit
0x0049       [0]    OCR1BH3_bit
0x0049       [0]    OCR1BH5_bit
0x0049       [0]    OCR1BH2_bit
0x0049       [0]    OCR1BH7_bit
0x0049       [0]    OCR1BH4_bit
0x0049       [0]    OCR1BH6_bit
0x0049       [0]    OCR1BH0_bit
0x0049       [1]    OCR1BH
0x004A       [0]    OCR1AL0_bit
0x004A       [0]    OCR1AL3_bit
0x004A       [1]    OCR1AL
0x004A       [0]    OCR1AL1_bit
0x004A       [0]    OCR1AL5_bit
0x004A       [0]    OCR1AL4_bit
0x004A       [0]    OCR1AL6_bit
0x004A       [0]    OCR1AL2_bit
0x004A       [0]    OCR1AL7_bit
0x004B       [0]    OCR1AH4_bit
0x004B       [0]    OCR1AH0_bit
0x004B       [0]    OCR1AH5_bit
0x004B       [0]    OCR1AH6_bit
0x004B       [0]    OCR1AH7_bit
0x004B       [1]    OCR1AH
0x004B       [0]    OCR1AH2_bit
0x004B       [0]    OCR1AH3_bit
0x004B       [0]    OCR1AH1_bit
0x004C       [0]    TCNT1L2_bit
0x004C       [0]    TCNT1L3_bit
0x004C       [0]    TCNT1L7_bit
0x004C       [0]    TCNT1L1_bit
0x004C       [0]    TCNT1L0_bit
0x004C       [0]    TCNT1L4_bit
0x004C       [0]    TCNT1L6_bit
0x004C       [0]    TCNT1L5_bit
0x004C       [1]    TCNT1L
0x004D       [0]    TCNT1H2_bit
0x004D       [0]    TCNT1H5_bit
0x004D       [0]    TCNT1H3_bit
0x004D       [0]    TCNT1H4_bit
0x004D       [0]    TCNT1H1_bit
0x004D       [0]    TCNT1H7_bit
0x004D       [0]    TCNT1H6_bit
0x004D       [0]    TCNT1H0_bit
0x004D       [1]    TCNT1H
0x004E       [0]    ICNC1_bit
0x004E       [0]    CS11_bit
0x004E       [0]    CS12_bit
0x004E       [1]    TCCR1B
0x004E       [0]    WGM12_bit
0x004E       [0]    CS10_bit
0x004E       [0]    ICES1_bit
0x004E       [0]    WGM13_bit
0x004F       [0]    FOC1A_bit
0x004F       [0]    WGM11_bit
0x004F       [0]    FOC1B_bit
0x004F       [0]    COM1B1_bit
0x004F       [0]    COM1B0_bit
0x004F       [1]    TCCR1A
0x004F       [0]    COM1A0_bit
0x004F       [0]    WGM10_bit
0x004F       [0]    COM1A1_bit
0x0050       [0]    ADTS0_bit
0x0050       [1]    SFIOR
0x0050       [0]    ADTS1_bit
0x0050       [0]    PUD_bit
0x0050       [0]    PSR2_bit
0x0050       [0]    ACME_bit
0x0050       [0]    PSR10_bit
0x0050       [0]    ADTS2_bit
0x0051       [0]    CAL2_bit
0x0051       [0]    CAL3_bit
0x0051       [0]    CAL4_bit
0x0051       [0]    CAL6_bit
0x0051       [1]    OSCCAL
0x0051       [0]    CAL1_bit
0x0051       [0]    CAL7_bit
0x0051       [0]    CAL5_bit
0x0051       [0]    CAL0_bit
0x0051       [1]    OCDR
0x0052       [0]    TCNT0_2_bit
0x0052       [0]    TCNT0_6_bit
0x0052       [0]    TCNT0_5_bit
0x0052       [1]    TCNT0
0x0052       [0]    TCNT0_4_bit
0x0052       [0]    TCNT0_0_bit
0x0052       [0]    TCNT0_1_bit
0x0052       [0]    TCNT0_7_bit
0x0052       [0]    TCNT0_3_bit
0x0053       [0]    CS02_bit
0x0053       [0]    COM01_bit
0x0053       [0]    COM00_bit
0x0053       [0]    CS01_bit
0x0053       [0]    WGM00_bit
0x0053       [0]    FOC0_bit
0x0053       [0]    WGM01_bit
0x0053       [1]    TCCR0
0x0053       [0]    CS00_bit
0x0054       [0]    BORF_bit
0x0054       [0]    PORF_bit
0x0054       [0]    EXTRF_bit
0x0054       [0]    WDRF_bit
0x0054       [0]    JTRF_bit
0x0054       [0]    JTD_bit
0x0054       [0]    ISC2_bit
0x0054       [1]    MCUCSR
0x0055       [0]    SM0_bit
0x0055       [0]    ISC01_bit
0x0055       [0]    ISC10_bit
0x0055       [0]    ISC11_bit
0x0055       [0]    SM1_bit
0x0055       [0]    ISC00_bit
0x0055       [1]    MCUCR
0x0055       [0]    SE_bit
0x0055       [0]    SM2_bit
0x0056       [0]    TWEN_bit
0x0056       [0]    TWINT_bit
0x0056       [0]    TWEA_bit
0x0056       [0]    TWIE_bit
0x0056       [0]    TWSTA_bit
0x0056       [0]    TWSTO_bit
0x0056       [0]    TWWC_bit
0x0056       [1]    TWCR
0x0057       [0]    BLBSET_bit
0x0057       [1]    SPMCR
0x0057       [1]    SPMCSR
0x0057       [0]    SPMEN_bit
0x0057       [0]    PGWRT_bit
0x0057       [0]    PGERS_bit
0x0057       [0]    RWWSB_bit
0x0057       [0]    SPMIE_bit
0x0057       [0]    RWWSRE_bit
0x0058       [1]    TIFR
0x0058       [0]    TOV1_bit
0x0058       [0]    OCF1B_bit
0x0058       [0]    OCF0_bit
0x0058       [0]    ICF1_bit
0x0058       [0]    OCF2_bit
0x0058       [0]    TOV2_bit
0x0058       [0]    OCF1A_bit
0x0058       [0]    TOV0_bit
0x0059       [1]    TIMSK
0x0059       [0]    TOIE0_bit
0x0059       [0]    OCIE2_bit
0x0059       [0]    TOIE2_bit
0x0059       [0]    TOIE1_bit
0x0059       [0]    OCIE1B_bit
0x0059       [0]    OCIE1A_bit
0x0059       [0]    TICIE1_bit
0x0059       [0]    OCIE0_bit
0x005A       [0]    INTF2_bit
0x005A       [0]    INTF0_bit
0x005A       [1]    GIFR
0x005A       [0]    INTF1_bit
0x005B       [0]    INT1_bit
0x005B       [0]    IVCE_bit
0x005B       [1]    GICR
0x005B       [0]    IVSEL_bit
0x005B       [0]    INT0_bit
0x005B       [0]    INT2_bit
0x005C       [0]    OCR0_1_bit
0x005C       [0]    OCR0_2_bit
0x005C       [1]    OCR0
0x005C       [0]    OCR0_0_bit
0x005C       [0]    OCR0_3_bit
0x005C       [0]    OCR0_6_bit
0x005C       [0]    OCR0_7_bit
0x005C       [0]    OCR0_4_bit
0x005C       [0]    OCR0_5_bit
0x005D       [0]    SP1_bit
0x005D       [0]    SP2_bit
0x005D       [1]    SPL
0x005D       [0]    SP0_bit
0x005D       [0]    SP3_bit
0x005D       [0]    SP6_bit
0x005D       [0]    SP7_bit
0x005D       [0]    SP4_bit
0x005D       [0]    SP5_bit
0x005E       [0]    SP8_bit
0x005E       [1]    SPH
0x005E       [0]    SP9_bit
0x005E       [0]    SP11_bit
0x005E       [0]    SP10_bit
0x005F       [0]    SREG_N_bit
0x005F       [0]    SREG_V_bit
0x005F       [0]    SREG_S_bit
0x005F       [1]    SREG
0x005F       [0]    SREG_C_bit
0x005F       [0]    SREG_Z_bit
0x005F       [0]    SREG_H_bit
0x005F       [0]    SREG_T_bit
0x005F       [0]    SREG_I_bit
0x0060       [7]    ?lstr2_MatrixRGB_AVR_Redo
0x0067       [8]    ?lstr1_MatrixRGB_AVR_Redo
0x006F     [100]    matrixrgb_hw_spi_buffer
0x00D3       [2]    matrixrgb_hal_write_spi_p
0x00D5       [2]    _SPI_Rd_Ptr
0x00D7       [2]    _SPI_Wr_Ptr
0x00D9       [2]    matrixrgb_hal_read_spi_p
//** Constants locations ** 
//ADDRESS    SIZE    CONSTANT
//----------------------------------------------
0x03CC       [7]    ?ICS?lstr2_MatrixRGB_AVR_Redo
0x03D3       [8]    ?ICS?lstr1_MatrixRGB_AVR_Redo
0x03DB     [100]    ?ICSmatrixrgb_hw_spi_buffer
