0	1	mikroCdsPIC.exe -MSF -DBG -pP33FJ256GP710A -GC -DL -SSA -O11111114 -fo8 -N"C:\Users\Corey\Documents\Projects\MatrixRGB\Application\dsPIC_Done\MatrixRGB_dsPIC.mcpds" -SP"C:\C4W\Mikroelektronika\mikroC PRO for dsPIC\Defs\" -SP"C:\C4W\Mikroelektronika\mikroC PRO for dsPIC\Uses\" -SP"C:\Users\Corey\Documents\Projects\MatrixRGB\Application\dsPIC_Done\" -SP"C:\Users\Corey\Documents\Projects\MatrixRGB\Application\dsPIC\" -SP"C:\Users\Corey\Documents\Projects\MatrixRGB\Application\Application_Library\resources\" -SP"C:\Users\Corey\Documents\Projects\MatrixRGB\Application\Application_Library\src\" -SP"C:\Users\Corey\Documents\Projects\MatrixRGB\Application\Application_Library\include\" -IP"C:\Users\Corey\Documents\Projects\MatrixRGB\Application\Application_Library\include\" -IP"C:\Users\Corey\Documents\Projects\MatrixRGB\Application\Application_Library\resources\" "MatrixRGB_dsPIC.c" "resources.c" "matrixrgb_hal.c" "matrixrgb_hw.c" "__Lib_Math.mcl" "__Lib_MathDouble.mcl" "__Lib_System.mcl" "__Lib_Delays.mcl" "__Lib_SPI_12.mcl"	 
warning: 0	1501	Specified search path does not exist: 'C:\Users\Corey\Documents\Projects\MatrixRGB\Application\dsPIC'	 
diagnostics: 0	121	Loading...	 
diagnostics: 0	122	Compilation Started	stdint.h
diagnostics: 75	123	Compiled Successfully	MatrixRGB_dsPIC.c
hint: 15	1164	Variable 'count' has been eliminated by optimizer	MatrixRGB_dsPIC.c
hint: 16	1164	Variable 'i' has been eliminated by optimizer	MatrixRGB_dsPIC.c
diagnostics: 0	122	Compilation Started	stdint.h
diagnostics: 780	123	Compiled Successfully	resources.c
diagnostics: 0	122	Compilation Started	stdint.h
diagnostics: 138	123	Compiled Successfully	matrixrgb_hal.c
diagnostics: 0	122	Compilation Started	stdint.h
diagnostics: 316	123	Compiled Successfully	matrixrgb_hw.c
diagnostics: 0	127	All files Compiled in 188 ms	 
hint: 0	1144	Used RX (bytes): 29 (91%)   Free RX (bytes): 3 (9%)	Used RX (bytes): 29 (91%)   Free RX (bytes): 3 (9%)
hint: 0	1144	Static RAM (bytes): 2203   Dynamic RAM (bytes): 28516	Static RAM (bytes): 2203   Dynamic RAM (bytes): 28516
hint: 0	1144	Used ROM (bytes): 3899 (2%)  Free ROM (bytes): 171205 (98%)	Used ROM (bytes): 3899 (2%)  Free ROM (bytes): 171205 (98%)
diagnostics: 0	125	Project Linked Successfully	MatrixRGB_dsPIC.mcpds
hint: 0	1004	COFF file successfully generated	COFF file successfully generated
diagnostics: 0	128	Linked in 719 ms	 
diagnostics: 0	129	Project 'MatrixRGB_dsPIC.mcpds' completed: 1094 ms	 
diagnostics: 0	103	Finished successfully: 30 May 2016, 10:05:48	MatrixRGB_dsPIC.mcpds
