;  LST file generated by mikroListExporter - v.2.0 
; Date/Time: 5/30/2016 10:05:47 AM
;----------------------------------------------

;Address Opcode 	ASM
0x0000	0x000000040504  	GOTO	_main
0x0004	0x000000  	0
0x0006	0x000000  	0
0x0008	0x000000  	0
0x000A	0x000000  	0
0x000C	0x000000  	0
0x000E	0x000000  	0
0x0010	0x000000  	0
0x0012	0x000000  	0
0x0014	0x000000  	0
0x0016	0x000000  	0
0x0018	0x000000  	0
0x001A	0x000000  	0
0x001C	0x000000  	0
0x001E	0x000000  	0
0x0020	0x000000  	0
0x0022	0x000000  	0
0x0024	0x000000  	0
0x0026	0x000000  	0
0x0028	0x000000  	0
0x002A	0x000000  	0
0x002C	0x000000  	0
0x002E	0x000000  	0
0x0030	0x000000  	0
0x0032	0x000000  	0
0x0034	0x000000  	0
0x0036	0x000000  	0
0x0038	0x000000  	0
0x003A	0x000000  	0
0x003C	0x000000  	0
0x003E	0x000000  	0
0x0040	0x000000  	0
0x0042	0x000000  	0
0x0044	0x000000  	0
0x0046	0x000000  	0
0x0048	0x000000  	0
0x004A	0x000000  	0
0x004C	0x000000  	0
0x004E	0x000000  	0
0x0050	0x000000  	0
0x0052	0x000000  	0
0x0054	0x000000  	0
0x0056	0x000000  	0
0x0058	0x000000  	0
0x005A	0x000000  	0
0x005C	0x000000  	0
0x005E	0x000000  	0
0x0060	0x000000  	0
0x0062	0x000000  	0
0x0064	0x000000  	0
0x0066	0x000000  	0
0x0068	0x000000  	0
0x006A	0x000000  	0
0x006C	0x000000  	0
0x006E	0x000000  	0
0x0070	0x000000  	0
0x0072	0x000000  	0
0x0074	0x000000  	0
0x0076	0x000000  	0
0x0078	0x000000  	0
0x007A	0x000000  	0
0x007C	0x000000  	0
0x007E	0x000000  	0
0x0080	0x000000  	0
0x0082	0x000000  	0
0x0084	0x000000  	0
0x0086	0x000000  	0
0x0088	0x000000  	0
0x008A	0x000000  	0
0x008C	0x000000  	0
0x008E	0x000000  	0
0x0090	0x000000  	0
0x0092	0x000000  	0
0x0094	0x000000  	0
0x0096	0x000000  	0
0x0098	0x000000  	0
0x009A	0x000000  	0
0x009C	0x000000  	0
0x009E	0x000000  	0
0x00A0	0x000000  	0
0x00A2	0x000000  	0
0x00A4	0x000000  	0
0x00A6	0x000000  	0
0x00A8	0x000000  	0
0x00AA	0x000000  	0
0x00AC	0x000000  	0
0x00AE	0x000000  	0
0x00B0	0x000000  	0
0x00B2	0x000000  	0
0x00B4	0x000000  	0
0x00B6	0x000000  	0
0x00B8	0x000000  	0
0x00BA	0x000000  	0
0x00BC	0x000000  	0
0x00BE	0x000000  	0
0x00C0	0x000000  	0
0x00C2	0x000000  	0
0x00C4	0x000000  	0
0x00C6	0x000000  	0
0x00C8	0x000000  	0
0x00CA	0x000000  	0
0x00CC	0x000000  	0
0x00CE	0x000000  	0
0x00D0	0x000000  	0
0x00D2	0x000000  	0
0x00D4	0x000000  	0
0x00D6	0x000000  	0
0x00D8	0x000000  	0
0x00DA	0x000000  	0
0x00DC	0x000000  	0
0x00DE	0x000000  	0
0x00E0	0x000000  	0
0x00E2	0x000000  	0
0x00E4	0x000000  	0
0x00E6	0x000000  	0
0x00E8	0x000000  	0
0x00EA	0x000000  	0
0x00EC	0x000000  	0
0x00EE	0x000000  	0
0x00F0	0x000000  	0
0x00F2	0x000000  	0
0x00F4	0x000000  	0
0x00F6	0x000000  	0
0x00F8	0x000000  	0
0x00FA	0x000000  	0
0x00FC	0x000000  	0
0x00FE	0x000000  	0
0x0100	0x000000  	0
0x0102	0x000000  	0
0x0104	0x000000  	0
0x0106	0x000000  	0
0x0108	0x000000  	0
0x010A	0x000000  	0
0x010C	0x000000  	0
0x010E	0x000000  	0
0x0110	0x000000  	0
0x0112	0x000000  	0
0x0114	0x000000  	0
0x0116	0x000000  	0
0x0118	0x000000  	0
0x011A	0x000000  	0
0x011C	0x000000  	0
0x011E	0x000000  	0
0x0120	0x000000  	0
0x0122	0x000000  	0
0x0124	0x000000  	0
0x0126	0x000000  	0
0x0128	0x000000  	0
0x012A	0x000000  	0
0x012C	0x000000  	0
0x012E	0x000000  	0
0x0130	0x000000  	0
0x0132	0x000000  	0
0x0134	0x000000  	0
0x0136	0x000000  	0
0x0138	0x000000  	0
0x013A	0x000000  	0
0x013C	0x000000  	0
0x013E	0x000000  	0
0x0140	0x000000  	0
0x0142	0x000000  	0
0x0144	0x000000  	0
0x0146	0x000000  	0
0x0148	0x000000  	0
0x014A	0x000000  	0
0x014C	0x000000  	0
0x014E	0x000000  	0
0x0150	0x000000  	0
0x0152	0x000000  	0
0x0154	0x000000  	0
0x0156	0x000000  	0
0x0158	0x000000  	0
0x015A	0x000000  	0
0x015C	0x000000  	0
0x015E	0x000000  	0
0x0160	0x000000  	0
0x0162	0x000000  	0
0x0164	0x000000  	0
0x0166	0x000000  	0
0x0168	0x000000  	0
0x016A	0x000000  	0
0x016C	0x000000  	0
0x016E	0x000000  	0
0x0170	0x000000  	0
0x0172	0x000000  	0
0x0174	0x000000  	0
0x0176	0x000000  	0
0x0178	0x000000  	0
0x017A	0x000000  	0
0x017C	0x000000  	0
0x017E	0x000000  	0
0x0180	0x000000  	0
0x0182	0x000000  	0
0x0184	0x000000  	0
0x0186	0x000000  	0
0x0188	0x000000  	0
0x018A	0x000000  	0
0x018C	0x000000  	0
0x018E	0x000000  	0
0x0190	0x000000  	0
0x0192	0x000000  	0
0x0194	0x000000  	0
0x0196	0x000000  	0
0x0198	0x000000  	0
0x019A	0x000000  	0
0x019C	0x000000  	0
0x019E	0x000000  	0
0x01A0	0x000000  	0
0x01A2	0x000000  	0
0x01A4	0x000000  	0
0x01A6	0x000000  	0
0x01A8	0x000000  	0
0x01AA	0x000000  	0
0x01AC	0x000000  	0
0x01AE	0x000000  	0
0x01B0	0x000000  	0
0x01B2	0x000000  	0
0x01B4	0x000000  	0
0x01B6	0x000000  	0
0x01B8	0x000000  	0
0x01BA	0x000000  	0
0x01BC	0x000000  	0
0x01BE	0x000000  	0
0x01C0	0x000000  	0
0x01C2	0x000000  	0
0x01C4	0x000000  	0
0x01C6	0x000000  	0
0x01C8	0x000000  	0
0x01CA	0x000000  	0
0x01CC	0x000000  	0
0x01CE	0x000000  	0
0x01D0	0x000000  	0
0x01D2	0x000000  	0
0x01D4	0x000000  	0
0x01D6	0x000000  	0
0x01D8	0x000000  	0
0x01DA	0x000000  	0
0x01DC	0x000000  	0
0x01DE	0x000000  	0
0x01E0	0x000000  	0
0x01E2	0x000000  	0
0x01E4	0x000000  	0
0x01E6	0x000000  	0
0x01E8	0x000000  	0
0x01EA	0x000000  	0
0x01EC	0x000000  	0
0x01EE	0x000000  	0
0x01F0	0x000000  	0
0x01F2	0x000000  	0
0x01F4	0x000000  	0
0x01F6	0x000000  	0
0x01F8	0x000000  	0
0x01FA	0x000000  	0
0x01FC	0x000000  	0
0x01FE	0x000000  	0
_main:
0x0504	0x2109CF  	MOV	#4252, W15
0x0506	0x27FFF0  	MOV	#32767, W0
0x0508	0xB7A020  	MOV	WREG, SPLIM
0x050A	0x200010  	MOV	#1, W0
0x050C	0xB7A034  	MOV	WREG, PSVPAG
0x050E	0x200040  	MOV	#4, W0
0x0510	0xB72044  	IOR	CORCON
0x0512	0xFA0004  	LNK	#4
0x0514	0x00000002069C  	CALL	1692
;MatrixRGB_dsPIC.c,13 :: 		void main()
;MatrixRGB_dsPIC.c,15 :: 		uint8_t count = 3;
0x0518	0x781F8A  	PUSH	W10
0x051A	0x781F8B  	PUSH	W11
0x051C	0x781F8C  	PUSH	W12
0x051E	0x781F8D  	PUSH	W13
;MatrixRGB_dsPIC.c,16 :: 		uint8_t i     = 0;
;MatrixRGB_dsPIC.c,19 :: 		system_setup( 100, 2, 1 );
0x0520	0xB3C01C  	MOV.B	#1, W12
0x0522	0xB3C02B  	MOV.B	#2, W11
0x0524	0xB3C64A  	MOV.B	#100, W10
0x0526	0x07FFAF  	RCALL	_system_setup
;MatrixRGB_dsPIC.c,21 :: 		matrixrgb_scroll_img_right( MikroeBITMAP_bmp, 64, 16, 40 );
0x0528	0xB3C28D  	MOV.B	#40, W13
0x052A	0xB3C10C  	MOV.B	#16, W12
0x052C	0xB3C40B  	MOV.B	#64, W11
0x052E	0x20818A  	MOV	#lo_addr(_MikroeBITMAP_bmp), W10
0x0530	0x07FF5E  	RCALL	_matrixrgb_scroll_img_right
;MatrixRGB_dsPIC.c,22 :: 		matrixrgb_scroll_off_scrn_down( 30 );
0x0532	0xB3C1EA  	MOV.B	#30, W10
0x0534	0x07FFD5  	RCALL	_matrixrgb_scroll_off_scrn_down
;MatrixRGB_dsPIC.c,23 :: 		matrixrgb_set_color( &my_color, 1, 1, 1 );
0x0536	0x470060  	ADD	W14, #0, W0
0x0538	0xB3C01D  	MOV.B	#1, W13
0x053A	0xB3C01C  	MOV.B	#1, W12
0x053C	0xB3C01B  	MOV.B	#1, W11
0x053E	0x780500  	MOV	W0, W10
0x0540	0x07FFC9  	RCALL	_matrixrgb_set_color
;MatrixRGB_dsPIC.c,24 :: 		matrixrgb_scroll_text_left( "Matrix ", my_color, 17, 10 );
0x0542	0xB3C0AC  	MOV.B	#10, W12
0x0544	0xB3C11B  	MOV.B	#17, W11
0x0546	0x2080EA  	MOV	#lo_addr(?lstr1_MatrixRGB_dsPIC), W10
0x0548	0x470060  	ADD	W14, #0, W0
0x054A	0x090001  	REPEAT	#1
0x054C	0x781FB0  	PUSH	[W0++]
0x054E	0x07FEDD  	RCALL	_matrixrgb_scroll_text_left
0x0550	0xB1004F  	SUB	#4, W15
;MatrixRGB_dsPIC.c,25 :: 		matrixrgb_set_color( &my_color, 1, 0, 0 );
0x0552	0x470060  	ADD	W14, #0, W0
0x0554	0xEF201A  	CLR	W13
0x0556	0xEF2018  	CLR	W12
0x0558	0xB3C01B  	MOV.B	#1, W11
0x055A	0x780500  	MOV	W0, W10
0x055C	0x07FFBB  	RCALL	_matrixrgb_set_color
;MatrixRGB_dsPIC.c,26 :: 		matrixrgb_scroll_text_left( "R", my_color, 17, 1 );
0x055E	0xB3C01C  	MOV.B	#1, W12
0x0560	0xB3C11B  	MOV.B	#17, W11
0x0562	0x20816A  	MOV	#lo_addr(?lstr2_MatrixRGB_dsPIC), W10
0x0564	0x470060  	ADD	W14, #0, W0
0x0566	0x090001  	REPEAT	#1
0x0568	0x781FB0  	PUSH	[W0++]
0x056A	0x07FECF  	RCALL	_matrixrgb_scroll_text_left
0x056C	0xB1004F  	SUB	#4, W15
;MatrixRGB_dsPIC.c,27 :: 		matrixrgb_set_color( &my_color, 0, 1, 0 );
0x056E	0x470060  	ADD	W14, #0, W0
0x0570	0xEF201A  	CLR	W13
0x0572	0xB3C01C  	MOV.B	#1, W12
0x0574	0xEF2016  	CLR	W11
0x0576	0x780500  	MOV	W0, W10
0x0578	0x07FFAD  	RCALL	_matrixrgb_set_color
;MatrixRGB_dsPIC.c,28 :: 		matrixrgb_scroll_text_left( "G", my_color, 17, 1 );
0x057A	0xB3C01C  	MOV.B	#1, W12
0x057C	0xB3C11B  	MOV.B	#17, W11
0x057E	0x2080CA  	MOV	#lo_addr(?lstr3_MatrixRGB_dsPIC), W10
0x0580	0x470060  	ADD	W14, #0, W0
0x0582	0x090001  	REPEAT	#1
0x0584	0x781FB0  	PUSH	[W0++]
0x0586	0x07FEC1  	RCALL	_matrixrgb_scroll_text_left
0x0588	0xB1004F  	SUB	#4, W15
;MatrixRGB_dsPIC.c,29 :: 		matrixrgb_set_color( &my_color, 0, 0, 1 );
0x058A	0x470060  	ADD	W14, #0, W0
0x058C	0xB3C01D  	MOV.B	#1, W13
0x058E	0xEF2018  	CLR	W12
0x0590	0xEF2016  	CLR	W11
0x0592	0x780500  	MOV	W0, W10
0x0594	0x07FF9F  	RCALL	_matrixrgb_set_color
;MatrixRGB_dsPIC.c,30 :: 		matrixrgb_scroll_text_left( "B ", my_color, 17, 1 );
0x0596	0xB3C01C  	MOV.B	#1, W12
0x0598	0xB3C11B  	MOV.B	#17, W11
0x059A	0x21018A  	MOV	#lo_addr(?lstr4_MatrixRGB_dsPIC), W10
0x059C	0x470060  	ADD	W14, #0, W0
0x059E	0x090001  	REPEAT	#1
0x05A0	0x781FB0  	PUSH	[W0++]
0x05A2	0x07FEB3  	RCALL	_matrixrgb_scroll_text_left
0x05A4	0xB1004F  	SUB	#4, W15
;MatrixRGB_dsPIC.c,31 :: 		matrixrgb_set_color( &my_color, 1, 1, 1 );
0x05A6	0x470060  	ADD	W14, #0, W0
0x05A8	0xB3C01D  	MOV.B	#1, W13
0x05AA	0xB3C01C  	MOV.B	#1, W12
0x05AC	0xB3C01B  	MOV.B	#1, W11
0x05AE	0x780500  	MOV	W0, W10
0x05B0	0x07FF91  	RCALL	_matrixrgb_set_color
;MatrixRGB_dsPIC.c,32 :: 		matrixrgb_scroll_off_scrn_up( 30 );
0x05B2	0xB3C1EA  	MOV.B	#30, W10
0x05B4	0x07FE98  	RCALL	_matrixrgb_scroll_off_scrn_up
;MatrixRGB_dsPIC.c,33 :: 		matrixrgb_set_color( &my_color, 1, 0, 0 );
0x05B6	0x470060  	ADD	W14, #0, W0
0x05B8	0xEF201A  	CLR	W13
0x05BA	0xEF2018  	CLR	W12
0x05BC	0xB3C01B  	MOV.B	#1, W11
0x05BE	0x780500  	MOV	W0, W10
0x05C0	0x07FF89  	RCALL	_matrixrgb_set_color
;MatrixRGB_dsPIC.c,34 :: 		matrixrgb_scroll_text_left( "By: ", my_color, 17, 4 );
0x05C2	0xB3C04C  	MOV.B	#4, W12
0x05C4	0xB3C11B  	MOV.B	#17, W11
0x05C6	0x20800A  	MOV	#lo_addr(?lstr5_MatrixRGB_dsPIC), W10
0x05C8	0x470060  	ADD	W14, #0, W0
0x05CA	0x090001  	REPEAT	#1
0x05CC	0x781FB0  	PUSH	[W0++]
0x05CE	0x07FE9D  	RCALL	_matrixrgb_scroll_text_left
0x05D0	0xB1004F  	SUB	#4, W15
;MatrixRGB_dsPIC.c,35 :: 		matrixrgb_set_color( &my_color, 1, 1, 1 );
0x05D2	0x470060  	ADD	W14, #0, W0
0x05D4	0xB3C01D  	MOV.B	#1, W13
0x05D6	0xB3C01C  	MOV.B	#1, W12
0x05D8	0xB3C01B  	MOV.B	#1, W11
0x05DA	0x780500  	MOV	W0, W10
0x05DC	0x07FF7B  	RCALL	_matrixrgb_set_color
;MatrixRGB_dsPIC.c,36 :: 		matrixrgb_scroll_text_left( "Corey ", my_color, 17, 6 );
0x05DE	0xB3C06C  	MOV.B	#6, W12
0x05E0	0xB3C11B  	MOV.B	#17, W11
0x05E2	0x20805A  	MOV	#lo_addr(?lstr6_MatrixRGB_dsPIC), W10
0x05E4	0x470060  	ADD	W14, #0, W0
0x05E6	0x090001  	REPEAT	#1
0x05E8	0x781FB0  	PUSH	[W0++]
0x05EA	0x07FE8F  	RCALL	_matrixrgb_scroll_text_left
0x05EC	0xB1004F  	SUB	#4, W15
;MatrixRGB_dsPIC.c,37 :: 		matrixrgb_set_color( &my_color, 0, 0, 1 );
0x05EE	0x470060  	ADD	W14, #0, W0
0x05F0	0xB3C01D  	MOV.B	#1, W13
0x05F2	0xEF2018  	CLR	W12
0x05F4	0xEF2016  	CLR	W11
0x05F6	0x780500  	MOV	W0, W10
0x05F8	0x07FF6D  	RCALL	_matrixrgb_set_color
;MatrixRGB_dsPIC.c,38 :: 		matrixrgb_scroll_text_left( "Lakey ", my_color, 17, 6 );
0x05FA	0xB3C06C  	MOV.B	#6, W12
0x05FC	0xB3C11B  	MOV.B	#17, W11
0x05FE	0x2101BA  	MOV	#lo_addr(?lstr7_MatrixRGB_dsPIC), W10
0x0600	0x470060  	ADD	W14, #0, W0
0x0602	0x090001  	REPEAT	#1
0x0604	0x781FB0  	PUSH	[W0++]
0x0606	0x07FE81  	RCALL	_matrixrgb_scroll_text_left
0x0608	0xB1004F  	SUB	#4, W15
;MatrixRGB_dsPIC.c,39 :: 		matrixrgb_scroll_off_scrn_left( 17 );
0x060A	0xB3C11A  	MOV.B	#17, W10
0x060C	0x07FEC1  	RCALL	_matrixrgb_scroll_off_scrn_left
;MatrixRGB_dsPIC.c,40 :: 		matrixrgb_scroll_img_right( MikroeBITMAP_bmp, 64, 16, 25 );
0x060E	0xB3C19D  	MOV.B	#25, W13
0x0610	0xB3C10C  	MOV.B	#16, W12
0x0612	0xB3C40B  	MOV.B	#64, W11
0x0614	0x20818A  	MOV	#lo_addr(_MikroeBITMAP_bmp), W10
0x0616	0x07FEEB  	RCALL	_matrixrgb_scroll_img_right
;MatrixRGB_dsPIC.c,41 :: 		matrixrgb_scroll_off_scrn_right( 10 );
0x0618	0xB3C0AA  	MOV.B	#10, W10
0x061A	0x07FED7  	RCALL	_matrixrgb_scroll_off_scrn_right
;MatrixRGB_dsPIC.c,43 :: 		while(1)
L_main0:
;MatrixRGB_dsPIC.c,45 :: 		matrixrgb_set_color( &my_color, 1, 1, 1 );
0x061C	0x470060  	ADD	W14, #0, W0
0x061E	0xB3C01D  	MOV.B	#1, W13
0x0620	0xB3C01C  	MOV.B	#1, W12
0x0622	0xB3C01B  	MOV.B	#1, W11
0x0624	0x780500  	MOV	W0, W10
0x0626	0x07FF56  	RCALL	_matrixrgb_set_color
;MatrixRGB_dsPIC.c,46 :: 		matrixrgb_scroll_text_left( "Matrix", my_color, 20, 10 );
0x0628	0xB3C0AC  	MOV.B	#10, W12
0x062A	0xB3C14B  	MOV.B	#20, W11
0x062C	0x21022A  	MOV	#lo_addr(?lstr8_MatrixRGB_dsPIC), W10
0x062E	0x470060  	ADD	W14, #0, W0
0x0630	0x090001  	REPEAT	#1
0x0632	0x781FB0  	PUSH	[W0++]
0x0634	0x07FE6A  	RCALL	_matrixrgb_scroll_text_left
0x0636	0xB1004F  	SUB	#4, W15
;MatrixRGB_dsPIC.c,47 :: 		matrixrgb_set_color( &my_color, 1, 0, 0 );
0x0638	0x470060  	ADD	W14, #0, W0
0x063A	0xEF201A  	CLR	W13
0x063C	0xEF2018  	CLR	W12
0x063E	0xB3C01B  	MOV.B	#1, W11
0x0640	0x780500  	MOV	W0, W10
0x0642	0x07FF48  	RCALL	_matrixrgb_set_color
;MatrixRGB_dsPIC.c,48 :: 		matrixrgb_scroll_text_left( "R", my_color, 20, 1 );
0x0644	0xB3C01C  	MOV.B	#1, W12
0x0646	0xB3C14B  	MOV.B	#20, W11
0x0648	0x2108FA  	MOV	#lo_addr(?lstr9_MatrixRGB_dsPIC), W10
0x064A	0x470060  	ADD	W14, #0, W0
0x064C	0x090001  	REPEAT	#1
0x064E	0x781FB0  	PUSH	[W0++]
0x0650	0x07FE5C  	RCALL	_matrixrgb_scroll_text_left
0x0652	0xB1004F  	SUB	#4, W15
;MatrixRGB_dsPIC.c,49 :: 		matrixrgb_set_color( &my_color, 0, 1, 0 );
0x0654	0x470060  	ADD	W14, #0, W0
0x0656	0xEF201A  	CLR	W13
0x0658	0xB3C01C  	MOV.B	#1, W12
0x065A	0xEF2016  	CLR	W11
0x065C	0x780500  	MOV	W0, W10
0x065E	0x07FF3A  	RCALL	_matrixrgb_set_color
;MatrixRGB_dsPIC.c,50 :: 		matrixrgb_scroll_text_left( "G", my_color, 20, 1 );
0x0660	0xB3C01C  	MOV.B	#1, W12
0x0662	0xB3C14B  	MOV.B	#20, W11
0x0664	0x21091A  	MOV	#lo_addr(?lstr10_MatrixRGB_dsPIC), W10
0x0666	0x470060  	ADD	W14, #0, W0
0x0668	0x090001  	REPEAT	#1
0x066A	0x781FB0  	PUSH	[W0++]
0x066C	0x07FE4E  	RCALL	_matrixrgb_scroll_text_left
0x066E	0xB1004F  	SUB	#4, W15
;MatrixRGB_dsPIC.c,51 :: 		matrixrgb_set_color( &my_color, 0, 0, 1 );
0x0670	0x470060  	ADD	W14, #0, W0
0x0672	0xB3C01D  	MOV.B	#1, W13
0x0674	0xEF2018  	CLR	W12
0x0676	0xEF2016  	CLR	W11
0x0678	0x780500  	MOV	W0, W10
0x067A	0x07FF2C  	RCALL	_matrixrgb_set_color
;MatrixRGB_dsPIC.c,52 :: 		matrixrgb_scroll_text_left( "B", my_color, 20, 1 );
0x067C	0xB3C01C  	MOV.B	#1, W12
0x067E	0xB3C14B  	MOV.B	#20, W11
0x0680	0x21029A  	MOV	#lo_addr(?lstr11_MatrixRGB_dsPIC), W10
0x0682	0x470060  	ADD	W14, #0, W0
0x0684	0x090001  	REPEAT	#1
0x0686	0x781FB0  	PUSH	[W0++]
0x0688	0x07FE40  	RCALL	_matrixrgb_scroll_text_left
0x068A	0xB1004F  	SUB	#4, W15
;MatrixRGB_dsPIC.c,53 :: 		matrixrgb_refresh();
0x068C	0x07FE93  	RCALL	_matrixrgb_refresh
;MatrixRGB_dsPIC.c,54 :: 		}
0x068E	0x37FFC6  	BRA	L_main0
;MatrixRGB_dsPIC.c,55 :: 		}
L_end_main:
0x0690	0x7806CF  	POP	W13
0x0692	0x78064F  	POP	W12
0x0694	0x7805CF  	POP	W11
0x0696	0x78054F  	POP	W10
0x0698	0xFA8000  	ULNK
L__main_end_loop:
0x069A	0x37FFFF  	BRA	L__main_end_loop
; end of _main
_system_setup:
;MatrixRGB_dsPIC.c,57 :: 		void system_setup( char brightness, uint8_t width, uint8_t height )
;MatrixRGB_dsPIC.c,59 :: 		MATRIXRGB_CS_DIR = 0;
0x0486	0x781F8D  	PUSH	W13
0x0488	0xA942CC  	BCLR	TRISC2_bit, BitPos(TRISC2_bit+0)
;MatrixRGB_dsPIC.c,60 :: 		MATRIXRGB_READY_DIR = 1;
0x048A	0xA8E2D8  	BSET	TRISE7_bit, BitPos(TRISE7_bit+0)
;MatrixRGB_dsPIC.c,61 :: 		MATRIXRGB_RST_DIR = 0;
0x048C	0xA922CC  	BCLR	TRISC1_bit, BitPos(TRISC1_bit+0)
;MatrixRGB_dsPIC.c,65 :: 		_SPI_DATA_SAMPLE_MIDDLE, _SPI_CLK_IDLE_HIGH, _SPI_ACTIVE_2_IDLE);
0x048E	0x781F8C  	PUSH	W12
0x0490	0xBE9F8A  	PUSH.D	W10
0x0492	0x20003D  	MOV	#3, W13
0x0494	0x2001CC  	MOV	#28, W12
0x0496	0x20400B  	MOV	#1024, W11
0x0498	0x20020A  	MOV	#32, W10
0x049A	0xEF2000  	CLR	W0
0x049C	0x781F80  	PUSH	W0
0x049E	0x200400  	MOV	#64, W0
0x04A0	0x781F80  	PUSH	W0
0x04A2	0xEF2000  	CLR	W0
0x04A4	0x781F80  	PUSH	W0
0x04A6	0xEF2000  	CLR	W0
0x04A8	0x781F80  	PUSH	W0
0x04AA	0x07FEE7  	RCALL	_SPI1_Init_Advanced
0x04AC	0xB1008F  	SUB	#8, W15
0x04AE	0xBE054F  	POP.D	W10
0x04B0	0x78064F  	POP	W12
;MatrixRGB_dsPIC.c,68 :: 		MATRIXRGB_RST = 0;        //Reset slave ( toggle )
0x04B2	0xA922CE  	BCLR	RC1_bit, BitPos(RC1_bit+0)
;MatrixRGB_dsPIC.c,69 :: 		MATRIXRGB_RST = 1;
0x04B4	0xA822CE  	BSET	RC1_bit, BitPos(RC1_bit+0)
;MatrixRGB_dsPIC.c,70 :: 		Delay_ms(200);
0x04B6	0x200058  	MOV	#5, W8
0x04B8	0x211AB7  	MOV	#4523, W7
L_system_setup2:
0x04BA	0xED200E  	DEC	W7
0x04BC	0x3AFFFE  	BRA NZ	L_system_setup2
0x04BE	0xED2010  	DEC	W8
0x04C0	0x3AFFFC  	BRA NZ	L_system_setup2
;MatrixRGB_dsPIC.c,72 :: 		matrixrgb_init( brightness, width, height );
0x04C2	0x07FEF2  	RCALL	_matrixrgb_init
;MatrixRGB_dsPIC.c,73 :: 		Delay_ms(200);
0x04C4	0x200058  	MOV	#5, W8
0x04C6	0x211AB7  	MOV	#4523, W7
L_system_setup4:
0x04C8	0xED200E  	DEC	W7
0x04CA	0x3AFFFE  	BRA NZ	L_system_setup4
0x04CC	0xED2010  	DEC	W8
0x04CE	0x3AFFFC  	BRA NZ	L_system_setup4
;MatrixRGB_dsPIC.c,75 :: 		}
L_end_system_setup:
0x04D0	0x7806CF  	POP	W13
0x04D2	0x060000  	RETURN
; end of _system_setup
_SPI1_Init_Advanced:
0x027A	0xFA0000  	LNK	#0
;__Lib_SPI_12.c,123 :: 		
; slave_select start address is: 2 (W1)
0x027C	0x97B8CE  	MOV	[W14-8], W1
; data_sample start address is: 8 (W4)
0x027E	0x97BA3E  	MOV	[W14-10], W4
; clock_idle start address is: 4 (W2)
0x0280	0x97B92E  	MOV	[W14-12], W2
; edge start address is: 6 (W3)
0x0282	0x97B99E  	MOV	[W14-14], W3
;__Lib_SPI_12.c,126 :: 		
0x0284	0xEF2240  	CLR	SPI1STAT
;__Lib_SPI_12.c,127 :: 		
0x0286	0xEF2242  	CLR	SPI1CON
;__Lib_SPI_12.c,129 :: 		
0x0288	0x202000  	MOV	#lo_addr(_SPI1_Read), W0
0x028A	0x8884C0  	MOV	W0, _SPI_Rd_Ptr
;__Lib_SPI_12.c,130 :: 		
0x028C	0x202340  	MOV	#lo_addr(_SPI1_Write), W0
0x028E	0x8884B0  	MOV	W0, _SPI_Wr_Ptr
;__Lib_SPI_12.c,132 :: 		
0x0290	0x75000B  	IOR	W10, W11, W0
0x0292	0x70000C  	IOR	W0, W12, W0
0x0294	0x70000D  	IOR	W0, W13, W0
0x0296	0x700001  	IOR	W0, W1, W0
; slave_select end address is: 2 (W1)
0x0298	0x700004  	IOR	W0, W4, W0
; data_sample end address is: 8 (W4)
;__Lib_SPI_12.c,133 :: 		
0x029A	0x700082  	IOR	W0, W2, W1
; clock_idle end address is: 4 (W2)
0x029C	0x202420  	MOV	#lo_addr(SPI1CON), W0
0x029E	0x708803  	IOR	W1, W3, [W0]
; edge end address is: 6 (W3)
;__Lib_SPI_12.c,135 :: 		
0x02A0	0xA9C240  	BCLR	SPI1STAT, #6
;__Lib_SPI_12.c,136 :: 		
0x02A2	0xA8E241  	BSET	SPI1STAT, #15
;__Lib_SPI_12.c,138 :: 		
L_end_SPI1_Init_Advanced:
0x02A4	0xFA8000  	ULNK
0x02A6	0x060000  	RETURN
; end of _SPI1_Init_Advanced
_matrixrgb_init:
;matrixrgb_hw.c,74 :: 		void matrixrgb_init( char level, uint8_t width, uint8_t height )
;matrixrgb_hw.c,76 :: 		matrixrgb_hal_init();
0x02A8	0x781F8A  	PUSH	W10
0x02AA	0x781F8B  	PUSH	W11
0x02AC	0x781F8C  	PUSH	W12
0x02AE	0xBE9F8A  	PUSH.D	W10
0x02B0	0x07FFCB  	RCALL	_matrixrgb_hal_init
;matrixrgb_hw.c,77 :: 		Delay_ms(300);
0x02B2	0x200078  	MOV	#7, W8
0x02B4	0x21A817  	MOV	#6785, W7
L_matrixrgb_init0:
0x02B6	0xED200E  	DEC	W7
0x02B8	0x3AFFFE  	BRA NZ	L_matrixrgb_init0
0x02BA	0xED2010  	DEC	W8
0x02BC	0x3AFFFC  	BRA NZ	L_matrixrgb_init0
;matrixrgb_hw.c,79 :: 		spi_buffer[0] = SETUP_CMD;
0x02BE	0x2102B1  	MOV	#lo_addr(matrixrgb_hw_spi_buffer), W1
0x02C0	0xB3C010  	MOV.B	#1, W0
0x02C2	0x784880  	MOV.B	W0, [W1]
;matrixrgb_hw.c,80 :: 		matrixrgb_hal_write( &spi_buffer, 1 );
0x02C4	0x20001B  	MOV	#1, W11
0x02C6	0x2102BA  	MOV	#lo_addr(matrixrgb_hw_spi_buffer), W10
0x02C8	0x07FFC5  	RCALL	_matrixrgb_hal_write
0x02CA	0xBE054F  	POP.D	W10
0x02CC	0x78064F  	POP	W12
;matrixrgb_hw.c,81 :: 		spi_buffer[0] = level;
0x02CE	0x2102B0  	MOV	#lo_addr(matrixrgb_hw_spi_buffer), W0
0x02D0	0x78480A  	MOV.B	W10, [W0]
;matrixrgb_hw.c,82 :: 		spi_buffer[1] = width;
0x02D2	0x2102C0  	MOV	#lo_addr(matrixrgb_hw_spi_buffer+1), W0
0x02D4	0x78480B  	MOV.B	W11, [W0]
;matrixrgb_hw.c,83 :: 		spi_buffer[2] = height;
0x02D6	0x2102D0  	MOV	#lo_addr(matrixrgb_hw_spi_buffer+2), W0
0x02D8	0x78480C  	MOV.B	W12, [W0]
;matrixrgb_hw.c,84 :: 		matrixrgb_hal_write( &spi_buffer, 3 );
0x02DA	0x20003B  	MOV	#3, W11
0x02DC	0x2102BA  	MOV	#lo_addr(matrixrgb_hw_spi_buffer), W10
0x02DE	0x07FFBA  	RCALL	_matrixrgb_hal_write
;matrixrgb_hw.c,86 :: 		}
L_end_matrixrgb_init:
0x02E0	0x7805CF  	POP	W11
0x02E2	0x78054F  	POP	W10
0x02E4	0x060000  	RETURN
; end of _matrixrgb_init
_matrixrgb_hal_init:
;matrixrgb_hal.c,90 :: 		void matrixrgb_hal_init()
;matrixrgb_hal.c,97 :: 		write_spi_p             = SPI_Wr_Ptr;
0x0248	0x8084B0  	MOV	_SPI_Wr_Ptr, W0
0x024A	0x8884A0  	MOV	W0, matrixrgb_hal_write_spi_p
;matrixrgb_hal.c,98 :: 		read_spi_p              = SPI_Rd_Ptr;
0x024C	0x8084C0  	MOV	_SPI_Rd_Ptr, W0
0x024E	0x8884D0  	MOV	W0, matrixrgb_hal_read_spi_p
;matrixrgb_hal.c,111 :: 		matrixrgb_hal_cs_high();
0x0250	0x07FFF9  	RCALL	_matrixrgb_hal_cs_high
;matrixrgb_hal.c,113 :: 		}
L_end_matrixrgb_hal_init:
0x0252	0x060000  	RETURN
; end of _matrixrgb_hal_init
_matrixrgb_hal_cs_high:
;matrixrgb_hal.c,80 :: 		void matrixrgb_hal_cs_high()
;matrixrgb_hal.c,82 :: 		MATRIXRGB_CS = 1;
0x0244	0xA842CE  	BSET	MATRIXRGB_CS, BitPos(MATRIXRGB_CS+0)
;matrixrgb_hal.c,83 :: 		}
L_end_matrixrgb_hal_cs_high:
0x0246	0x060000  	RETURN
; end of _matrixrgb_hal_cs_high
_matrixrgb_hal_write:
;matrixrgb_hal.c,116 :: 		uint16_t count )
;matrixrgb_hal.c,119 :: 		while( MATRIXRGB_READY != 1 )
L_matrixrgb_hal_write0:
0x0254	0xAFE2DA  	BTSC	MATRIXRGB_READY, BitPos(MATRIXRGB_READY+0)
0x0256	0x370001  	BRA	L_matrixrgb_hal_write1
;matrixrgb_hal.c,122 :: 		}  //Wait till slave is ready
0x0258	0x37FFFD  	BRA	L_matrixrgb_hal_write0
L_matrixrgb_hal_write1:
;matrixrgb_hal.c,124 :: 		while( count-- )
L_matrixrgb_hal_write2:
0x025A	0x78008B  	MOV	W11, W1
0x025C	0x558061  	SUB	W11, #1, W0
0x025E	0x780580  	MOV	W0, W11
0x0260	0xE20002  	CP0	W1
0x0262	0x32000A  	BRA Z	L_matrixrgb_hal_write3
L__matrixrgb_hal_write10:
;matrixrgb_hal.c,126 :: 		matrixrgb_hal_cs_low();
0x0264	0x07FFE5  	RCALL	_matrixrgb_hal_cs_low
;matrixrgb_hal.c,127 :: 		write_spi_p( *( buffer++ ) );
0x0266	0xBE9F8A  	PUSH.D	W10
0x0268	0xFB851A  	ZE	[W10], W10
0x026A	0x8084A0  	MOV	matrixrgb_hal_write_spi_p, W0
0x026C	0x010000  	CALL	W0
0x026E	0xBE054F  	POP.D	W10
0x0270	0x450061  	ADD	W10, #1, W0
0x0272	0x780500  	MOV	W0, W10
;matrixrgb_hal.c,128 :: 		matrixrgb_hal_cs_high();
0x0274	0x07FFE7  	RCALL	_matrixrgb_hal_cs_high
;matrixrgb_hal.c,129 :: 		}
0x0276	0x37FFF1  	BRA	L_matrixrgb_hal_write2
L_matrixrgb_hal_write3:
;matrixrgb_hal.c,131 :: 		}
L_end_matrixrgb_hal_write:
0x0278	0x060000  	RETURN
; end of _matrixrgb_hal_write
_matrixrgb_hal_cs_low:
;matrixrgb_hal.c,85 :: 		void matrixrgb_hal_cs_low()
;matrixrgb_hal.c,87 :: 		MATRIXRGB_CS = 0;
0x0230	0xA942CE  	BCLR	MATRIXRGB_CS, BitPos(MATRIXRGB_CS+0)
;matrixrgb_hal.c,88 :: 		}
L_end_matrixrgb_hal_cs_low:
0x0232	0x060000  	RETURN
; end of _matrixrgb_hal_cs_low
_SPI1_Write:
0x0234	0xFA0000  	LNK	#0
;__Lib_SPI_12.c,111 :: 		
;__Lib_SPI_12.c,112 :: 		
0x0236	0x07FFE4  	RCALL	_SPI1_Read
;__Lib_SPI_12.c,119 :: 		
L_end_SPI1_Write:
0x0238	0xFA8000  	ULNK
0x023A	0x060000  	RETURN
; end of _SPI1_Write
_SPI1_Read:
0x0200	0xFA0000  	LNK	#0
;__Lib_SPI_12.c,99 :: 		
;__Lib_SPI_12.c,101 :: 		
0x0202	0xA9C240  	BCLR	SPI1STAT, #6
;__Lib_SPI_12.c,103 :: 		
L_SPI1_Read0:
0x0204	0xAE2240  	BTSS	SPI1STAT, #1
0x0206	0x370001  	BRA	L_SPI1_Read1
0x0208	0x37FFFD  	BRA	L_SPI1_Read0
L_SPI1_Read1:
;__Lib_SPI_12.c,104 :: 		
0x020A	0x88124A  	MOV	W10, SPI1BUF
;__Lib_SPI_12.c,105 :: 		
L_SPI1_Read2:
0x020C	0xAF0240  	BTSC	SPI1STAT, #0
0x020E	0x370001  	BRA	L_SPI1_Read3
0x0210	0x37FFFD  	BRA	L_SPI1_Read2
L_SPI1_Read3:
;__Lib_SPI_12.c,107 :: 		
0x0212	0xBF8248  	MOV	SPI1BUF, WREG
;__Lib_SPI_12.c,109 :: 		
L_end_SPI1_Read:
0x0214	0xFA8000  	ULNK
0x0216	0x060000  	RETURN
; end of _SPI1_Read
_SPI2_Write:
0x023C	0xFA0000  	LNK	#0
;__Lib_SPI_12.c,175 :: 		
;__Lib_SPI_12.c,176 :: 		
0x023E	0x07FFEC  	RCALL	_SPI2_Read
;__Lib_SPI_12.c,183 :: 		
L_end_SPI2_Write:
0x0240	0xFA8000  	ULNK
0x0242	0x060000  	RETURN
; end of _SPI2_Write
_SPI2_Read:
0x0218	0xFA0000  	LNK	#0
;__Lib_SPI_12.c,163 :: 		
;__Lib_SPI_12.c,165 :: 		
0x021A	0xA9C260  	BCLR	SPI2STAT, #6
;__Lib_SPI_12.c,167 :: 		
L_SPI2_Read4:
0x021C	0xAE2260  	BTSS	SPI2STAT, #1
0x021E	0x370001  	BRA	L_SPI2_Read5
0x0220	0x37FFFD  	BRA	L_SPI2_Read4
L_SPI2_Read5:
;__Lib_SPI_12.c,168 :: 		
0x0222	0x88134A  	MOV	W10, SPI2BUF
;__Lib_SPI_12.c,169 :: 		
L_SPI2_Read6:
0x0224	0xAF0260  	BTSC	SPI2STAT, #0
0x0226	0x370001  	BRA	L_SPI2_Read7
0x0228	0x37FFFD  	BRA	L_SPI2_Read6
L_SPI2_Read7:
;__Lib_SPI_12.c,171 :: 		
0x022A	0xBF8268  	MOV	SPI2BUF, WREG
;__Lib_SPI_12.c,173 :: 		
L_end_SPI2_Read:
0x022C	0xFA8000  	ULNK
0x022E	0x060000  	RETURN
; end of _SPI2_Read
_matrixrgb_scroll_img_right:
0x03EE	0xFA0002  	LNK	#2
;matrixrgb_hw.c,130 :: 		void matrixrgb_scroll_img_right( uint8_t *bmp, uint8_t width, uint8_t height, uint8_t speed )
;matrixrgb_hw.c,133 :: 		uint8_t *ptr = bmp;
0x03F0	0x781F8A  	PUSH	W10
0x03F2	0x98070A  	MOV	W10, [W14+0]
;matrixrgb_hw.c,135 :: 		spi_buffer[0] = SCROLL_IMG_RIGHT_CMD;         // Send command for image load
0x03F4	0x2102B1  	MOV	#lo_addr(matrixrgb_hw_spi_buffer), W1
0x03F6	0xB3C040  	MOV.B	#4, W0
0x03F8	0x784880  	MOV.B	W0, [W1]
;matrixrgb_hw.c,136 :: 		matrixrgb_hal_write( &spi_buffer, 1 );
0x03FA	0xBE9F8C  	PUSH.D	W12
0x03FC	0x781F8B  	PUSH	W11
0x03FE	0x20001B  	MOV	#1, W11
0x0400	0x2102BA  	MOV	#lo_addr(matrixrgb_hw_spi_buffer), W10
0x0402	0x07FF28  	RCALL	_matrixrgb_hal_write
0x0404	0x7805CF  	POP	W11
0x0406	0xBE064F  	POP.D	W12
;matrixrgb_hw.c,137 :: 		spi_buffer[0] = width;
0x0408	0x2102B0  	MOV	#lo_addr(matrixrgb_hw_spi_buffer), W0
0x040A	0x78480B  	MOV.B	W11, [W0]
;matrixrgb_hw.c,138 :: 		spi_buffer[1] = height;
0x040C	0x2102C0  	MOV	#lo_addr(matrixrgb_hw_spi_buffer+1), W0
0x040E	0x78480C  	MOV.B	W12, [W0]
;matrixrgb_hw.c,139 :: 		matrixrgb_hal_write( &spi_buffer, 2 );
0x0410	0xBE9F8C  	PUSH.D	W12
0x0412	0x781F8B  	PUSH	W11
0x0414	0x20002B  	MOV	#2, W11
0x0416	0x2102BA  	MOV	#lo_addr(matrixrgb_hw_spi_buffer), W10
0x0418	0x07FF1D  	RCALL	_matrixrgb_hal_write
0x041A	0x7805CF  	POP	W11
0x041C	0xBE064F  	POP.D	W12
;matrixrgb_hw.c,140 :: 		spi_buffer[0] = speed;
0x041E	0x2102B0  	MOV	#lo_addr(matrixrgb_hw_spi_buffer), W0
0x0420	0x78480D  	MOV.B	W13, [W0]
;matrixrgb_hw.c,141 :: 		matrixrgb_hal_write( &spi_buffer, 1 );
0x0422	0x781F8C  	PUSH	W12
0x0424	0x781F8B  	PUSH	W11
0x0426	0x20001B  	MOV	#1, W11
0x0428	0x2102BA  	MOV	#lo_addr(matrixrgb_hw_spi_buffer), W10
0x042A	0x07FF14  	RCALL	_matrixrgb_hal_write
0x042C	0x7805CF  	POP	W11
0x042E	0x78064F  	POP	W12
;matrixrgb_hw.c,143 :: 		for( i = 0; i < height; i++ )
; i start address is: 8 (W4)
0x0430	0xEF2008  	CLR	W4
; i end address is: 8 (W4)
L_matrixrgb_scroll_img_right14:
; i start address is: 8 (W4)
0x0432	0xFB800C  	ZE	W12, W0
0x0434	0xE12000  	CP	W4, W0
0x0436	0x310024  	BRA GEU	L_matrixrgb_scroll_img_right15
L__matrixrgb_scroll_img_right34:
;matrixrgb_hw.c,144 :: 		for( j = 0; j < width; j++ )
; j start address is: 10 (W5)
0x0438	0xEF200A  	CLR	W5
; j end address is: 10 (W5)
; i end address is: 8 (W4)
0x043A	0x780185  	MOV	W5, W3
L_matrixrgb_scroll_img_right17:
; j start address is: 6 (W3)
; i start address is: 8 (W4)
0x043C	0xFB800B  	ZE	W11, W0
0x043E	0xE11800  	CP	W3, W0
0x0440	0x31001D  	BRA GEU	L_matrixrgb_scroll_img_right18
L__matrixrgb_scroll_img_right35:
;matrixrgb_hw.c,146 :: 		spi_buffer[0] = ptr[ 2 * ( i * width + j ) ];
0x0442	0xFB800B  	ZE	W11, W0
0x0444	0xB82000  	MUL.UU	W4, W0, W0
0x0446	0x400003  	ADD	W0, W3, W0
0x0448	0xDD0141  	SL	W0, #1, W2
0x044A	0x470060  	ADD	W14, #0, W0
0x044C	0x410010  	ADD	W2, [W0], W0
0x044E	0x784090  	MOV.B	[W0], W1
0x0450	0x2102B0  	MOV	#lo_addr(matrixrgb_hw_spi_buffer), W0
0x0452	0x784801  	MOV.B	W1, [W0]
;matrixrgb_hw.c,147 :: 		spi_buffer[1] = ptr[ 2 * ( i * width + j ) + 1 ];
0x0454	0x4100E1  	ADD	W2, #1, W1
0x0456	0x470060  	ADD	W14, #0, W0
0x0458	0x408010  	ADD	W1, [W0], W0
0x045A	0x784090  	MOV.B	[W0], W1
0x045C	0x2102C0  	MOV	#lo_addr(matrixrgb_hw_spi_buffer+1), W0
0x045E	0x784801  	MOV.B	W1, [W0]
;matrixrgb_hw.c,148 :: 		matrixrgb_hal_write( &spi_buffer, 2 );
0x0460	0x781F84  	PUSH	W4
0x0462	0x781F83  	PUSH	W3
0x0464	0xBE9F8C  	PUSH.D	W12
0x0466	0xBE9F8A  	PUSH.D	W10
0x0468	0x20002B  	MOV	#2, W11
0x046A	0x2102BA  	MOV	#lo_addr(matrixrgb_hw_spi_buffer), W10
0x046C	0x07FEF3  	RCALL	_matrixrgb_hal_write
0x046E	0xBE054F  	POP.D	W10
0x0470	0xBE064F  	POP.D	W12
0x0472	0x7801CF  	POP	W3
0x0474	0x78024F  	POP	W4
;matrixrgb_hw.c,144 :: 		for( j = 0; j < width; j++ )
; j start address is: 10 (W5)
0x0476	0x4182E1  	ADD	W3, #1, W5
; j end address is: 6 (W3)
;matrixrgb_hw.c,149 :: 		}
; j end address is: 10 (W5)
0x0478	0x780185  	MOV	W5, W3
0x047A	0x37FFE0  	BRA	L_matrixrgb_scroll_img_right17
L_matrixrgb_scroll_img_right18:
;matrixrgb_hw.c,143 :: 		for( i = 0; i < height; i++ )
0x047C	0xEC2008  	INC	W4
;matrixrgb_hw.c,149 :: 		}
; i end address is: 8 (W4)
0x047E	0x37FFD9  	BRA	L_matrixrgb_scroll_img_right14
L_matrixrgb_scroll_img_right15:
;matrixrgb_hw.c,150 :: 		}
L_end_matrixrgb_scroll_img_right:
0x0480	0x78054F  	POP	W10
0x0482	0xFA8000  	ULNK
0x0484	0x060000  	RETURN
; end of _matrixrgb_scroll_img_right
_matrixrgb_scroll_off_scrn_down:
;matrixrgb_hw.c,268 :: 		void matrixrgb_scroll_off_scrn_down( uint8_t speed )
;matrixrgb_hw.c,270 :: 		spi_buffer[0] = DISPLAY_SCROLL_OFF_SCRN_DWN_CMD;
0x04E0	0x781F8A  	PUSH	W10
0x04E2	0x781F8B  	PUSH	W11
0x04E4	0x2102B1  	MOV	#lo_addr(matrixrgb_hw_spi_buffer), W1
0x04E6	0xB3C0F0  	MOV.B	#15, W0
0x04E8	0x784880  	MOV.B	W0, [W1]
;matrixrgb_hw.c,271 :: 		matrixrgb_hal_write( &spi_buffer, 1 );
0x04EA	0x781F8A  	PUSH	W10
0x04EC	0x20001B  	MOV	#1, W11
0x04EE	0x2102BA  	MOV	#lo_addr(matrixrgb_hw_spi_buffer), W10
0x04F0	0x07FEB1  	RCALL	_matrixrgb_hal_write
0x04F2	0x78054F  	POP	W10
;matrixrgb_hw.c,273 :: 		spi_buffer[0] = speed;
0x04F4	0x2102B0  	MOV	#lo_addr(matrixrgb_hw_spi_buffer), W0
0x04F6	0x78480A  	MOV.B	W10, [W0]
;matrixrgb_hw.c,274 :: 		matrixrgb_hal_write( &spi_buffer, 1 );
0x04F8	0x20001B  	MOV	#1, W11
0x04FA	0x2102BA  	MOV	#lo_addr(matrixrgb_hw_spi_buffer), W10
0x04FC	0x07FEAB  	RCALL	_matrixrgb_hal_write
;matrixrgb_hw.c,275 :: 		}
L_end_matrixrgb_scroll_off_scrn_down:
0x04FE	0x7805CF  	POP	W11
0x0500	0x78054F  	POP	W10
0x0502	0x060000  	RETURN
; end of _matrixrgb_scroll_off_scrn_down
_matrixrgb_set_color:
;matrixrgb_hw.c,309 :: 		void matrixrgb_set_color( color_t *color, uint8_t red_color, uint8_t green_color, uint8_t blue_color )
;matrixrgb_hw.c,312 :: 		color->red   = red_color;
0x04D4	0x784D0B  	MOV.B	W11, [W10]
;matrixrgb_hw.c,313 :: 		color->green = green_color;
0x04D6	0x450061  	ADD	W10, #1, W0
0x04D8	0x78480C  	MOV.B	W12, [W0]
;matrixrgb_hw.c,314 :: 		color->blue  = blue_color;
0x04DA	0x450062  	ADD	W10, #2, W0
0x04DC	0x78480D  	MOV.B	W13, [W0]
;matrixrgb_hw.c,316 :: 		}
L_end_matrixrgb_set_color:
0x04DE	0x060000  	RETURN
; end of _matrixrgb_set_color
_matrixrgb_scroll_text_left:
0x030A	0xFA0004  	LNK	#4
;matrixrgb_hw.c,175 :: 		void matrixrgb_scroll_text_left( char *text, color_t color, uint8_t speed , uint8_t text_size )
;matrixrgb_hw.c,177 :: 		uint8_t i = 0;
0x030C	0x781F8A  	PUSH	W10
0x030E	0x781F8B  	PUSH	W11
;matrixrgb_hw.c,178 :: 		uint8_t *ptr = text;
0x0310	0x98070A  	MOV	W10, [W14+0]
;matrixrgb_hw.c,180 :: 		spi_buffer[0] = SCROLL_TEXT_LEFT_CMD;
0x0312	0x2102B1  	MOV	#lo_addr(matrixrgb_hw_spi_buffer), W1
0x0314	0xB3C080  	MOV.B	#8, W0
0x0316	0x784880  	MOV.B	W0, [W1]
;matrixrgb_hw.c,181 :: 		matrixrgb_hal_write( &spi_buffer, 1 );
0x0318	0x781F8C  	PUSH	W12
0x031A	0x781F8B  	PUSH	W11
0x031C	0x20001B  	MOV	#1, W11
0x031E	0x2102BA  	MOV	#lo_addr(matrixrgb_hw_spi_buffer), W10
0x0320	0x07FF99  	RCALL	_matrixrgb_hal_write
0x0322	0x7805CF  	POP	W11
0x0324	0x78064F  	POP	W12
;matrixrgb_hw.c,182 :: 		spi_buffer[0] = text_size;
0x0326	0x2102B0  	MOV	#lo_addr(matrixrgb_hw_spi_buffer), W0
0x0328	0x78480C  	MOV.B	W12, [W0]
;matrixrgb_hw.c,183 :: 		matrixrgb_hal_write( &spi_buffer, 1 );
0x032A	0x781F8C  	PUSH	W12
0x032C	0x781F8B  	PUSH	W11
0x032E	0x20001B  	MOV	#1, W11
0x0330	0x2102BA  	MOV	#lo_addr(matrixrgb_hw_spi_buffer), W10
0x0332	0x07FF90  	RCALL	_matrixrgb_hal_write
;matrixrgb_hw.c,184 :: 		spi_buffer[0] = color.red;
0x0334	0x2102B1  	MOV	#lo_addr(matrixrgb_hw_spi_buffer), W1
0x0336	0x97F06E  	MOV.B	[W14-10], W0
0x0338	0x784880  	MOV.B	W0, [W1]
;matrixrgb_hw.c,185 :: 		spi_buffer[1] = color.green;
0x033A	0x2102C1  	MOV	#lo_addr(matrixrgb_hw_spi_buffer+1), W1
0x033C	0x97F07E  	MOV.B	[W14-9], W0
0x033E	0x784880  	MOV.B	W0, [W1]
;matrixrgb_hw.c,186 :: 		spi_buffer[2] = color.blue;
0x0340	0x2102D1  	MOV	#lo_addr(matrixrgb_hw_spi_buffer+2), W1
0x0342	0x97F80E  	MOV.B	[W14-8], W0
0x0344	0x784880  	MOV.B	W0, [W1]
;matrixrgb_hw.c,187 :: 		matrixrgb_hal_write( &spi_buffer, 3 );
0x0346	0x20003B  	MOV	#3, W11
0x0348	0x2102BA  	MOV	#lo_addr(matrixrgb_hw_spi_buffer), W10
0x034A	0x07FF84  	RCALL	_matrixrgb_hal_write
0x034C	0x7805CF  	POP	W11
;matrixrgb_hw.c,188 :: 		spi_buffer[0] = speed;
0x034E	0x2102B0  	MOV	#lo_addr(matrixrgb_hw_spi_buffer), W0
0x0350	0x78480B  	MOV.B	W11, [W0]
;matrixrgb_hw.c,189 :: 		matrixrgb_hal_write( &spi_buffer, 1 );
0x0352	0x20001B  	MOV	#1, W11
0x0354	0x2102BA  	MOV	#lo_addr(matrixrgb_hw_spi_buffer), W10
0x0356	0x07FF7E  	RCALL	_matrixrgb_hal_write
0x0358	0x78064F  	POP	W12
;matrixrgb_hw.c,191 :: 		for( i = 0; i < text_size; i++ )
0x035A	0xEF2000  	CLR	W0
0x035C	0x984720  	MOV.B	W0, [W14+2]
L_matrixrgb_scroll_text_left23:
0x035E	0x470062  	ADD	W14, #2, W0
0x0360	0xE16410  	CP.B	W12, [W0]
0x0362	0x360012  	BRA LEU	L_matrixrgb_scroll_text_left24
L__matrixrgb_scroll_text_left39:
;matrixrgb_hw.c,193 :: 		spi_buffer[0] = *ptr++;
0x0364	0x90000E  	MOV	[W14+0], W0
0x0366	0x784090  	MOV.B	[W0], W1
0x0368	0x2102B0  	MOV	#lo_addr(matrixrgb_hw_spi_buffer), W0
0x036A	0x784801  	MOV.B	W1, [W0]
0x036C	0x90008E  	MOV	[W14+0], W1
0x036E	0x470060  	ADD	W14, #0, W0
0x0370	0x408861  	ADD	W1, #1, [W0]
;matrixrgb_hw.c,194 :: 		matrixrgb_hal_write( &spi_buffer, 1 );
0x0372	0x781F8C  	PUSH	W12
0x0374	0xBE9F8A  	PUSH.D	W10
0x0376	0x20001B  	MOV	#1, W11
0x0378	0x2102BA  	MOV	#lo_addr(matrixrgb_hw_spi_buffer), W10
0x037A	0x07FF6C  	RCALL	_matrixrgb_hal_write
0x037C	0xBE054F  	POP.D	W10
0x037E	0x78064F  	POP	W12
;matrixrgb_hw.c,191 :: 		for( i = 0; i < text_size; i++ )
0x0380	0x9040AE  	MOV.B	[W14+2], W1
0x0382	0x470062  	ADD	W14, #2, W0
0x0384	0x40C861  	ADD.B	W1, #1, [W0]
;matrixrgb_hw.c,195 :: 		}
0x0386	0x37FFEB  	BRA	L_matrixrgb_scroll_text_left23
L_matrixrgb_scroll_text_left24:
;matrixrgb_hw.c,197 :: 		}
L_end_matrixrgb_scroll_text_left:
0x0388	0x7805CF  	POP	W11
0x038A	0x78054F  	POP	W10
0x038C	0xFA8000  	ULNK
0x038E	0x060000  	RETURN
; end of _matrixrgb_scroll_text_left
_matrixrgb_scroll_off_scrn_up:
;matrixrgb_hw.c,259 :: 		void matrixrgb_scroll_off_scrn_up( uint8_t speed )
;matrixrgb_hw.c,261 :: 		spi_buffer[0] = DISPLAY_SCROLL_OFF_SCRN_UP_CMD;
0x02E6	0x781F8A  	PUSH	W10
0x02E8	0x781F8B  	PUSH	W11
0x02EA	0x2102B1  	MOV	#lo_addr(matrixrgb_hw_spi_buffer), W1
0x02EC	0xB3C0E0  	MOV.B	#14, W0
0x02EE	0x784880  	MOV.B	W0, [W1]
;matrixrgb_hw.c,262 :: 		matrixrgb_hal_write( &spi_buffer, 1 );
0x02F0	0x781F8A  	PUSH	W10
0x02F2	0x20001B  	MOV	#1, W11
0x02F4	0x2102BA  	MOV	#lo_addr(matrixrgb_hw_spi_buffer), W10
0x02F6	0x07FFAE  	RCALL	_matrixrgb_hal_write
0x02F8	0x78054F  	POP	W10
;matrixrgb_hw.c,264 :: 		spi_buffer[0] = speed;
0x02FA	0x2102B0  	MOV	#lo_addr(matrixrgb_hw_spi_buffer), W0
0x02FC	0x78480A  	MOV.B	W10, [W0]
;matrixrgb_hw.c,265 :: 		matrixrgb_hal_write( &spi_buffer, 1 );
0x02FE	0x20001B  	MOV	#1, W11
0x0300	0x2102BA  	MOV	#lo_addr(matrixrgb_hw_spi_buffer), W10
0x0302	0x07FFA8  	RCALL	_matrixrgb_hal_write
;matrixrgb_hw.c,266 :: 		}
L_end_matrixrgb_scroll_off_scrn_up:
0x0304	0x7805CF  	POP	W11
0x0306	0x78054F  	POP	W10
0x0308	0x060000  	RETURN
; end of _matrixrgb_scroll_off_scrn_up
_matrixrgb_scroll_off_scrn_left:
;matrixrgb_hw.c,277 :: 		void matrixrgb_scroll_off_scrn_left( uint8_t speed )
;matrixrgb_hw.c,279 :: 		spi_buffer[0] = DISPLAY_SCROLL_OFF_SCRN_LEFT_CMD;
0x0390	0x781F8A  	PUSH	W10
0x0392	0x781F8B  	PUSH	W11
0x0394	0x2102B1  	MOV	#lo_addr(matrixrgb_hw_spi_buffer), W1
0x0396	0xB3C100  	MOV.B	#16, W0
0x0398	0x784880  	MOV.B	W0, [W1]
;matrixrgb_hw.c,280 :: 		matrixrgb_hal_write( &spi_buffer, 1 );
0x039A	0x781F8A  	PUSH	W10
0x039C	0x20001B  	MOV	#1, W11
0x039E	0x2102BA  	MOV	#lo_addr(matrixrgb_hw_spi_buffer), W10
0x03A0	0x07FF59  	RCALL	_matrixrgb_hal_write
0x03A2	0x78054F  	POP	W10
;matrixrgb_hw.c,282 :: 		spi_buffer[0] = speed;
0x03A4	0x2102B0  	MOV	#lo_addr(matrixrgb_hw_spi_buffer), W0
0x03A6	0x78480A  	MOV.B	W10, [W0]
;matrixrgb_hw.c,283 :: 		matrixrgb_hal_write( &spi_buffer, 1 );
0x03A8	0x20001B  	MOV	#1, W11
0x03AA	0x2102BA  	MOV	#lo_addr(matrixrgb_hw_spi_buffer), W10
0x03AC	0x07FF53  	RCALL	_matrixrgb_hal_write
;matrixrgb_hw.c,284 :: 		}
L_end_matrixrgb_scroll_off_scrn_left:
0x03AE	0x7805CF  	POP	W11
0x03B0	0x78054F  	POP	W10
0x03B2	0x060000  	RETURN
; end of _matrixrgb_scroll_off_scrn_left
_matrixrgb_scroll_off_scrn_right:
;matrixrgb_hw.c,286 :: 		void matrixrgb_scroll_off_scrn_right( uint8_t speed )
;matrixrgb_hw.c,288 :: 		spi_buffer[0] = DISPLAY_SCROLL_OFF_SCRN_RIGHT_CMD;
0x03CA	0x781F8A  	PUSH	W10
0x03CC	0x781F8B  	PUSH	W11
0x03CE	0x2102B1  	MOV	#lo_addr(matrixrgb_hw_spi_buffer), W1
0x03D0	0xB3C110  	MOV.B	#17, W0
0x03D2	0x784880  	MOV.B	W0, [W1]
;matrixrgb_hw.c,289 :: 		matrixrgb_hal_write( &spi_buffer, 1 );
0x03D4	0x781F8A  	PUSH	W10
0x03D6	0x20001B  	MOV	#1, W11
0x03D8	0x2102BA  	MOV	#lo_addr(matrixrgb_hw_spi_buffer), W10
0x03DA	0x07FF3C  	RCALL	_matrixrgb_hal_write
0x03DC	0x78054F  	POP	W10
;matrixrgb_hw.c,291 :: 		spi_buffer[0] = speed;
0x03DE	0x2102B0  	MOV	#lo_addr(matrixrgb_hw_spi_buffer), W0
0x03E0	0x78480A  	MOV.B	W10, [W0]
;matrixrgb_hw.c,292 :: 		matrixrgb_hal_write( &spi_buffer, 1 );
0x03E2	0x20001B  	MOV	#1, W11
0x03E4	0x2102BA  	MOV	#lo_addr(matrixrgb_hw_spi_buffer), W10
0x03E6	0x07FF36  	RCALL	_matrixrgb_hal_write
;matrixrgb_hw.c,293 :: 		}
L_end_matrixrgb_scroll_off_scrn_right:
0x03E8	0x7805CF  	POP	W11
0x03EA	0x78054F  	POP	W10
0x03EC	0x060000  	RETURN
; end of _matrixrgb_scroll_off_scrn_right
_matrixrgb_refresh:
;matrixrgb_hw.c,295 :: 		void matrixrgb_refresh( void )
;matrixrgb_hw.c,297 :: 		spi_buffer[0] = REFRESH_CMD;
0x03B4	0x781F8A  	PUSH	W10
0x03B6	0x781F8B  	PUSH	W11
0x03B8	0x2102B1  	MOV	#lo_addr(matrixrgb_hw_spi_buffer), W1
0x03BA	0xB3C120  	MOV.B	#18, W0
0x03BC	0x784880  	MOV.B	W0, [W1]
;matrixrgb_hw.c,298 :: 		matrixrgb_hal_write( &spi_buffer, 1 );
0x03BE	0x20001B  	MOV	#1, W11
0x03C0	0x2102BA  	MOV	#lo_addr(matrixrgb_hw_spi_buffer), W10
0x03C2	0x07FF48  	RCALL	_matrixrgb_hal_write
;matrixrgb_hw.c,300 :: 		}
L_end_matrixrgb_refresh:
0x03C4	0x7805CF  	POP	W11
0x03C6	0x78054F  	POP	W10
0x03C8	0x060000  	RETURN
; end of _matrixrgb_refresh
0x069C	0x208001  	MOV	#lo_addr(?lstr5_MatrixRGB_dsPIC), W1
0x069E	0x280000  	MOV	#32768, W0
0x06A0	0x090448  	REPEAT	#1096
0x06A2	0x7818B0  	MOV	[W0++], [W1++]
0x06A4	0x7858B0  	MOV.B	[W0++], [W1++]
0x06A6	0x060000  	RETURN
;,0 :: _initBlock_0 [12]
; Containing: ?ICS?lstr5_MatrixRGB_dsPIC [5]
;             ?ICS?lstr6_MatrixRGB_dsPIC [7]
0x8000	0x7942 ;_initBlock_0+0 : ?ICS?lstr5_MatrixRGB_dsPIC at 0x8000
0x8002	0x203A ;_initBlock_0+2
0x8004	0x4300 ;_initBlock_0+4 : ?ICS?lstr6_MatrixRGB_dsPIC at 0x8005
0x8006	0x726F ;_initBlock_0+6
0x8008	0x7965 ;_initBlock_0+8
0x800A	0x0020 ;_initBlock_0+10
; end of _initBlock_0
;MatrixRGB_dsPIC.c,0 :: ?ICS?lstr3_MatrixRGB_dsPIC [2]
0x800C	0x0047 ;?ICS?lstr3_MatrixRGB_dsPIC+0
; end of ?ICS?lstr3_MatrixRGB_dsPIC
;MatrixRGB_dsPIC.c,0 :: ?ICS?lstr1_MatrixRGB_dsPIC [8]
0x800E	0x614D ;?ICS?lstr1_MatrixRGB_dsPIC+0
0x8010	0x7274 ;?ICS?lstr1_MatrixRGB_dsPIC+2
0x8012	0x7869 ;?ICS?lstr1_MatrixRGB_dsPIC+4
0x8014	0x0020 ;?ICS?lstr1_MatrixRGB_dsPIC+6
; end of ?ICS?lstr1_MatrixRGB_dsPIC
;MatrixRGB_dsPIC.c,0 :: ?ICS?lstr2_MatrixRGB_dsPIC [2]
0x8016	0x0052 ;?ICS?lstr2_MatrixRGB_dsPIC+0
; end of ?ICS?lstr2_MatrixRGB_dsPIC
;resources.c,0 :: ?ICS_MikroeBITMAP_bmp [2048]
0x8018	0x0000 ;?ICS_MikroeBITMAP_bmp+0
0x801A	0x0000 ;?ICS_MikroeBITMAP_bmp+2
0x801C	0x0000 ;?ICS_MikroeBITMAP_bmp+4
0x801E	0x0000 ;?ICS_MikroeBITMAP_bmp+6
0x8020	0x0000 ;?ICS_MikroeBITMAP_bmp+8
0x8022	0x0000 ;?ICS_MikroeBITMAP_bmp+10
0x8024	0x0000 ;?ICS_MikroeBITMAP_bmp+12
0x8026	0x0000 ;?ICS_MikroeBITMAP_bmp+14
0x8028	0x0000 ;?ICS_MikroeBITMAP_bmp+16
0x802A	0x0000 ;?ICS_MikroeBITMAP_bmp+18
0x802C	0x0000 ;?ICS_MikroeBITMAP_bmp+20
0x802E	0x0000 ;?ICS_MikroeBITMAP_bmp+22
0x8030	0x0000 ;?ICS_MikroeBITMAP_bmp+24
0x8032	0x0000 ;?ICS_MikroeBITMAP_bmp+26
0x8034	0x0000 ;?ICS_MikroeBITMAP_bmp+28
0x8036	0x0000 ;?ICS_MikroeBITMAP_bmp+30
0x8038	0x0000 ;?ICS_MikroeBITMAP_bmp+32
0x803A	0x0000 ;?ICS_MikroeBITMAP_bmp+34
0x803C	0x0000 ;?ICS_MikroeBITMAP_bmp+36
0x803E	0x0000 ;?ICS_MikroeBITMAP_bmp+38
0x8040	0x0000 ;?ICS_MikroeBITMAP_bmp+40
0x8042	0x0000 ;?ICS_MikroeBITMAP_bmp+42
0x8044	0x0000 ;?ICS_MikroeBITMAP_bmp+44
0x8046	0x0000 ;?ICS_MikroeBITMAP_bmp+46
0x8048	0x0000 ;?ICS_MikroeBITMAP_bmp+48
0x804A	0x0000 ;?ICS_MikroeBITMAP_bmp+50
0x804C	0x0000 ;?ICS_MikroeBITMAP_bmp+52
0x804E	0x0000 ;?ICS_MikroeBITMAP_bmp+54
0x8050	0x0000 ;?ICS_MikroeBITMAP_bmp+56
0x8052	0x0000 ;?ICS_MikroeBITMAP_bmp+58
0x8054	0x0000 ;?ICS_MikroeBITMAP_bmp+60
0x8056	0x0000 ;?ICS_MikroeBITMAP_bmp+62
0x8058	0x0000 ;?ICS_MikroeBITMAP_bmp+64
0x805A	0x0000 ;?ICS_MikroeBITMAP_bmp+66
0x805C	0x0000 ;?ICS_MikroeBITMAP_bmp+68
0x805E	0x0000 ;?ICS_MikroeBITMAP_bmp+70
0x8060	0x0000 ;?ICS_MikroeBITMAP_bmp+72
0x8062	0x0000 ;?ICS_MikroeBITMAP_bmp+74
0x8064	0x0000 ;?ICS_MikroeBITMAP_bmp+76
0x8066	0x0000 ;?ICS_MikroeBITMAP_bmp+78
0x8068	0x0000 ;?ICS_MikroeBITMAP_bmp+80
0x806A	0x0000 ;?ICS_MikroeBITMAP_bmp+82
0x806C	0x0000 ;?ICS_MikroeBITMAP_bmp+84
0x806E	0x0000 ;?ICS_MikroeBITMAP_bmp+86
0x8070	0x0000 ;?ICS_MikroeBITMAP_bmp+88
0x8072	0x0000 ;?ICS_MikroeBITMAP_bmp+90
0x8074	0x0000 ;?ICS_MikroeBITMAP_bmp+92
0x8076	0x0000 ;?ICS_MikroeBITMAP_bmp+94
0x8078	0x0000 ;?ICS_MikroeBITMAP_bmp+96
0x807A	0x0000 ;?ICS_MikroeBITMAP_bmp+98
0x807C	0x0000 ;?ICS_MikroeBITMAP_bmp+100
0x807E	0x0000 ;?ICS_MikroeBITMAP_bmp+102
0x8080	0x0000 ;?ICS_MikroeBITMAP_bmp+104
0x8082	0x0000 ;?ICS_MikroeBITMAP_bmp+106
0x8084	0x0000 ;?ICS_MikroeBITMAP_bmp+108
0x8086	0x0000 ;?ICS_MikroeBITMAP_bmp+110
0x8088	0x0000 ;?ICS_MikroeBITMAP_bmp+112
0x808A	0x0000 ;?ICS_MikroeBITMAP_bmp+114
0x808C	0x0000 ;?ICS_MikroeBITMAP_bmp+116
0x808E	0x0000 ;?ICS_MikroeBITMAP_bmp+118
0x8090	0x0000 ;?ICS_MikroeBITMAP_bmp+120
0x8092	0x0000 ;?ICS_MikroeBITMAP_bmp+122
0x8094	0x0000 ;?ICS_MikroeBITMAP_bmp+124
0x8096	0x0000 ;?ICS_MikroeBITMAP_bmp+126
0x8098	0x0000 ;?ICS_MikroeBITMAP_bmp+128
0x809A	0x0000 ;?ICS_MikroeBITMAP_bmp+130
0x809C	0xE8E4 ;?ICS_MikroeBITMAP_bmp+132
0x809E	0xE8E4 ;?ICS_MikroeBITMAP_bmp+134
0x80A0	0xE8E4 ;?ICS_MikroeBITMAP_bmp+136
0x80A2	0xE8E4 ;?ICS_MikroeBITMAP_bmp+138
0x80A4	0xE8E4 ;?ICS_MikroeBITMAP_bmp+140
0x80A6	0xE8E4 ;?ICS_MikroeBITMAP_bmp+142
0x80A8	0xE8E4 ;?ICS_MikroeBITMAP_bmp+144
0x80AA	0xE8E4 ;?ICS_MikroeBITMAP_bmp+146
0x80AC	0xE8E4 ;?ICS_MikroeBITMAP_bmp+148
0x80AE	0xE8E4 ;?ICS_MikroeBITMAP_bmp+150
0x80B0	0xE8E4 ;?ICS_MikroeBITMAP_bmp+152
0x80B2	0x0000 ;?ICS_MikroeBITMAP_bmp+154
0x80B4	0x0000 ;?ICS_MikroeBITMAP_bmp+156
0x80B6	0x0000 ;?ICS_MikroeBITMAP_bmp+158
0x80B8	0x0000 ;?ICS_MikroeBITMAP_bmp+160
0x80BA	0xE8E4 ;?ICS_MikroeBITMAP_bmp+162
0x80BC	0xE8E4 ;?ICS_MikroeBITMAP_bmp+164
0x80BE	0x0000 ;?ICS_MikroeBITMAP_bmp+166
0x80C0	0x0000 ;?ICS_MikroeBITMAP_bmp+168
0x80C2	0x0000 ;?ICS_MikroeBITMAP_bmp+170
0x80C4	0xE8E4 ;?ICS_MikroeBITMAP_bmp+172
0x80C6	0xE8E4 ;?ICS_MikroeBITMAP_bmp+174
0x80C8	0x0000 ;?ICS_MikroeBITMAP_bmp+176
0x80CA	0x0000 ;?ICS_MikroeBITMAP_bmp+178
0x80CC	0x0000 ;?ICS_MikroeBITMAP_bmp+180
0x80CE	0x0000 ;?ICS_MikroeBITMAP_bmp+182
0x80D0	0xE8E4 ;?ICS_MikroeBITMAP_bmp+184
0x80D2	0x0000 ;?ICS_MikroeBITMAP_bmp+186
0x80D4	0x0000 ;?ICS_MikroeBITMAP_bmp+188
0x80D6	0x0000 ;?ICS_MikroeBITMAP_bmp+190
0x80D8	0x0000 ;?ICS_MikroeBITMAP_bmp+192
0x80DA	0x0000 ;?ICS_MikroeBITMAP_bmp+194
0x80DC	0x0000 ;?ICS_MikroeBITMAP_bmp+196
0x80DE	0x0000 ;?ICS_MikroeBITMAP_bmp+198
0x80E0	0x0000 ;?ICS_MikroeBITMAP_bmp+200
0x80E2	0x0000 ;?ICS_MikroeBITMAP_bmp+202
0x80E4	0x0000 ;?ICS_MikroeBITMAP_bmp+204
0x80E6	0x0000 ;?ICS_MikroeBITMAP_bmp+206
0x80E8	0x0000 ;?ICS_MikroeBITMAP_bmp+208
0x80EA	0x0000 ;?ICS_MikroeBITMAP_bmp+210
0x80EC	0x0000 ;?ICS_MikroeBITMAP_bmp+212
0x80EE	0x0000 ;?ICS_MikroeBITMAP_bmp+214
0x80F0	0x0000 ;?ICS_MikroeBITMAP_bmp+216
0x80F2	0x0000 ;?ICS_MikroeBITMAP_bmp+218
0x80F4	0x0000 ;?ICS_MikroeBITMAP_bmp+220
0x80F6	0x0000 ;?ICS_MikroeBITMAP_bmp+222
0x80F8	0x0000 ;?ICS_MikroeBITMAP_bmp+224
0x80FA	0x0000 ;?ICS_MikroeBITMAP_bmp+226
0x80FC	0x0000 ;?ICS_MikroeBITMAP_bmp+228
0x80FE	0x0000 ;?ICS_MikroeBITMAP_bmp+230
0x8100	0x0000 ;?ICS_MikroeBITMAP_bmp+232
0x8102	0xE8E4 ;?ICS_MikroeBITMAP_bmp+234
0x8104	0xE8E4 ;?ICS_MikroeBITMAP_bmp+236
0x8106	0xE8E4 ;?ICS_MikroeBITMAP_bmp+238
0x8108	0xE8E4 ;?ICS_MikroeBITMAP_bmp+240
0x810A	0xE8E4 ;?ICS_MikroeBITMAP_bmp+242
0x810C	0xE8E4 ;?ICS_MikroeBITMAP_bmp+244
0x810E	0xE8E4 ;?ICS_MikroeBITMAP_bmp+246
0x8110	0xE8E4 ;?ICS_MikroeBITMAP_bmp+248
0x8112	0xE8E4 ;?ICS_MikroeBITMAP_bmp+250
0x8114	0xE8E4 ;?ICS_MikroeBITMAP_bmp+252
0x8116	0x0000 ;?ICS_MikroeBITMAP_bmp+254
0x8118	0x0000 ;?ICS_MikroeBITMAP_bmp+256
0x811A	0xE8E4 ;?ICS_MikroeBITMAP_bmp+258
0x811C	0xE8E4 ;?ICS_MikroeBITMAP_bmp+260
0x811E	0x0000 ;?ICS_MikroeBITMAP_bmp+262
0x8120	0x0000 ;?ICS_MikroeBITMAP_bmp+264
0x8122	0x0000 ;?ICS_MikroeBITMAP_bmp+266
0x8124	0x0000 ;?ICS_MikroeBITMAP_bmp+268
0x8126	0x0000 ;?ICS_MikroeBITMAP_bmp+270
0x8128	0x0000 ;?ICS_MikroeBITMAP_bmp+272
0x812A	0x0000 ;?ICS_MikroeBITMAP_bmp+274
0x812C	0x0000 ;?ICS_MikroeBITMAP_bmp+276
0x812E	0x0000 ;?ICS_MikroeBITMAP_bmp+278
0x8130	0xE8E4 ;?ICS_MikroeBITMAP_bmp+280
0x8132	0xE8E4 ;?ICS_MikroeBITMAP_bmp+282
0x8134	0x0000 ;?ICS_MikroeBITMAP_bmp+284
0x8136	0x0000 ;?ICS_MikroeBITMAP_bmp+286
0x8138	0x0000 ;?ICS_MikroeBITMAP_bmp+288
0x813A	0xE8E4 ;?ICS_MikroeBITMAP_bmp+290
0x813C	0xE8E4 ;?ICS_MikroeBITMAP_bmp+292
0x813E	0x0000 ;?ICS_MikroeBITMAP_bmp+294
0x8140	0x0000 ;?ICS_MikroeBITMAP_bmp+296
0x8142	0x0000 ;?ICS_MikroeBITMAP_bmp+298
0x8144	0xE8E4 ;?ICS_MikroeBITMAP_bmp+300
0x8146	0xE8E4 ;?ICS_MikroeBITMAP_bmp+302
0x8148	0x0000 ;?ICS_MikroeBITMAP_bmp+304
0x814A	0x0000 ;?ICS_MikroeBITMAP_bmp+306
0x814C	0x0000 ;?ICS_MikroeBITMAP_bmp+308
0x814E	0x0000 ;?ICS_MikroeBITMAP_bmp+310
0x8150	0xE8E4 ;?ICS_MikroeBITMAP_bmp+312
0x8152	0x0000 ;?ICS_MikroeBITMAP_bmp+314
0x8154	0x0000 ;?ICS_MikroeBITMAP_bmp+316
0x8156	0x0000 ;?ICS_MikroeBITMAP_bmp+318
0x8158	0xE8E4 ;?ICS_MikroeBITMAP_bmp+320
0x815A	0x0000 ;?ICS_MikroeBITMAP_bmp+322
0x815C	0x0000 ;?ICS_MikroeBITMAP_bmp+324
0x815E	0x0000 ;?ICS_MikroeBITMAP_bmp+326
0x8160	0x0000 ;?ICS_MikroeBITMAP_bmp+328
0x8162	0x0000 ;?ICS_MikroeBITMAP_bmp+330
0x8164	0x0000 ;?ICS_MikroeBITMAP_bmp+332
0x8166	0x0000 ;?ICS_MikroeBITMAP_bmp+334
0x8168	0x0000 ;?ICS_MikroeBITMAP_bmp+336
0x816A	0x0000 ;?ICS_MikroeBITMAP_bmp+338
0x816C	0x0000 ;?ICS_MikroeBITMAP_bmp+340
0x816E	0x0000 ;?ICS_MikroeBITMAP_bmp+342
0x8170	0x0000 ;?ICS_MikroeBITMAP_bmp+344
0x8172	0x0000 ;?ICS_MikroeBITMAP_bmp+346
0x8174	0x0000 ;?ICS_MikroeBITMAP_bmp+348
0x8176	0x0000 ;?ICS_MikroeBITMAP_bmp+350
0x8178	0x0000 ;?ICS_MikroeBITMAP_bmp+352
0x817A	0x0000 ;?ICS_MikroeBITMAP_bmp+354
0x817C	0x0000 ;?ICS_MikroeBITMAP_bmp+356
0x817E	0x0000 ;?ICS_MikroeBITMAP_bmp+358
0x8180	0x0000 ;?ICS_MikroeBITMAP_bmp+360
0x8182	0xE8E4 ;?ICS_MikroeBITMAP_bmp+362
0x8184	0x0000 ;?ICS_MikroeBITMAP_bmp+364
0x8186	0x0000 ;?ICS_MikroeBITMAP_bmp+366
0x8188	0x0000 ;?ICS_MikroeBITMAP_bmp+368
0x818A	0x0000 ;?ICS_MikroeBITMAP_bmp+370
0x818C	0x0000 ;?ICS_MikroeBITMAP_bmp+372
0x818E	0x0000 ;?ICS_MikroeBITMAP_bmp+374
0x8190	0x0000 ;?ICS_MikroeBITMAP_bmp+376
0x8192	0x0000 ;?ICS_MikroeBITMAP_bmp+378
0x8194	0xE8E4 ;?ICS_MikroeBITMAP_bmp+380
0x8196	0x0000 ;?ICS_MikroeBITMAP_bmp+382
0x8198	0x0000 ;?ICS_MikroeBITMAP_bmp+384
0x819A	0xE8E4 ;?ICS_MikroeBITMAP_bmp+386
0x819C	0x0000 ;?ICS_MikroeBITMAP_bmp+388
0x819E	0x0000 ;?ICS_MikroeBITMAP_bmp+390
0x81A0	0xE8E4 ;?ICS_MikroeBITMAP_bmp+392
0x81A2	0xE8E4 ;?ICS_MikroeBITMAP_bmp+394
0x81A4	0xE8E4 ;?ICS_MikroeBITMAP_bmp+396
0x81A6	0xE8E4 ;?ICS_MikroeBITMAP_bmp+398
0x81A8	0xE8E4 ;?ICS_MikroeBITMAP_bmp+400
0x81AA	0xE8E4 ;?ICS_MikroeBITMAP_bmp+402
0x81AC	0xE8E4 ;?ICS_MikroeBITMAP_bmp+404
0x81AE	0x0000 ;?ICS_MikroeBITMAP_bmp+406
0x81B0	0x0000 ;?ICS_MikroeBITMAP_bmp+408
0x81B2	0xE8E4 ;?ICS_MikroeBITMAP_bmp+410
0x81B4	0x0000 ;?ICS_MikroeBITMAP_bmp+412
0x81B6	0x0000 ;?ICS_MikroeBITMAP_bmp+414
0x81B8	0x0000 ;?ICS_MikroeBITMAP_bmp+416
0x81BA	0xE8E4 ;?ICS_MikroeBITMAP_bmp+418
0x81BC	0xE8E4 ;?ICS_MikroeBITMAP_bmp+420
0x81BE	0xE8E4 ;?ICS_MikroeBITMAP_bmp+422
0x81C0	0x0000 ;?ICS_MikroeBITMAP_bmp+424
0x81C2	0xE8E4 ;?ICS_MikroeBITMAP_bmp+426
0x81C4	0xE8E4 ;?ICS_MikroeBITMAP_bmp+428
0x81C6	0xE8E4 ;?ICS_MikroeBITMAP_bmp+430
0x81C8	0x0000 ;?ICS_MikroeBITMAP_bmp+432
0x81CA	0x0000 ;?ICS_MikroeBITMAP_bmp+434
0x81CC	0xE8E4 ;?ICS_MikroeBITMAP_bmp+436
0x81CE	0x0000 ;?ICS_MikroeBITMAP_bmp+438
0x81D0	0xE8E4 ;?ICS_MikroeBITMAP_bmp+440
0x81D2	0x0000 ;?ICS_MikroeBITMAP_bmp+442
0x81D4	0x0000 ;?ICS_MikroeBITMAP_bmp+444
0x81D6	0xE8E4 ;?ICS_MikroeBITMAP_bmp+446
0x81D8	0xE8E4 ;?ICS_MikroeBITMAP_bmp+448
0x81DA	0x0000 ;?ICS_MikroeBITMAP_bmp+450
0x81DC	0x0000 ;?ICS_MikroeBITMAP_bmp+452
0x81DE	0x0000 ;?ICS_MikroeBITMAP_bmp+454
0x81E0	0x0000 ;?ICS_MikroeBITMAP_bmp+456
0x81E2	0x0000 ;?ICS_MikroeBITMAP_bmp+458
0x81E4	0x0000 ;?ICS_MikroeBITMAP_bmp+460
0x81E6	0x0000 ;?ICS_MikroeBITMAP_bmp+462
0x81E8	0x0000 ;?ICS_MikroeBITMAP_bmp+464
0x81EA	0x0000 ;?ICS_MikroeBITMAP_bmp+466
0x81EC	0x0000 ;?ICS_MikroeBITMAP_bmp+468
0x81EE	0x0000 ;?ICS_MikroeBITMAP_bmp+470
0x81F0	0x0000 ;?ICS_MikroeBITMAP_bmp+472
0x81F2	0x0000 ;?ICS_MikroeBITMAP_bmp+474
0x81F4	0x0000 ;?ICS_MikroeBITMAP_bmp+476
0x81F6	0x0000 ;?ICS_MikroeBITMAP_bmp+478
0x81F8	0x0000 ;?ICS_MikroeBITMAP_bmp+480
0x81FA	0x0000 ;?ICS_MikroeBITMAP_bmp+482
0x81FC	0x0000 ;?ICS_MikroeBITMAP_bmp+484
0x81FE	0x0000 ;?ICS_MikroeBITMAP_bmp+486
0x8200	0x0000 ;?ICS_MikroeBITMAP_bmp+488
0x8202	0xE8E4 ;?ICS_MikroeBITMAP_bmp+490
0x8204	0x0000 ;?ICS_MikroeBITMAP_bmp+492
0x8206	0xE8E4 ;?ICS_MikroeBITMAP_bmp+494
0x8208	0xE8E4 ;?ICS_MikroeBITMAP_bmp+496
0x820A	0xE8E4 ;?ICS_MikroeBITMAP_bmp+498
0x820C	0xE8E4 ;?ICS_MikroeBITMAP_bmp+500
0x820E	0xE8E4 ;?ICS_MikroeBITMAP_bmp+502
0x8210	0xE8E4 ;?ICS_MikroeBITMAP_bmp+504
0x8212	0xE8E4 ;?ICS_MikroeBITMAP_bmp+506
0x8214	0xE8E4 ;?ICS_MikroeBITMAP_bmp+508
0x8216	0x0000 ;?ICS_MikroeBITMAP_bmp+510
0x8218	0x0000 ;?ICS_MikroeBITMAP_bmp+512
0x821A	0xE8E4 ;?ICS_MikroeBITMAP_bmp+514
0x821C	0x0000 ;?ICS_MikroeBITMAP_bmp+516
0x821E	0xE8E4 ;?ICS_MikroeBITMAP_bmp+518
0x8220	0xE8E4 ;?ICS_MikroeBITMAP_bmp+520
0x8222	0x0000 ;?ICS_MikroeBITMAP_bmp+522
0x8224	0x0000 ;?ICS_MikroeBITMAP_bmp+524
0x8226	0x0000 ;?ICS_MikroeBITMAP_bmp+526
0x8228	0x0000 ;?ICS_MikroeBITMAP_bmp+528
0x822A	0x0000 ;?ICS_MikroeBITMAP_bmp+530
0x822C	0xE8E4 ;?ICS_MikroeBITMAP_bmp+532
0x822E	0xE8E4 ;?ICS_MikroeBITMAP_bmp+534
0x8230	0x0000 ;?ICS_MikroeBITMAP_bmp+536
0x8232	0xE8E4 ;?ICS_MikroeBITMAP_bmp+538
0x8234	0x0000 ;?ICS_MikroeBITMAP_bmp+540
0x8236	0x0000 ;?ICS_MikroeBITMAP_bmp+542
0x8238	0x0000 ;?ICS_MikroeBITMAP_bmp+544
0x823A	0xE8E4 ;?ICS_MikroeBITMAP_bmp+546
0x823C	0x0000 ;?ICS_MikroeBITMAP_bmp+548
0x823E	0xE8E4 ;?ICS_MikroeBITMAP_bmp+550
0x8240	0xE8E4 ;?ICS_MikroeBITMAP_bmp+552
0x8242	0xE8E4 ;?ICS_MikroeBITMAP_bmp+554
0x8244	0x0000 ;?ICS_MikroeBITMAP_bmp+556
0x8246	0xE8E4 ;?ICS_MikroeBITMAP_bmp+558
0x8248	0x0000 ;?ICS_MikroeBITMAP_bmp+560
0x824A	0x0000 ;?ICS_MikroeBITMAP_bmp+562
0x824C	0xE8E4 ;?ICS_MikroeBITMAP_bmp+564
0x824E	0x0000 ;?ICS_MikroeBITMAP_bmp+566
0x8250	0xE8E4 ;?ICS_MikroeBITMAP_bmp+568
0x8252	0x0000 ;?ICS_MikroeBITMAP_bmp+570
0x8254	0x0000 ;?ICS_MikroeBITMAP_bmp+572
0x8256	0xE8E4 ;?ICS_MikroeBITMAP_bmp+574
0x8258	0x0000 ;?ICS_MikroeBITMAP_bmp+576
0x825A	0x0000 ;?ICS_MikroeBITMAP_bmp+578
0x825C	0x0000 ;?ICS_MikroeBITMAP_bmp+580
0x825E	0x0000 ;?ICS_MikroeBITMAP_bmp+582
0x8260	0x0000 ;?ICS_MikroeBITMAP_bmp+584
0x8262	0x0000 ;?ICS_MikroeBITMAP_bmp+586
0x8264	0x0000 ;?ICS_MikroeBITMAP_bmp+588
0x8266	0x0000 ;?ICS_MikroeBITMAP_bmp+590
0x8268	0x0000 ;?ICS_MikroeBITMAP_bmp+592
0x826A	0x0000 ;?ICS_MikroeBITMAP_bmp+594
0x826C	0x0000 ;?ICS_MikroeBITMAP_bmp+596
0x826E	0x0000 ;?ICS_MikroeBITMAP_bmp+598
0x8270	0x0000 ;?ICS_MikroeBITMAP_bmp+600
0x8272	0x0000 ;?ICS_MikroeBITMAP_bmp+602
0x8274	0x0000 ;?ICS_MikroeBITMAP_bmp+604
0x8276	0x0000 ;?ICS_MikroeBITMAP_bmp+606
0x8278	0x0000 ;?ICS_MikroeBITMAP_bmp+608
0x827A	0x0000 ;?ICS_MikroeBITMAP_bmp+610
0x827C	0x0000 ;?ICS_MikroeBITMAP_bmp+612
0x827E	0x0000 ;?ICS_MikroeBITMAP_bmp+614
0x8280	0x0000 ;?ICS_MikroeBITMAP_bmp+616
0x8282	0xE8E4 ;?ICS_MikroeBITMAP_bmp+618
0x8284	0x0000 ;?ICS_MikroeBITMAP_bmp+620
0x8286	0xE8E4 ;?ICS_MikroeBITMAP_bmp+622
0x8288	0x0000 ;?ICS_MikroeBITMAP_bmp+624
0x828A	0x0000 ;?ICS_MikroeBITMAP_bmp+626
0x828C	0x0000 ;?ICS_MikroeBITMAP_bmp+628
0x828E	0x0000 ;?ICS_MikroeBITMAP_bmp+630
0x8290	0x0000 ;?ICS_MikroeBITMAP_bmp+632
0x8292	0x0000 ;?ICS_MikroeBITMAP_bmp+634
0x8294	0x0000 ;?ICS_MikroeBITMAP_bmp+636
0x8296	0x0000 ;?ICS_MikroeBITMAP_bmp+638
0x8298	0x0000 ;?ICS_MikroeBITMAP_bmp+640
0x829A	0xE8E4 ;?ICS_MikroeBITMAP_bmp+642
0x829C	0x0000 ;?ICS_MikroeBITMAP_bmp+644
0x829E	0xE8E4 ;?ICS_MikroeBITMAP_bmp+646
0x82A0	0x0000 ;?ICS_MikroeBITMAP_bmp+648
0x82A2	0xE8E4 ;?ICS_MikroeBITMAP_bmp+650
0x82A4	0xE8E4 ;?ICS_MikroeBITMAP_bmp+652
0x82A6	0xE8E4 ;?ICS_MikroeBITMAP_bmp+654
0x82A8	0xE8E4 ;?ICS_MikroeBITMAP_bmp+656
0x82AA	0x0000 ;?ICS_MikroeBITMAP_bmp+658
0x82AC	0x0000 ;?ICS_MikroeBITMAP_bmp+660
0x82AE	0xE8E4 ;?ICS_MikroeBITMAP_bmp+662
0x82B0	0x0000 ;?ICS_MikroeBITMAP_bmp+664
0x82B2	0xE8E4 ;?ICS_MikroeBITMAP_bmp+666
0x82B4	0x0000 ;?ICS_MikroeBITMAP_bmp+668
0x82B6	0x0000 ;?ICS_MikroeBITMAP_bmp+670
0x82B8	0x0000 ;?ICS_MikroeBITMAP_bmp+672
0x82BA	0xE8E4 ;?ICS_MikroeBITMAP_bmp+674
0x82BC	0x0000 ;?ICS_MikroeBITMAP_bmp+676
0x82BE	0x0000 ;?ICS_MikroeBITMAP_bmp+678
0x82C0	0xE8E4 ;?ICS_MikroeBITMAP_bmp+680
0x82C2	0x0000 ;?ICS_MikroeBITMAP_bmp+682
0x82C4	0x0000 ;?ICS_MikroeBITMAP_bmp+684
0x82C6	0xE8E4 ;?ICS_MikroeBITMAP_bmp+686
0x82C8	0x0000 ;?ICS_MikroeBITMAP_bmp+688
0x82CA	0x0000 ;?ICS_MikroeBITMAP_bmp+690
0x82CC	0x0000 ;?ICS_MikroeBITMAP_bmp+692
0x82CE	0x0000 ;?ICS_MikroeBITMAP_bmp+694
0x82D0	0xE8E4 ;?ICS_MikroeBITMAP_bmp+696
0x82D2	0x0000 ;?ICS_MikroeBITMAP_bmp+698
0x82D4	0xE8E4 ;?ICS_MikroeBITMAP_bmp+700
0x82D6	0xE8E4 ;?ICS_MikroeBITMAP_bmp+702
0x82D8	0x0000 ;?ICS_MikroeBITMAP_bmp+704
0x82DA	0x0000 ;?ICS_MikroeBITMAP_bmp+706
0x82DC	0x0000 ;?ICS_MikroeBITMAP_bmp+708
0x82DE	0xE8E4 ;?ICS_MikroeBITMAP_bmp+710
0x82E0	0x0000 ;?ICS_MikroeBITMAP_bmp+712
0x82E2	0xE8E4 ;?ICS_MikroeBITMAP_bmp+714
0x82E4	0xE8E4 ;?ICS_MikroeBITMAP_bmp+716
0x82E6	0xE8E4 ;?ICS_MikroeBITMAP_bmp+718
0x82E8	0xE8E4 ;?ICS_MikroeBITMAP_bmp+720
0x82EA	0x0000 ;?ICS_MikroeBITMAP_bmp+722
0x82EC	0x0000 ;?ICS_MikroeBITMAP_bmp+724
0x82EE	0x0000 ;?ICS_MikroeBITMAP_bmp+726
0x82F0	0xE8E4 ;?ICS_MikroeBITMAP_bmp+728
0x82F2	0xE8E4 ;?ICS_MikroeBITMAP_bmp+730
0x82F4	0xE8E4 ;?ICS_MikroeBITMAP_bmp+732
0x82F6	0xE8E4 ;?ICS_MikroeBITMAP_bmp+734
0x82F8	0xE8E4 ;?ICS_MikroeBITMAP_bmp+736
0x82FA	0xE8E4 ;?ICS_MikroeBITMAP_bmp+738
0x82FC	0x0000 ;?ICS_MikroeBITMAP_bmp+740
0x82FE	0x0000 ;?ICS_MikroeBITMAP_bmp+742
0x8300	0x0000 ;?ICS_MikroeBITMAP_bmp+744
0x8302	0xE8E4 ;?ICS_MikroeBITMAP_bmp+746
0x8304	0x0000 ;?ICS_MikroeBITMAP_bmp+748
0x8306	0xE8E4 ;?ICS_MikroeBITMAP_bmp+750
0x8308	0x0000 ;?ICS_MikroeBITMAP_bmp+752
0x830A	0x0000 ;?ICS_MikroeBITMAP_bmp+754
0x830C	0x0000 ;?ICS_MikroeBITMAP_bmp+756
0x830E	0x0000 ;?ICS_MikroeBITMAP_bmp+758
0x8310	0x0000 ;?ICS_MikroeBITMAP_bmp+760
0x8312	0x0000 ;?ICS_MikroeBITMAP_bmp+762
0x8314	0x0000 ;?ICS_MikroeBITMAP_bmp+764
0x8316	0x0000 ;?ICS_MikroeBITMAP_bmp+766
0x8318	0x0000 ;?ICS_MikroeBITMAP_bmp+768
0x831A	0xE8E4 ;?ICS_MikroeBITMAP_bmp+770
0x831C	0x0000 ;?ICS_MikroeBITMAP_bmp+772
0x831E	0xE8E4 ;?ICS_MikroeBITMAP_bmp+774
0x8320	0x0000 ;?ICS_MikroeBITMAP_bmp+776
0x8322	0xE8E4 ;?ICS_MikroeBITMAP_bmp+778
0x8324	0x0000 ;?ICS_MikroeBITMAP_bmp+780
0x8326	0x0000 ;?ICS_MikroeBITMAP_bmp+782
0x8328	0x0000 ;?ICS_MikroeBITMAP_bmp+784
0x832A	0x0000 ;?ICS_MikroeBITMAP_bmp+786
0x832C	0x0000 ;?ICS_MikroeBITMAP_bmp+788
0x832E	0xE8E4 ;?ICS_MikroeBITMAP_bmp+790
0x8330	0x0000 ;?ICS_MikroeBITMAP_bmp+792
0x8332	0xE8E4 ;?ICS_MikroeBITMAP_bmp+794
0x8334	0x0000 ;?ICS_MikroeBITMAP_bmp+796
0x8336	0x0000 ;?ICS_MikroeBITMAP_bmp+798
0x8338	0x0000 ;?ICS_MikroeBITMAP_bmp+800
0x833A	0xE8E4 ;?ICS_MikroeBITMAP_bmp+802
0x833C	0x0000 ;?ICS_MikroeBITMAP_bmp+804
0x833E	0x0000 ;?ICS_MikroeBITMAP_bmp+806
0x8340	0xE8E4 ;?ICS_MikroeBITMAP_bmp+808
0x8342	0x0000 ;?ICS_MikroeBITMAP_bmp+810
0x8344	0x0000 ;?ICS_MikroeBITMAP_bmp+812
0x8346	0xE8E4 ;?ICS_MikroeBITMAP_bmp+814
0x8348	0x0000 ;?ICS_MikroeBITMAP_bmp+816
0x834A	0x0000 ;?ICS_MikroeBITMAP_bmp+818
0x834C	0xE8E4 ;?ICS_MikroeBITMAP_bmp+820
0x834E	0x0000 ;?ICS_MikroeBITMAP_bmp+822
0x8350	0xE8E4 ;?ICS_MikroeBITMAP_bmp+824
0x8352	0xE8E4 ;?ICS_MikroeBITMAP_bmp+826
0x8354	0xE8E4 ;?ICS_MikroeBITMAP_bmp+828
0x8356	0x0000 ;?ICS_MikroeBITMAP_bmp+830
0x8358	0x0000 ;?ICS_MikroeBITMAP_bmp+832
0x835A	0x0000 ;?ICS_MikroeBITMAP_bmp+834
0x835C	0x0000 ;?ICS_MikroeBITMAP_bmp+836
0x835E	0xE8E4 ;?ICS_MikroeBITMAP_bmp+838
0x8360	0xE8E4 ;?ICS_MikroeBITMAP_bmp+840
0x8362	0x0000 ;?ICS_MikroeBITMAP_bmp+842
0x8364	0x0000 ;?ICS_MikroeBITMAP_bmp+844
0x8366	0x0000 ;?ICS_MikroeBITMAP_bmp+846
0x8368	0xE8E4 ;?ICS_MikroeBITMAP_bmp+848
0x836A	0x0000 ;?ICS_MikroeBITMAP_bmp+850
0x836C	0x0000 ;?ICS_MikroeBITMAP_bmp+852
0x836E	0xE8E4 ;?ICS_MikroeBITMAP_bmp+854
0x8370	0xE8E4 ;?ICS_MikroeBITMAP_bmp+856
0x8372	0x0000 ;?ICS_MikroeBITMAP_bmp+858
0x8374	0x0000 ;?ICS_MikroeBITMAP_bmp+860
0x8376	0x0000 ;?ICS_MikroeBITMAP_bmp+862
0x8378	0x0000 ;?ICS_MikroeBITMAP_bmp+864
0x837A	0xE8E4 ;?ICS_MikroeBITMAP_bmp+866
0x837C	0xE8E4 ;?ICS_MikroeBITMAP_bmp+868
0x837E	0x0000 ;?ICS_MikroeBITMAP_bmp+870
0x8380	0x0000 ;?ICS_MikroeBITMAP_bmp+872
0x8382	0xE8E4 ;?ICS_MikroeBITMAP_bmp+874
0x8384	0x0000 ;?ICS_MikroeBITMAP_bmp+876
0x8386	0xE8E4 ;?ICS_MikroeBITMAP_bmp+878
0x8388	0xE8E4 ;?ICS_MikroeBITMAP_bmp+880
0x838A	0xE8E4 ;?ICS_MikroeBITMAP_bmp+882
0x838C	0xE8E4 ;?ICS_MikroeBITMAP_bmp+884
0x838E	0xE8E4 ;?ICS_MikroeBITMAP_bmp+886
0x8390	0x0000 ;?ICS_MikroeBITMAP_bmp+888
0x8392	0x0000 ;?ICS_MikroeBITMAP_bmp+890
0x8394	0x0000 ;?ICS_MikroeBITMAP_bmp+892
0x8396	0x0000 ;?ICS_MikroeBITMAP_bmp+894
0x8398	0x0000 ;?ICS_MikroeBITMAP_bmp+896
0x839A	0xE8E4 ;?ICS_MikroeBITMAP_bmp+898
0x839C	0x0000 ;?ICS_MikroeBITMAP_bmp+900
0x839E	0xE8E4 ;?ICS_MikroeBITMAP_bmp+902
0x83A0	0x0000 ;?ICS_MikroeBITMAP_bmp+904
0x83A2	0xE8E4 ;?ICS_MikroeBITMAP_bmp+906
0x83A4	0xE8E4 ;?ICS_MikroeBITMAP_bmp+908
0x83A6	0x0000 ;?ICS_MikroeBITMAP_bmp+910
0x83A8	0x0000 ;?ICS_MikroeBITMAP_bmp+912
0x83AA	0x0000 ;?ICS_MikroeBITMAP_bmp+914
0x83AC	0x0000 ;?ICS_MikroeBITMAP_bmp+916
0x83AE	0xE8E4 ;?ICS_MikroeBITMAP_bmp+918
0x83B0	0x0000 ;?ICS_MikroeBITMAP_bmp+920
0x83B2	0xE8E4 ;?ICS_MikroeBITMAP_bmp+922
0x83B4	0x0000 ;?ICS_MikroeBITMAP_bmp+924
0x83B6	0x0000 ;?ICS_MikroeBITMAP_bmp+926
0x83B8	0x0000 ;?ICS_MikroeBITMAP_bmp+928
0x83BA	0xE8E4 ;?ICS_MikroeBITMAP_bmp+930
0x83BC	0x0000 ;?ICS_MikroeBITMAP_bmp+932
0x83BE	0x0000 ;?ICS_MikroeBITMAP_bmp+934
0x83C0	0x0000 ;?ICS_MikroeBITMAP_bmp+936
0x83C2	0x0000 ;?ICS_MikroeBITMAP_bmp+938
0x83C4	0x0000 ;?ICS_MikroeBITMAP_bmp+940
0x83C6	0xE8E4 ;?ICS_MikroeBITMAP_bmp+942
0x83C8	0x0000 ;?ICS_MikroeBITMAP_bmp+944
0x83CA	0x0000 ;?ICS_MikroeBITMAP_bmp+946
0x83CC	0xE8E4 ;?ICS_MikroeBITMAP_bmp+948
0x83CE	0x0000 ;?ICS_MikroeBITMAP_bmp+950
0x83D0	0xE8E4 ;?ICS_MikroeBITMAP_bmp+952
0x83D2	0x0000 ;?ICS_MikroeBITMAP_bmp+954
0x83D4	0xE8E4 ;?ICS_MikroeBITMAP_bmp+956
0x83D6	0xE8E4 ;?ICS_MikroeBITMAP_bmp+958
0x83D8	0x0000 ;?ICS_MikroeBITMAP_bmp+960
0x83DA	0x0000 ;?ICS_MikroeBITMAP_bmp+962
0x83DC	0x0000 ;?ICS_MikroeBITMAP_bmp+964
0x83DE	0xE8E4 ;?ICS_MikroeBITMAP_bmp+966
0x83E0	0x0000 ;?ICS_MikroeBITMAP_bmp+968
0x83E2	0x0000 ;?ICS_MikroeBITMAP_bmp+970
0x83E4	0x0000 ;?ICS_MikroeBITMAP_bmp+972
0x83E6	0x0000 ;?ICS_MikroeBITMAP_bmp+974
0x83E8	0xE8E4 ;?ICS_MikroeBITMAP_bmp+976
0x83EA	0x0000 ;?ICS_MikroeBITMAP_bmp+978
0x83EC	0xE8E4 ;?ICS_MikroeBITMAP_bmp+980
0x83EE	0xE8E4 ;?ICS_MikroeBITMAP_bmp+982
0x83F0	0x0000 ;?ICS_MikroeBITMAP_bmp+984
0x83F2	0x0000 ;?ICS_MikroeBITMAP_bmp+986
0x83F4	0x0000 ;?ICS_MikroeBITMAP_bmp+988
0x83F6	0x0000 ;?ICS_MikroeBITMAP_bmp+990
0x83F8	0x0000 ;?ICS_MikroeBITMAP_bmp+992
0x83FA	0x0000 ;?ICS_MikroeBITMAP_bmp+994
0x83FC	0xE8E4 ;?ICS_MikroeBITMAP_bmp+996
0x83FE	0xE8E4 ;?ICS_MikroeBITMAP_bmp+998
0x8400	0x0000 ;?ICS_MikroeBITMAP_bmp+1000
0x8402	0xE8E4 ;?ICS_MikroeBITMAP_bmp+1002
0x8404	0x0000 ;?ICS_MikroeBITMAP_bmp+1004
0x8406	0x0000 ;?ICS_MikroeBITMAP_bmp+1006
0x8408	0x0000 ;?ICS_MikroeBITMAP_bmp+1008
0x840A	0x0000 ;?ICS_MikroeBITMAP_bmp+1010
0x840C	0x0000 ;?ICS_MikroeBITMAP_bmp+1012
0x840E	0xE8E4 ;?ICS_MikroeBITMAP_bmp+1014
0x8410	0x0000 ;?ICS_MikroeBITMAP_bmp+1016
0x8412	0x0000 ;?ICS_MikroeBITMAP_bmp+1018
0x8414	0x0000 ;?ICS_MikroeBITMAP_bmp+1020
0x8416	0x0000 ;?ICS_MikroeBITMAP_bmp+1022
0x8418	0x0000 ;?ICS_MikroeBITMAP_bmp+1024
0x841A	0xE8E4 ;?ICS_MikroeBITMAP_bmp+1026
0x841C	0x0000 ;?ICS_MikroeBITMAP_bmp+1028
0x841E	0xE8E4 ;?ICS_MikroeBITMAP_bmp+1030
0x8420	0x0000 ;?ICS_MikroeBITMAP_bmp+1032
0x8422	0xE8E4 ;?ICS_MikroeBITMAP_bmp+1034
0x8424	0x0000 ;?ICS_MikroeBITMAP_bmp+1036
0x8426	0x0000 ;?ICS_MikroeBITMAP_bmp+1038
0x8428	0x0000 ;?ICS_MikroeBITMAP_bmp+1040
0x842A	0x0000 ;?ICS_MikroeBITMAP_bmp+1042
0x842C	0x0000 ;?ICS_MikroeBITMAP_bmp+1044
0x842E	0xE8E4 ;?ICS_MikroeBITMAP_bmp+1046
0x8430	0x0000 ;?ICS_MikroeBITMAP_bmp+1048
0x8432	0xE8E4 ;?ICS_MikroeBITMAP_bmp+1050
0x8434	0x0000 ;?ICS_MikroeBITMAP_bmp+1052
0x8436	0x0000 ;?ICS_MikroeBITMAP_bmp+1054
0x8438	0x0000 ;?ICS_MikroeBITMAP_bmp+1056
0x843A	0xE8E4 ;?ICS_MikroeBITMAP_bmp+1058
0x843C	0x0000 ;?ICS_MikroeBITMAP_bmp+1060
0x843E	0x0000 ;?ICS_MikroeBITMAP_bmp+1062
0x8440	0x0000 ;?ICS_MikroeBITMAP_bmp+1064
0x8442	0x0000 ;?ICS_MikroeBITMAP_bmp+1066
0x8444	0x0000 ;?ICS_MikroeBITMAP_bmp+1068
0x8446	0xE8E4 ;?ICS_MikroeBITMAP_bmp+1070
0x8448	0x0000 ;?ICS_MikroeBITMAP_bmp+1072
0x844A	0x0000 ;?ICS_MikroeBITMAP_bmp+1074
0x844C	0xE8E4 ;?ICS_MikroeBITMAP_bmp+1076
0x844E	0x0000 ;?ICS_MikroeBITMAP_bmp+1078
0x8450	0xE8E4 ;?ICS_MikroeBITMAP_bmp+1080
0x8452	0x0000 ;?ICS_MikroeBITMAP_bmp+1082
0x8454	0x0000 ;?ICS_MikroeBITMAP_bmp+1084
0x8456	0xE8E4 ;?ICS_MikroeBITMAP_bmp+1086
0x8458	0xE8E4 ;?ICS_MikroeBITMAP_bmp+1088
0x845A	0x0000 ;?ICS_MikroeBITMAP_bmp+1090
0x845C	0x0000 ;?ICS_MikroeBITMAP_bmp+1092
0x845E	0xE8E4 ;?ICS_MikroeBITMAP_bmp+1094
0x8460	0x0000 ;?ICS_MikroeBITMAP_bmp+1096
0x8462	0x0000 ;?ICS_MikroeBITMAP_bmp+1098
0x8464	0x0000 ;?ICS_MikroeBITMAP_bmp+1100
0x8466	0x0000 ;?ICS_MikroeBITMAP_bmp+1102
0x8468	0x0000 ;?ICS_MikroeBITMAP_bmp+1104
0x846A	0x0000 ;?ICS_MikroeBITMAP_bmp+1106
0x846C	0xE8E4 ;?ICS_MikroeBITMAP_bmp+1108
0x846E	0x0000 ;?ICS_MikroeBITMAP_bmp+1110
0x8470	0x0000 ;?ICS_MikroeBITMAP_bmp+1112
0x8472	0x0000 ;?ICS_MikroeBITMAP_bmp+1114
0x8474	0x0000 ;?ICS_MikroeBITMAP_bmp+1116
0x8476	0x0000 ;?ICS_MikroeBITMAP_bmp+1118
0x8478	0x0000 ;?ICS_MikroeBITMAP_bmp+1120
0x847A	0x0000 ;?ICS_MikroeBITMAP_bmp+1122
0x847C	0x0000 ;?ICS_MikroeBITMAP_bmp+1124
0x847E	0xE8E4 ;?ICS_MikroeBITMAP_bmp+1126
0x8480	0x0000 ;?ICS_MikroeBITMAP_bmp+1128
0x8482	0xE8E4 ;?ICS_MikroeBITMAP_bmp+1130
0x8484	0x0000 ;?ICS_MikroeBITMAP_bmp+1132
0x8486	0xE8E4 ;?ICS_MikroeBITMAP_bmp+1134
0x8488	0xE8E4 ;?ICS_MikroeBITMAP_bmp+1136
0x848A	0xE8E4 ;?ICS_MikroeBITMAP_bmp+1138
0x848C	0xE8E4 ;?ICS_MikroeBITMAP_bmp+1140
0x848E	0xE8E4 ;?ICS_MikroeBITMAP_bmp+1142
0x8490	0x0000 ;?ICS_MikroeBITMAP_bmp+1144
0x8492	0x0000 ;?ICS_MikroeBITMAP_bmp+1146
0x8494	0x0000 ;?ICS_MikroeBITMAP_bmp+1148
0x8496	0x0000 ;?ICS_MikroeBITMAP_bmp+1150
0x8498	0x0000 ;?ICS_MikroeBITMAP_bmp+1152
0x849A	0xE8E4 ;?ICS_MikroeBITMAP_bmp+1154
0x849C	0x0000 ;?ICS_MikroeBITMAP_bmp+1156
0x849E	0xE8E4 ;?ICS_MikroeBITMAP_bmp+1158
0x84A0	0x0000 ;?ICS_MikroeBITMAP_bmp+1160
0x84A2	0xE8E4 ;?ICS_MikroeBITMAP_bmp+1162
0x84A4	0xE8E4 ;?ICS_MikroeBITMAP_bmp+1164
0x84A6	0xE8E4 ;?ICS_MikroeBITMAP_bmp+1166
0x84A8	0xE8E4 ;?ICS_MikroeBITMAP_bmp+1168
0x84AA	0x0000 ;?ICS_MikroeBITMAP_bmp+1170
0x84AC	0x0000 ;?ICS_MikroeBITMAP_bmp+1172
0x84AE	0xE8E4 ;?ICS_MikroeBITMAP_bmp+1174
0x84B0	0x0000 ;?ICS_MikroeBITMAP_bmp+1176
0x84B2	0xE8E4 ;?ICS_MikroeBITMAP_bmp+1178
0x84B4	0x0000 ;?ICS_MikroeBITMAP_bmp+1180
0x84B6	0x0000 ;?ICS_MikroeBITMAP_bmp+1182
0x84B8	0x0000 ;?ICS_MikroeBITMAP_bmp+1184
0x84BA	0xE8E4 ;?ICS_MikroeBITMAP_bmp+1186
0x84BC	0x0000 ;?ICS_MikroeBITMAP_bmp+1188
0x84BE	0x0000 ;?ICS_MikroeBITMAP_bmp+1190
0x84C0	0x0000 ;?ICS_MikroeBITMAP_bmp+1192
0x84C2	0x0000 ;?ICS_MikroeBITMAP_bmp+1194
0x84C4	0x0000 ;?ICS_MikroeBITMAP_bmp+1196
0x84C6	0xE8E4 ;?ICS_MikroeBITMAP_bmp+1198
0x84C8	0x0000 ;?ICS_MikroeBITMAP_bmp+1200
0x84CA	0x0000 ;?ICS_MikroeBITMAP_bmp+1202
0x84CC	0xE8E4 ;?ICS_MikroeBITMAP_bmp+1204
0x84CE	0x0000 ;?ICS_MikroeBITMAP_bmp+1206
0x84D0	0xE8E4 ;?ICS_MikroeBITMAP_bmp+1208
0x84D2	0x0000 ;?ICS_MikroeBITMAP_bmp+1210
0x84D4	0x0000 ;?ICS_MikroeBITMAP_bmp+1212
0x84D6	0x0000 ;?ICS_MikroeBITMAP_bmp+1214
0x84D8	0xE8E4 ;?ICS_MikroeBITMAP_bmp+1216
0x84DA	0x0000 ;?ICS_MikroeBITMAP_bmp+1218
0x84DC	0x0000 ;?ICS_MikroeBITMAP_bmp+1220
0x84DE	0xE8E4 ;?ICS_MikroeBITMAP_bmp+1222
0x84E0	0x0000 ;?ICS_MikroeBITMAP_bmp+1224
0x84E2	0x0000 ;?ICS_MikroeBITMAP_bmp+1226
0x84E4	0x0000 ;?ICS_MikroeBITMAP_bmp+1228
0x84E6	0x0000 ;?ICS_MikroeBITMAP_bmp+1230
0x84E8	0x0000 ;?ICS_MikroeBITMAP_bmp+1232
0x84EA	0x0000 ;?ICS_MikroeBITMAP_bmp+1234
0x84EC	0xE8E4 ;?ICS_MikroeBITMAP_bmp+1236
0x84EE	0x0000 ;?ICS_MikroeBITMAP_bmp+1238
0x84F0	0x0000 ;?ICS_MikroeBITMAP_bmp+1240
0x84F2	0x0000 ;?ICS_MikroeBITMAP_bmp+1242
0x84F4	0x0000 ;?ICS_MikroeBITMAP_bmp+1244
0x84F6	0x0000 ;?ICS_MikroeBITMAP_bmp+1246
0x84F8	0x0000 ;?ICS_MikroeBITMAP_bmp+1248
0x84FA	0x0000 ;?ICS_MikroeBITMAP_bmp+1250
0x84FC	0x0000 ;?ICS_MikroeBITMAP_bmp+1252
0x84FE	0xE8E4 ;?ICS_MikroeBITMAP_bmp+1254
0x8500	0x0000 ;?ICS_MikroeBITMAP_bmp+1256
0x8502	0xE8E4 ;?ICS_MikroeBITMAP_bmp+1258
0x8504	0x0000 ;?ICS_MikroeBITMAP_bmp+1260
0x8506	0xE8E4 ;?ICS_MikroeBITMAP_bmp+1262
0x8508	0x0000 ;?ICS_MikroeBITMAP_bmp+1264
0x850A	0x0000 ;?ICS_MikroeBITMAP_bmp+1266
0x850C	0x0000 ;?ICS_MikroeBITMAP_bmp+1268
0x850E	0x0000 ;?ICS_MikroeBITMAP_bmp+1270
0x8510	0x0000 ;?ICS_MikroeBITMAP_bmp+1272
0x8512	0x0000 ;?ICS_MikroeBITMAP_bmp+1274
0x8514	0x0000 ;?ICS_MikroeBITMAP_bmp+1276
0x8516	0x0000 ;?ICS_MikroeBITMAP_bmp+1278
0x8518	0x0000 ;?ICS_MikroeBITMAP_bmp+1280
0x851A	0xE8E4 ;?ICS_MikroeBITMAP_bmp+1282
0x851C	0x0000 ;?ICS_MikroeBITMAP_bmp+1284
0x851E	0xE8E4 ;?ICS_MikroeBITMAP_bmp+1286
0x8520	0xE8E4 ;?ICS_MikroeBITMAP_bmp+1288
0x8522	0x0000 ;?ICS_MikroeBITMAP_bmp+1290
0x8524	0x0000 ;?ICS_MikroeBITMAP_bmp+1292
0x8526	0x0000 ;?ICS_MikroeBITMAP_bmp+1294
0x8528	0x0000 ;?ICS_MikroeBITMAP_bmp+1296
0x852A	0x0000 ;?ICS_MikroeBITMAP_bmp+1298
0x852C	0xE8E4 ;?ICS_MikroeBITMAP_bmp+1300
0x852E	0xE8E4 ;?ICS_MikroeBITMAP_bmp+1302
0x8530	0x0000 ;?ICS_MikroeBITMAP_bmp+1304
0x8532	0xE8E4 ;?ICS_MikroeBITMAP_bmp+1306
0x8534	0x0000 ;?ICS_MikroeBITMAP_bmp+1308
0x8536	0x0000 ;?ICS_MikroeBITMAP_bmp+1310
0x8538	0x0000 ;?ICS_MikroeBITMAP_bmp+1312
0x853A	0xE8E4 ;?ICS_MikroeBITMAP_bmp+1314
0x853C	0x0000 ;?ICS_MikroeBITMAP_bmp+1316
0x853E	0x0000 ;?ICS_MikroeBITMAP_bmp+1318
0x8540	0x0000 ;?ICS_MikroeBITMAP_bmp+1320
0x8542	0x0000 ;?ICS_MikroeBITMAP_bmp+1322
0x8544	0x0000 ;?ICS_MikroeBITMAP_bmp+1324
0x8546	0xE8E4 ;?ICS_MikroeBITMAP_bmp+1326
0x8548	0x0000 ;?ICS_MikroeBITMAP_bmp+1328
0x854A	0x0000 ;?ICS_MikroeBITMAP_bmp+1330
0x854C	0xE8E4 ;?ICS_MikroeBITMAP_bmp+1332
0x854E	0x0000 ;?ICS_MikroeBITMAP_bmp+1334
0x8550	0xE8E4 ;?ICS_MikroeBITMAP_bmp+1336
0x8552	0x0000 ;?ICS_MikroeBITMAP_bmp+1338
0x8554	0x0000 ;?ICS_MikroeBITMAP_bmp+1340
0x8556	0x0000 ;?ICS_MikroeBITMAP_bmp+1342
0x8558	0xE8E4 ;?ICS_MikroeBITMAP_bmp+1344
0x855A	0xE8E4 ;?ICS_MikroeBITMAP_bmp+1346
0x855C	0x0000 ;?ICS_MikroeBITMAP_bmp+1348
0x855E	0xE8E4 ;?ICS_MikroeBITMAP_bmp+1350
0x8560	0x0000 ;?ICS_MikroeBITMAP_bmp+1352
0x8562	0x0000 ;?ICS_MikroeBITMAP_bmp+1354
0x8564	0x0000 ;?ICS_MikroeBITMAP_bmp+1356
0x8566	0x0000 ;?ICS_MikroeBITMAP_bmp+1358
0x8568	0x0000 ;?ICS_MikroeBITMAP_bmp+1360
0x856A	0x0000 ;?ICS_MikroeBITMAP_bmp+1362
0x856C	0xE8E4 ;?ICS_MikroeBITMAP_bmp+1364
0x856E	0x0000 ;?ICS_MikroeBITMAP_bmp+1366
0x8570	0x0000 ;?ICS_MikroeBITMAP_bmp+1368
0x8572	0x0000 ;?ICS_MikroeBITMAP_bmp+1370
0x8574	0x0000 ;?ICS_MikroeBITMAP_bmp+1372
0x8576	0x0000 ;?ICS_MikroeBITMAP_bmp+1374
0x8578	0x0000 ;?ICS_MikroeBITMAP_bmp+1376
0x857A	0x0000 ;?ICS_MikroeBITMAP_bmp+1378
0x857C	0x0000 ;?ICS_MikroeBITMAP_bmp+1380
0x857E	0xE8E4 ;?ICS_MikroeBITMAP_bmp+1382
0x8580	0x0000 ;?ICS_MikroeBITMAP_bmp+1384
0x8582	0xE8E4 ;?ICS_MikroeBITMAP_bmp+1386
0x8584	0x0000 ;?ICS_MikroeBITMAP_bmp+1388
0x8586	0xE8E4 ;?ICS_MikroeBITMAP_bmp+1390
0x8588	0x0000 ;?ICS_MikroeBITMAP_bmp+1392
0x858A	0x0000 ;?ICS_MikroeBITMAP_bmp+1394
0x858C	0x0000 ;?ICS_MikroeBITMAP_bmp+1396
0x858E	0x0000 ;?ICS_MikroeBITMAP_bmp+1398
0x8590	0x0000 ;?ICS_MikroeBITMAP_bmp+1400
0x8592	0x0000 ;?ICS_MikroeBITMAP_bmp+1402
0x8594	0x0000 ;?ICS_MikroeBITMAP_bmp+1404
0x8596	0x0000 ;?ICS_MikroeBITMAP_bmp+1406
0x8598	0x0000 ;?ICS_MikroeBITMAP_bmp+1408
0x859A	0xE8E4 ;?ICS_MikroeBITMAP_bmp+1410
0x859C	0x0000 ;?ICS_MikroeBITMAP_bmp+1412
0x859E	0x0000 ;?ICS_MikroeBITMAP_bmp+1414
0x85A0	0xE8E4 ;?ICS_MikroeBITMAP_bmp+1416
0x85A2	0xE8E4 ;?ICS_MikroeBITMAP_bmp+1418
0x85A4	0xE8E4 ;?ICS_MikroeBITMAP_bmp+1420
0x85A6	0xE8E4 ;?ICS_MikroeBITMAP_bmp+1422
0x85A8	0xE8E4 ;?ICS_MikroeBITMAP_bmp+1424
0x85AA	0xE8E4 ;?ICS_MikroeBITMAP_bmp+1426
0x85AC	0xE8E4 ;?ICS_MikroeBITMAP_bmp+1428
0x85AE	0x0000 ;?ICS_MikroeBITMAP_bmp+1430
0x85B0	0x0000 ;?ICS_MikroeBITMAP_bmp+1432
0x85B2	0xE8E4 ;?ICS_MikroeBITMAP_bmp+1434
0x85B4	0x0000 ;?ICS_MikroeBITMAP_bmp+1436
0x85B6	0x0000 ;?ICS_MikroeBITMAP_bmp+1438
0x85B8	0x0000 ;?ICS_MikroeBITMAP_bmp+1440
0x85BA	0xE8E4 ;?ICS_MikroeBITMAP_bmp+1442
0x85BC	0x0000 ;?ICS_MikroeBITMAP_bmp+1444
0x85BE	0x0000 ;?ICS_MikroeBITMAP_bmp+1446
0x85C0	0x0000 ;?ICS_MikroeBITMAP_bmp+1448
0x85C2	0x0000 ;?ICS_MikroeBITMAP_bmp+1450
0x85C4	0x0000 ;?ICS_MikroeBITMAP_bmp+1452
0x85C6	0xE8E4 ;?ICS_MikroeBITMAP_bmp+1454
0x85C8	0x0000 ;?ICS_MikroeBITMAP_bmp+1456
0x85CA	0x0000 ;?ICS_MikroeBITMAP_bmp+1458
0x85CC	0xE8E4 ;?ICS_MikroeBITMAP_bmp+1460
0x85CE	0x0000 ;?ICS_MikroeBITMAP_bmp+1462
0x85D0	0xE8E4 ;?ICS_MikroeBITMAP_bmp+1464
0x85D2	0x0000 ;?ICS_MikroeBITMAP_bmp+1466
0x85D4	0x0000 ;?ICS_MikroeBITMAP_bmp+1468
0x85D6	0x0000 ;?ICS_MikroeBITMAP_bmp+1470
0x85D8	0x0000 ;?ICS_MikroeBITMAP_bmp+1472
0x85DA	0xE8E4 ;?ICS_MikroeBITMAP_bmp+1474
0x85DC	0x0000 ;?ICS_MikroeBITMAP_bmp+1476
0x85DE	0xE8E4 ;?ICS_MikroeBITMAP_bmp+1478
0x85E0	0x0000 ;?ICS_MikroeBITMAP_bmp+1480
0x85E2	0x0000 ;?ICS_MikroeBITMAP_bmp+1482
0x85E4	0x0000 ;?ICS_MikroeBITMAP_bmp+1484
0x85E6	0x0000 ;?ICS_MikroeBITMAP_bmp+1486
0x85E8	0x0000 ;?ICS_MikroeBITMAP_bmp+1488
0x85EA	0x0000 ;?ICS_MikroeBITMAP_bmp+1490
0x85EC	0xE8E4 ;?ICS_MikroeBITMAP_bmp+1492
0x85EE	0x0000 ;?ICS_MikroeBITMAP_bmp+1494
0x85F0	0x0000 ;?ICS_MikroeBITMAP_bmp+1496
0x85F2	0x0000 ;?ICS_MikroeBITMAP_bmp+1498
0x85F4	0x0000 ;?ICS_MikroeBITMAP_bmp+1500
0x85F6	0x0000 ;?ICS_MikroeBITMAP_bmp+1502
0x85F8	0x0000 ;?ICS_MikroeBITMAP_bmp+1504
0x85FA	0x0000 ;?ICS_MikroeBITMAP_bmp+1506
0x85FC	0x0000 ;?ICS_MikroeBITMAP_bmp+1508
0x85FE	0xE8E4 ;?ICS_MikroeBITMAP_bmp+1510
0x8600	0x0000 ;?ICS_MikroeBITMAP_bmp+1512
0x8602	0xE8E4 ;?ICS_MikroeBITMAP_bmp+1514
0x8604	0x0000 ;?ICS_MikroeBITMAP_bmp+1516
0x8606	0xE8E4 ;?ICS_MikroeBITMAP_bmp+1518
0x8608	0xE8E4 ;?ICS_MikroeBITMAP_bmp+1520
0x860A	0xE8E4 ;?ICS_MikroeBITMAP_bmp+1522
0x860C	0xE8E4 ;?ICS_MikroeBITMAP_bmp+1524
0x860E	0xE8E4 ;?ICS_MikroeBITMAP_bmp+1526
0x8610	0xE8E4 ;?ICS_MikroeBITMAP_bmp+1528
0x8612	0xE8E4 ;?ICS_MikroeBITMAP_bmp+1530
0x8614	0xE8E4 ;?ICS_MikroeBITMAP_bmp+1532
0x8616	0x0000 ;?ICS_MikroeBITMAP_bmp+1534
0x8618	0x0000 ;?ICS_MikroeBITMAP_bmp+1536
0x861A	0xE8E4 ;?ICS_MikroeBITMAP_bmp+1538
0x861C	0xE8E4 ;?ICS_MikroeBITMAP_bmp+1540
0x861E	0x0000 ;?ICS_MikroeBITMAP_bmp+1542
0x8620	0x0000 ;?ICS_MikroeBITMAP_bmp+1544
0x8622	0x0000 ;?ICS_MikroeBITMAP_bmp+1546
0x8624	0x0000 ;?ICS_MikroeBITMAP_bmp+1548
0x8626	0x0000 ;?ICS_MikroeBITMAP_bmp+1550
0x8628	0x0000 ;?ICS_MikroeBITMAP_bmp+1552
0x862A	0x0000 ;?ICS_MikroeBITMAP_bmp+1554
0x862C	0x0000 ;?ICS_MikroeBITMAP_bmp+1556
0x862E	0x0000 ;?ICS_MikroeBITMAP_bmp+1558
0x8630	0xE8E4 ;?ICS_MikroeBITMAP_bmp+1560
0x8632	0xE8E4 ;?ICS_MikroeBITMAP_bmp+1562
0x8634	0x0000 ;?ICS_MikroeBITMAP_bmp+1564
0x8636	0x0000 ;?ICS_MikroeBITMAP_bmp+1566
0x8638	0x0000 ;?ICS_MikroeBITMAP_bmp+1568
0x863A	0xE8E4 ;?ICS_MikroeBITMAP_bmp+1570
0x863C	0x0000 ;?ICS_MikroeBITMAP_bmp+1572
0x863E	0x0000 ;?ICS_MikroeBITMAP_bmp+1574
0x8640	0x0000 ;?ICS_MikroeBITMAP_bmp+1576
0x8642	0x0000 ;?ICS_MikroeBITMAP_bmp+1578
0x8644	0x0000 ;?ICS_MikroeBITMAP_bmp+1580
0x8646	0xE8E4 ;?ICS_MikroeBITMAP_bmp+1582
0x8648	0x0000 ;?ICS_MikroeBITMAP_bmp+1584
0x864A	0x0000 ;?ICS_MikroeBITMAP_bmp+1586
0x864C	0xE8E4 ;?ICS_MikroeBITMAP_bmp+1588
0x864E	0x0000 ;?ICS_MikroeBITMAP_bmp+1590
0x8650	0xE8E4 ;?ICS_MikroeBITMAP_bmp+1592
0x8652	0x0000 ;?ICS_MikroeBITMAP_bmp+1594
0x8654	0x0000 ;?ICS_MikroeBITMAP_bmp+1596
0x8656	0x0000 ;?ICS_MikroeBITMAP_bmp+1598
0x8658	0x0000 ;?ICS_MikroeBITMAP_bmp+1600
0x865A	0xE8E4 ;?ICS_MikroeBITMAP_bmp+1602
0x865C	0x0000 ;?ICS_MikroeBITMAP_bmp+1604
0x865E	0xE8E4 ;?ICS_MikroeBITMAP_bmp+1606
0x8660	0x0000 ;?ICS_MikroeBITMAP_bmp+1608
0x8662	0x0000 ;?ICS_MikroeBITMAP_bmp+1610
0x8664	0x0000 ;?ICS_MikroeBITMAP_bmp+1612
0x8666	0x0000 ;?ICS_MikroeBITMAP_bmp+1614
0x8668	0x0000 ;?ICS_MikroeBITMAP_bmp+1616
0x866A	0x0000 ;?ICS_MikroeBITMAP_bmp+1618
0x866C	0xE8E4 ;?ICS_MikroeBITMAP_bmp+1620
0x866E	0xE8E4 ;?ICS_MikroeBITMAP_bmp+1622
0x8670	0x0000 ;?ICS_MikroeBITMAP_bmp+1624
0x8672	0x0000 ;?ICS_MikroeBITMAP_bmp+1626
0x8674	0x0000 ;?ICS_MikroeBITMAP_bmp+1628
0x8676	0x0000 ;?ICS_MikroeBITMAP_bmp+1630
0x8678	0x0000 ;?ICS_MikroeBITMAP_bmp+1632
0x867A	0x0000 ;?ICS_MikroeBITMAP_bmp+1634
0x867C	0xE8E4 ;?ICS_MikroeBITMAP_bmp+1636
0x867E	0xE8E4 ;?ICS_MikroeBITMAP_bmp+1638
0x8680	0x0000 ;?ICS_MikroeBITMAP_bmp+1640
0x8682	0xE8E4 ;?ICS_MikroeBITMAP_bmp+1642
0x8684	0x0000 ;?ICS_MikroeBITMAP_bmp+1644
0x8686	0x0000 ;?ICS_MikroeBITMAP_bmp+1646
0x8688	0x0000 ;?ICS_MikroeBITMAP_bmp+1648
0x868A	0x0000 ;?ICS_MikroeBITMAP_bmp+1650
0x868C	0x0000 ;?ICS_MikroeBITMAP_bmp+1652
0x868E	0x0000 ;?ICS_MikroeBITMAP_bmp+1654
0x8690	0x0000 ;?ICS_MikroeBITMAP_bmp+1656
0x8692	0x0000 ;?ICS_MikroeBITMAP_bmp+1658
0x8694	0xE8E4 ;?ICS_MikroeBITMAP_bmp+1660
0x8696	0x0000 ;?ICS_MikroeBITMAP_bmp+1662
0x8698	0x0000 ;?ICS_MikroeBITMAP_bmp+1664
0x869A	0x0000 ;?ICS_MikroeBITMAP_bmp+1666
0x869C	0xE8E4 ;?ICS_MikroeBITMAP_bmp+1668
0x869E	0xE8E4 ;?ICS_MikroeBITMAP_bmp+1670
0x86A0	0xE8E4 ;?ICS_MikroeBITMAP_bmp+1672
0x86A2	0xE8E4 ;?ICS_MikroeBITMAP_bmp+1674
0x86A4	0xE8E4 ;?ICS_MikroeBITMAP_bmp+1676
0x86A6	0xE8E4 ;?ICS_MikroeBITMAP_bmp+1678
0x86A8	0xE8E4 ;?ICS_MikroeBITMAP_bmp+1680
0x86AA	0xE8E4 ;?ICS_MikroeBITMAP_bmp+1682
0x86AC	0xE8E4 ;?ICS_MikroeBITMAP_bmp+1684
0x86AE	0xE8E4 ;?ICS_MikroeBITMAP_bmp+1686
0x86B0	0xE8E4 ;?ICS_MikroeBITMAP_bmp+1688
0x86B2	0x0000 ;?ICS_MikroeBITMAP_bmp+1690
0x86B4	0x0000 ;?ICS_MikroeBITMAP_bmp+1692
0x86B6	0x0000 ;?ICS_MikroeBITMAP_bmp+1694
0x86B8	0x0000 ;?ICS_MikroeBITMAP_bmp+1696
0x86BA	0xE8E4 ;?ICS_MikroeBITMAP_bmp+1698
0x86BC	0x0000 ;?ICS_MikroeBITMAP_bmp+1700
0x86BE	0x0000 ;?ICS_MikroeBITMAP_bmp+1702
0x86C0	0x0000 ;?ICS_MikroeBITMAP_bmp+1704
0x86C2	0x0000 ;?ICS_MikroeBITMAP_bmp+1706
0x86C4	0x0000 ;?ICS_MikroeBITMAP_bmp+1708
0x86C6	0xE8E4 ;?ICS_MikroeBITMAP_bmp+1710
0x86C8	0x0000 ;?ICS_MikroeBITMAP_bmp+1712
0x86CA	0x0000 ;?ICS_MikroeBITMAP_bmp+1714
0x86CC	0xE8E4 ;?ICS_MikroeBITMAP_bmp+1716
0x86CE	0x0000 ;?ICS_MikroeBITMAP_bmp+1718
0x86D0	0xE8E4 ;?ICS_MikroeBITMAP_bmp+1720
0x86D2	0x0000 ;?ICS_MikroeBITMAP_bmp+1722
0x86D4	0x0000 ;?ICS_MikroeBITMAP_bmp+1724
0x86D6	0x0000 ;?ICS_MikroeBITMAP_bmp+1726
0x86D8	0x0000 ;?ICS_MikroeBITMAP_bmp+1728
0x86DA	0xE8E4 ;?ICS_MikroeBITMAP_bmp+1730
0x86DC	0x0000 ;?ICS_MikroeBITMAP_bmp+1732
0x86DE	0xE8E4 ;?ICS_MikroeBITMAP_bmp+1734
0x86E0	0x0000 ;?ICS_MikroeBITMAP_bmp+1736
0x86E2	0x0000 ;?ICS_MikroeBITMAP_bmp+1738
0x86E4	0x0000 ;?ICS_MikroeBITMAP_bmp+1740
0x86E6	0x0000 ;?ICS_MikroeBITMAP_bmp+1742
0x86E8	0x0000 ;?ICS_MikroeBITMAP_bmp+1744
0x86EA	0x0000 ;?ICS_MikroeBITMAP_bmp+1746
0x86EC	0x0000 ;?ICS_MikroeBITMAP_bmp+1748
0x86EE	0xE8E4 ;?ICS_MikroeBITMAP_bmp+1750
0x86F0	0xE8E4 ;?ICS_MikroeBITMAP_bmp+1752
0x86F2	0xE8E4 ;?ICS_MikroeBITMAP_bmp+1754
0x86F4	0x0000 ;?ICS_MikroeBITMAP_bmp+1756
0x86F6	0x0000 ;?ICS_MikroeBITMAP_bmp+1758
0x86F8	0x0000 ;?ICS_MikroeBITMAP_bmp+1760
0x86FA	0xE8E4 ;?ICS_MikroeBITMAP_bmp+1762
0x86FC	0xE8E4 ;?ICS_MikroeBITMAP_bmp+1764
0x86FE	0x0000 ;?ICS_MikroeBITMAP_bmp+1766
0x8700	0x0000 ;?ICS_MikroeBITMAP_bmp+1768
0x8702	0xE8E4 ;?ICS_MikroeBITMAP_bmp+1770
0x8704	0x0000 ;?ICS_MikroeBITMAP_bmp+1772
0x8706	0x0000 ;?ICS_MikroeBITMAP_bmp+1774
0x8708	0x0000 ;?ICS_MikroeBITMAP_bmp+1776
0x870A	0x0000 ;?ICS_MikroeBITMAP_bmp+1778
0x870C	0x0000 ;?ICS_MikroeBITMAP_bmp+1780
0x870E	0x0000 ;?ICS_MikroeBITMAP_bmp+1782
0x8710	0x0000 ;?ICS_MikroeBITMAP_bmp+1784
0x8712	0x0000 ;?ICS_MikroeBITMAP_bmp+1786
0x8714	0xE8E4 ;?ICS_MikroeBITMAP_bmp+1788
0x8716	0x0000 ;?ICS_MikroeBITMAP_bmp+1790
0x8718	0x0000 ;?ICS_MikroeBITMAP_bmp+1792
0x871A	0x0000 ;?ICS_MikroeBITMAP_bmp+1794
0x871C	0x0000 ;?ICS_MikroeBITMAP_bmp+1796
0x871E	0x0000 ;?ICS_MikroeBITMAP_bmp+1798
0x8720	0x0000 ;?ICS_MikroeBITMAP_bmp+1800
0x8722	0x0000 ;?ICS_MikroeBITMAP_bmp+1802
0x8724	0x0000 ;?ICS_MikroeBITMAP_bmp+1804
0x8726	0x0000 ;?ICS_MikroeBITMAP_bmp+1806
0x8728	0x0000 ;?ICS_MikroeBITMAP_bmp+1808
0x872A	0x0000 ;?ICS_MikroeBITMAP_bmp+1810
0x872C	0x0000 ;?ICS_MikroeBITMAP_bmp+1812
0x872E	0x0000 ;?ICS_MikroeBITMAP_bmp+1814
0x8730	0x0000 ;?ICS_MikroeBITMAP_bmp+1816
0x8732	0x0000 ;?ICS_MikroeBITMAP_bmp+1818
0x8734	0x0000 ;?ICS_MikroeBITMAP_bmp+1820
0x8736	0x0000 ;?ICS_MikroeBITMAP_bmp+1822
0x8738	0x0000 ;?ICS_MikroeBITMAP_bmp+1824
0x873A	0x0000 ;?ICS_MikroeBITMAP_bmp+1826
0x873C	0x0000 ;?ICS_MikroeBITMAP_bmp+1828
0x873E	0x0000 ;?ICS_MikroeBITMAP_bmp+1830
0x8740	0x0000 ;?ICS_MikroeBITMAP_bmp+1832
0x8742	0x0000 ;?ICS_MikroeBITMAP_bmp+1834
0x8744	0x0000 ;?ICS_MikroeBITMAP_bmp+1836
0x8746	0x0000 ;?ICS_MikroeBITMAP_bmp+1838
0x8748	0x0000 ;?ICS_MikroeBITMAP_bmp+1840
0x874A	0x0000 ;?ICS_MikroeBITMAP_bmp+1842
0x874C	0x0000 ;?ICS_MikroeBITMAP_bmp+1844
0x874E	0x0000 ;?ICS_MikroeBITMAP_bmp+1846
0x8750	0x0000 ;?ICS_MikroeBITMAP_bmp+1848
0x8752	0x0000 ;?ICS_MikroeBITMAP_bmp+1850
0x8754	0x0000 ;?ICS_MikroeBITMAP_bmp+1852
0x8756	0x0000 ;?ICS_MikroeBITMAP_bmp+1854
0x8758	0x0000 ;?ICS_MikroeBITMAP_bmp+1856
0x875A	0x0000 ;?ICS_MikroeBITMAP_bmp+1858
0x875C	0x0000 ;?ICS_MikroeBITMAP_bmp+1860
0x875E	0x0000 ;?ICS_MikroeBITMAP_bmp+1862
0x8760	0x0000 ;?ICS_MikroeBITMAP_bmp+1864
0x8762	0x0000 ;?ICS_MikroeBITMAP_bmp+1866
0x8764	0x0000 ;?ICS_MikroeBITMAP_bmp+1868
0x8766	0x0000 ;?ICS_MikroeBITMAP_bmp+1870
0x8768	0x0000 ;?ICS_MikroeBITMAP_bmp+1872
0x876A	0x0000 ;?ICS_MikroeBITMAP_bmp+1874
0x876C	0x0000 ;?ICS_MikroeBITMAP_bmp+1876
0x876E	0x0000 ;?ICS_MikroeBITMAP_bmp+1878
0x8770	0x0000 ;?ICS_MikroeBITMAP_bmp+1880
0x8772	0xE8E4 ;?ICS_MikroeBITMAP_bmp+1882
0x8774	0xE8E4 ;?ICS_MikroeBITMAP_bmp+1884
0x8776	0xE8E4 ;?ICS_MikroeBITMAP_bmp+1886
0x8778	0xE8E4 ;?ICS_MikroeBITMAP_bmp+1888
0x877A	0x0000 ;?ICS_MikroeBITMAP_bmp+1890
0x877C	0x0000 ;?ICS_MikroeBITMAP_bmp+1892
0x877E	0x0000 ;?ICS_MikroeBITMAP_bmp+1894
0x8780	0x0000 ;?ICS_MikroeBITMAP_bmp+1896
0x8782	0xE8E4 ;?ICS_MikroeBITMAP_bmp+1898
0x8784	0xE8E4 ;?ICS_MikroeBITMAP_bmp+1900
0x8786	0xE8E4 ;?ICS_MikroeBITMAP_bmp+1902
0x8788	0xE8E4 ;?ICS_MikroeBITMAP_bmp+1904
0x878A	0xE8E4 ;?ICS_MikroeBITMAP_bmp+1906
0x878C	0xE8E4 ;?ICS_MikroeBITMAP_bmp+1908
0x878E	0xE8E4 ;?ICS_MikroeBITMAP_bmp+1910
0x8790	0xE8E4 ;?ICS_MikroeBITMAP_bmp+1912
0x8792	0xE8E4 ;?ICS_MikroeBITMAP_bmp+1914
0x8794	0xE8E4 ;?ICS_MikroeBITMAP_bmp+1916
0x8796	0x0000 ;?ICS_MikroeBITMAP_bmp+1918
0x8798	0x0000 ;?ICS_MikroeBITMAP_bmp+1920
0x879A	0x0000 ;?ICS_MikroeBITMAP_bmp+1922
0x879C	0x0000 ;?ICS_MikroeBITMAP_bmp+1924
0x879E	0x0000 ;?ICS_MikroeBITMAP_bmp+1926
0x87A0	0x0000 ;?ICS_MikroeBITMAP_bmp+1928
0x87A2	0x0000 ;?ICS_MikroeBITMAP_bmp+1930
0x87A4	0x0000 ;?ICS_MikroeBITMAP_bmp+1932
0x87A6	0x0000 ;?ICS_MikroeBITMAP_bmp+1934
0x87A8	0x0000 ;?ICS_MikroeBITMAP_bmp+1936
0x87AA	0x0000 ;?ICS_MikroeBITMAP_bmp+1938
0x87AC	0x0000 ;?ICS_MikroeBITMAP_bmp+1940
0x87AE	0x0000 ;?ICS_MikroeBITMAP_bmp+1942
0x87B0	0x0000 ;?ICS_MikroeBITMAP_bmp+1944
0x87B2	0x0000 ;?ICS_MikroeBITMAP_bmp+1946
0x87B4	0x0000 ;?ICS_MikroeBITMAP_bmp+1948
0x87B6	0x0000 ;?ICS_MikroeBITMAP_bmp+1950
0x87B8	0x0000 ;?ICS_MikroeBITMAP_bmp+1952
0x87BA	0x0000 ;?ICS_MikroeBITMAP_bmp+1954
0x87BC	0x0000 ;?ICS_MikroeBITMAP_bmp+1956
0x87BE	0x0000 ;?ICS_MikroeBITMAP_bmp+1958
0x87C0	0x0000 ;?ICS_MikroeBITMAP_bmp+1960
0x87C2	0x0000 ;?ICS_MikroeBITMAP_bmp+1962
0x87C4	0x0000 ;?ICS_MikroeBITMAP_bmp+1964
0x87C6	0x0000 ;?ICS_MikroeBITMAP_bmp+1966
0x87C8	0x0000 ;?ICS_MikroeBITMAP_bmp+1968
0x87CA	0x0000 ;?ICS_MikroeBITMAP_bmp+1970
0x87CC	0x0000 ;?ICS_MikroeBITMAP_bmp+1972
0x87CE	0x0000 ;?ICS_MikroeBITMAP_bmp+1974
0x87D0	0x0000 ;?ICS_MikroeBITMAP_bmp+1976
0x87D2	0x0000 ;?ICS_MikroeBITMAP_bmp+1978
0x87D4	0x0000 ;?ICS_MikroeBITMAP_bmp+1980
0x87D6	0x0000 ;?ICS_MikroeBITMAP_bmp+1982
0x87D8	0x0000 ;?ICS_MikroeBITMAP_bmp+1984
0x87DA	0x0000 ;?ICS_MikroeBITMAP_bmp+1986
0x87DC	0x0000 ;?ICS_MikroeBITMAP_bmp+1988
0x87DE	0x0000 ;?ICS_MikroeBITMAP_bmp+1990
0x87E0	0x0000 ;?ICS_MikroeBITMAP_bmp+1992
0x87E2	0x0000 ;?ICS_MikroeBITMAP_bmp+1994
0x87E4	0x0000 ;?ICS_MikroeBITMAP_bmp+1996
0x87E6	0x0000 ;?ICS_MikroeBITMAP_bmp+1998
0x87E8	0x0000 ;?ICS_MikroeBITMAP_bmp+2000
0x87EA	0x0000 ;?ICS_MikroeBITMAP_bmp+2002
0x87EC	0x0000 ;?ICS_MikroeBITMAP_bmp+2004
0x87EE	0x0000 ;?ICS_MikroeBITMAP_bmp+2006
0x87F0	0x0000 ;?ICS_MikroeBITMAP_bmp+2008
0x87F2	0x0000 ;?ICS_MikroeBITMAP_bmp+2010
0x87F4	0x0000 ;?ICS_MikroeBITMAP_bmp+2012
0x87F6	0x0000 ;?ICS_MikroeBITMAP_bmp+2014
0x87F8	0x0000 ;?ICS_MikroeBITMAP_bmp+2016
0x87FA	0x0000 ;?ICS_MikroeBITMAP_bmp+2018
0x87FC	0x0000 ;?ICS_MikroeBITMAP_bmp+2020
0x87FE	0x0000 ;?ICS_MikroeBITMAP_bmp+2022
0x8800	0x0000 ;?ICS_MikroeBITMAP_bmp+2024
0x8802	0x0000 ;?ICS_MikroeBITMAP_bmp+2026
0x8804	0x0000 ;?ICS_MikroeBITMAP_bmp+2028
0x8806	0x0000 ;?ICS_MikroeBITMAP_bmp+2030
0x8808	0x0000 ;?ICS_MikroeBITMAP_bmp+2032
0x880A	0x0000 ;?ICS_MikroeBITMAP_bmp+2034
0x880C	0x0000 ;?ICS_MikroeBITMAP_bmp+2036
0x880E	0x0000 ;?ICS_MikroeBITMAP_bmp+2038
0x8810	0x0000 ;?ICS_MikroeBITMAP_bmp+2040
0x8812	0x0000 ;?ICS_MikroeBITMAP_bmp+2042
0x8814	0x0000 ;?ICS_MikroeBITMAP_bmp+2044
0x8816	0x0000 ;?ICS_MikroeBITMAP_bmp+2046
; end of ?ICS_MikroeBITMAP_bmp
;,0 :: _initBlock_5 [10]
; Containing: ?ICS?lstr4_MatrixRGB_dsPIC [3]
;             ?ICS?lstr7_MatrixRGB_dsPIC [7]
0x8818	0x2042 ;_initBlock_5+0 : ?ICS?lstr4_MatrixRGB_dsPIC at 0x8818
0x881A	0x4C00 ;_initBlock_5+2 : ?ICS?lstr7_MatrixRGB_dsPIC at 0x881B
0x881C	0x6B61 ;_initBlock_5+4
0x881E	0x7965 ;_initBlock_5+6
0x8820	0x0020 ;_initBlock_5+8
; end of _initBlock_5
;,0 :: _initBlock_6 [113]
; Containing: ?ICS?lstr8_MatrixRGB_dsPIC [7]
;             ?ICS?lstr11_MatrixRGB_dsPIC [2]
;             ?ICSmatrixrgb_hw_spi_buffer [100]
;             ?ICS?lstr9_MatrixRGB_dsPIC [2]
;             ?ICS?lstr10_MatrixRGB_dsPIC [2]
0x8822	0x614D ;_initBlock_6+0 : ?ICS?lstr8_MatrixRGB_dsPIC at 0x8822
0x8824	0x7274 ;_initBlock_6+2
0x8826	0x7869 ;_initBlock_6+4
0x8828	0x4200 ;_initBlock_6+6 : ?ICS?lstr11_MatrixRGB_dsPIC at 0x8829
0x882A	0x0000 ;_initBlock_6+8 : ?ICSmatrixrgb_hw_spi_buffer at 0x882B
0x882C	0x0000 ;_initBlock_6+10
0x882E	0x0000 ;_initBlock_6+12
0x8830	0x0000 ;_initBlock_6+14
0x8832	0x0000 ;_initBlock_6+16
0x8834	0x0000 ;_initBlock_6+18
0x8836	0x0000 ;_initBlock_6+20
0x8838	0x0000 ;_initBlock_6+22
0x883A	0x0000 ;_initBlock_6+24
0x883C	0x0000 ;_initBlock_6+26
0x883E	0x0000 ;_initBlock_6+28
0x8840	0x0000 ;_initBlock_6+30
0x8842	0x0000 ;_initBlock_6+32
0x8844	0x0000 ;_initBlock_6+34
0x8846	0x0000 ;_initBlock_6+36
0x8848	0x0000 ;_initBlock_6+38
0x884A	0x0000 ;_initBlock_6+40
0x884C	0x0000 ;_initBlock_6+42
0x884E	0x0000 ;_initBlock_6+44
0x8850	0x0000 ;_initBlock_6+46
0x8852	0x0000 ;_initBlock_6+48
0x8854	0x0000 ;_initBlock_6+50
0x8856	0x0000 ;_initBlock_6+52
0x8858	0x0000 ;_initBlock_6+54
0x885A	0x0000 ;_initBlock_6+56
0x885C	0x0000 ;_initBlock_6+58
0x885E	0x0000 ;_initBlock_6+60
0x8860	0x0000 ;_initBlock_6+62
0x8862	0x0000 ;_initBlock_6+64
0x8864	0x0000 ;_initBlock_6+66
0x8866	0x0000 ;_initBlock_6+68
0x8868	0x0000 ;_initBlock_6+70
0x886A	0x0000 ;_initBlock_6+72
0x886C	0x0000 ;_initBlock_6+74
0x886E	0x0000 ;_initBlock_6+76
0x8870	0x0000 ;_initBlock_6+78
0x8872	0x0000 ;_initBlock_6+80
0x8874	0x0000 ;_initBlock_6+82
0x8876	0x0000 ;_initBlock_6+84
0x8878	0x0000 ;_initBlock_6+86
0x887A	0x0000 ;_initBlock_6+88
0x887C	0x0000 ;_initBlock_6+90
0x887E	0x0000 ;_initBlock_6+92
0x8880	0x0000 ;_initBlock_6+94
0x8882	0x0000 ;_initBlock_6+96
0x8884	0x0000 ;_initBlock_6+98
0x8886	0x0000 ;_initBlock_6+100
0x8888	0x0000 ;_initBlock_6+102
0x888A	0x0000 ;_initBlock_6+104
0x888C	0x0000 ;_initBlock_6+106
0x888E	0x5200 ;_initBlock_6+108 : ?ICS?lstr9_MatrixRGB_dsPIC at 0x888F
0x8890	0x4700 ;_initBlock_6+110 : ?ICS?lstr10_MatrixRGB_dsPIC at 0x8891
0x8892	0x00 ;_initBlock_6+112
; end of _initBlock_6
Symbol List:
//** Routines locations **
//ADDRESS    SIZE    PROCEDURE
//----------------------------------------------
0x0200      [24]    _SPI1_Read
0x0218      [24]    _SPI2_Read
0x0230       [4]    _matrixrgb_hal_cs_low
0x0234       [8]    _SPI1_Write
0x023C       [8]    _SPI2_Write
0x0244       [4]    _matrixrgb_hal_cs_high
0x0248      [12]    _matrixrgb_hal_init
0x0254      [38]    _matrixrgb_hal_write
0x027A      [46]    _SPI1_Init_Advanced
0x02A8      [62]    _matrixrgb_init
0x02E6      [36]    _matrixrgb_scroll_off_scrn_up
0x030A     [134]    _matrixrgb_scroll_text_left
0x0390      [36]    _matrixrgb_scroll_off_scrn_left
0x03B4      [22]    _matrixrgb_refresh
0x03CA      [36]    _matrixrgb_scroll_off_scrn_right
0x03EE     [152]    _matrixrgb_scroll_img_right
0x0486      [78]    _system_setup
0x04D4      [12]    _matrixrgb_set_color
0x04E0      [36]    _matrixrgb_scroll_off_scrn_down
0x0504     [408]    _main
//** Variables locations ** 
//ADDRESS    SIZE    VARIABLE
//----------------------------------------------
0x02CE       [0]    MATRIXRGB_CS
0x1094       [2]    matrixrgb_hal_write_spi_p
0x02DA       [0]    MATRIXRGB_READY
0x1096       [2]    _SPI_Wr_Ptr
0x0248       [2]    SPI1BUF
0x0242       [2]    SPI1CON
0x0268       [2]    SPI2BUF
0x0260       [2]    SPI2STAT
0x1098       [2]    _SPI_Rd_Ptr
0x109A       [2]    matrixrgb_hal_read_spi_p
0x0240       [2]    SPI1STAT
0x02D8       [0]    TRISE7_bit
0x02D8       [0]    MATRIXRGB_READY_DIR
0x02CC       [0]    TRISC1_bit
0x02CC       [0]    MATRIXRGB_RST_DIR
0x02DA       [0]    RE7_bit
0x02CE       [0]    RC2_bit
0x02CC       [0]    TRISC2_bit
0x02CC       [0]    MATRIXRGB_CS_DIR
0x02CE       [0]    MATRIXRGB_RST
0x02CE       [0]    RC1_bit
0x0800       [5]    ?lstr5_MatrixRGB_dsPIC
0x0805       [7]    ?lstr6_MatrixRGB_dsPIC
0x080C       [2]    ?lstr3_MatrixRGB_dsPIC
0x080E       [8]    ?lstr1_MatrixRGB_dsPIC
0x0816       [2]    ?lstr2_MatrixRGB_dsPIC
0x0818    [2048]    _MikroeBITMAP_bmp
0x1018       [3]    ?lstr4_MatrixRGB_dsPIC
0x101B       [7]    ?lstr7_MatrixRGB_dsPIC
0x1022       [7]    ?lstr8_MatrixRGB_dsPIC
0x1029       [2]    ?lstr11_MatrixRGB_dsPIC
0x102B     [100]    matrixrgb_hw_spi_buffer
0x108F       [2]    ?lstr9_MatrixRGB_dsPIC
0x1091       [2]    ?lstr10_MatrixRGB_dsPIC
0x0014       [2]    FARG_SPI1_Read_buffer
0x0014       [2]    FARG_SPI2_Read_buffer
0x0014       [2]    FARG_SPI1_Write_data_out
0x0014       [2]    FARG_SPI2_Write_data_out
0x0240       [2]    SPI1STAT
0x0242       [2]    SPI1CON
0x0248       [2]    SPI1BUF
0x0014       [2]    FARG_matrixrgb_hal_write_buffer
0x0016       [2]    FARG_matrixrgb_hal_write_count
0x0260       [2]    SPI2STAT
0x0268       [2]    SPI2BUF
0x0014       [2]    FARG_SPI1_Init_Advanced_master_mode
0x0016       [2]    FARG_SPI1_Init_Advanced_mode16
0x0018       [2]    FARG_SPI1_Init_Advanced_sec_prescaler
0x001A       [2]    FARG_SPI1_Init_Advanced_pri_prescaler
0x0014       [1]    FARG_matrixrgb_init_level
0x0016       [1]    FARG_matrixrgb_init_width
0x0018       [1]    FARG_matrixrgb_init_height
0x0014       [1]    FARG_matrixrgb_scroll_off_scrn_up_speed
0x0014       [2]    FARG_matrixrgb_scroll_text_left_text
0x0016       [1]    FARG_matrixrgb_scroll_text_left_speed
0x0018       [1]    FARG_matrixrgb_scroll_text_left_text_size
0x0014       [1]    FARG_matrixrgb_scroll_off_scrn_left_speed
0x0014       [1]    FARG_matrixrgb_scroll_off_scrn_right_speed
0x0014       [2]    FARG_matrixrgb_scroll_img_right_bmp
0x0016       [1]    FARG_matrixrgb_scroll_img_right_width
0x0018       [1]    FARG_matrixrgb_scroll_img_right_height
0x001A       [1]    FARG_matrixrgb_scroll_img_right_speed
0x0014       [1]    FARG_system_setup_brightness
0x0016       [1]    FARG_system_setup_width
0x0018       [1]    FARG_system_setup_height
0x0014       [2]    FARG_matrixrgb_set_color_color
0x0016       [1]    FARG_matrixrgb_set_color_red_color
0x0018       [1]    FARG_matrixrgb_set_color_green_color
0x001A       [1]    FARG_matrixrgb_set_color_blue_color
0x0014       [1]    FARG_matrixrgb_scroll_off_scrn_down_speed
//** Constants locations ** 
//ADDRESS    SIZE    CONSTANT
//----------------------------------------------
0x8000       [5]    ?ICS?lstr5_MatrixRGB_dsPIC
0x8005       [7]    ?ICS?lstr6_MatrixRGB_dsPIC
0x800C       [2]    ?ICS?lstr3_MatrixRGB_dsPIC
0x800E       [8]    ?ICS?lstr1_MatrixRGB_dsPIC
0x8016       [2]    ?ICS?lstr2_MatrixRGB_dsPIC
0x8018    [2048]    ?ICS_MikroeBITMAP_bmp
0x8818       [3]    ?ICS?lstr4_MatrixRGB_dsPIC
0x881B       [7]    ?ICS?lstr7_MatrixRGB_dsPIC
0x8822       [7]    ?ICS?lstr8_MatrixRGB_dsPIC
0x8829       [2]    ?ICS?lstr11_MatrixRGB_dsPIC
0x882B     [100]    ?ICSmatrixrgb_hw_spi_buffer
0x888F       [2]    ?ICS?lstr9_MatrixRGB_dsPIC
0x8891       [2]    ?ICS?lstr10_MatrixRGB_dsPIC
