0	1	mikroCARM.exe -MSF -DBG -pMK64FN1M0XXX12 -RA -BIN -DL -SSA -O11111114 -fo120 -N"E:\git\click-boards\Matrix_RGB_Click\SW\example\c\ARM\KINETIS\Click_Matrix_RGB_KINETIS.mcpar" -SP"C:\Users\Public\Documents\Mikroelektronika\mikroC PRO for ARM\Defs\" -SP"C:\Users\Public\Documents\Mikroelektronika\mikroC PRO for ARM\Uses\NXP M4\" -SP"E:\git\click-boards\Matrix_RGB_Click\SW\example\c\ARM\KINETIS\" -SP"E:\git\click-boards\Matrix_RGB_Click\SW\library\HAL\" -SP"E:\git\click-boards\Matrix_RGB_Click\SW\library\" -SP"C:\Users\Public\Documents\Mikroelektronika\mikroC PRO for ARM\Packages\mikroBUS Board Definition API\Uses\" -IP"C:\Users\Public\Documents\Mikroelektronika\mikroC PRO for ARM\Uses\NXP M4\" -IP"E:\git\click-boards\Matrix_RGB_Click\SW\example\c\ARM\KINETIS\" -IP"E:\git\click-boards\Matrix_RGB_Click\SW\library\" -IP"E:\git\click-boards\Matrix_RGB_Click\SW\library\HAL\" -IP"C:\Users\Public\Documents\Mikroelektronika\mikroC PRO for ARM\Packages\mikroBUS Board Definition API\Uses\" "Click_Matrix_RGB_KINETIS.c" "__matrixrgb_driver.c" "__Lib_Math.emcl" "__Lib_MathDouble.emcl" "__Lib_Delays.emcl" "__Lib_System.emcl" "__Lib_GPIO_MK64_Defs.emcl" "__Lib_GPIO.emcl" "__Lib_SPI_012.emcl" "clicker_2_KINETIS.emcl" "Click_Matrix_RGB.pld"	 
diagnostics: 0	122	Compilation Started	MK64FN1M0XXX12.c
diagnostics: 71921	123	Compiled Successfully	MK64FN1M0XXX12.c
diagnostics: 0	122	Compilation Started	__Lib_Delays.c
diagnostics: 119	123	Compiled Successfully	__Lib_Delays.c
hint: 66	1164	Variable 'cycles_div_by_10' has been eliminated by optimizer	__Lib_Delays.c
hint: 88	1164	Variable 'NumberOfCyc' has been eliminated by optimizer	__Lib_Delays.c
hint: 105	1164	Variable 'NumberOfCyc' has been eliminated by optimizer	__Lib_Delays.c
diagnostics: 0	122	Compilation Started	__lib_gpio.h
diagnostics: 809	123	Compiled Successfully	__Lib_GPIO_MK64_Defs.c
diagnostics: 0	122	Compilation Started	stdint.h
warning: 29	1505	Suspicious pointer conversion	__c2_kinetis_spi.c
warning: 35	1505	Suspicious pointer conversion	__c2_kinetis_spi.c
diagnostics: 216	123	Compiled Successfully	clicker_2_KINETIS.c
diagnostics: 0	122	Compilation Started	stdint.h
diagnostics: 112	123	Compiled Successfully	Click_Matrix_RGB_KINETIS.c
diagnostics: 0	122	Compilation Started	stdint.h
diagnostics: 428	123	Compiled Successfully	__matrixrgb_driver.c
hint: 323	1164	Variable 'tmp' has been eliminated by optimizer	__matrixrgb_driver.c
hint: 35	1164	Variable 'tmp' has been eliminated by optimizer	__matrixrgb_driver.c
hint: 130	1164	Variable 'tmp' has been eliminated by optimizer	__matrixrgb_driver.c
hint: 187	1164	Variable 'tmp' has been eliminated by optimizer	__matrixrgb_driver.c
hint: 195	1164	Variable 'tmp' has been eliminated by optimizer	__matrixrgb_driver.c
hint: 336	1164	Variable 'tmp' has been eliminated by optimizer	__matrixrgb_driver.c
hint: 339	1164	Variable 'offset' has been eliminated by optimizer	__matrixrgb_driver.c
hint: 340	1164	Variable 'ch_table' has been eliminated by optimizer	__matrixrgb_driver.c
diagnostics: 0	127	All files Compiled in 656 ms	 
hint: 0	1144	Used RX: 16 (100%)   Free RX: 0 (0%)	Used RX: 16 (100%)   Free RX: 0 (0%)
hint: 0	1144	Static RAM (bytes): 1338   Dynamic RAM (bytes): 129729	Static RAM (bytes): 1338   Dynamic RAM (bytes): 129729
hint: 0	1144	Used ROM (bytes): 14183 (1%)  Free ROM (bytes): 1034393 (99%)	Used ROM (bytes): 14183 (1%)  Free ROM (bytes): 1034393 (99%)
diagnostics: 0	125	Project Linked Successfully	Click_Matrix_RGB_KINETIS.mcpar
diagnostics: 0	128	Linked in 641 ms	 
diagnostics: 0	129	Project 'Click_Matrix_RGB_KINETIS.mcpar' completed: 3000 ms	 
diagnostics: 0	103	Finished successfully: 21 Jul 2018, 10:25:03	Click_Matrix_RGB_KINETIS.mcpar
