0	1	mikroCARM.exe -MSF -DBG -pSTM32F107VC -BIN -LHF -DL -SSA -O11111114 -fo72 -N"C:\Users\Corey\Documents\Projects\MatrixRGB\Application\ARM_Done\MatrixRGB_Click_Application.mcpar" -SP"C:\Users\Public\Documents\Mikroelektronika\mikroC PRO for ARM\Defs\" -SP"C:\Users\Public\Documents\Mikroelektronika\mikroC PRO for ARM\Uses\" -SP"C:\Users\Corey\Documents\Projects\MatrixRGB\Application\ARM_Done\" -SP"C:\Users\Public\Documents\Mikroelektronika\mikroC PRO for ARM\Uses\ST M3\" -SP"C:\Users\Corey\Documents\Projects\MatrixRGB\Application\Application_Library\src\" -SP"C:\Users\Corey\Documents\Projects\MatrixRGB\Application\Application_Library\resources\" -SP"C:\Users\Corey\Documents\Projects\MatrixRGB\Application\Application_Library\include\" -IP"C:\Users\Corey\Documents\Projects\MatrixRGB\Application\Application_Library\include\" -IP"C:\Users\Corey\Documents\Projects\MatrixRGB\Application\Application_Library\resources\" "MatrixRGB_Click_Application.c" "matrixrgb_hal.c" "matrixrgb_hw.c" "resources.c" "__Lib_Math.emcl" "__Lib_MathDouble.emcl" "__Lib_Delays.emcl" "__Lib_System_105_107.emcl" "__Lib_GPIO_32F10x_Defs.emcl" "__Lib_GPIO_32F10x.emcl" "__Lib_SPI_123.emcl"	 
hint: 12	1354	 warning: "/*" within comment	C:\Users\Corey\Documents\Projects\MatrixRGB\Application\ARM_Done\MatrixRGB_Click_Application.c
diagnostics: 0	122	Compilation Started	stdint.h
hint: 13	1163	Variable 'i' has been declared, but not used	MatrixRGB_Click_Application.c
diagnostics: 200	123	Compiled Successfully	MatrixRGB_Click_Application.c
hint: 12	1164	Variable 'count' has been eliminated by optimizer	MatrixRGB_Click_Application.c
hint: 13	1164	Variable 'j' has been eliminated by optimizer	MatrixRGB_Click_Application.c
diagnostics: 0	122	Compilation Started	stdint.h
diagnostics: 138	123	Compiled Successfully	matrixrgb_hal.c
diagnostics: 0	122	Compilation Started	stdint.h
diagnostics: 412	123	Compiled Successfully	matrixrgb_hw.c
hint: 270	1164	Variable 'r_lo' has been eliminated by optimizer	matrixrgb_hw.c
hint: 270	1164	Variable 'r_hi' has been eliminated by optimizer	matrixrgb_hw.c
hint: 271	1164	Variable 'c_lo' has been eliminated by optimizer	matrixrgb_hw.c
hint: 271	1164	Variable 'c_hi' has been eliminated by optimizer	matrixrgb_hw.c
hint: 292	1164	Variable 'r_lo' has been eliminated by optimizer	matrixrgb_hw.c
hint: 292	1164	Variable 'r_hi' has been eliminated by optimizer	matrixrgb_hw.c
hint: 293	1164	Variable 'c_lo' has been eliminated by optimizer	matrixrgb_hw.c
hint: 293	1164	Variable 'c_hi' has been eliminated by optimizer	matrixrgb_hw.c
hint: 314	1164	Variable 'r_lo' has been eliminated by optimizer	matrixrgb_hw.c
hint: 314	1164	Variable 'r_hi' has been eliminated by optimizer	matrixrgb_hw.c
hint: 315	1164	Variable 'c_lo' has been eliminated by optimizer	matrixrgb_hw.c
hint: 315	1164	Variable 'c_hi' has been eliminated by optimizer	matrixrgb_hw.c
diagnostics: 0	122	Compilation Started	stdint.h
diagnostics: 1439	123	Compiled Successfully	resources.c
diagnostics: 0	127	All files Compiled in 219 ms	 
hint: 0	1144	Used RX: 16 (100%)   Free RX: 0 (0%)	Used RX: 16 (100%)   Free RX: 0 (0%)
hint: 0	1144	Static RAM (bytes): 159   Dynamic RAM (bytes): 65373	Static RAM (bytes): 159   Dynamic RAM (bytes): 65373
hint: 0	1144	Used ROM (bytes): 3397 (1%)  Free ROM (bytes): 258747 (99%)	Used ROM (bytes): 3397 (1%)  Free ROM (bytes): 258747 (99%)
diagnostics: 0	125	Project Linked Successfully	MatrixRGB_Click_Application.mcpar
diagnostics: 0	128	Linked in 172 ms	 
diagnostics: 0	129	Project 'MatrixRGB_Click_Application.mcpar' completed: 485 ms	 
diagnostics: 0	103	Finished successfully: 18 Jul 2016, 15:30:42	MatrixRGB_Click_Application.mcpar
