;  LST file generated by mikroListExporter - v.2.0 
; Date/Time: 5/30/2016 9:58:22 AM
;----------------------------------------------

;Address Opcode 	ASM
____SysVT:
0x9FC01180	0x0B400226  J	___GenExcept
0x9FC01184	0x70000000  NOP	
; end of ____SysVT
____BootVT:
0xBFC00380	0x3C1E9D00  LUI	R30, 40192
0xBFC00384	0x37DE08B0  ORI	R30, R30, 2224
0xBFC00388	0x03C00008  JR	R30
0xBFC0038C	0x70000000  NOP	
; end of ____BootVT
_main:
;MatrixRGB_PIC.c, 13 :: 		void main()
0x9D0008C8	0x27BDFFFC  ADDIU	SP, SP, -4
0x9D0008CC	0x0F400543  JAL	2634028300
0x9D0008D0	0x70000000  NOP	
;MatrixRGB_PIC.c, 15 :: 		uint8_t count = 3;
;MatrixRGB_PIC.c, 16 :: 		uint8_t i     = 0;
;MatrixRGB_PIC.c, 19 :: 		system_setup( 100, 2, 1 );
0x9D0008D4	0x341B0001  ORI	R27, R0, 1
0x9D0008D8	0x341A0002  ORI	R26, R0, 2
0x9D0008DC	0x0F40017E  JAL	_system_setup+0
0x9D0008E0	0x34190064  ORI	R25, R0, 100
;MatrixRGB_PIC.c, 21 :: 		matrixrgb_scroll_img_right( MikroeBITMAP_bmp, 64, 16, 40 );
0x9D0008E4	0x341C0028  ORI	R28, R0, 40
0x9D0008E8	0x341B0010  ORI	R27, R0, 16
0x9D0008EC	0x341A0040  ORI	R26, R0, 64
0x9D0008F0	0x3C19A000  LUI	R25, hi_addr(_MikroeBITMAP_bmp+0)
0x9D0008F4	0x0F4001CC  JAL	_matrixrgb_scroll_img_right+0
0x9D0008F8	0x37390008  ORI	R25, R25, lo_addr(_MikroeBITMAP_bmp+0)
;MatrixRGB_PIC.c, 22 :: 		matrixrgb_scroll_off_scrn_down( 30 );
0x9D0008FC	0x0F4001B6  JAL	_matrixrgb_scroll_off_scrn_down+0
0x9D000900	0x3419001E  ORI	R25, R0, 30
;MatrixRGB_PIC.c, 23 :: 		matrixrgb_set_color( &my_color, 1, 1, 1 );
0x9D000904	0x27A20000  ADDIU	R2, SP, 0
0x9D000908	0x341C0001  ORI	R28, R0, 1
0x9D00090C	0x341B0001  ORI	R27, R0, 1
0x9D000910	0x341A0001  ORI	R26, R0, 1
0x9D000914	0x0F40016F  JAL	_matrixrgb_set_color+0
0x9D000918	0x0040C80A  MOVZ	R25, R2, R0
;MatrixRGB_PIC.c, 24 :: 		matrixrgb_scroll_text_left( "Matrix ", my_color, 17, 10 );
0x9D00091C	0x341B000A  ORI	R27, R0, 10
0x9D000920	0x341A0011  ORI	R26, R0, 17
0x9D000924	0x3C19A000  LUI	R25, hi_addr(?lstr1_MatrixRGB_PIC+0)
0x9D000928	0x37390000  ORI	R25, R25, lo_addr(?lstr1_MatrixRGB_PIC+0)
0x9D00092C	0x27BDFFFC  ADDIU	SP, SP, -4
0x9D000930	0x27B80004  ADDIU	R24, SP, 4
0x9D000934	0x27B70000  ADDIU	R23, SP, 0
0x9D000938	0x0F400176  JAL	___CC2DW+0
0x9D00093C	0x26F60003  ADDIU	R22, R23, 3
0x9D000940	0x0F4000ED  JAL	_matrixrgb_scroll_text_left+0
0x9D000944	0x70000000  NOP	
0x9D000948	0x27BD0004  ADDIU	SP, SP, 4
;MatrixRGB_PIC.c, 25 :: 		matrixrgb_set_color( &my_color, 1, 0, 0 );
0x9D00094C	0x27A20000  ADDIU	R2, SP, 0
0x9D000950	0x0000E00A  MOVZ	R28, R0, R0
0x9D000954	0x0000D80A  MOVZ	R27, R0, R0
0x9D000958	0x341A0001  ORI	R26, R0, 1
0x9D00095C	0x0F40016F  JAL	_matrixrgb_set_color+0
0x9D000960	0x0040C80A  MOVZ	R25, R2, R0
;MatrixRGB_PIC.c, 26 :: 		matrixrgb_scroll_text_left( "R", my_color, 17, 1 );
0x9D000964	0x341B0001  ORI	R27, R0, 1
0x9D000968	0x341A0011  ORI	R26, R0, 17
0x9D00096C	0x3C19A000  LUI	R25, hi_addr(?lstr2_MatrixRGB_PIC+0)
0x9D000970	0x3739080A  ORI	R25, R25, lo_addr(?lstr2_MatrixRGB_PIC+0)
0x9D000974	0x27BDFFFC  ADDIU	SP, SP, -4
0x9D000978	0x27B80004  ADDIU	R24, SP, 4
0x9D00097C	0x27B70000  ADDIU	R23, SP, 0
0x9D000980	0x0F400176  JAL	___CC2DW+0
0x9D000984	0x26F60003  ADDIU	R22, R23, 3
0x9D000988	0x0F4000ED  JAL	_matrixrgb_scroll_text_left+0
0x9D00098C	0x70000000  NOP	
0x9D000990	0x27BD0004  ADDIU	SP, SP, 4
;MatrixRGB_PIC.c, 27 :: 		matrixrgb_set_color( &my_color, 0, 1, 0 );
0x9D000994	0x27A20000  ADDIU	R2, SP, 0
0x9D000998	0x0000E00A  MOVZ	R28, R0, R0
0x9D00099C	0x341B0001  ORI	R27, R0, 1
0x9D0009A0	0x0000D00A  MOVZ	R26, R0, R0
0x9D0009A4	0x0F40016F  JAL	_matrixrgb_set_color+0
0x9D0009A8	0x0040C80A  MOVZ	R25, R2, R0
;MatrixRGB_PIC.c, 28 :: 		matrixrgb_scroll_text_left( "G", my_color, 17, 1 );
0x9D0009AC	0x341B0001  ORI	R27, R0, 1
0x9D0009B0	0x341A0011  ORI	R26, R0, 17
0x9D0009B4	0x3C19A000  LUI	R25, hi_addr(?lstr3_MatrixRGB_PIC+0)
0x9D0009B8	0x37390808  ORI	R25, R25, lo_addr(?lstr3_MatrixRGB_PIC+0)
0x9D0009BC	0x27BDFFFC  ADDIU	SP, SP, -4
0x9D0009C0	0x27B80004  ADDIU	R24, SP, 4
0x9D0009C4	0x27B70000  ADDIU	R23, SP, 0
0x9D0009C8	0x0F400176  JAL	___CC2DW+0
0x9D0009CC	0x26F60003  ADDIU	R22, R23, 3
0x9D0009D0	0x0F4000ED  JAL	_matrixrgb_scroll_text_left+0
0x9D0009D4	0x70000000  NOP	
0x9D0009D8	0x27BD0004  ADDIU	SP, SP, 4
;MatrixRGB_PIC.c, 29 :: 		matrixrgb_set_color( &my_color, 0, 0, 1 );
0x9D0009DC	0x27A20000  ADDIU	R2, SP, 0
0x9D0009E0	0x341C0001  ORI	R28, R0, 1
0x9D0009E4	0x0000D80A  MOVZ	R27, R0, R0
0x9D0009E8	0x0000D00A  MOVZ	R26, R0, R0
0x9D0009EC	0x0F40016F  JAL	_matrixrgb_set_color+0
0x9D0009F0	0x0040C80A  MOVZ	R25, R2, R0
;MatrixRGB_PIC.c, 30 :: 		matrixrgb_scroll_text_left( "B ", my_color, 17, 1 );
0x9D0009F4	0x341B0001  ORI	R27, R0, 1
0x9D0009F8	0x341A0011  ORI	R26, R0, 17
0x9D0009FC	0x3C19A000  LUI	R25, hi_addr(?lstr4_MatrixRGB_PIC+0)
0x9D000A00	0x37390882  ORI	R25, R25, lo_addr(?lstr4_MatrixRGB_PIC+0)
0x9D000A04	0x27BDFFFC  ADDIU	SP, SP, -4
0x9D000A08	0x27B80004  ADDIU	R24, SP, 4
0x9D000A0C	0x27B70000  ADDIU	R23, SP, 0
0x9D000A10	0x0F400176  JAL	___CC2DW+0
0x9D000A14	0x26F60003  ADDIU	R22, R23, 3
0x9D000A18	0x0F4000ED  JAL	_matrixrgb_scroll_text_left+0
0x9D000A1C	0x70000000  NOP	
0x9D000A20	0x27BD0004  ADDIU	SP, SP, 4
;MatrixRGB_PIC.c, 31 :: 		matrixrgb_set_color( &my_color, 1, 1, 1 );
0x9D000A24	0x27A20000  ADDIU	R2, SP, 0
0x9D000A28	0x341C0001  ORI	R28, R0, 1
0x9D000A2C	0x341B0001  ORI	R27, R0, 1
0x9D000A30	0x341A0001  ORI	R26, R0, 1
0x9D000A34	0x0F40016F  JAL	_matrixrgb_set_color+0
0x9D000A38	0x0040C80A  MOVZ	R25, R2, R0
;MatrixRGB_PIC.c, 32 :: 		matrixrgb_scroll_off_scrn_up( 30 );
0x9D000A3C	0x0F4000D7  JAL	_matrixrgb_scroll_off_scrn_up+0
0x9D000A40	0x3419001E  ORI	R25, R0, 30
;MatrixRGB_PIC.c, 33 :: 		matrixrgb_set_color( &my_color, 1, 0, 0 );
0x9D000A44	0x27A20000  ADDIU	R2, SP, 0
0x9D000A48	0x0000E00A  MOVZ	R28, R0, R0
0x9D000A4C	0x0000D80A  MOVZ	R27, R0, R0
0x9D000A50	0x341A0001  ORI	R26, R0, 1
0x9D000A54	0x0F40016F  JAL	_matrixrgb_set_color+0
0x9D000A58	0x0040C80A  MOVZ	R25, R2, R0
;MatrixRGB_PIC.c, 34 :: 		matrixrgb_scroll_text_left( "By: ", my_color, 17, 4 );
0x9D000A5C	0x341B0004  ORI	R27, R0, 4
0x9D000A60	0x341A0011  ORI	R26, R0, 17
0x9D000A64	0x3C19A000  LUI	R25, hi_addr(?lstr5_MatrixRGB_PIC+0)
0x9D000A68	0x3739087D  ORI	R25, R25, lo_addr(?lstr5_MatrixRGB_PIC+0)
0x9D000A6C	0x27BDFFFC  ADDIU	SP, SP, -4
0x9D000A70	0x27B80004  ADDIU	R24, SP, 4
0x9D000A74	0x27B70000  ADDIU	R23, SP, 0
0x9D000A78	0x0F400176  JAL	___CC2DW+0
0x9D000A7C	0x26F60003  ADDIU	R22, R23, 3
0x9D000A80	0x0F4000ED  JAL	_matrixrgb_scroll_text_left+0
0x9D000A84	0x70000000  NOP	
0x9D000A88	0x27BD0004  ADDIU	SP, SP, 4
;MatrixRGB_PIC.c, 35 :: 		matrixrgb_set_color( &my_color, 1, 1, 1 );
0x9D000A8C	0x27A20000  ADDIU	R2, SP, 0
0x9D000A90	0x341C0001  ORI	R28, R0, 1
0x9D000A94	0x341B0001  ORI	R27, R0, 1
0x9D000A98	0x341A0001  ORI	R26, R0, 1
0x9D000A9C	0x0F40016F  JAL	_matrixrgb_set_color+0
0x9D000AA0	0x0040C80A  MOVZ	R25, R2, R0
;MatrixRGB_PIC.c, 36 :: 		matrixrgb_scroll_text_left( "Corey ", my_color, 17, 6 );
0x9D000AA4	0x341B0006  ORI	R27, R0, 6
0x9D000AA8	0x341A0011  ORI	R26, R0, 17
0x9D000AAC	0x3C19A000  LUI	R25, hi_addr(?lstr6_MatrixRGB_PIC+0)
0x9D000AB0	0x3739088C  ORI	R25, R25, lo_addr(?lstr6_MatrixRGB_PIC+0)
0x9D000AB4	0x27BDFFFC  ADDIU	SP, SP, -4
0x9D000AB8	0x27B80004  ADDIU	R24, SP, 4
0x9D000ABC	0x27B70000  ADDIU	R23, SP, 0
0x9D000AC0	0x0F400176  JAL	___CC2DW+0
0x9D000AC4	0x26F60003  ADDIU	R22, R23, 3
0x9D000AC8	0x0F4000ED  JAL	_matrixrgb_scroll_text_left+0
0x9D000ACC	0x70000000  NOP	
0x9D000AD0	0x27BD0004  ADDIU	SP, SP, 4
;MatrixRGB_PIC.c, 37 :: 		matrixrgb_set_color( &my_color, 0, 0, 1 );
0x9D000AD4	0x27A20000  ADDIU	R2, SP, 0
0x9D000AD8	0x341C0001  ORI	R28, R0, 1
0x9D000ADC	0x0000D80A  MOVZ	R27, R0, R0
0x9D000AE0	0x0000D00A  MOVZ	R26, R0, R0
0x9D000AE4	0x0F40016F  JAL	_matrixrgb_set_color+0
0x9D000AE8	0x0040C80A  MOVZ	R25, R2, R0
;MatrixRGB_PIC.c, 38 :: 		matrixrgb_scroll_text_left( "Lakey ", my_color, 17, 6 );
0x9D000AEC	0x341B0006  ORI	R27, R0, 6
0x9D000AF0	0x341A0011  ORI	R26, R0, 17
0x9D000AF4	0x3C19A000  LUI	R25, hi_addr(?lstr7_MatrixRGB_PIC+0)
0x9D000AF8	0x37390885  ORI	R25, R25, lo_addr(?lstr7_MatrixRGB_PIC+0)
0x9D000AFC	0x27BDFFFC  ADDIU	SP, SP, -4
0x9D000B00	0x27B80004  ADDIU	R24, SP, 4
0x9D000B04	0x27B70000  ADDIU	R23, SP, 0
0x9D000B08	0x0F400176  JAL	___CC2DW+0
0x9D000B0C	0x26F60003  ADDIU	R22, R23, 3
0x9D000B10	0x0F4000ED  JAL	_matrixrgb_scroll_text_left+0
0x9D000B14	0x70000000  NOP	
0x9D000B18	0x27BD0004  ADDIU	SP, SP, 4
;MatrixRGB_PIC.c, 39 :: 		matrixrgb_scroll_off_scrn_left( 17 );
0x9D000B1C	0x0F400159  JAL	_matrixrgb_scroll_off_scrn_left+0
0x9D000B20	0x34190011  ORI	R25, R0, 17
;MatrixRGB_PIC.c, 40 :: 		matrixrgb_scroll_img_right( MikroeBITMAP_bmp, 64, 16, 25 );
0x9D000B24	0x341C0019  ORI	R28, R0, 25
0x9D000B28	0x341B0010  ORI	R27, R0, 16
0x9D000B2C	0x341A0040  ORI	R26, R0, 64
0x9D000B30	0x3C19A000  LUI	R25, hi_addr(_MikroeBITMAP_bmp+0)
0x9D000B34	0x0F4001CC  JAL	_matrixrgb_scroll_img_right+0
0x9D000B38	0x37390008  ORI	R25, R25, lo_addr(_MikroeBITMAP_bmp+0)
;MatrixRGB_PIC.c, 41 :: 		matrixrgb_scroll_off_scrn_right( 10 );
0x9D000B3C	0x0F400143  JAL	_matrixrgb_scroll_off_scrn_right+0
0x9D000B40	0x3419000A  ORI	R25, R0, 10
;MatrixRGB_PIC.c, 43 :: 		while(1)
L_main0:
;MatrixRGB_PIC.c, 45 :: 		matrixrgb_set_color( &my_color, 1, 1, 1 );
0x9D000B44	0x27A20000  ADDIU	R2, SP, 0
0x9D000B48	0x341C0001  ORI	R28, R0, 1
0x9D000B4C	0x341B0001  ORI	R27, R0, 1
0x9D000B50	0x341A0001  ORI	R26, R0, 1
0x9D000B54	0x0F40016F  JAL	_matrixrgb_set_color+0
0x9D000B58	0x0040C80A  MOVZ	R25, R2, R0
;MatrixRGB_PIC.c, 46 :: 		matrixrgb_scroll_text_left( "Matrix", my_color, 20, 10 );
0x9D000B5C	0x341B000A  ORI	R27, R0, 10
0x9D000B60	0x341A0014  ORI	R26, R0, 20
0x9D000B64	0x3C19A000  LUI	R25, hi_addr(?lstr8_MatrixRGB_PIC+0)
0x9D000B68	0x37390876  ORI	R25, R25, lo_addr(?lstr8_MatrixRGB_PIC+0)
0x9D000B6C	0x27BDFFFC  ADDIU	SP, SP, -4
0x9D000B70	0x27B80004  ADDIU	R24, SP, 4
0x9D000B74	0x27B70000  ADDIU	R23, SP, 0
0x9D000B78	0x0F400176  JAL	___CC2DW+0
0x9D000B7C	0x26F60003  ADDIU	R22, R23, 3
0x9D000B80	0x0F4000ED  JAL	_matrixrgb_scroll_text_left+0
0x9D000B84	0x70000000  NOP	
0x9D000B88	0x27BD0004  ADDIU	SP, SP, 4
;MatrixRGB_PIC.c, 47 :: 		matrixrgb_set_color( &my_color, 1, 0, 0 );
0x9D000B8C	0x27A20000  ADDIU	R2, SP, 0
0x9D000B90	0x0000E00A  MOVZ	R28, R0, R0
0x9D000B94	0x0000D80A  MOVZ	R27, R0, R0
0x9D000B98	0x341A0001  ORI	R26, R0, 1
0x9D000B9C	0x0F40016F  JAL	_matrixrgb_set_color+0
0x9D000BA0	0x0040C80A  MOVZ	R25, R2, R0
;MatrixRGB_PIC.c, 48 :: 		matrixrgb_scroll_text_left( "R", my_color, 20, 1 );
0x9D000BA4	0x341B0001  ORI	R27, R0, 1
0x9D000BA8	0x341A0014  ORI	R26, R0, 20
0x9D000BAC	0x3C19A000  LUI	R25, hi_addr(?lstr9_MatrixRGB_PIC+0)
0x9D000BB0	0x37390872  ORI	R25, R25, lo_addr(?lstr9_MatrixRGB_PIC+0)
0x9D000BB4	0x27BDFFFC  ADDIU	SP, SP, -4
0x9D000BB8	0x27B80004  ADDIU	R24, SP, 4
0x9D000BBC	0x27B70000  ADDIU	R23, SP, 0
0x9D000BC0	0x0F400176  JAL	___CC2DW+0
0x9D000BC4	0x26F60003  ADDIU	R22, R23, 3
0x9D000BC8	0x0F4000ED  JAL	_matrixrgb_scroll_text_left+0
0x9D000BCC	0x70000000  NOP	
0x9D000BD0	0x27BD0004  ADDIU	SP, SP, 4
;MatrixRGB_PIC.c, 49 :: 		matrixrgb_set_color( &my_color, 0, 1, 0 );
0x9D000BD4	0x27A20000  ADDIU	R2, SP, 0
0x9D000BD8	0x0000E00A  MOVZ	R28, R0, R0
0x9D000BDC	0x341B0001  ORI	R27, R0, 1
0x9D000BE0	0x0000D00A  MOVZ	R26, R0, R0
0x9D000BE4	0x0F40016F  JAL	_matrixrgb_set_color+0
0x9D000BE8	0x0040C80A  MOVZ	R25, R2, R0
;MatrixRGB_PIC.c, 50 :: 		matrixrgb_scroll_text_left( "G", my_color, 20, 1 );
0x9D000BEC	0x341B0001  ORI	R27, R0, 1
0x9D000BF0	0x341A0014  ORI	R26, R0, 20
0x9D000BF4	0x3C19A000  LUI	R25, hi_addr(?lstr10_MatrixRGB_PIC+0)
0x9D000BF8	0x37390870  ORI	R25, R25, lo_addr(?lstr10_MatrixRGB_PIC+0)
0x9D000BFC	0x27BDFFFC  ADDIU	SP, SP, -4
0x9D000C00	0x27B80004  ADDIU	R24, SP, 4
0x9D000C04	0x27B70000  ADDIU	R23, SP, 0
0x9D000C08	0x0F400176  JAL	___CC2DW+0
0x9D000C0C	0x26F60003  ADDIU	R22, R23, 3
0x9D000C10	0x0F4000ED  JAL	_matrixrgb_scroll_text_left+0
0x9D000C14	0x70000000  NOP	
0x9D000C18	0x27BD0004  ADDIU	SP, SP, 4
;MatrixRGB_PIC.c, 51 :: 		matrixrgb_set_color( &my_color, 0, 0, 1 );
0x9D000C1C	0x27A20000  ADDIU	R2, SP, 0
0x9D000C20	0x341C0001  ORI	R28, R0, 1
0x9D000C24	0x0000D80A  MOVZ	R27, R0, R0
0x9D000C28	0x0000D00A  MOVZ	R26, R0, R0
0x9D000C2C	0x0F40016F  JAL	_matrixrgb_set_color+0
0x9D000C30	0x0040C80A  MOVZ	R25, R2, R0
;MatrixRGB_PIC.c, 52 :: 		matrixrgb_scroll_text_left( "B", my_color, 20, 1 );
0x9D000C34	0x341B0001  ORI	R27, R0, 1
0x9D000C38	0x341A0014  ORI	R26, R0, 20
0x9D000C3C	0x3C19A000  LUI	R25, hi_addr(?lstr11_MatrixRGB_PIC+0)
0x9D000C40	0x37390874  ORI	R25, R25, lo_addr(?lstr11_MatrixRGB_PIC+0)
0x9D000C44	0x27BDFFFC  ADDIU	SP, SP, -4
0x9D000C48	0x27B80004  ADDIU	R24, SP, 4
0x9D000C4C	0x27B70000  ADDIU	R23, SP, 0
0x9D000C50	0x0F400176  JAL	___CC2DW+0
0x9D000C54	0x26F60003  ADDIU	R22, R23, 3
0x9D000C58	0x0F4000ED  JAL	_matrixrgb_scroll_text_left+0
0x9D000C5C	0x70000000  NOP	
;MatrixRGB_PIC.c, 53 :: 		matrixrgb_refresh();
0x9D000C60	0x0F400134  JAL	_matrixrgb_refresh+0
0x9D000C64	0x27BD0004  ADDIU	SP, SP, 4
;MatrixRGB_PIC.c, 54 :: 		}
0x9D000C68	0x0B4002D1  J	L_main0
0x9D000C6C	0x70000000  NOP	
;MatrixRGB_PIC.c, 55 :: 		}
L_end_main:
L__main_end_loop:
0x9D000C70	0x0B40031C  J	L__main_end_loop
0x9D000C74	0x70000000  NOP	
; end of _main
___CC2DW:
;__Lib_System.c, 4 :: 		
0x9D0005D8	0x27BDFFFC  ADDIU	SP, SP, -4
;__Lib_System.c, 6 :: 		
L_loopDW:
;__Lib_System.c, 7 :: 		
0x9D0005DC	0x831E0000  LB	R30, 0(R24)
;__Lib_System.c, 8 :: 		
0x9D0005E0	0xA2FE0000  SB	R30, 0(R23)
;__Lib_System.c, 9 :: 		
0x9D0005E4	0x26F70001  ADDIU	R23, R23, 1
;__Lib_System.c, 10 :: 		
0x9D0005E8	0x16F6FFFC  BNE	R23, R22, L_loopDW
;__Lib_System.c, 11 :: 		
0x9D0005EC	0x27180001  ADDIU	R24, R24, 1
;__Lib_System.c, 13 :: 		
L_end___CC2DW:
0x9D0005F0	0x03E00008  JR	RA
0x9D0005F4	0x27BD0004  ADDIU	SP, SP, 4
; end of ___CC2DW
_system_setup:
;MatrixRGB_PIC.c, 57 :: 		void system_setup( char brightness, uint8_t width, uint8_t height )
0x9D0005F8	0x27BDFFF4  ADDIU	SP, SP, -12
0x9D0005FC	0xAFBF0000  SW	RA, 0(SP)
;MatrixRGB_PIC.c, 59 :: 		MATRIXRGB_CS_DIR = 0;
0x9D000600	0xAFBC0004  SW	R28, 4(SP)
0x9D000604	0x34020004  ORI	R2, R0, 0x0004
0x9D000608	0x3C1EBF88  LUI	R30, 49032
0x9D00060C	0xA3C26084  SB	R2, 24708(R30)
;MatrixRGB_PIC.c, 60 :: 		MATRIXRGB_READY_DIR = 1;
0x9D000610	0x34020001  ORI	R2, R0, 0x0001
0x9D000614	0x3C1EBF88  LUI	R30, 49032
0x9D000618	0xA3C26109  SB	R2, 24841(R30)
;MatrixRGB_PIC.c, 61 :: 		MATRIXRGB_RST_DIR = 0;
0x9D00061C	0x34020002  ORI	R2, R0, 0x0002
0x9D000620	0x3C1EBF88  LUI	R30, 49032
0x9D000624	0xA3C26084  SB	R2, 24708(R30)
;MatrixRGB_PIC.c, 64 :: 		SPI3_Init_Advanced( _SPI_MASTER, _SPI_8_BIT, 2, _SPI_SS_DISABLE,
0x9D000628	0xA3BB0008  SB	R27, 8(SP)
0x9D00062C	0xA3BA0009  SB	R26, 9(SP)
0x9D000630	0xA3B9000A  SB	R25, 10(SP)
0x9D000634	0x0000E00A  MOVZ	R28, R0, R0
0x9D000638	0x341B0002  ORI	R27, R0, 2
0x9D00063C	0x0000D00A  MOVZ	R26, R0, R0
0x9D000640	0x34190020  ORI	R25, R0, 32
;MatrixRGB_PIC.c, 66 :: 		_SPI_IDLE_2_ACTIVE );
0x9D000644	0x34020100  ORI	R2, R0, 256
0x9D000648	0x27BDFFF8  ADDIU	SP, SP, -8
0x9D00064C	0xA7A20004  SH	R2, 4(SP)
;MatrixRGB_PIC.c, 65 :: 		_SPI_DATA_SAMPLE_END, _SPI_CLK_IDLE_LOW,
0x9D000650	0xA7A00002  SH	R0, 2(SP)
0x9D000654	0x34020200  ORI	R2, R0, 512
;MatrixRGB_PIC.c, 66 :: 		_SPI_IDLE_2_ACTIVE );
0x9D000658	0x0F4000AE  JAL	_SPI3_Init_Advanced+0
0x9D00065C	0xA7A20000  SH	R2, 0(SP)
0x9D000660	0x27BD0008  ADDIU	SP, SP, 8
;MatrixRGB_PIC.c, 64 :: 		SPI3_Init_Advanced( _SPI_MASTER, _SPI_8_BIT, 2, _SPI_SS_DISABLE,
0x9D000664	0x93B9000A  LBU	R25, 10(SP)
0x9D000668	0x93BA0009  LBU	R26, 9(SP)
0x9D00066C	0x93BB0008  LBU	R27, 8(SP)
;MatrixRGB_PIC.c, 68 :: 		MATRIXRGB_RST = 0;        //Reset slave ( toggle )
0x9D000670	0x34020002  ORI	R2, R0, 0x0002
0x9D000674	0x3C1EBF88  LUI	R30, 49032
0x9D000678	0xA3C26094  SB	R2, 24724(R30)
;MatrixRGB_PIC.c, 69 :: 		MATRIXRGB_RST = 1;
0x9D00067C	0x34020002  ORI	R2, R0, 0x0002
0x9D000680	0x3C1EBF88  LUI	R30, 49032
0x9D000684	0xA3C26098  SB	R2, 24728(R30)
;MatrixRGB_PIC.c, 70 :: 		Delay_ms(200);
0x9D000688	0x3C180008  LUI	R24, 8
0x9D00068C	0x37182354  ORI	R24, R24, 9044
L_system_setup2:
0x9D000690	0x2718FFFF  ADDIU	R24, R24, -1
0x9D000694	0x1700FFFE  BNE	R24, R0, L_system_setup2
0x9D000698	0x70000000  NOP	
0x9D00069C	0x70000000  NOP	
0x9D0006A0	0x70000000  NOP	
;MatrixRGB_PIC.c, 72 :: 		matrixrgb_init( brightness, width, height );
0x9D0006A4	0x0F40008B  JAL	_matrixrgb_init+0
0x9D0006A8	0x70000000  NOP	
;MatrixRGB_PIC.c, 73 :: 		Delay_ms(200);
0x9D0006AC	0x3C180008  LUI	R24, 8
0x9D0006B0	0x37182354  ORI	R24, R24, 9044
L_system_setup4:
0x9D0006B4	0x2718FFFF  ADDIU	R24, R24, -1
0x9D0006B8	0x1700FFFE  BNE	R24, R0, L_system_setup4
0x9D0006BC	0x70000000  NOP	
0x9D0006C0	0x70000000  NOP	
0x9D0006C4	0x70000000  NOP	
;MatrixRGB_PIC.c, 75 :: 		}
L_end_system_setup:
0x9D0006C8	0x8FBC0004  LW	R28, 4(SP)
0x9D0006CC	0x8FBF0000  LW	RA, 0(SP)
0x9D0006D0	0x03E00008  JR	RA
0x9D0006D4	0x27BD000C  ADDIU	SP, SP, 12
; end of _system_setup
_SPI3_Init_Advanced:
;__Lib_SPI_1234.c, 138 :: 		
0x9D0002B8	0x27BDFFFC  ADDIU	SP, SP, -4
; data_sample start address is: 16 (R4)
0x9D0002BC	0x97A40004  LHU	R4, 4(SP)
; clock_idle start address is: 20 (R5)
0x9D0002C0	0x97A50006  LHU	R5, 6(SP)
; edge start address is: 24 (R6)
0x9D0002C4	0x97A60008  LHU	R6, 8(SP)
;__Lib_SPI_1234.c, 140 :: 		
0x9D0002C8	0x3C029D00  LUI	R2, hi_addr(_SPI3_Read+0)
0x9D0002CC	0x344200A8  ORI	R2, R2, lo_addr(_SPI3_Read+0)
0x9D0002D0	0xAC22889C  SW	R2, Offset(_SPI_Rd_Ptr+0)(GP)
;__Lib_SPI_1234.c, 141 :: 		
0x9D0002D4	0x3C029D00  LUI	R2, hi_addr(_SPI3_Write+0)
0x9D0002D8	0x344200E0  ORI	R2, R2, lo_addr(_SPI3_Write+0)
0x9D0002DC	0xAC228894  SW	R2, Offset(_SPI_Wr_Ptr+0)(GP)
;__Lib_SPI_1234.c, 143 :: 		
0x9D0002E0	0x3362FFFF  ANDI	R2, R27, 65535
0x9D0002E4	0x00021042  SRL	R2, R2, 1
0x9D0002E8	0x2442FFFF  ADDIU	R2, R2, -1
0x9D0002EC	0x3042FFFF  ANDI	R2, R2, 65535
0x9D0002F0	0x3C1EBF80  LUI	R30, 49024
0x9D0002F4	0xAFC25830  SW	R2, 22576(R30)
;__Lib_SPI_1234.c, 144 :: 		
0x9D0002F8	0x3C1EBF80  LUI	R30, 49024
0x9D0002FC	0xAFC05800  SW	R0, 22528(R30)
;__Lib_SPI_1234.c, 145 :: 		
0x9D000300	0x3C1EBF80  LUI	R30, 49024
0x9D000304	0xAFC05810  SW	R0, 22544(R30)
;__Lib_SPI_1234.c, 147 :: 		
0x9D000308	0x3323FFFF  ANDI	R3, R25, 65535
0x9D00030C	0x3C1EBF80  LUI	R30, 49024
0x9D000310	0x8FC25800  LW	R2, 22528(R30)
0x9D000314	0x00431825  OR	R3, R2, R3
0x9D000318	0x3342FFFF  ANDI	R2, R26, 65535
0x9D00031C	0x00621825  OR	R3, R3, R2
0x9D000320	0x3382FFFF  ANDI	R2, R28, 65535
0x9D000324	0x00621825  OR	R3, R3, R2
0x9D000328	0x3082FFFF  ANDI	R2, R4, 65535
; data_sample end address is: 16 (R4)
0x9D00032C	0x00621825  OR	R3, R3, R2
0x9D000330	0x30A2FFFF  ANDI	R2, R5, 65535
; clock_idle end address is: 20 (R5)
0x9D000334	0x00621825  OR	R3, R3, R2
0x9D000338	0x30C2FFFF  ANDI	R2, R6, 65535
; edge end address is: 24 (R6)
0x9D00033C	0x00621025  OR	R2, R3, R2
0x9D000340	0x3C1EBF80  LUI	R30, 49024
0x9D000344	0xAFC25800  SW	R2, 22528(R30)
;__Lib_SPI_1234.c, 149 :: 		
0x9D000348	0x34028000  ORI	R2, R0, 32768
0x9D00034C	0x3C1EBF80  LUI	R30, 49024
0x9D000350	0xAFC25808  SW	R2, 22536(R30)
;__Lib_SPI_1234.c, 150 :: 		
L_end_SPI3_Init_Advanced:
0x9D000354	0x03E00008  JR	RA
0x9D000358	0x27BD0004  ADDIU	SP, SP, 4
; end of _SPI3_Init_Advanced
_matrixrgb_init:
;matrixrgb_hw.c, 74 :: 		void matrixrgb_init( char level, uint8_t width, uint8_t height )
0x9D00022C	0x27BDFFF0  ADDIU	SP, SP, -16
0x9D000230	0xAFBF0000  SW	RA, 0(SP)
;matrixrgb_hw.c, 76 :: 		matrixrgb_hal_init();
0x9D000234	0xAFB90004  SW	R25, 4(SP)
0x9D000238	0xAFBA0008  SW	R26, 8(SP)
0x9D00023C	0xA3BB000C  SB	R27, 12(SP)
0x9D000240	0xA3BA000D  SB	R26, 13(SP)
0x9D000244	0x0F400062  JAL	_matrixrgb_hal_init+0
0x9D000248	0xA3B9000E  SB	R25, 14(SP)
;matrixrgb_hw.c, 77 :: 		Delay_ms(300);
0x9D00024C	0x3C18000C  LUI	R24, 12
0x9D000250	0x371834FF  ORI	R24, R24, 13567
L_matrixrgb_init0:
0x9D000254	0x2718FFFF  ADDIU	R24, R24, -1
0x9D000258	0x1700FFFE  BNE	R24, R0, L_matrixrgb_init0
0x9D00025C	0x70000000  NOP	
0x9D000260	0x70000000  NOP	
;matrixrgb_hw.c, 79 :: 		spi_buffer[0] = SETUP_CMD;
0x9D000264	0x34020001  ORI	R2, R0, 1
0x9D000268	0xA022880C  SB	R2, Offset(_spi_buffer+0)(GP)
;matrixrgb_hw.c, 80 :: 		matrixrgb_hal_write( &spi_buffer, 1 );
0x9D00026C	0x341A0001  ORI	R26, R0, 1
0x9D000270	0x3C19A000  LUI	R25, hi_addr(_spi_buffer+0)
0x9D000274	0x0F40006C  JAL	_matrixrgb_hal_write+0
0x9D000278	0x3739080C  ORI	R25, R25, lo_addr(_spi_buffer+0)
0x9D00027C	0x93B9000E  LBU	R25, 14(SP)
0x9D000280	0x93BA000D  LBU	R26, 13(SP)
0x9D000284	0x93BB000C  LBU	R27, 12(SP)
;matrixrgb_hw.c, 81 :: 		spi_buffer[0] = level;
0x9D000288	0xA039880C  SB	R25, Offset(_spi_buffer+0)(GP)
;matrixrgb_hw.c, 82 :: 		spi_buffer[1] = width;
0x9D00028C	0xA03A880D  SB	R26, Offset(_spi_buffer+1)(GP)
;matrixrgb_hw.c, 83 :: 		spi_buffer[2] = height;
0x9D000290	0xA03B880E  SB	R27, Offset(_spi_buffer+2)(GP)
;matrixrgb_hw.c, 84 :: 		matrixrgb_hal_write( &spi_buffer, 3 );
0x9D000294	0x341A0003  ORI	R26, R0, 3
0x9D000298	0x3C19A000  LUI	R25, hi_addr(_spi_buffer+0)
0x9D00029C	0x0F40006C  JAL	_matrixrgb_hal_write+0
0x9D0002A0	0x3739080C  ORI	R25, R25, lo_addr(_spi_buffer+0)
;matrixrgb_hw.c, 86 :: 		}
L_end_matrixrgb_init:
0x9D0002A4	0x8FBA0008  LW	R26, 8(SP)
0x9D0002A8	0x8FB90004  LW	R25, 4(SP)
0x9D0002AC	0x8FBF0000  LW	RA, 0(SP)
0x9D0002B0	0x03E00008  JR	RA
0x9D0002B4	0x27BD0010  ADDIU	SP, SP, 16
; end of _matrixrgb_init
_matrixrgb_hal_init:
;matrixrgb_hal.c, 89 :: 		void matrixrgb_hal_init()
0x9D000188	0x27BDFFFC  ADDIU	SP, SP, -4
0x9D00018C	0xAFBF0000  SW	RA, 0(SP)
;matrixrgb_hal.c, 96 :: 		write_spi_p             = SPI_Wr_Ptr;
0x9D000190	0x8C228894  LW	R2, Offset(_SPI_Wr_Ptr+0)(GP)
0x9D000194	0xAC228898  SW	R2, Offset(matrixrgb_hal_write_spi_p+0)(GP)
;matrixrgb_hal.c, 97 :: 		read_spi_p              = SPI_Rd_Ptr;
0x9D000198	0x8C22889C  LW	R2, Offset(_SPI_Rd_Ptr+0)(GP)
;matrixrgb_hal.c, 109 :: 		matrixrgb_hal_cs_high();
0x9D00019C	0x0F40005B  JAL	_matrixrgb_hal_cs_high+0
0x9D0001A0	0xAC2288A0  SW	R2, Offset(matrixrgb_hal_read_spi_p+0)(GP)
;matrixrgb_hal.c, 110 :: 		}
L_end_matrixrgb_hal_init:
0x9D0001A4	0x8FBF0000  LW	RA, 0(SP)
0x9D0001A8	0x03E00008  JR	RA
0x9D0001AC	0x27BD0004  ADDIU	SP, SP, 4
; end of _matrixrgb_hal_init
_matrixrgb_hal_cs_high:
;matrixrgb_hal.c, 79 :: 		void matrixrgb_hal_cs_high()
;matrixrgb_hal.c, 81 :: 		MATRIXRGB_CS = 1;
0x9D00016C	0x3C1EBF88  LUI	R30, 49032
0x9D000170	0x83C26090  LB	R2, 24720(R30)
0x9D000174	0x34420004  ORI	R2, R2, 0x0004
0x9D000178	0x3C1EBF88  LUI	R30, 49032
0x9D00017C	0xA3C26090  SB	R2, 24720(R30)
;matrixrgb_hal.c, 82 :: 		}
L_end_matrixrgb_hal_cs_high:
0x9D000180	0x03E00008  JR	RA
0x9D000184	0x70000000  NOP	
; end of _matrixrgb_hal_cs_high
_matrixrgb_hal_write:
;matrixrgb_hal.c, 113 :: 		uint16_t count )
0x9D0001B0	0x27BDFFF4  ADDIU	SP, SP, -12
0x9D0001B4	0xAFBF0000  SW	RA, 0(SP)
;matrixrgb_hal.c, 116 :: 		while( MATRIXRGB_READY != 1 );  //Wait till slave is ready
L_matrixrgb_hal_write0:
0x9D0001B8	0x3C1EBF88  LUI	R30, 49032
0x9D0001BC	0x83C26111  LB	R2, 24849(R30)
0x9D0001C0	0x7C420000  EXT	R2, R2, 0, 1
0x9D0001C4	0x14400003  BNE	R2, 1, L_matrixrgb_hal_write1
0x9D0001C8	0x70000000  NOP	
L__matrixrgb_hal_write10:
0x9D0001CC	0x0B40006E  J	L_matrixrgb_hal_write0
0x9D0001D0	0x70000000  NOP	
L_matrixrgb_hal_write1:
;matrixrgb_hal.c, 118 :: 		while( count-- )
L_matrixrgb_hal_write2:
0x9D0001D4	0x3343FFFF  ANDI	R3, R26, 65535
0x9D0001D8	0x2742FFFF  ADDIU	R2, R26, -1
0x9D0001DC	0x10600010  BEQ	R3, R0, L_matrixrgb_hal_write3
0x9D0001E0	0x305AFFFF  ANDI	R26, R2, 65535
L__matrixrgb_hal_write12:
;matrixrgb_hal.c, 120 :: 		matrixrgb_hal_cs_low();
0x9D0001E4	0x0F400046  JAL	_matrixrgb_hal_cs_low+0
0x9D0001E8	0x70000000  NOP	
;matrixrgb_hal.c, 121 :: 		write_spi_p( *( buffer++ ) );
0x9D0001EC	0xA7BA0004  SH	R26, 4(SP)
0x9D0001F0	0xAFB90008  SW	R25, 8(SP)
0x9D0001F4	0x93390000  LBU	R25, 0(R25)
0x9D0001F8	0x8C3E8898  LW	R30, Offset(matrixrgb_hal_write_spi_p+0)(GP)
0x9D0001FC	0x03C0F809  JALR	RA, R30
0x9D000200	0x70000000  NOP	
0x9D000204	0x8FB90008  LW	R25, 8(SP)
0x9D000208	0x97BA0004  LHU	R26, 4(SP)
0x9D00020C	0x27220001  ADDIU	R2, R25, 1
;matrixrgb_hal.c, 122 :: 		matrixrgb_hal_cs_high();
0x9D000210	0x0F40005B  JAL	_matrixrgb_hal_cs_high+0
0x9D000214	0x0040C80A  MOVZ	R25, R2, R0
;matrixrgb_hal.c, 123 :: 		}
0x9D000218	0x0B400075  J	L_matrixrgb_hal_write2
0x9D00021C	0x70000000  NOP	
L_matrixrgb_hal_write3:
;matrixrgb_hal.c, 125 :: 		}
L_end_matrixrgb_hal_write:
0x9D000220	0x8FBF0000  LW	RA, 0(SP)
0x9D000224	0x03E00008  JR	RA
0x9D000228	0x27BD000C  ADDIU	SP, SP, 12
; end of _matrixrgb_hal_write
_SPI1_Write:
;__Lib_SPI_1234.c, 40 :: 		
0x9D000150	0x27BDFFFC  ADDIU	SP, SP, -4
0x9D000154	0xAFBF0000  SW	RA, 0(SP)
;__Lib_SPI_1234.c, 41 :: 		
0x9D000158	0x0F40000E  JAL	_SPI1_Read+0
0x9D00015C	0x70000000  NOP	
;__Lib_SPI_1234.c, 42 :: 		
L_end_SPI1_Write:
0x9D000160	0x8FBF0000  LW	RA, 0(SP)
0x9D000164	0x03E00008  JR	RA
0x9D000168	0x27BD0004  ADDIU	SP, SP, 4
; end of _SPI1_Write
_SPI1_Read:
;__Lib_SPI_1234.c, 34 :: 		
0x9D000038	0x27BDFFFC  ADDIU	SP, SP, -4
;__Lib_SPI_1234.c, 35 :: 		
0x9D00003C	0x3C1EBF80  LUI	R30, 49024
0x9D000040	0xAFD95E20  SW	R25, 24096(R30)
;__Lib_SPI_1234.c, 36 :: 		
L_SPI1_Read0:
0x9D000044	0x3C1EBF80  LUI	R30, 49024
0x9D000048	0x93C25E10  LBU	R2, 24080(R30)
0x9D00004C	0x7C420000  EXT	R2, R2, 0, 1
0x9D000050	0x14400003  BNE	R2, R0, L_SPI1_Read1
0x9D000054	0x70000000  NOP	
L__SPI1_Read9:
0x9D000058	0x0B400011  J	L_SPI1_Read0
0x9D00005C	0x70000000  NOP	
L_SPI1_Read1:
;__Lib_SPI_1234.c, 37 :: 		
0x9D000060	0x3C1EBF80  LUI	R30, 49024
0x9D000064	0x8FC25E20  LW	R2, 24096(R30)
;__Lib_SPI_1234.c, 38 :: 		
L_end_SPI1_Read:
0x9D000068	0x03E00008  JR	RA
0x9D00006C	0x27BD0004  ADDIU	SP, SP, 4
; end of _SPI1_Read
_SPI2_Write:
;__Lib_SPI_1234.c, 86 :: 		
0x9D0000FC	0x27BDFFFC  ADDIU	SP, SP, -4
0x9D000100	0xAFBF0000  SW	RA, 0(SP)
;__Lib_SPI_1234.c, 87 :: 		
0x9D000104	0x0F400000  JAL	_SPI2_Read+0
0x9D000108	0x70000000  NOP	
;__Lib_SPI_1234.c, 88 :: 		
L_end_SPI2_Write:
0x9D00010C	0x8FBF0000  LW	RA, 0(SP)
0x9D000110	0x03E00008  JR	RA
0x9D000114	0x27BD0004  ADDIU	SP, SP, 4
; end of _SPI2_Write
_SPI2_Read:
;__Lib_SPI_1234.c, 80 :: 		
0x9D000000	0x27BDFFFC  ADDIU	SP, SP, -4
;__Lib_SPI_1234.c, 81 :: 		
0x9D000004	0x3C1EBF80  LUI	R30, 49024
0x9D000008	0xAFD95A20  SW	R25, 23072(R30)
;__Lib_SPI_1234.c, 82 :: 		
L_SPI2_Read2:
0x9D00000C	0x3C1EBF80  LUI	R30, 49024
0x9D000010	0x93C25A10  LBU	R2, 23056(R30)
0x9D000014	0x7C420000  EXT	R2, R2, 0, 1
0x9D000018	0x14400003  BNE	R2, R0, L_SPI2_Read3
0x9D00001C	0x70000000  NOP	
L__SPI2_Read14:
0x9D000020	0x0B400003  J	L_SPI2_Read2
0x9D000024	0x70000000  NOP	
L_SPI2_Read3:
;__Lib_SPI_1234.c, 83 :: 		
0x9D000028	0x3C1EBF80  LUI	R30, 49024
0x9D00002C	0x8FC25A20  LW	R2, 23072(R30)
;__Lib_SPI_1234.c, 84 :: 		
L_end_SPI2_Read:
0x9D000030	0x03E00008  JR	RA
0x9D000034	0x27BD0004  ADDIU	SP, SP, 4
; end of _SPI2_Read
_SPI3_Write:
;__Lib_SPI_1234.c, 133 :: 		
0x9D0000E0	0x27BDFFFC  ADDIU	SP, SP, -4
0x9D0000E4	0xAFBF0000  SW	RA, 0(SP)
;__Lib_SPI_1234.c, 134 :: 		
0x9D0000E8	0x0F40002A  JAL	_SPI3_Read+0
0x9D0000EC	0x70000000  NOP	
;__Lib_SPI_1234.c, 135 :: 		
L_end_SPI3_Write:
0x9D0000F0	0x8FBF0000  LW	RA, 0(SP)
0x9D0000F4	0x03E00008  JR	RA
0x9D0000F8	0x27BD0004  ADDIU	SP, SP, 4
; end of _SPI3_Write
_SPI3_Read:
;__Lib_SPI_1234.c, 127 :: 		
0x9D0000A8	0x27BDFFFC  ADDIU	SP, SP, -4
;__Lib_SPI_1234.c, 128 :: 		
0x9D0000AC	0x3C1EBF80  LUI	R30, 49024
0x9D0000B0	0xAFD95820  SW	R25, 22560(R30)
;__Lib_SPI_1234.c, 129 :: 		
L_SPI3_Read4:
0x9D0000B4	0x3C1EBF80  LUI	R30, 49024
0x9D0000B8	0x93C25810  LBU	R2, 22544(R30)
0x9D0000BC	0x7C420000  EXT	R2, R2, 0, 1
0x9D0000C0	0x14400003  BNE	R2, R0, L_SPI3_Read5
0x9D0000C4	0x70000000  NOP	
L__SPI3_Read19:
0x9D0000C8	0x0B40002D  J	L_SPI3_Read4
0x9D0000CC	0x70000000  NOP	
L_SPI3_Read5:
;__Lib_SPI_1234.c, 130 :: 		
0x9D0000D0	0x3C1EBF80  LUI	R30, 49024
0x9D0000D4	0x8FC25820  LW	R2, 22560(R30)
;__Lib_SPI_1234.c, 131 :: 		
L_end_SPI3_Read:
0x9D0000D8	0x03E00008  JR	RA
0x9D0000DC	0x27BD0004  ADDIU	SP, SP, 4
; end of _SPI3_Read
_SPI4_Write:
;__Lib_SPI_1234.c, 179 :: 		
0x9D000134	0x27BDFFFC  ADDIU	SP, SP, -4
0x9D000138	0xAFBF0000  SW	RA, 0(SP)
;__Lib_SPI_1234.c, 180 :: 		
0x9D00013C	0x0F40001C  JAL	_SPI4_Read+0
0x9D000140	0x70000000  NOP	
;__Lib_SPI_1234.c, 181 :: 		
L_end_SPI4_Write:
0x9D000144	0x8FBF0000  LW	RA, 0(SP)
0x9D000148	0x03E00008  JR	RA
0x9D00014C	0x27BD0004  ADDIU	SP, SP, 4
; end of _SPI4_Write
_SPI4_Read:
;__Lib_SPI_1234.c, 173 :: 		
0x9D000070	0x27BDFFFC  ADDIU	SP, SP, -4
;__Lib_SPI_1234.c, 174 :: 		
0x9D000074	0x3C1EBF80  LUI	R30, 49024
0x9D000078	0xAFD95C20  SW	R25, 23584(R30)
;__Lib_SPI_1234.c, 175 :: 		
L_SPI4_Read6:
0x9D00007C	0x3C1EBF80  LUI	R30, 49024
0x9D000080	0x93C25C10  LBU	R2, 23568(R30)
0x9D000084	0x7C420000  EXT	R2, R2, 0, 1
0x9D000088	0x14400003  BNE	R2, R0, L_SPI4_Read7
0x9D00008C	0x70000000  NOP	
L__SPI4_Read24:
0x9D000090	0x0B40001F  J	L_SPI4_Read6
0x9D000094	0x70000000  NOP	
L_SPI4_Read7:
;__Lib_SPI_1234.c, 176 :: 		
0x9D000098	0x3C1EBF80  LUI	R30, 49024
0x9D00009C	0x8FC25C20  LW	R2, 23584(R30)
;__Lib_SPI_1234.c, 177 :: 		
L_end_SPI4_Read:
0x9D0000A0	0x03E00008  JR	RA
0x9D0000A4	0x27BD0004  ADDIU	SP, SP, 4
; end of _SPI4_Read
_matrixrgb_hal_cs_low:
;matrixrgb_hal.c, 84 :: 		void matrixrgb_hal_cs_low()
;matrixrgb_hal.c, 86 :: 		MATRIXRGB_CS = 0;
0x9D000118	0x3C1EBF88  LUI	R30, 49032
0x9D00011C	0x83C26090  LB	R2, 24720(R30)
0x9D000120	0x7C021084  INS	R2, R0, 2, 1
0x9D000124	0x3C1EBF88  LUI	R30, 49032
0x9D000128	0xA3C26090  SB	R2, 24720(R30)
;matrixrgb_hal.c, 87 :: 		}
L_end_matrixrgb_hal_cs_low:
0x9D00012C	0x03E00008  JR	RA
0x9D000130	0x70000000  NOP	
; end of _matrixrgb_hal_cs_low
_matrixrgb_scroll_img_right:
;matrixrgb_hw.c, 130 :: 		void matrixrgb_scroll_img_right( uint8_t *bmp, uint8_t width, uint8_t height, uint8_t speed )
0x9D000730	0x27BDFFE8  ADDIU	SP, SP, -24
0x9D000734	0xAFBF0000  SW	RA, 0(SP)
;matrixrgb_hw.c, 133 :: 		uint8_t *ptr = bmp;
0x9D000738	0xAFB90004  SW	R25, 4(SP)
0x9D00073C	0xAFB90014  SW	R25, 20(SP)
;matrixrgb_hw.c, 135 :: 		spi_buffer[0] = SCROLL_IMG_RIGHT_CMD;         // Send command for image load
0x9D000740	0x34020004  ORI	R2, R0, 4
0x9D000744	0xA022880C  SB	R2, Offset(_spi_buffer+0)(GP)
;matrixrgb_hw.c, 136 :: 		matrixrgb_hal_write( &spi_buffer, 1 );
0x9D000748	0xA3BC0008  SB	R28, 8(SP)
0x9D00074C	0xA3BB0009  SB	R27, 9(SP)
0x9D000750	0xA3BA000A  SB	R26, 10(SP)
0x9D000754	0x341A0001  ORI	R26, R0, 1
0x9D000758	0x3C19A000  LUI	R25, hi_addr(_spi_buffer+0)
0x9D00075C	0x0F40006C  JAL	_matrixrgb_hal_write+0
0x9D000760	0x3739080C  ORI	R25, R25, lo_addr(_spi_buffer+0)
0x9D000764	0x93BA000A  LBU	R26, 10(SP)
0x9D000768	0x93BB0009  LBU	R27, 9(SP)
;matrixrgb_hw.c, 137 :: 		spi_buffer[0] = width;
0x9D00076C	0xA03A880C  SB	R26, Offset(_spi_buffer+0)(GP)
;matrixrgb_hw.c, 138 :: 		spi_buffer[1] = height;
0x9D000770	0xA03B880D  SB	R27, Offset(_spi_buffer+1)(GP)
;matrixrgb_hw.c, 139 :: 		matrixrgb_hal_write( &spi_buffer, 2 );
0x9D000774	0xA3BB0009  SB	R27, 9(SP)
0x9D000778	0xA3BA000A  SB	R26, 10(SP)
0x9D00077C	0x341A0002  ORI	R26, R0, 2
0x9D000780	0x3C19A000  LUI	R25, hi_addr(_spi_buffer+0)
0x9D000784	0x0F40006C  JAL	_matrixrgb_hal_write+0
0x9D000788	0x3739080C  ORI	R25, R25, lo_addr(_spi_buffer+0)
0x9D00078C	0x93BA000A  LBU	R26, 10(SP)
0x9D000790	0x93BB0009  LBU	R27, 9(SP)
0x9D000794	0x93BC0008  LBU	R28, 8(SP)
;matrixrgb_hw.c, 140 :: 		spi_buffer[0] = speed;
0x9D000798	0xA03C880C  SB	R28, Offset(_spi_buffer+0)(GP)
;matrixrgb_hw.c, 141 :: 		matrixrgb_hal_write( &spi_buffer, 1 );
0x9D00079C	0xA3BB0008  SB	R27, 8(SP)
0x9D0007A0	0xA3BA0009  SB	R26, 9(SP)
0x9D0007A4	0x341A0001  ORI	R26, R0, 1
0x9D0007A8	0x3C19A000  LUI	R25, hi_addr(_spi_buffer+0)
0x9D0007AC	0x0F40006C  JAL	_matrixrgb_hal_write+0
0x9D0007B0	0x3739080C  ORI	R25, R25, lo_addr(_spi_buffer+0)
0x9D0007B4	0x93BA0009  LBU	R26, 9(SP)
0x9D0007B8	0x93BB0008  LBU	R27, 8(SP)
;matrixrgb_hw.c, 143 :: 		for( i = 0; i < height; i++ )
0x9D0007BC	0xA7A00010  SH	R0, 16(SP)
L_matrixrgb_scroll_img_right14:
0x9D0007C0	0x336300FF  ANDI	R3, R27, 255
0x9D0007C4	0x97A20010  LHU	R2, 16(SP)
0x9D0007C8	0x0043102B  SLTU	R2, R2, R3
0x9D0007CC	0x1040002E  BEQ	R2, R0, L_matrixrgb_scroll_img_right15
0x9D0007D0	0x70000000  NOP	
L__matrixrgb_scroll_img_right34:
;matrixrgb_hw.c, 144 :: 		for( j = 0; j < width; j++ )
0x9D0007D4	0xA7A00012  SH	R0, 18(SP)
L_matrixrgb_scroll_img_right17:
0x9D0007D8	0x334300FF  ANDI	R3, R26, 255
0x9D0007DC	0x97A20012  LHU	R2, 18(SP)
0x9D0007E0	0x0043102B  SLTU	R2, R2, R3
0x9D0007E4	0x10400024  BEQ	R2, R0, L_matrixrgb_scroll_img_right18
0x9D0007E8	0x70000000  NOP	
L__matrixrgb_scroll_img_right35:
;matrixrgb_hw.c, 146 :: 		spi_buffer[0] = ptr[ 2 * ( i * width + j ) ];
0x9D0007EC	0x334300FF  ANDI	R3, R26, 255
0x9D0007F0	0x97A20010  LHU	R2, 16(SP)
0x9D0007F4	0x00430019  MULTU	R2, R3
0x9D0007F8	0x00001812  MFLO	R3
0x9D0007FC	0x97A20012  LHU	R2, 18(SP)
0x9D000800	0x00621021  ADDU	R2, R3, R2
0x9D000804	0x3042FFFF  ANDI	R2, R2, 65535
0x9D000808	0x00022040  SLL	R4, R2, 1
0x9D00080C	0x3083FFFF  ANDI	R3, R4, 65535
0x9D000810	0x8FA20014  LW	R2, 20(SP)
0x9D000814	0x00431021  ADDU	R2, R2, R3
0x9D000818	0x90420000  LBU	R2, 0(R2)
0x9D00081C	0xA022880C  SB	R2, Offset(_spi_buffer+0)(GP)
;matrixrgb_hw.c, 147 :: 		spi_buffer[1] = ptr[ 2 * ( i * width + j ) + 1 ];
0x9D000820	0x24820001  ADDIU	R2, R4, 1
0x9D000824	0x3043FFFF  ANDI	R3, R2, 65535
0x9D000828	0x8FA20014  LW	R2, 20(SP)
0x9D00082C	0x00431021  ADDU	R2, R2, R3
0x9D000830	0x90420000  LBU	R2, 0(R2)
0x9D000834	0xA022880D  SB	R2, Offset(_spi_buffer+1)(GP)
;matrixrgb_hw.c, 148 :: 		matrixrgb_hal_write( &spi_buffer, 2 );
0x9D000838	0xA3BC0008  SB	R28, 8(SP)
0x9D00083C	0xA3BB0009  SB	R27, 9(SP)
0x9D000840	0xA3BA000A  SB	R26, 10(SP)
0x9D000844	0xAFB9000C  SW	R25, 12(SP)
0x9D000848	0x341A0002  ORI	R26, R0, 2
0x9D00084C	0x3C19A000  LUI	R25, hi_addr(_spi_buffer+0)
0x9D000850	0x0F40006C  JAL	_matrixrgb_hal_write+0
0x9D000854	0x3739080C  ORI	R25, R25, lo_addr(_spi_buffer+0)
0x9D000858	0x8FB9000C  LW	R25, 12(SP)
0x9D00085C	0x93BA000A  LBU	R26, 10(SP)
0x9D000860	0x93BB0009  LBU	R27, 9(SP)
0x9D000864	0x93BC0008  LBU	R28, 8(SP)
;matrixrgb_hw.c, 144 :: 		for( j = 0; j < width; j++ )
0x9D000868	0x97A20012  LHU	R2, 18(SP)
0x9D00086C	0x24420001  ADDIU	R2, R2, 1
;matrixrgb_hw.c, 149 :: 		}
0x9D000870	0x0B4001F6  J	L_matrixrgb_scroll_img_right17
0x9D000874	0xA7A20012  SH	R2, 18(SP)
L_matrixrgb_scroll_img_right18:
;matrixrgb_hw.c, 143 :: 		for( i = 0; i < height; i++ )
0x9D000878	0x97A20010  LHU	R2, 16(SP)
0x9D00087C	0x24420001  ADDIU	R2, R2, 1
;matrixrgb_hw.c, 149 :: 		}
0x9D000880	0x0B4001F0  J	L_matrixrgb_scroll_img_right14
0x9D000884	0xA7A20010  SH	R2, 16(SP)
L_matrixrgb_scroll_img_right15:
;matrixrgb_hw.c, 150 :: 		}
L_end_matrixrgb_scroll_img_right:
0x9D000888	0x8FB90004  LW	R25, 4(SP)
0x9D00088C	0x8FBF0000  LW	RA, 0(SP)
0x9D000890	0x03E00008  JR	RA
0x9D000894	0x27BD0018  ADDIU	SP, SP, 24
; end of _matrixrgb_scroll_img_right
_matrixrgb_scroll_off_scrn_down:
;matrixrgb_hw.c, 268 :: 		void matrixrgb_scroll_off_scrn_down( uint8_t speed )
0x9D0006D8	0x27BDFFF0  ADDIU	SP, SP, -16
0x9D0006DC	0xAFBF0000  SW	RA, 0(SP)
;matrixrgb_hw.c, 270 :: 		spi_buffer[0] = DISPLAY_SCROLL_OFF_SCRN_DWN_CMD;
0x9D0006E0	0xAFB90004  SW	R25, 4(SP)
0x9D0006E4	0xAFBA0008  SW	R26, 8(SP)
0x9D0006E8	0x3402000F  ORI	R2, R0, 15
0x9D0006EC	0xA022880C  SB	R2, Offset(_spi_buffer+0)(GP)
;matrixrgb_hw.c, 271 :: 		matrixrgb_hal_write( &spi_buffer, 1 );
0x9D0006F0	0xA3B9000C  SB	R25, 12(SP)
0x9D0006F4	0x341A0001  ORI	R26, R0, 1
0x9D0006F8	0x3C19A000  LUI	R25, hi_addr(_spi_buffer+0)
0x9D0006FC	0x0F40006C  JAL	_matrixrgb_hal_write+0
0x9D000700	0x3739080C  ORI	R25, R25, lo_addr(_spi_buffer+0)
0x9D000704	0x93B9000C  LBU	R25, 12(SP)
;matrixrgb_hw.c, 273 :: 		spi_buffer[0] = speed;
0x9D000708	0xA039880C  SB	R25, Offset(_spi_buffer+0)(GP)
;matrixrgb_hw.c, 274 :: 		matrixrgb_hal_write( &spi_buffer, 1 );
0x9D00070C	0x341A0001  ORI	R26, R0, 1
0x9D000710	0x3C19A000  LUI	R25, hi_addr(_spi_buffer+0)
0x9D000714	0x0F40006C  JAL	_matrixrgb_hal_write+0
0x9D000718	0x3739080C  ORI	R25, R25, lo_addr(_spi_buffer+0)
;matrixrgb_hw.c, 275 :: 		}
L_end_matrixrgb_scroll_off_scrn_down:
0x9D00071C	0x8FBA0008  LW	R26, 8(SP)
0x9D000720	0x8FB90004  LW	R25, 4(SP)
0x9D000724	0x8FBF0000  LW	RA, 0(SP)
0x9D000728	0x03E00008  JR	RA
0x9D00072C	0x27BD0010  ADDIU	SP, SP, 16
; end of _matrixrgb_scroll_off_scrn_down
_matrixrgb_set_color:
;matrixrgb_hw.c, 309 :: 		void matrixrgb_set_color( color_t *color, uint8_t red_color, uint8_t green_color, uint8_t blue_color )
;matrixrgb_hw.c, 312 :: 		color->red   = red_color;
0x9D0005BC	0xA33A0000  SB	R26, 0(R25)
;matrixrgb_hw.c, 313 :: 		color->green = green_color;
0x9D0005C0	0x27220001  ADDIU	R2, R25, 1
0x9D0005C4	0xA05B0000  SB	R27, 0(R2)
;matrixrgb_hw.c, 314 :: 		color->blue  = blue_color;
0x9D0005C8	0x27220002  ADDIU	R2, R25, 2
0x9D0005CC	0xA05C0000  SB	R28, 0(R2)
;matrixrgb_hw.c, 316 :: 		}
L_end_matrixrgb_set_color:
0x9D0005D0	0x03E00008  JR	RA
0x9D0005D4	0x70000000  NOP	
; end of _matrixrgb_set_color
_matrixrgb_scroll_text_left:
;matrixrgb_hw.c, 175 :: 		void matrixrgb_scroll_text_left( char *text, color_t color, uint8_t speed , uint8_t text_size )
0x9D0003B4	0x27BDFFE8  ADDIU	SP, SP, -24
0x9D0003B8	0xAFBF0000  SW	RA, 0(SP)
;matrixrgb_hw.c, 177 :: 		uint8_t i = 0;
0x9D0003BC	0xAFB90004  SW	R25, 4(SP)
0x9D0003C0	0xAFBA0008  SW	R26, 8(SP)
;matrixrgb_hw.c, 178 :: 		uint8_t *ptr = text;
0x9D0003C4	0xAFB90014  SW	R25, 20(SP)
;matrixrgb_hw.c, 180 :: 		spi_buffer[0] = SCROLL_TEXT_LEFT_CMD;
0x9D0003C8	0x34020008  ORI	R2, R0, 8
0x9D0003CC	0xA022880C  SB	R2, Offset(_spi_buffer+0)(GP)
;matrixrgb_hw.c, 181 :: 		matrixrgb_hal_write( &spi_buffer, 1 );
0x9D0003D0	0xA3BB000C  SB	R27, 12(SP)
0x9D0003D4	0xA3BA000D  SB	R26, 13(SP)
0x9D0003D8	0x341A0001  ORI	R26, R0, 1
0x9D0003DC	0x3C19A000  LUI	R25, hi_addr(_spi_buffer+0)
0x9D0003E0	0x0F40006C  JAL	_matrixrgb_hal_write+0
0x9D0003E4	0x3739080C  ORI	R25, R25, lo_addr(_spi_buffer+0)
0x9D0003E8	0x93BA000D  LBU	R26, 13(SP)
0x9D0003EC	0x93BB000C  LBU	R27, 12(SP)
;matrixrgb_hw.c, 182 :: 		spi_buffer[0] = text_size;
0x9D0003F0	0xA03B880C  SB	R27, Offset(_spi_buffer+0)(GP)
;matrixrgb_hw.c, 183 :: 		matrixrgb_hal_write( &spi_buffer, 1 );
0x9D0003F4	0xA3BB000C  SB	R27, 12(SP)
0x9D0003F8	0xA3BA000D  SB	R26, 13(SP)
0x9D0003FC	0x341A0001  ORI	R26, R0, 1
0x9D000400	0x3C19A000  LUI	R25, hi_addr(_spi_buffer+0)
0x9D000404	0x0F40006C  JAL	_matrixrgb_hal_write+0
0x9D000408	0x3739080C  ORI	R25, R25, lo_addr(_spi_buffer+0)
;matrixrgb_hw.c, 184 :: 		spi_buffer[0] = color.red;
0x9D00040C	0x93A20018  LBU	R2, 24(SP)
0x9D000410	0xA022880C  SB	R2, Offset(_spi_buffer+0)(GP)
;matrixrgb_hw.c, 185 :: 		spi_buffer[1] = color.green;
0x9D000414	0x93A20019  LBU	R2, 25(SP)
0x9D000418	0xA022880D  SB	R2, Offset(_spi_buffer+1)(GP)
;matrixrgb_hw.c, 186 :: 		spi_buffer[2] = color.blue;
0x9D00041C	0x93A2001A  LBU	R2, 26(SP)
0x9D000420	0xA022880E  SB	R2, Offset(_spi_buffer+2)(GP)
;matrixrgb_hw.c, 187 :: 		matrixrgb_hal_write( &spi_buffer, 3 );
0x9D000424	0x341A0003  ORI	R26, R0, 3
0x9D000428	0x3C19A000  LUI	R25, hi_addr(_spi_buffer+0)
0x9D00042C	0x0F40006C  JAL	_matrixrgb_hal_write+0
0x9D000430	0x3739080C  ORI	R25, R25, lo_addr(_spi_buffer+0)
0x9D000434	0x93BA000D  LBU	R26, 13(SP)
;matrixrgb_hw.c, 188 :: 		spi_buffer[0] = speed;
0x9D000438	0xA03A880C  SB	R26, Offset(_spi_buffer+0)(GP)
;matrixrgb_hw.c, 189 :: 		matrixrgb_hal_write( &spi_buffer, 1 );
0x9D00043C	0x341A0001  ORI	R26, R0, 1
0x9D000440	0x3C19A000  LUI	R25, hi_addr(_spi_buffer+0)
0x9D000444	0x0F40006C  JAL	_matrixrgb_hal_write+0
0x9D000448	0x3739080C  ORI	R25, R25, lo_addr(_spi_buffer+0)
0x9D00044C	0x93BB000C  LBU	R27, 12(SP)
;matrixrgb_hw.c, 191 :: 		for( i = 0; i < text_size; i++ )
; i start address is: 16 (R4)
0x9D000450	0x0000200A  MOVZ	R4, R0, R0
; i end address is: 16 (R4)
L_matrixrgb_scroll_text_left23:
; i start address is: 16 (R4)
0x9D000454	0x308300FF  ANDI	R3, R4, 255
0x9D000458	0x336200FF  ANDI	R2, R27, 255
0x9D00045C	0x0062102B  SLTU	R2, R3, R2
0x9D000460	0x10400016  BEQ	R2, R0, L_matrixrgb_scroll_text_left24
0x9D000464	0x70000000  NOP	
L__matrixrgb_scroll_text_left39:
;matrixrgb_hw.c, 193 :: 		spi_buffer[0] = *ptr++;
0x9D000468	0x8FA20014  LW	R2, 20(SP)
0x9D00046C	0x90420000  LBU	R2, 0(R2)
0x9D000470	0xA022880C  SB	R2, Offset(_spi_buffer+0)(GP)
0x9D000474	0x8FA20014  LW	R2, 20(SP)
0x9D000478	0x24420001  ADDIU	R2, R2, 1
0x9D00047C	0xAFA20014  SW	R2, 20(SP)
;matrixrgb_hw.c, 194 :: 		matrixrgb_hal_write( &spi_buffer, 1 );
0x9D000480	0xA3A4000C  SB	R4, 12(SP)
0x9D000484	0xA3BB000D  SB	R27, 13(SP)
0x9D000488	0xA3BA000E  SB	R26, 14(SP)
0x9D00048C	0xAFB90010  SW	R25, 16(SP)
0x9D000490	0x341A0001  ORI	R26, R0, 1
0x9D000494	0x3C19A000  LUI	R25, hi_addr(_spi_buffer+0)
0x9D000498	0x0F40006C  JAL	_matrixrgb_hal_write+0
0x9D00049C	0x3739080C  ORI	R25, R25, lo_addr(_spi_buffer+0)
0x9D0004A0	0x8FB90010  LW	R25, 16(SP)
0x9D0004A4	0x93BA000E  LBU	R26, 14(SP)
0x9D0004A8	0x93BB000D  LBU	R27, 13(SP)
0x9D0004AC	0x93A4000C  LBU	R4, 12(SP)
;matrixrgb_hw.c, 191 :: 		for( i = 0; i < text_size; i++ )
0x9D0004B0	0x24820001  ADDIU	R2, R4, 1
; i end address is: 16 (R4)
; i start address is: 8 (R2)
;matrixrgb_hw.c, 195 :: 		}
; i end address is: 8 (R2)
0x9D0004B4	0x0B400115  J	L_matrixrgb_scroll_text_left23
0x9D0004B8	0x304400FF  ANDI	R4, R2, 255
L_matrixrgb_scroll_text_left24:
;matrixrgb_hw.c, 197 :: 		}
L_end_matrixrgb_scroll_text_left:
0x9D0004BC	0x8FBA0008  LW	R26, 8(SP)
0x9D0004C0	0x8FB90004  LW	R25, 4(SP)
0x9D0004C4	0x8FBF0000  LW	RA, 0(SP)
0x9D0004C8	0x03E00008  JR	RA
0x9D0004CC	0x27BD0018  ADDIU	SP, SP, 24
; end of _matrixrgb_scroll_text_left
_matrixrgb_scroll_off_scrn_up:
;matrixrgb_hw.c, 259 :: 		void matrixrgb_scroll_off_scrn_up( uint8_t speed )
0x9D00035C	0x27BDFFF0  ADDIU	SP, SP, -16
0x9D000360	0xAFBF0000  SW	RA, 0(SP)
;matrixrgb_hw.c, 261 :: 		spi_buffer[0] = DISPLAY_SCROLL_OFF_SCRN_UP_CMD;
0x9D000364	0xAFB90004  SW	R25, 4(SP)
0x9D000368	0xAFBA0008  SW	R26, 8(SP)
0x9D00036C	0x3402000E  ORI	R2, R0, 14
0x9D000370	0xA022880C  SB	R2, Offset(_spi_buffer+0)(GP)
;matrixrgb_hw.c, 262 :: 		matrixrgb_hal_write( &spi_buffer, 1 );
0x9D000374	0xA3B9000C  SB	R25, 12(SP)
0x9D000378	0x341A0001  ORI	R26, R0, 1
0x9D00037C	0x3C19A000  LUI	R25, hi_addr(_spi_buffer+0)
0x9D000380	0x0F40006C  JAL	_matrixrgb_hal_write+0
0x9D000384	0x3739080C  ORI	R25, R25, lo_addr(_spi_buffer+0)
0x9D000388	0x93B9000C  LBU	R25, 12(SP)
;matrixrgb_hw.c, 264 :: 		spi_buffer[0] = speed;
0x9D00038C	0xA039880C  SB	R25, Offset(_spi_buffer+0)(GP)
;matrixrgb_hw.c, 265 :: 		matrixrgb_hal_write( &spi_buffer, 1 );
0x9D000390	0x341A0001  ORI	R26, R0, 1
0x9D000394	0x3C19A000  LUI	R25, hi_addr(_spi_buffer+0)
0x9D000398	0x0F40006C  JAL	_matrixrgb_hal_write+0
0x9D00039C	0x3739080C  ORI	R25, R25, lo_addr(_spi_buffer+0)
;matrixrgb_hw.c, 266 :: 		}
L_end_matrixrgb_scroll_off_scrn_up:
0x9D0003A0	0x8FBA0008  LW	R26, 8(SP)
0x9D0003A4	0x8FB90004  LW	R25, 4(SP)
0x9D0003A8	0x8FBF0000  LW	RA, 0(SP)
0x9D0003AC	0x03E00008  JR	RA
0x9D0003B0	0x27BD0010  ADDIU	SP, SP, 16
; end of _matrixrgb_scroll_off_scrn_up
_matrixrgb_scroll_off_scrn_left:
;matrixrgb_hw.c, 277 :: 		void matrixrgb_scroll_off_scrn_left( uint8_t speed )
0x9D000564	0x27BDFFF0  ADDIU	SP, SP, -16
0x9D000568	0xAFBF0000  SW	RA, 0(SP)
;matrixrgb_hw.c, 279 :: 		spi_buffer[0] = DISPLAY_SCROLL_OFF_SCRN_LEFT_CMD;
0x9D00056C	0xAFB90004  SW	R25, 4(SP)
0x9D000570	0xAFBA0008  SW	R26, 8(SP)
0x9D000574	0x34020010  ORI	R2, R0, 16
0x9D000578	0xA022880C  SB	R2, Offset(_spi_buffer+0)(GP)
;matrixrgb_hw.c, 280 :: 		matrixrgb_hal_write( &spi_buffer, 1 );
0x9D00057C	0xA3B9000C  SB	R25, 12(SP)
0x9D000580	0x341A0001  ORI	R26, R0, 1
0x9D000584	0x3C19A000  LUI	R25, hi_addr(_spi_buffer+0)
0x9D000588	0x0F40006C  JAL	_matrixrgb_hal_write+0
0x9D00058C	0x3739080C  ORI	R25, R25, lo_addr(_spi_buffer+0)
0x9D000590	0x93B9000C  LBU	R25, 12(SP)
;matrixrgb_hw.c, 282 :: 		spi_buffer[0] = speed;
0x9D000594	0xA039880C  SB	R25, Offset(_spi_buffer+0)(GP)
;matrixrgb_hw.c, 283 :: 		matrixrgb_hal_write( &spi_buffer, 1 );
0x9D000598	0x341A0001  ORI	R26, R0, 1
0x9D00059C	0x3C19A000  LUI	R25, hi_addr(_spi_buffer+0)
0x9D0005A0	0x0F40006C  JAL	_matrixrgb_hal_write+0
0x9D0005A4	0x3739080C  ORI	R25, R25, lo_addr(_spi_buffer+0)
;matrixrgb_hw.c, 284 :: 		}
L_end_matrixrgb_scroll_off_scrn_left:
0x9D0005A8	0x8FBA0008  LW	R26, 8(SP)
0x9D0005AC	0x8FB90004  LW	R25, 4(SP)
0x9D0005B0	0x8FBF0000  LW	RA, 0(SP)
0x9D0005B4	0x03E00008  JR	RA
0x9D0005B8	0x27BD0010  ADDIU	SP, SP, 16
; end of _matrixrgb_scroll_off_scrn_left
_matrixrgb_scroll_off_scrn_right:
;matrixrgb_hw.c, 286 :: 		void matrixrgb_scroll_off_scrn_right( uint8_t speed )
0x9D00050C	0x27BDFFF0  ADDIU	SP, SP, -16
0x9D000510	0xAFBF0000  SW	RA, 0(SP)
;matrixrgb_hw.c, 288 :: 		spi_buffer[0] = DISPLAY_SCROLL_OFF_SCRN_RIGHT_CMD;
0x9D000514	0xAFB90004  SW	R25, 4(SP)
0x9D000518	0xAFBA0008  SW	R26, 8(SP)
0x9D00051C	0x34020011  ORI	R2, R0, 17
0x9D000520	0xA022880C  SB	R2, Offset(_spi_buffer+0)(GP)
;matrixrgb_hw.c, 289 :: 		matrixrgb_hal_write( &spi_buffer, 1 );
0x9D000524	0xA3B9000C  SB	R25, 12(SP)
0x9D000528	0x341A0001  ORI	R26, R0, 1
0x9D00052C	0x3C19A000  LUI	R25, hi_addr(_spi_buffer+0)
0x9D000530	0x0F40006C  JAL	_matrixrgb_hal_write+0
0x9D000534	0x3739080C  ORI	R25, R25, lo_addr(_spi_buffer+0)
0x9D000538	0x93B9000C  LBU	R25, 12(SP)
;matrixrgb_hw.c, 291 :: 		spi_buffer[0] = speed;
0x9D00053C	0xA039880C  SB	R25, Offset(_spi_buffer+0)(GP)
;matrixrgb_hw.c, 292 :: 		matrixrgb_hal_write( &spi_buffer, 1 );
0x9D000540	0x341A0001  ORI	R26, R0, 1
0x9D000544	0x3C19A000  LUI	R25, hi_addr(_spi_buffer+0)
0x9D000548	0x0F40006C  JAL	_matrixrgb_hal_write+0
0x9D00054C	0x3739080C  ORI	R25, R25, lo_addr(_spi_buffer+0)
;matrixrgb_hw.c, 293 :: 		}
L_end_matrixrgb_scroll_off_scrn_right:
0x9D000550	0x8FBA0008  LW	R26, 8(SP)
0x9D000554	0x8FB90004  LW	R25, 4(SP)
0x9D000558	0x8FBF0000  LW	RA, 0(SP)
0x9D00055C	0x03E00008  JR	RA
0x9D000560	0x27BD0010  ADDIU	SP, SP, 16
; end of _matrixrgb_scroll_off_scrn_right
_matrixrgb_refresh:
;matrixrgb_hw.c, 295 :: 		void matrixrgb_refresh( void )
0x9D0004D0	0x27BDFFF4  ADDIU	SP, SP, -12
0x9D0004D4	0xAFBF0000  SW	RA, 0(SP)
;matrixrgb_hw.c, 297 :: 		spi_buffer[0] = REFRESH_CMD;
0x9D0004D8	0xAFB90004  SW	R25, 4(SP)
0x9D0004DC	0xAFBA0008  SW	R26, 8(SP)
0x9D0004E0	0x34020012  ORI	R2, R0, 18
0x9D0004E4	0xA022880C  SB	R2, Offset(_spi_buffer+0)(GP)
;matrixrgb_hw.c, 298 :: 		matrixrgb_hal_write( &spi_buffer, 1 );
0x9D0004E8	0x341A0001  ORI	R26, R0, 1
0x9D0004EC	0x3C19A000  LUI	R25, hi_addr(_spi_buffer+0)
0x9D0004F0	0x0F40006C  JAL	_matrixrgb_hal_write+0
0x9D0004F4	0x3739080C  ORI	R25, R25, lo_addr(_spi_buffer+0)
;matrixrgb_hw.c, 300 :: 		}
L_end_matrixrgb_refresh:
0x9D0004F8	0x8FBA0008  LW	R26, 8(SP)
0x9D0004FC	0x8FB90004  LW	R25, 4(SP)
0x9D000500	0x8FBF0000  LW	RA, 0(SP)
0x9D000504	0x03E00008  JR	RA
0x9D000508	0x27BD000C  ADDIU	SP, SP, 12
; end of _matrixrgb_refresh
___BootStartUp:
;__Lib_System.c, 68 :: 		
0xBFC00000	0x27BDFFFC  ADDIU	SP, SP, -4
;__Lib_System.c, 72 :: 		
0xBFC00004	0x70000000  NOP	
;__Lib_System.c, 73 :: 		
0xBFC00008	0x70000000  NOP	
;__Lib_System.c, 74 :: 		
0xBFC0000C	0x70000000  NOP	
;__Lib_System.c, 75 :: 		
0xBFC00010	0x70000000  NOP	
;__Lib_System.c, 76 :: 		
0xBFC00014	0x70000000  NOP	
;__Lib_System.c, 77 :: 		
0xBFC00018	0x70000000  NOP	
;__Lib_System.c, 78 :: 		
0xBFC0001C	0x70000000  NOP	
;__Lib_System.c, 79 :: 		
0xBFC00020	0x70000000  NOP	
;__Lib_System.c, 80 :: 		
0xBFC00024	0x70000000  NOP	
;__Lib_System.c, 81 :: 		
0xBFC00028	0x70000000  NOP	
;__Lib_System.c, 82 :: 		
0xBFC0002C	0x70000000  NOP	
;__Lib_System.c, 83 :: 		
0xBFC00030	0x70000000  NOP	
;__Lib_System.c, 84 :: 		
0xBFC00034	0x70000000  NOP	
;__Lib_System.c, 85 :: 		
0xBFC00038	0x70000000  NOP	
;__Lib_System.c, 86 :: 		
0xBFC0003C	0x70000000  NOP	
;__Lib_System.c, 87 :: 		
0xBFC00040	0x70000000  NOP	
;__Lib_System.c, 88 :: 		
0xBFC00044	0x70000000  NOP	
;__Lib_System.c, 89 :: 		
0xBFC00048	0x70000000  NOP	
;__Lib_System.c, 90 :: 		
0xBFC0004C	0x70000000  NOP	
;__Lib_System.c, 91 :: 		
0xBFC00050	0x70000000  NOP	
;__Lib_System.c, 94 :: 		
0xBFC00054	0x3C1DA001  LUI	SP, 40961
0xBFC00058	0x37BDFFFC  ORI	SP, SP, 65532
;__Lib_System.c, 95 :: 		
0xBFC0005C	0x3C01A000  LUI	GP, 40960
0xBFC00060	0x34218000  ORI	GP, GP, 32768
;__Lib_System.c, 99 :: 		
0xBFC00064	0x401E6002  MFC0	R30, 12, 2
;__Lib_System.c, 100 :: 		
0xBFC00068	0x03C0E00A  MOVZ	R28, R30, R0
;__Lib_System.c, 101 :: 		
0xBFC0006C	0x7FDB1E80  EXT	R27, R30, 26, 4
;__Lib_System.c, 102 :: 		
0xBFC00070	0x7F7E4984  INS	R30, R27, 6, 4
;__Lib_System.c, 103 :: 		
0xBFC00074	0x409E6002  MTC0	R30, 12, 2
;__Lib_System.c, 104 :: 		
0xBFC00078	0x41C10800  WRPGPR	GP, GP
;__Lib_System.c, 105 :: 		
0xBFC0007C	0x409C6002  MTC0	R28, 12, 2
;__Lib_System.c, 111 :: 		
0xBFC00080	0x3C02A421  LUI	R2, 42017
0xBFC00084	0x34420583  ORI	R2, R2, 1411
0xBFC00088	0x0040F00A  MOVZ	R30, R2, R0
0xBFC0008C	0x409E8000  MTC0	R30, 16, 0
;__Lib_System.c, 114 :: 		
0xBFC00090	0x0000100A  MOVZ	R2, R0, R0
0xBFC00094	0x0040F00A  MOVZ	R30, R2, R0
0xBFC00098	0x409E4800  MTC0	R30, 9, 0
;__Lib_System.c, 117 :: 		
0xBFC0009C	0x3C02FFFF  LUI	R2, 65535
0xBFC000A0	0x3442FFFF  ORI	R2, R2, 65535
0xBFC000A4	0x0040F00A  MOVZ	R30, R2, R0
0xBFC000A8	0x409E5800  MTC0	R30, 11, 0
;__Lib_System.c, 119 :: 		
0xBFC000AC	0x3C029FC0  LUI	R2, 40896
0xBFC000B0	0x34421000  ORI	R2, R2, 4096
0xBFC000B4	0x0040F00A  MOVZ	R30, R2, R0
0xBFC000B8	0x409E7801  MTC0	R30, 15, 1
;__Lib_System.c, 121 :: 		
0xBFC000BC	0x34020020  ORI	R2, R0, 32
0xBFC000C0	0x0040F00A  MOVZ	R30, R2, R0
0xBFC000C4	0x409E6001  MTC0	R30, 12, 1
;__Lib_System.c, 123 :: 		
0xBFC000C8	0x3C020400  LUI	R2, 1024
0xBFC000CC	0x0040F00A  MOVZ	R30, R2, R0
0xBFC000D0	0x409E6002  MTC0	R30, 12, 2
;__Lib_System.c, 124 :: 		
0xBFC000D4	0x0000100A  MOVZ	R2, R0, R0
0xBFC000D8	0x0040F00A  MOVZ	R30, R2, R0
0xBFC000DC	0x409E6003  MTC0	R30, 12, 3
;__Lib_System.c, 129 :: 		
0xBFC000E0	0x3C020010  LUI	R2, 16
0xBFC000E4	0x0040F00A  MOVZ	R30, R2, R0
0xBFC000E8	0x409E6000  MTC0	R30, 12, 0
;__Lib_System.c, 132 :: 		
0xBFC000EC	0x34020030  ORI	R2, R0, 48
0xBFC000F0	0x3C1EBF88  LUI	R30, 49032
0xBFC000F4	0xAFC24000  SW	R2, 16384(R30)
;__Lib_System.c, 137 :: 		
0xBFC000F8	0x34021000  ORI	R2, R0, 4096
0xBFC000FC	0x3C1EBF88  LUI	R30, 49032
0xBFC00100	0xAFC21000  SW	R2, 4096(R30)
;__Lib_System.c, 143 :: 		
0xBFC00104	0x3C020080  LUI	R2, 128
0xBFC00108	0x0040F00A  MOVZ	R30, R2, R0
0xBFC0010C	0x409E6800  MTC0	R30, 13, 0
;__Lib_System.c, 149 :: 		
0xBFC00110	0x3C1E9D00  LUI	R30, hi_addr(_main+0)
;__Lib_System.c, 150 :: 		
0xBFC00114	0x37DE08C8  ORI	R30, R30, lo_addr(_main+0)
;__Lib_System.c, 152 :: 		
0xBFC00118	0x03C00008  JR	R30
;__Lib_System.c, 153 :: 		
0xBFC0011C	0x70000000  NOP	
;__Lib_System.c, 155 :: 		
L_end___BootStartUp:
0xBFC00120	0x03E00008  JR	RA
0xBFC00124	0x27BD0004  ADDIU	SP, SP, 4
; end of ___BootStartUp
___BootGenExcept:
;__Lib_System.c, 56 :: 		
0x9D0008B0	0x27BDFFFC  ADDIU	SP, SP, -4
;__Lib_System.c, 57 :: 		
L___BootGenExcept6:
;__Lib_System.c, 58 :: 		
0x9D0008B4	0x0B40022D  J	L___BootGenExcept6
0x9D0008B8	0x70000000  NOP	
;__Lib_System.c, 59 :: 		
L_end___BootGenExcept:
0x9D0008BC	0x27BD0004  ADDIU	SP, SP, 4
0x9D0008C0	0x42000018  ERET	
0x9D0008C4	0x70000000  NOP	
; end of ___BootGenExcept
___GenExcept:
;__Lib_System.c, 61 :: 		
0x9D000898	0x27BDFFFC  ADDIU	SP, SP, -4
;__Lib_System.c, 62 :: 		
L___GenExcept8:
;__Lib_System.c, 63 :: 		
0x9D00089C	0x0B400227  J	L___GenExcept8
0x9D0008A0	0x70000000  NOP	
;__Lib_System.c, 64 :: 		
L_end___GenExcept:
0x9D0008A4	0x27BD0004  ADDIU	SP, SP, 4
0x9D0008A8	0x42000018  ERET	
0x9D0008AC	0x70000000  NOP	
; end of ___GenExcept
0x9D00150C	0x03E0C80A  MOVZ	R25, RA, R0
0x9D001510	0x3C17A000  LUI	R23, 40960
0x9D001514	0x36F70000  ORI	R23, R23, 0
0x9D001518	0x3C16A000  LUI	R22, 40960
0x9D00151C	0x36D60893  ORI	R22, R22, 2195
0x9D001520	0x3C189D00  LUI	R24, 40192
0x9D001524	0x37180C78  ORI	R24, R24, 3192
0x9D001528	0x0F400176  JAL	___CC2DW
0x9D00152C	0x70000000  NOP	
0x9D001530	0x0320F80A  MOVZ	RA, R25, R0
0x9D001534	0x03E00008  JR	RA
0x9D001538	0x70000000  NOP	
;MatrixRGB_PIC.c,0 :: ?ICS?lstr1_MatrixRGB_PIC [8]
0x9D000C78	0x7274614D ;?ICS?lstr1_MatrixRGB_PIC+0
0x9D000C7C	0x00207869 ;?ICS?lstr1_MatrixRGB_PIC+4
; end of ?ICS?lstr1_MatrixRGB_PIC
;resources.c,0 :: ?ICS_MikroeBITMAP_bmp [2048]
0x9D000C80	0x00000000 ;?ICS_MikroeBITMAP_bmp+0
0x9D000C84	0x00000000 ;?ICS_MikroeBITMAP_bmp+4
0x9D000C88	0x00000000 ;?ICS_MikroeBITMAP_bmp+8
0x9D000C8C	0x00000000 ;?ICS_MikroeBITMAP_bmp+12
0x9D000C90	0x00000000 ;?ICS_MikroeBITMAP_bmp+16
0x9D000C94	0x00000000 ;?ICS_MikroeBITMAP_bmp+20
0x9D000C98	0x00000000 ;?ICS_MikroeBITMAP_bmp+24
0x9D000C9C	0x00000000 ;?ICS_MikroeBITMAP_bmp+28
0x9D000CA0	0x00000000 ;?ICS_MikroeBITMAP_bmp+32
0x9D000CA4	0x00000000 ;?ICS_MikroeBITMAP_bmp+36
0x9D000CA8	0x00000000 ;?ICS_MikroeBITMAP_bmp+40
0x9D000CAC	0x00000000 ;?ICS_MikroeBITMAP_bmp+44
0x9D000CB0	0x00000000 ;?ICS_MikroeBITMAP_bmp+48
0x9D000CB4	0x00000000 ;?ICS_MikroeBITMAP_bmp+52
0x9D000CB8	0x00000000 ;?ICS_MikroeBITMAP_bmp+56
0x9D000CBC	0x00000000 ;?ICS_MikroeBITMAP_bmp+60
0x9D000CC0	0x00000000 ;?ICS_MikroeBITMAP_bmp+64
0x9D000CC4	0x00000000 ;?ICS_MikroeBITMAP_bmp+68
0x9D000CC8	0x00000000 ;?ICS_MikroeBITMAP_bmp+72
0x9D000CCC	0x00000000 ;?ICS_MikroeBITMAP_bmp+76
0x9D000CD0	0x00000000 ;?ICS_MikroeBITMAP_bmp+80
0x9D000CD4	0x00000000 ;?ICS_MikroeBITMAP_bmp+84
0x9D000CD8	0x00000000 ;?ICS_MikroeBITMAP_bmp+88
0x9D000CDC	0x00000000 ;?ICS_MikroeBITMAP_bmp+92
0x9D000CE0	0x00000000 ;?ICS_MikroeBITMAP_bmp+96
0x9D000CE4	0x00000000 ;?ICS_MikroeBITMAP_bmp+100
0x9D000CE8	0x00000000 ;?ICS_MikroeBITMAP_bmp+104
0x9D000CEC	0x00000000 ;?ICS_MikroeBITMAP_bmp+108
0x9D000CF0	0x00000000 ;?ICS_MikroeBITMAP_bmp+112
0x9D000CF4	0x00000000 ;?ICS_MikroeBITMAP_bmp+116
0x9D000CF8	0x00000000 ;?ICS_MikroeBITMAP_bmp+120
0x9D000CFC	0x00000000 ;?ICS_MikroeBITMAP_bmp+124
0x9D000D00	0x00000000 ;?ICS_MikroeBITMAP_bmp+128
0x9D000D04	0xE8E4E8E4 ;?ICS_MikroeBITMAP_bmp+132
0x9D000D08	0xE8E4E8E4 ;?ICS_MikroeBITMAP_bmp+136
0x9D000D0C	0xE8E4E8E4 ;?ICS_MikroeBITMAP_bmp+140
0x9D000D10	0xE8E4E8E4 ;?ICS_MikroeBITMAP_bmp+144
0x9D000D14	0xE8E4E8E4 ;?ICS_MikroeBITMAP_bmp+148
0x9D000D18	0x0000E8E4 ;?ICS_MikroeBITMAP_bmp+152
0x9D000D1C	0x00000000 ;?ICS_MikroeBITMAP_bmp+156
0x9D000D20	0xE8E40000 ;?ICS_MikroeBITMAP_bmp+160
0x9D000D24	0x0000E8E4 ;?ICS_MikroeBITMAP_bmp+164
0x9D000D28	0x00000000 ;?ICS_MikroeBITMAP_bmp+168
0x9D000D2C	0xE8E4E8E4 ;?ICS_MikroeBITMAP_bmp+172
0x9D000D30	0x00000000 ;?ICS_MikroeBITMAP_bmp+176
0x9D000D34	0x00000000 ;?ICS_MikroeBITMAP_bmp+180
0x9D000D38	0x0000E8E4 ;?ICS_MikroeBITMAP_bmp+184
0x9D000D3C	0x00000000 ;?ICS_MikroeBITMAP_bmp+188
0x9D000D40	0x00000000 ;?ICS_MikroeBITMAP_bmp+192
0x9D000D44	0x00000000 ;?ICS_MikroeBITMAP_bmp+196
0x9D000D48	0x00000000 ;?ICS_MikroeBITMAP_bmp+200
0x9D000D4C	0x00000000 ;?ICS_MikroeBITMAP_bmp+204
0x9D000D50	0x00000000 ;?ICS_MikroeBITMAP_bmp+208
0x9D000D54	0x00000000 ;?ICS_MikroeBITMAP_bmp+212
0x9D000D58	0x00000000 ;?ICS_MikroeBITMAP_bmp+216
0x9D000D5C	0x00000000 ;?ICS_MikroeBITMAP_bmp+220
0x9D000D60	0x00000000 ;?ICS_MikroeBITMAP_bmp+224
0x9D000D64	0x00000000 ;?ICS_MikroeBITMAP_bmp+228
0x9D000D68	0xE8E40000 ;?ICS_MikroeBITMAP_bmp+232
0x9D000D6C	0xE8E4E8E4 ;?ICS_MikroeBITMAP_bmp+236
0x9D000D70	0xE8E4E8E4 ;?ICS_MikroeBITMAP_bmp+240
0x9D000D74	0xE8E4E8E4 ;?ICS_MikroeBITMAP_bmp+244
0x9D000D78	0xE8E4E8E4 ;?ICS_MikroeBITMAP_bmp+248
0x9D000D7C	0x0000E8E4 ;?ICS_MikroeBITMAP_bmp+252
0x9D000D80	0xE8E40000 ;?ICS_MikroeBITMAP_bmp+256
0x9D000D84	0x0000E8E4 ;?ICS_MikroeBITMAP_bmp+260
0x9D000D88	0x00000000 ;?ICS_MikroeBITMAP_bmp+264
0x9D000D8C	0x00000000 ;?ICS_MikroeBITMAP_bmp+268
0x9D000D90	0x00000000 ;?ICS_MikroeBITMAP_bmp+272
0x9D000D94	0x00000000 ;?ICS_MikroeBITMAP_bmp+276
0x9D000D98	0xE8E4E8E4 ;?ICS_MikroeBITMAP_bmp+280
0x9D000D9C	0x00000000 ;?ICS_MikroeBITMAP_bmp+284
0x9D000DA0	0xE8E40000 ;?ICS_MikroeBITMAP_bmp+288
0x9D000DA4	0x0000E8E4 ;?ICS_MikroeBITMAP_bmp+292
0x9D000DA8	0x00000000 ;?ICS_MikroeBITMAP_bmp+296
0x9D000DAC	0xE8E4E8E4 ;?ICS_MikroeBITMAP_bmp+300
0x9D000DB0	0x00000000 ;?ICS_MikroeBITMAP_bmp+304
0x9D000DB4	0x00000000 ;?ICS_MikroeBITMAP_bmp+308
0x9D000DB8	0x0000E8E4 ;?ICS_MikroeBITMAP_bmp+312
0x9D000DBC	0x00000000 ;?ICS_MikroeBITMAP_bmp+316
0x9D000DC0	0x0000E8E4 ;?ICS_MikroeBITMAP_bmp+320
0x9D000DC4	0x00000000 ;?ICS_MikroeBITMAP_bmp+324
0x9D000DC8	0x00000000 ;?ICS_MikroeBITMAP_bmp+328
0x9D000DCC	0x00000000 ;?ICS_MikroeBITMAP_bmp+332
0x9D000DD0	0x00000000 ;?ICS_MikroeBITMAP_bmp+336
0x9D000DD4	0x00000000 ;?ICS_MikroeBITMAP_bmp+340
0x9D000DD8	0x00000000 ;?ICS_MikroeBITMAP_bmp+344
0x9D000DDC	0x00000000 ;?ICS_MikroeBITMAP_bmp+348
0x9D000DE0	0x00000000 ;?ICS_MikroeBITMAP_bmp+352
0x9D000DE4	0x00000000 ;?ICS_MikroeBITMAP_bmp+356
0x9D000DE8	0xE8E40000 ;?ICS_MikroeBITMAP_bmp+360
0x9D000DEC	0x00000000 ;?ICS_MikroeBITMAP_bmp+364
0x9D000DF0	0x00000000 ;?ICS_MikroeBITMAP_bmp+368
0x9D000DF4	0x00000000 ;?ICS_MikroeBITMAP_bmp+372
0x9D000DF8	0x00000000 ;?ICS_MikroeBITMAP_bmp+376
0x9D000DFC	0x0000E8E4 ;?ICS_MikroeBITMAP_bmp+380
0x9D000E00	0xE8E40000 ;?ICS_MikroeBITMAP_bmp+384
0x9D000E04	0x00000000 ;?ICS_MikroeBITMAP_bmp+388
0x9D000E08	0xE8E4E8E4 ;?ICS_MikroeBITMAP_bmp+392
0x9D000E0C	0xE8E4E8E4 ;?ICS_MikroeBITMAP_bmp+396
0x9D000E10	0xE8E4E8E4 ;?ICS_MikroeBITMAP_bmp+400
0x9D000E14	0x0000E8E4 ;?ICS_MikroeBITMAP_bmp+404
0x9D000E18	0xE8E40000 ;?ICS_MikroeBITMAP_bmp+408
0x9D000E1C	0x00000000 ;?ICS_MikroeBITMAP_bmp+412
0x9D000E20	0xE8E40000 ;?ICS_MikroeBITMAP_bmp+416
0x9D000E24	0xE8E4E8E4 ;?ICS_MikroeBITMAP_bmp+420
0x9D000E28	0xE8E40000 ;?ICS_MikroeBITMAP_bmp+424
0x9D000E2C	0xE8E4E8E4 ;?ICS_MikroeBITMAP_bmp+428
0x9D000E30	0x00000000 ;?ICS_MikroeBITMAP_bmp+432
0x9D000E34	0x0000E8E4 ;?ICS_MikroeBITMAP_bmp+436
0x9D000E38	0x0000E8E4 ;?ICS_MikroeBITMAP_bmp+440
0x9D000E3C	0xE8E40000 ;?ICS_MikroeBITMAP_bmp+444
0x9D000E40	0x0000E8E4 ;?ICS_MikroeBITMAP_bmp+448
0x9D000E44	0x00000000 ;?ICS_MikroeBITMAP_bmp+452
0x9D000E48	0x00000000 ;?ICS_MikroeBITMAP_bmp+456
0x9D000E4C	0x00000000 ;?ICS_MikroeBITMAP_bmp+460
0x9D000E50	0x00000000 ;?ICS_MikroeBITMAP_bmp+464
0x9D000E54	0x00000000 ;?ICS_MikroeBITMAP_bmp+468
0x9D000E58	0x00000000 ;?ICS_MikroeBITMAP_bmp+472
0x9D000E5C	0x00000000 ;?ICS_MikroeBITMAP_bmp+476
0x9D000E60	0x00000000 ;?ICS_MikroeBITMAP_bmp+480
0x9D000E64	0x00000000 ;?ICS_MikroeBITMAP_bmp+484
0x9D000E68	0xE8E40000 ;?ICS_MikroeBITMAP_bmp+488
0x9D000E6C	0xE8E40000 ;?ICS_MikroeBITMAP_bmp+492
0x9D000E70	0xE8E4E8E4 ;?ICS_MikroeBITMAP_bmp+496
0x9D000E74	0xE8E4E8E4 ;?ICS_MikroeBITMAP_bmp+500
0x9D000E78	0xE8E4E8E4 ;?ICS_MikroeBITMAP_bmp+504
0x9D000E7C	0x0000E8E4 ;?ICS_MikroeBITMAP_bmp+508
0x9D000E80	0xE8E40000 ;?ICS_MikroeBITMAP_bmp+512
0x9D000E84	0xE8E40000 ;?ICS_MikroeBITMAP_bmp+516
0x9D000E88	0x0000E8E4 ;?ICS_MikroeBITMAP_bmp+520
0x9D000E8C	0x00000000 ;?ICS_MikroeBITMAP_bmp+524
0x9D000E90	0x00000000 ;?ICS_MikroeBITMAP_bmp+528
0x9D000E94	0xE8E4E8E4 ;?ICS_MikroeBITMAP_bmp+532
0x9D000E98	0xE8E40000 ;?ICS_MikroeBITMAP_bmp+536
0x9D000E9C	0x00000000 ;?ICS_MikroeBITMAP_bmp+540
0x9D000EA0	0xE8E40000 ;?ICS_MikroeBITMAP_bmp+544
0x9D000EA4	0xE8E40000 ;?ICS_MikroeBITMAP_bmp+548
0x9D000EA8	0xE8E4E8E4 ;?ICS_MikroeBITMAP_bmp+552
0x9D000EAC	0xE8E40000 ;?ICS_MikroeBITMAP_bmp+556
0x9D000EB0	0x00000000 ;?ICS_MikroeBITMAP_bmp+560
0x9D000EB4	0x0000E8E4 ;?ICS_MikroeBITMAP_bmp+564
0x9D000EB8	0x0000E8E4 ;?ICS_MikroeBITMAP_bmp+568
0x9D000EBC	0xE8E40000 ;?ICS_MikroeBITMAP_bmp+572
0x9D000EC0	0x00000000 ;?ICS_MikroeBITMAP_bmp+576
0x9D000EC4	0x00000000 ;?ICS_MikroeBITMAP_bmp+580
0x9D000EC8	0x00000000 ;?ICS_MikroeBITMAP_bmp+584
0x9D000ECC	0x00000000 ;?ICS_MikroeBITMAP_bmp+588
0x9D000ED0	0x00000000 ;?ICS_MikroeBITMAP_bmp+592
0x9D000ED4	0x00000000 ;?ICS_MikroeBITMAP_bmp+596
0x9D000ED8	0x00000000 ;?ICS_MikroeBITMAP_bmp+600
0x9D000EDC	0x00000000 ;?ICS_MikroeBITMAP_bmp+604
0x9D000EE0	0x00000000 ;?ICS_MikroeBITMAP_bmp+608
0x9D000EE4	0x00000000 ;?ICS_MikroeBITMAP_bmp+612
0x9D000EE8	0xE8E40000 ;?ICS_MikroeBITMAP_bmp+616
0x9D000EEC	0xE8E40000 ;?ICS_MikroeBITMAP_bmp+620
0x9D000EF0	0x00000000 ;?ICS_MikroeBITMAP_bmp+624
0x9D000EF4	0x00000000 ;?ICS_MikroeBITMAP_bmp+628
0x9D000EF8	0x00000000 ;?ICS_MikroeBITMAP_bmp+632
0x9D000EFC	0x00000000 ;?ICS_MikroeBITMAP_bmp+636
0x9D000F00	0xE8E40000 ;?ICS_MikroeBITMAP_bmp+640
0x9D000F04	0xE8E40000 ;?ICS_MikroeBITMAP_bmp+644
0x9D000F08	0xE8E40000 ;?ICS_MikroeBITMAP_bmp+648
0x9D000F0C	0xE8E4E8E4 ;?ICS_MikroeBITMAP_bmp+652
0x9D000F10	0x0000E8E4 ;?ICS_MikroeBITMAP_bmp+656
0x9D000F14	0xE8E40000 ;?ICS_MikroeBITMAP_bmp+660
0x9D000F18	0xE8E40000 ;?ICS_MikroeBITMAP_bmp+664
0x9D000F1C	0x00000000 ;?ICS_MikroeBITMAP_bmp+668
0x9D000F20	0xE8E40000 ;?ICS_MikroeBITMAP_bmp+672
0x9D000F24	0x00000000 ;?ICS_MikroeBITMAP_bmp+676
0x9D000F28	0x0000E8E4 ;?ICS_MikroeBITMAP_bmp+680
0x9D000F2C	0xE8E40000 ;?ICS_MikroeBITMAP_bmp+684
0x9D000F30	0x00000000 ;?ICS_MikroeBITMAP_bmp+688
0x9D000F34	0x00000000 ;?ICS_MikroeBITMAP_bmp+692
0x9D000F38	0x0000E8E4 ;?ICS_MikroeBITMAP_bmp+696
0x9D000F3C	0xE8E4E8E4 ;?ICS_MikroeBITMAP_bmp+700
0x9D000F40	0x00000000 ;?ICS_MikroeBITMAP_bmp+704
0x9D000F44	0xE8E40000 ;?ICS_MikroeBITMAP_bmp+708
0x9D000F48	0xE8E40000 ;?ICS_MikroeBITMAP_bmp+712
0x9D000F4C	0xE8E4E8E4 ;?ICS_MikroeBITMAP_bmp+716
0x9D000F50	0x0000E8E4 ;?ICS_MikroeBITMAP_bmp+720
0x9D000F54	0x00000000 ;?ICS_MikroeBITMAP_bmp+724
0x9D000F58	0xE8E4E8E4 ;?ICS_MikroeBITMAP_bmp+728
0x9D000F5C	0xE8E4E8E4 ;?ICS_MikroeBITMAP_bmp+732
0x9D000F60	0xE8E4E8E4 ;?ICS_MikroeBITMAP_bmp+736
0x9D000F64	0x00000000 ;?ICS_MikroeBITMAP_bmp+740
0x9D000F68	0xE8E40000 ;?ICS_MikroeBITMAP_bmp+744
0x9D000F6C	0xE8E40000 ;?ICS_MikroeBITMAP_bmp+748
0x9D000F70	0x00000000 ;?ICS_MikroeBITMAP_bmp+752
0x9D000F74	0x00000000 ;?ICS_MikroeBITMAP_bmp+756
0x9D000F78	0x00000000 ;?ICS_MikroeBITMAP_bmp+760
0x9D000F7C	0x00000000 ;?ICS_MikroeBITMAP_bmp+764
0x9D000F80	0xE8E40000 ;?ICS_MikroeBITMAP_bmp+768
0x9D000F84	0xE8E40000 ;?ICS_MikroeBITMAP_bmp+772
0x9D000F88	0xE8E40000 ;?ICS_MikroeBITMAP_bmp+776
0x9D000F8C	0x00000000 ;?ICS_MikroeBITMAP_bmp+780
0x9D000F90	0x00000000 ;?ICS_MikroeBITMAP_bmp+784
0x9D000F94	0xE8E40000 ;?ICS_MikroeBITMAP_bmp+788
0x9D000F98	0xE8E40000 ;?ICS_MikroeBITMAP_bmp+792
0x9D000F9C	0x00000000 ;?ICS_MikroeBITMAP_bmp+796
0x9D000FA0	0xE8E40000 ;?ICS_MikroeBITMAP_bmp+800
0x9D000FA4	0x00000000 ;?ICS_MikroeBITMAP_bmp+804
0x9D000FA8	0x0000E8E4 ;?ICS_MikroeBITMAP_bmp+808
0x9D000FAC	0xE8E40000 ;?ICS_MikroeBITMAP_bmp+812
0x9D000FB0	0x00000000 ;?ICS_MikroeBITMAP_bmp+816
0x9D000FB4	0x0000E8E4 ;?ICS_MikroeBITMAP_bmp+820
0x9D000FB8	0xE8E4E8E4 ;?ICS_MikroeBITMAP_bmp+824
0x9D000FBC	0x0000E8E4 ;?ICS_MikroeBITMAP_bmp+828
0x9D000FC0	0x00000000 ;?ICS_MikroeBITMAP_bmp+832
0x9D000FC4	0xE8E40000 ;?ICS_MikroeBITMAP_bmp+836
0x9D000FC8	0x0000E8E4 ;?ICS_MikroeBITMAP_bmp+840
0x9D000FCC	0x00000000 ;?ICS_MikroeBITMAP_bmp+844
0x9D000FD0	0x0000E8E4 ;?ICS_MikroeBITMAP_bmp+848
0x9D000FD4	0xE8E40000 ;?ICS_MikroeBITMAP_bmp+852
0x9D000FD8	0x0000E8E4 ;?ICS_MikroeBITMAP_bmp+856
0x9D000FDC	0x00000000 ;?ICS_MikroeBITMAP_bmp+860
0x9D000FE0	0xE8E40000 ;?ICS_MikroeBITMAP_bmp+864
0x9D000FE4	0x0000E8E4 ;?ICS_MikroeBITMAP_bmp+868
0x9D000FE8	0xE8E40000 ;?ICS_MikroeBITMAP_bmp+872
0x9D000FEC	0xE8E40000 ;?ICS_MikroeBITMAP_bmp+876
0x9D000FF0	0xE8E4E8E4 ;?ICS_MikroeBITMAP_bmp+880
0x9D000FF4	0xE8E4E8E4 ;?ICS_MikroeBITMAP_bmp+884
0x9D000FF8	0x00000000 ;?ICS_MikroeBITMAP_bmp+888
0x9D000FFC	0x00000000 ;?ICS_MikroeBITMAP_bmp+892
0x9D001000	0xE8E40000 ;?ICS_MikroeBITMAP_bmp+896
0x9D001004	0xE8E40000 ;?ICS_MikroeBITMAP_bmp+900
0x9D001008	0xE8E40000 ;?ICS_MikroeBITMAP_bmp+904
0x9D00100C	0x0000E8E4 ;?ICS_MikroeBITMAP_bmp+908
0x9D001010	0x00000000 ;?ICS_MikroeBITMAP_bmp+912
0x9D001014	0xE8E40000 ;?ICS_MikroeBITMAP_bmp+916
0x9D001018	0xE8E40000 ;?ICS_MikroeBITMAP_bmp+920
0x9D00101C	0x00000000 ;?ICS_MikroeBITMAP_bmp+924
0x9D001020	0xE8E40000 ;?ICS_MikroeBITMAP_bmp+928
0x9D001024	0x00000000 ;?ICS_MikroeBITMAP_bmp+932
0x9D001028	0x00000000 ;?ICS_MikroeBITMAP_bmp+936
0x9D00102C	0xE8E40000 ;?ICS_MikroeBITMAP_bmp+940
0x9D001030	0x00000000 ;?ICS_MikroeBITMAP_bmp+944
0x9D001034	0x0000E8E4 ;?ICS_MikroeBITMAP_bmp+948
0x9D001038	0x0000E8E4 ;?ICS_MikroeBITMAP_bmp+952
0x9D00103C	0xE8E4E8E4 ;?ICS_MikroeBITMAP_bmp+956
0x9D001040	0x00000000 ;?ICS_MikroeBITMAP_bmp+960
0x9D001044	0xE8E40000 ;?ICS_MikroeBITMAP_bmp+964
0x9D001048	0x00000000 ;?ICS_MikroeBITMAP_bmp+968
0x9D00104C	0x00000000 ;?ICS_MikroeBITMAP_bmp+972
0x9D001050	0x0000E8E4 ;?ICS_MikroeBITMAP_bmp+976
0x9D001054	0xE8E4E8E4 ;?ICS_MikroeBITMAP_bmp+980
0x9D001058	0x00000000 ;?ICS_MikroeBITMAP_bmp+984
0x9D00105C	0x00000000 ;?ICS_MikroeBITMAP_bmp+988
0x9D001060	0x00000000 ;?ICS_MikroeBITMAP_bmp+992
0x9D001064	0xE8E4E8E4 ;?ICS_MikroeBITMAP_bmp+996
0x9D001068	0xE8E40000 ;?ICS_MikroeBITMAP_bmp+1000
0x9D00106C	0x00000000 ;?ICS_MikroeBITMAP_bmp+1004
0x9D001070	0x00000000 ;?ICS_MikroeBITMAP_bmp+1008
0x9D001074	0xE8E40000 ;?ICS_MikroeBITMAP_bmp+1012
0x9D001078	0x00000000 ;?ICS_MikroeBITMAP_bmp+1016
0x9D00107C	0x00000000 ;?ICS_MikroeBITMAP_bmp+1020
0x9D001080	0xE8E40000 ;?ICS_MikroeBITMAP_bmp+1024
0x9D001084	0xE8E40000 ;?ICS_MikroeBITMAP_bmp+1028
0x9D001088	0xE8E40000 ;?ICS_MikroeBITMAP_bmp+1032
0x9D00108C	0x00000000 ;?ICS_MikroeBITMAP_bmp+1036
0x9D001090	0x00000000 ;?ICS_MikroeBITMAP_bmp+1040
0x9D001094	0xE8E40000 ;?ICS_MikroeBITMAP_bmp+1044
0x9D001098	0xE8E40000 ;?ICS_MikroeBITMAP_bmp+1048
0x9D00109C	0x00000000 ;?ICS_MikroeBITMAP_bmp+1052
0x9D0010A0	0xE8E40000 ;?ICS_MikroeBITMAP_bmp+1056
0x9D0010A4	0x00000000 ;?ICS_MikroeBITMAP_bmp+1060
0x9D0010A8	0x00000000 ;?ICS_MikroeBITMAP_bmp+1064
0x9D0010AC	0xE8E40000 ;?ICS_MikroeBITMAP_bmp+1068
0x9D0010B0	0x00000000 ;?ICS_MikroeBITMAP_bmp+1072
0x9D0010B4	0x0000E8E4 ;?ICS_MikroeBITMAP_bmp+1076
0x9D0010B8	0x0000E8E4 ;?ICS_MikroeBITMAP_bmp+1080
0x9D0010BC	0xE8E40000 ;?ICS_MikroeBITMAP_bmp+1084
0x9D0010C0	0x0000E8E4 ;?ICS_MikroeBITMAP_bmp+1088
0x9D0010C4	0xE8E40000 ;?ICS_MikroeBITMAP_bmp+1092
0x9D0010C8	0x00000000 ;?ICS_MikroeBITMAP_bmp+1096
0x9D0010CC	0x00000000 ;?ICS_MikroeBITMAP_bmp+1100
0x9D0010D0	0x00000000 ;?ICS_MikroeBITMAP_bmp+1104
0x9D0010D4	0x0000E8E4 ;?ICS_MikroeBITMAP_bmp+1108
0x9D0010D8	0x00000000 ;?ICS_MikroeBITMAP_bmp+1112
0x9D0010DC	0x00000000 ;?ICS_MikroeBITMAP_bmp+1116
0x9D0010E0	0x00000000 ;?ICS_MikroeBITMAP_bmp+1120
0x9D0010E4	0xE8E40000 ;?ICS_MikroeBITMAP_bmp+1124
0x9D0010E8	0xE8E40000 ;?ICS_MikroeBITMAP_bmp+1128
0x9D0010EC	0xE8E40000 ;?ICS_MikroeBITMAP_bmp+1132
0x9D0010F0	0xE8E4E8E4 ;?ICS_MikroeBITMAP_bmp+1136
0x9D0010F4	0xE8E4E8E4 ;?ICS_MikroeBITMAP_bmp+1140
0x9D0010F8	0x00000000 ;?ICS_MikroeBITMAP_bmp+1144
0x9D0010FC	0x00000000 ;?ICS_MikroeBITMAP_bmp+1148
0x9D001100	0xE8E40000 ;?ICS_MikroeBITMAP_bmp+1152
0x9D001104	0xE8E40000 ;?ICS_MikroeBITMAP_bmp+1156
0x9D001108	0xE8E40000 ;?ICS_MikroeBITMAP_bmp+1160
0x9D00110C	0xE8E4E8E4 ;?ICS_MikroeBITMAP_bmp+1164
0x9D001110	0x0000E8E4 ;?ICS_MikroeBITMAP_bmp+1168
0x9D001114	0xE8E40000 ;?ICS_MikroeBITMAP_bmp+1172
0x9D001118	0xE8E40000 ;?ICS_MikroeBITMAP_bmp+1176
0x9D00111C	0x00000000 ;?ICS_MikroeBITMAP_bmp+1180
0x9D001120	0xE8E40000 ;?ICS_MikroeBITMAP_bmp+1184
0x9D001124	0x00000000 ;?ICS_MikroeBITMAP_bmp+1188
0x9D001128	0x00000000 ;?ICS_MikroeBITMAP_bmp+1192
0x9D00112C	0xE8E40000 ;?ICS_MikroeBITMAP_bmp+1196
0x9D001130	0x00000000 ;?ICS_MikroeBITMAP_bmp+1200
0x9D001134	0x0000E8E4 ;?ICS_MikroeBITMAP_bmp+1204
0x9D001138	0x0000E8E4 ;?ICS_MikroeBITMAP_bmp+1208
0x9D00113C	0x00000000 ;?ICS_MikroeBITMAP_bmp+1212
0x9D001140	0x0000E8E4 ;?ICS_MikroeBITMAP_bmp+1216
0x9D001144	0xE8E40000 ;?ICS_MikroeBITMAP_bmp+1220
0x9D001148	0x00000000 ;?ICS_MikroeBITMAP_bmp+1224
0x9D00114C	0x00000000 ;?ICS_MikroeBITMAP_bmp+1228
0x9D001150	0x00000000 ;?ICS_MikroeBITMAP_bmp+1232
0x9D001154	0x0000E8E4 ;?ICS_MikroeBITMAP_bmp+1236
0x9D001158	0x00000000 ;?ICS_MikroeBITMAP_bmp+1240
0x9D00115C	0x00000000 ;?ICS_MikroeBITMAP_bmp+1244
0x9D001160	0x00000000 ;?ICS_MikroeBITMAP_bmp+1248
0x9D001164	0xE8E40000 ;?ICS_MikroeBITMAP_bmp+1252
0x9D001168	0xE8E40000 ;?ICS_MikroeBITMAP_bmp+1256
0x9D00116C	0xE8E40000 ;?ICS_MikroeBITMAP_bmp+1260
0x9D001170	0x00000000 ;?ICS_MikroeBITMAP_bmp+1264
0x9D001174	0x00000000 ;?ICS_MikroeBITMAP_bmp+1268
0x9D001178	0x00000000 ;?ICS_MikroeBITMAP_bmp+1272
0x9D00117C	0x00000000 ;?ICS_MikroeBITMAP_bmp+1276
0x9D001180	0xE8E40000 ;?ICS_MikroeBITMAP_bmp+1280
0x9D001184	0xE8E40000 ;?ICS_MikroeBITMAP_bmp+1284
0x9D001188	0x0000E8E4 ;?ICS_MikroeBITMAP_bmp+1288
0x9D00118C	0x00000000 ;?ICS_MikroeBITMAP_bmp+1292
0x9D001190	0x00000000 ;?ICS_MikroeBITMAP_bmp+1296
0x9D001194	0xE8E4E8E4 ;?ICS_MikroeBITMAP_bmp+1300
0x9D001198	0xE8E40000 ;?ICS_MikroeBITMAP_bmp+1304
0x9D00119C	0x00000000 ;?ICS_MikroeBITMAP_bmp+1308
0x9D0011A0	0xE8E40000 ;?ICS_MikroeBITMAP_bmp+1312
0x9D0011A4	0x00000000 ;?ICS_MikroeBITMAP_bmp+1316
0x9D0011A8	0x00000000 ;?ICS_MikroeBITMAP_bmp+1320
0x9D0011AC	0xE8E40000 ;?ICS_MikroeBITMAP_bmp+1324
0x9D0011B0	0x00000000 ;?ICS_MikroeBITMAP_bmp+1328
0x9D0011B4	0x0000E8E4 ;?ICS_MikroeBITMAP_bmp+1332
0x9D0011B8	0x0000E8E4 ;?ICS_MikroeBITMAP_bmp+1336
0x9D0011BC	0x00000000 ;?ICS_MikroeBITMAP_bmp+1340
0x9D0011C0	0xE8E4E8E4 ;?ICS_MikroeBITMAP_bmp+1344
0x9D0011C4	0xE8E40000 ;?ICS_MikroeBITMAP_bmp+1348
0x9D0011C8	0x00000000 ;?ICS_MikroeBITMAP_bmp+1352
0x9D0011CC	0x00000000 ;?ICS_MikroeBITMAP_bmp+1356
0x9D0011D0	0x00000000 ;?ICS_MikroeBITMAP_bmp+1360
0x9D0011D4	0x0000E8E4 ;?ICS_MikroeBITMAP_bmp+1364
0x9D0011D8	0x00000000 ;?ICS_MikroeBITMAP_bmp+1368
0x9D0011DC	0x00000000 ;?ICS_MikroeBITMAP_bmp+1372
0x9D0011E0	0x00000000 ;?ICS_MikroeBITMAP_bmp+1376
0x9D0011E4	0xE8E40000 ;?ICS_MikroeBITMAP_bmp+1380
0x9D0011E8	0xE8E40000 ;?ICS_MikroeBITMAP_bmp+1384
0x9D0011EC	0xE8E40000 ;?ICS_MikroeBITMAP_bmp+1388
0x9D0011F0	0x00000000 ;?ICS_MikroeBITMAP_bmp+1392
0x9D0011F4	0x00000000 ;?ICS_MikroeBITMAP_bmp+1396
0x9D0011F8	0x00000000 ;?ICS_MikroeBITMAP_bmp+1400
0x9D0011FC	0x00000000 ;?ICS_MikroeBITMAP_bmp+1404
0x9D001200	0xE8E40000 ;?ICS_MikroeBITMAP_bmp+1408
0x9D001204	0x00000000 ;?ICS_MikroeBITMAP_bmp+1412
0x9D001208	0xE8E4E8E4 ;?ICS_MikroeBITMAP_bmp+1416
0x9D00120C	0xE8E4E8E4 ;?ICS_MikroeBITMAP_bmp+1420
0x9D001210	0xE8E4E8E4 ;?ICS_MikroeBITMAP_bmp+1424
0x9D001214	0x0000E8E4 ;?ICS_MikroeBITMAP_bmp+1428
0x9D001218	0xE8E40000 ;?ICS_MikroeBITMAP_bmp+1432
0x9D00121C	0x00000000 ;?ICS_MikroeBITMAP_bmp+1436
0x9D001220	0xE8E40000 ;?ICS_MikroeBITMAP_bmp+1440
0x9D001224	0x00000000 ;?ICS_MikroeBITMAP_bmp+1444
0x9D001228	0x00000000 ;?ICS_MikroeBITMAP_bmp+1448
0x9D00122C	0xE8E40000 ;?ICS_MikroeBITMAP_bmp+1452
0x9D001230	0x00000000 ;?ICS_MikroeBITMAP_bmp+1456
0x9D001234	0x0000E8E4 ;?ICS_MikroeBITMAP_bmp+1460
0x9D001238	0x0000E8E4 ;?ICS_MikroeBITMAP_bmp+1464
0x9D00123C	0x00000000 ;?ICS_MikroeBITMAP_bmp+1468
0x9D001240	0xE8E40000 ;?ICS_MikroeBITMAP_bmp+1472
0x9D001244	0xE8E40000 ;?ICS_MikroeBITMAP_bmp+1476
0x9D001248	0x00000000 ;?ICS_MikroeBITMAP_bmp+1480
0x9D00124C	0x00000000 ;?ICS_MikroeBITMAP_bmp+1484
0x9D001250	0x00000000 ;?ICS_MikroeBITMAP_bmp+1488
0x9D001254	0x0000E8E4 ;?ICS_MikroeBITMAP_bmp+1492
0x9D001258	0x00000000 ;?ICS_MikroeBITMAP_bmp+1496
0x9D00125C	0x00000000 ;?ICS_MikroeBITMAP_bmp+1500
0x9D001260	0x00000000 ;?ICS_MikroeBITMAP_bmp+1504
0x9D001264	0xE8E40000 ;?ICS_MikroeBITMAP_bmp+1508
0x9D001268	0xE8E40000 ;?ICS_MikroeBITMAP_bmp+1512
0x9D00126C	0xE8E40000 ;?ICS_MikroeBITMAP_bmp+1516
0x9D001270	0xE8E4E8E4 ;?ICS_MikroeBITMAP_bmp+1520
0x9D001274	0xE8E4E8E4 ;?ICS_MikroeBITMAP_bmp+1524
0x9D001278	0xE8E4E8E4 ;?ICS_MikroeBITMAP_bmp+1528
0x9D00127C	0x0000E8E4 ;?ICS_MikroeBITMAP_bmp+1532
0x9D001280	0xE8E40000 ;?ICS_MikroeBITMAP_bmp+1536
0x9D001284	0x0000E8E4 ;?ICS_MikroeBITMAP_bmp+1540
0x9D001288	0x00000000 ;?ICS_MikroeBITMAP_bmp+1544
0x9D00128C	0x00000000 ;?ICS_MikroeBITMAP_bmp+1548
0x9D001290	0x00000000 ;?ICS_MikroeBITMAP_bmp+1552
0x9D001294	0x00000000 ;?ICS_MikroeBITMAP_bmp+1556
0x9D001298	0xE8E4E8E4 ;?ICS_MikroeBITMAP_bmp+1560
0x9D00129C	0x00000000 ;?ICS_MikroeBITMAP_bmp+1564
0x9D0012A0	0xE8E40000 ;?ICS_MikroeBITMAP_bmp+1568
0x9D0012A4	0x00000000 ;?ICS_MikroeBITMAP_bmp+1572
0x9D0012A8	0x00000000 ;?ICS_MikroeBITMAP_bmp+1576
0x9D0012AC	0xE8E40000 ;?ICS_MikroeBITMAP_bmp+1580
0x9D0012B0	0x00000000 ;?ICS_MikroeBITMAP_bmp+1584
0x9D0012B4	0x0000E8E4 ;?ICS_MikroeBITMAP_bmp+1588
0x9D0012B8	0x0000E8E4 ;?ICS_MikroeBITMAP_bmp+1592
0x9D0012BC	0x00000000 ;?ICS_MikroeBITMAP_bmp+1596
0x9D0012C0	0xE8E40000 ;?ICS_MikroeBITMAP_bmp+1600
0x9D0012C4	0xE8E40000 ;?ICS_MikroeBITMAP_bmp+1604
0x9D0012C8	0x00000000 ;?ICS_MikroeBITMAP_bmp+1608
0x9D0012CC	0x00000000 ;?ICS_MikroeBITMAP_bmp+1612
0x9D0012D0	0x00000000 ;?ICS_MikroeBITMAP_bmp+1616
0x9D0012D4	0xE8E4E8E4 ;?ICS_MikroeBITMAP_bmp+1620
0x9D0012D8	0x00000000 ;?ICS_MikroeBITMAP_bmp+1624
0x9D0012DC	0x00000000 ;?ICS_MikroeBITMAP_bmp+1628
0x9D0012E0	0x00000000 ;?ICS_MikroeBITMAP_bmp+1632
0x9D0012E4	0xE8E4E8E4 ;?ICS_MikroeBITMAP_bmp+1636
0x9D0012E8	0xE8E40000 ;?ICS_MikroeBITMAP_bmp+1640
0x9D0012EC	0x00000000 ;?ICS_MikroeBITMAP_bmp+1644
0x9D0012F0	0x00000000 ;?ICS_MikroeBITMAP_bmp+1648
0x9D0012F4	0x00000000 ;?ICS_MikroeBITMAP_bmp+1652
0x9D0012F8	0x00000000 ;?ICS_MikroeBITMAP_bmp+1656
0x9D0012FC	0x0000E8E4 ;?ICS_MikroeBITMAP_bmp+1660
0x9D001300	0x00000000 ;?ICS_MikroeBITMAP_bmp+1664
0x9D001304	0xE8E4E8E4 ;?ICS_MikroeBITMAP_bmp+1668
0x9D001308	0xE8E4E8E4 ;?ICS_MikroeBITMAP_bmp+1672
0x9D00130C	0xE8E4E8E4 ;?ICS_MikroeBITMAP_bmp+1676
0x9D001310	0xE8E4E8E4 ;?ICS_MikroeBITMAP_bmp+1680
0x9D001314	0xE8E4E8E4 ;?ICS_MikroeBITMAP_bmp+1684
0x9D001318	0x0000E8E4 ;?ICS_MikroeBITMAP_bmp+1688
0x9D00131C	0x00000000 ;?ICS_MikroeBITMAP_bmp+1692
0x9D001320	0xE8E40000 ;?ICS_MikroeBITMAP_bmp+1696
0x9D001324	0x00000000 ;?ICS_MikroeBITMAP_bmp+1700
0x9D001328	0x00000000 ;?ICS_MikroeBITMAP_bmp+1704
0x9D00132C	0xE8E40000 ;?ICS_MikroeBITMAP_bmp+1708
0x9D001330	0x00000000 ;?ICS_MikroeBITMAP_bmp+1712
0x9D001334	0x0000E8E4 ;?ICS_MikroeBITMAP_bmp+1716
0x9D001338	0x0000E8E4 ;?ICS_MikroeBITMAP_bmp+1720
0x9D00133C	0x00000000 ;?ICS_MikroeBITMAP_bmp+1724
0x9D001340	0xE8E40000 ;?ICS_MikroeBITMAP_bmp+1728
0x9D001344	0xE8E40000 ;?ICS_MikroeBITMAP_bmp+1732
0x9D001348	0x00000000 ;?ICS_MikroeBITMAP_bmp+1736
0x9D00134C	0x00000000 ;?ICS_MikroeBITMAP_bmp+1740
0x9D001350	0x00000000 ;?ICS_MikroeBITMAP_bmp+1744
0x9D001354	0xE8E40000 ;?ICS_MikroeBITMAP_bmp+1748
0x9D001358	0xE8E4E8E4 ;?ICS_MikroeBITMAP_bmp+1752
0x9D00135C	0x00000000 ;?ICS_MikroeBITMAP_bmp+1756
0x9D001360	0xE8E40000 ;?ICS_MikroeBITMAP_bmp+1760
0x9D001364	0x0000E8E4 ;?ICS_MikroeBITMAP_bmp+1764
0x9D001368	0xE8E40000 ;?ICS_MikroeBITMAP_bmp+1768
0x9D00136C	0x00000000 ;?ICS_MikroeBITMAP_bmp+1772
0x9D001370	0x00000000 ;?ICS_MikroeBITMAP_bmp+1776
0x9D001374	0x00000000 ;?ICS_MikroeBITMAP_bmp+1780
0x9D001378	0x00000000 ;?ICS_MikroeBITMAP_bmp+1784
0x9D00137C	0x0000E8E4 ;?ICS_MikroeBITMAP_bmp+1788
0x9D001380	0x00000000 ;?ICS_MikroeBITMAP_bmp+1792
0x9D001384	0x00000000 ;?ICS_MikroeBITMAP_bmp+1796
0x9D001388	0x00000000 ;?ICS_MikroeBITMAP_bmp+1800
0x9D00138C	0x00000000 ;?ICS_MikroeBITMAP_bmp+1804
0x9D001390	0x00000000 ;?ICS_MikroeBITMAP_bmp+1808
0x9D001394	0x00000000 ;?ICS_MikroeBITMAP_bmp+1812
0x9D001398	0x00000000 ;?ICS_MikroeBITMAP_bmp+1816
0x9D00139C	0x00000000 ;?ICS_MikroeBITMAP_bmp+1820
0x9D0013A0	0x00000000 ;?ICS_MikroeBITMAP_bmp+1824
0x9D0013A4	0x00000000 ;?ICS_MikroeBITMAP_bmp+1828
0x9D0013A8	0x00000000 ;?ICS_MikroeBITMAP_bmp+1832
0x9D0013AC	0x00000000 ;?ICS_MikroeBITMAP_bmp+1836
0x9D0013B0	0x00000000 ;?ICS_MikroeBITMAP_bmp+1840
0x9D0013B4	0x00000000 ;?ICS_MikroeBITMAP_bmp+1844
0x9D0013B8	0x00000000 ;?ICS_MikroeBITMAP_bmp+1848
0x9D0013BC	0x00000000 ;?ICS_MikroeBITMAP_bmp+1852
0x9D0013C0	0x00000000 ;?ICS_MikroeBITMAP_bmp+1856
0x9D0013C4	0x00000000 ;?ICS_MikroeBITMAP_bmp+1860
0x9D0013C8	0x00000000 ;?ICS_MikroeBITMAP_bmp+1864
0x9D0013CC	0x00000000 ;?ICS_MikroeBITMAP_bmp+1868
0x9D0013D0	0x00000000 ;?ICS_MikroeBITMAP_bmp+1872
0x9D0013D4	0x00000000 ;?ICS_MikroeBITMAP_bmp+1876
0x9D0013D8	0xE8E40000 ;?ICS_MikroeBITMAP_bmp+1880
0x9D0013DC	0xE8E4E8E4 ;?ICS_MikroeBITMAP_bmp+1884
0x9D0013E0	0x0000E8E4 ;?ICS_MikroeBITMAP_bmp+1888
0x9D0013E4	0x00000000 ;?ICS_MikroeBITMAP_bmp+1892
0x9D0013E8	0xE8E40000 ;?ICS_MikroeBITMAP_bmp+1896
0x9D0013EC	0xE8E4E8E4 ;?ICS_MikroeBITMAP_bmp+1900
0x9D0013F0	0xE8E4E8E4 ;?ICS_MikroeBITMAP_bmp+1904
0x9D0013F4	0xE8E4E8E4 ;?ICS_MikroeBITMAP_bmp+1908
0x9D0013F8	0xE8E4E8E4 ;?ICS_MikroeBITMAP_bmp+1912
0x9D0013FC	0x0000E8E4 ;?ICS_MikroeBITMAP_bmp+1916
0x9D001400	0x00000000 ;?ICS_MikroeBITMAP_bmp+1920
0x9D001404	0x00000000 ;?ICS_MikroeBITMAP_bmp+1924
0x9D001408	0x00000000 ;?ICS_MikroeBITMAP_bmp+1928
0x9D00140C	0x00000000 ;?ICS_MikroeBITMAP_bmp+1932
0x9D001410	0x00000000 ;?ICS_MikroeBITMAP_bmp+1936
0x9D001414	0x00000000 ;?ICS_MikroeBITMAP_bmp+1940
0x9D001418	0x00000000 ;?ICS_MikroeBITMAP_bmp+1944
0x9D00141C	0x00000000 ;?ICS_MikroeBITMAP_bmp+1948
0x9D001420	0x00000000 ;?ICS_MikroeBITMAP_bmp+1952
0x9D001424	0x00000000 ;?ICS_MikroeBITMAP_bmp+1956
0x9D001428	0x00000000 ;?ICS_MikroeBITMAP_bmp+1960
0x9D00142C	0x00000000 ;?ICS_MikroeBITMAP_bmp+1964
0x9D001430	0x00000000 ;?ICS_MikroeBITMAP_bmp+1968
0x9D001434	0x00000000 ;?ICS_MikroeBITMAP_bmp+1972
0x9D001438	0x00000000 ;?ICS_MikroeBITMAP_bmp+1976
0x9D00143C	0x00000000 ;?ICS_MikroeBITMAP_bmp+1980
0x9D001440	0x00000000 ;?ICS_MikroeBITMAP_bmp+1984
0x9D001444	0x00000000 ;?ICS_MikroeBITMAP_bmp+1988
0x9D001448	0x00000000 ;?ICS_MikroeBITMAP_bmp+1992
0x9D00144C	0x00000000 ;?ICS_MikroeBITMAP_bmp+1996
0x9D001450	0x00000000 ;?ICS_MikroeBITMAP_bmp+2000
0x9D001454	0x00000000 ;?ICS_MikroeBITMAP_bmp+2004
0x9D001458	0x00000000 ;?ICS_MikroeBITMAP_bmp+2008
0x9D00145C	0x00000000 ;?ICS_MikroeBITMAP_bmp+2012
0x9D001460	0x00000000 ;?ICS_MikroeBITMAP_bmp+2016
0x9D001464	0x00000000 ;?ICS_MikroeBITMAP_bmp+2020
0x9D001468	0x00000000 ;?ICS_MikroeBITMAP_bmp+2024
0x9D00146C	0x00000000 ;?ICS_MikroeBITMAP_bmp+2028
0x9D001470	0x00000000 ;?ICS_MikroeBITMAP_bmp+2032
0x9D001474	0x00000000 ;?ICS_MikroeBITMAP_bmp+2036
0x9D001478	0x00000000 ;?ICS_MikroeBITMAP_bmp+2040
0x9D00147C	0x00000000 ;?ICS_MikroeBITMAP_bmp+2044
; end of ?ICS_MikroeBITMAP_bmp
;,0 :: _initBlock_2 [4]
; Containing: ?ICS?lstr3_MatrixRGB_PIC [2]
;             ?ICS?lstr2_MatrixRGB_PIC [2]
0x9D001480	0x00520047 ;_initBlock_2+0 : ?ICS?lstr3_MatrixRGB_PIC at 0x9D001480 : ?ICS?lstr2_MatrixRGB_PIC at 0x9D001482
; end of _initBlock_2
;matrixrgb_hw.c,0 :: ?ICS_spi_buffer [100]
0x9D001484	0x00000000 ;?ICS_spi_buffer+0
0x9D001488	0x00000000 ;?ICS_spi_buffer+4
0x9D00148C	0x00000000 ;?ICS_spi_buffer+8
0x9D001490	0x00000000 ;?ICS_spi_buffer+12
0x9D001494	0x00000000 ;?ICS_spi_buffer+16
0x9D001498	0x00000000 ;?ICS_spi_buffer+20
0x9D00149C	0x00000000 ;?ICS_spi_buffer+24
0x9D0014A0	0x00000000 ;?ICS_spi_buffer+28
0x9D0014A4	0x00000000 ;?ICS_spi_buffer+32
0x9D0014A8	0x00000000 ;?ICS_spi_buffer+36
0x9D0014AC	0x00000000 ;?ICS_spi_buffer+40
0x9D0014B0	0x00000000 ;?ICS_spi_buffer+44
0x9D0014B4	0x00000000 ;?ICS_spi_buffer+48
0x9D0014B8	0x00000000 ;?ICS_spi_buffer+52
0x9D0014BC	0x00000000 ;?ICS_spi_buffer+56
0x9D0014C0	0x00000000 ;?ICS_spi_buffer+60
0x9D0014C4	0x00000000 ;?ICS_spi_buffer+64
0x9D0014C8	0x00000000 ;?ICS_spi_buffer+68
0x9D0014CC	0x00000000 ;?ICS_spi_buffer+72
0x9D0014D0	0x00000000 ;?ICS_spi_buffer+76
0x9D0014D4	0x00000000 ;?ICS_spi_buffer+80
0x9D0014D8	0x00000000 ;?ICS_spi_buffer+84
0x9D0014DC	0x00000000 ;?ICS_spi_buffer+88
0x9D0014E0	0x00000000 ;?ICS_spi_buffer+92
0x9D0014E4	0x00000000 ;?ICS_spi_buffer+96
; end of ?ICS_spi_buffer
;,0 :: _initBlock_4 [4]
; Containing: ?ICS?lstr10_MatrixRGB_PIC [2]
;             ?ICS?lstr9_MatrixRGB_PIC [2]
0x9D0014E8	0x00520047 ;_initBlock_4+0 : ?ICS?lstr10_MatrixRGB_PIC at 0x9D0014E8 : ?ICS?lstr9_MatrixRGB_PIC at 0x9D0014EA
; end of _initBlock_4
;,0 :: _initBlock_5 [24]
; Containing: ?ICS?lstr11_MatrixRGB_PIC [2]
;             ?ICS?lstr8_MatrixRGB_PIC [7]
;             ?ICS?lstr5_MatrixRGB_PIC [5]
;             ?ICS?lstr4_MatrixRGB_PIC [3]
;             ?ICS?lstr7_MatrixRGB_PIC [7]
0x9D0014EC	0x614D0042 ;_initBlock_5+0 : ?ICS?lstr11_MatrixRGB_PIC at 0x9D0014EC : ?ICS?lstr8_MatrixRGB_PIC at 0x9D0014EE
0x9D0014F0	0x78697274 ;_initBlock_5+4
0x9D0014F4	0x3A794200 ;_initBlock_5+8 : ?ICS?lstr5_MatrixRGB_PIC at 0x9D0014F5
0x9D0014F8	0x20420020 ;_initBlock_5+12 : ?ICS?lstr4_MatrixRGB_PIC at 0x9D0014FA
0x9D0014FC	0x6B614C00 ;_initBlock_5+16 : ?ICS?lstr7_MatrixRGB_PIC at 0x9D0014FD
0x9D001500	0x00207965 ;_initBlock_5+20
; end of _initBlock_5
;MatrixRGB_PIC.c,0 :: ?ICS?lstr6_MatrixRGB_PIC [7]
0x9D001504	0x65726F43 ;?ICS?lstr6_MatrixRGB_PIC+0
0x9D001508	0x002079 ;?ICS?lstr6_MatrixRGB_PIC+4
; end of ?ICS?lstr6_MatrixRGB_PIC
Symbol List:
//** Routines locations **
//ADDRESS    SIZE    PROCEDURE
//----------------------------------------------
0x9D000000      [56]    _SPI2_Read
0x9D000038      [56]    _SPI1_Read
0x9D000070      [56]    _SPI4_Read
0x9D0000A8      [56]    _SPI3_Read
0x9D0000E0      [28]    _SPI3_Write
0x9D0000FC      [28]    _SPI2_Write
0x9D000118      [28]    _matrixrgb_hal_cs_low
0x9D000134      [28]    _SPI4_Write
0x9D000150      [28]    _SPI1_Write
0x9D00016C      [28]    _matrixrgb_hal_cs_high
0x9D000188      [40]    _matrixrgb_hal_init
0x9D0001B0     [124]    _matrixrgb_hal_write
0x9D00022C     [140]    _matrixrgb_init
0x9D0002B8     [164]    _SPI3_Init_Advanced
0x9D00035C      [88]    _matrixrgb_scroll_off_scrn_up
0x9D0003B4     [284]    _matrixrgb_scroll_text_left
0x9D0004D0      [60]    _matrixrgb_refresh
0x9D00050C      [88]    _matrixrgb_scroll_off_scrn_right
0x9D000564      [88]    _matrixrgb_scroll_off_scrn_left
0x9D0005BC      [28]    _matrixrgb_set_color
0x9D0005D8      [32]    ___CC2DW
0x9D0005F8     [224]    _system_setup
0x9D0006D8      [88]    _matrixrgb_scroll_off_scrn_down
0x9D000730     [360]    _matrixrgb_scroll_img_right
0x9D000898      [24]    ___GenExcept
0x9D0008B0      [24]    ___BootGenExcept
0x9D0008C8     [944]    _main
0xBFC00000     [296]    ___BootStartUp
//** Variables locations ** 
//ADDRESS    SIZE    VARIABLE
//----------------------------------------------
0xA0000000       [8]    ?lstr1_MatrixRGB_PIC
0xA0000008    [2048]    _MikroeBITMAP_bmp
0xA0000808       [2]    ?lstr3_MatrixRGB_PIC
0xA000080A       [2]    ?lstr2_MatrixRGB_PIC
0xA000080C     [100]    _spi_buffer
0xA0000870       [2]    ?lstr10_MatrixRGB_PIC
0xA0000872       [2]    ?lstr9_MatrixRGB_PIC
0xA0000874       [2]    ?lstr11_MatrixRGB_PIC
0xA0000876       [7]    ?lstr8_MatrixRGB_PIC
0xA000087D       [5]    ?lstr5_MatrixRGB_PIC
0xA0000882       [3]    ?lstr4_MatrixRGB_PIC
0xA0000885       [7]    ?lstr7_MatrixRGB_PIC
0xA000088C       [7]    ?lstr6_MatrixRGB_PIC
0xA0000894       [4]    _SPI_Wr_Ptr
0xA0000898       [4]    matrixrgb_hal_write_spi_p
0xA000089C       [4]    _SPI_Rd_Ptr
0xA00008A0       [4]    matrixrgb_hal_read_spi_p
//** Constants locations ** 
//ADDRESS    SIZE    CONSTANT
//----------------------------------------------
0x9D000C78       [8]    ?ICS?lstr1_MatrixRGB_PIC
0x9D000C80    [2048]    ?ICS_MikroeBITMAP_bmp
0x9D001480       [2]    ?ICS?lstr3_MatrixRGB_PIC
0x9D001482       [2]    ?ICS?lstr2_MatrixRGB_PIC
0x9D001484     [100]    ?ICS_spi_buffer
0x9D0014E8       [2]    ?ICS?lstr10_MatrixRGB_PIC
0x9D0014EA       [2]    ?ICS?lstr9_MatrixRGB_PIC
0x9D0014EC       [2]    ?ICS?lstr11_MatrixRGB_PIC
0x9D0014EE       [7]    ?ICS?lstr8_MatrixRGB_PIC
0x9D0014F5       [5]    ?ICS?lstr5_MatrixRGB_PIC
0x9D0014FA       [3]    ?ICS?lstr4_MatrixRGB_PIC
0x9D0014FD       [7]    ?ICS?lstr7_MatrixRGB_PIC
0x9D001504       [7]    ?ICS?lstr6_MatrixRGB_PIC
