0	1	mikroCPIC32.exe -MSF -DBG -pP32MX795F512L -DL -SSA -EBASE 0x9FC01000 -INTDEF MV_SRS7_IS32 -O11111114 -fo8 -N"C:\Users\Corey\Documents\Projects\MatrixRGB\Application\PIC32_Done\MatrixRGB_PIC.mcp32" -SP"C:\Users\Corey\Documents\Mikroelektronika\mikroC PRO for PIC32\Defs\" -SP"C:\Users\Corey\Documents\Mikroelektronika\mikroC PRO for PIC32\Uses\" -SP"C:\Users\Corey\Documents\Projects\MatrixRGB\Application\PIC32_Done\" -SP"C:\Users\Corey\Documents\Projects\MatrixRGB\Application\PIC32\" -SP"\\VBOXSVR\corey\Projects\ClickLibraries\MatrixRGB_Click\library\Application\src\" -SP"\\VBOXSVR\corey\Projects\ClickLibraries\MatrixRGB_Click\library\Application\resources\" -SP"\\VBOXSVR\corey\Projects\ClickLibraries\MatrixRGB_Click\library\Application\include\" -IP"\\VBOXSVR\corey\Projects\ClickLibraries\MatrixRGB_Click\library\Application\include\" -IP"\\VBOXSVR\corey\Projects\ClickLibraries\MatrixRGB_Click\library\Application\resources\" "MatrixRGB_PIC.c" "matrixrgb_hal.c" "matrixrgb_hw.c" "resources.c" "__Lib_CP0.emcl" "__Lib_Math.emcl" "__Lib_MathDouble.emcl" "__Lib_System.emcl" "__Lib_SoftResetDma.emcl" "__Lib_Delays.emcl" "__Lib_SPI_1234.emcl"	 
warning: 0	1501	Specified search path does not exist: 'C:\Users\Corey\Documents\Projects\MatrixRGB\Application\PIC32'	 
diagnostics: 0	122	Compilation Started	P32MX795F512L.c
diagnostics: 39354	123	Compiled Successfully	P32MX795F512L.c
diagnostics: 0	122	Compilation Started	__Lib_Delays.c
diagnostics: 148	123	Compiled Successfully	__Lib_Delays.c
diagnostics: 0	122	Compilation Started	stdint.h
diagnostics: 75	123	Compiled Successfully	MatrixRGB_PIC.c
hint: 15	1164	Variable 'count' has been eliminated by optimizer	MatrixRGB_PIC.c
hint: 16	1164	Variable 'i' has been eliminated by optimizer	MatrixRGB_PIC.c
diagnostics: 0	122	Compilation Started	stdint.h
diagnostics: 132	123	Compiled Successfully	matrixrgb_hal.c
diagnostics: 0	122	Compilation Started	stdint.h
diagnostics: 316	123	Compiled Successfully	matrixrgb_hw.c
diagnostics: 0	122	Compilation Started	stdint.h
diagnostics: 780	123	Compiled Successfully	resources.c
diagnostics: 0	127	All files Compiled in 313 ms	 
hint: 0	1144	Used RX: 17 (53%)   Free RX: 15 (47%)	Used RX: 17 (53%)   Free RX: 15 (47%)
hint: 0	1144	Static RAM (bytes): 2211   Dynamic RAM (bytes): 128857	Static RAM (bytes): 2211   Dynamic RAM (bytes): 128857
hint: 0	1144	Used ROM (bytes): 5515 (1%)  Free ROM (bytes): 518773 (99%)	Used ROM (bytes): 5515 (1%)  Free ROM (bytes): 518773 (99%)
hint: 0	1144	Used BOOTROM (bytes): 320 (3%)  Free BOOTROM (bytes): 11953 (97%)	Used BOOTROM (bytes): 320 (3%)  Free BOOTROM (bytes): 11953 (97%)
diagnostics: 0	125	Project Linked Successfully	MatrixRGB_PIC.mcp32
diagnostics: 0	128	Linked in 234 ms	 
diagnostics: 0	129	Project 'MatrixRGB_PIC.mcp32' completed: 1422 ms	 
diagnostics: 0	103	Finished successfully: 30 May 2016, 09:58:22	MatrixRGB_PIC.mcp32
